[2024-03-15 16:41:19,716 I 3622904 3622904] (raylet) main.cc:174: Setting cluster ID to: e422859ade5e01aa14d8c47f59795a37e2c4ee197b1636d7c6d58119
[2024-03-15 16:41:19,720 I 3622904 3622904] (raylet) io_service_pool.cc:35: IOServicePool is running with 1 io_service.
[2024-03-15 16:41:19,720 I 3622904 3622904] (raylet) store_runner.cc:32: Allowing the Plasma store to use up to 75.8712GB of memory.
[2024-03-15 16:41:19,720 I 3622904 3622904] (raylet) store_runner.cc:48: Starting object store with directory /dev/shm, fallback /hhd2/home/lzl_dir/recon/AutoRecon/tmp/ray, and huge page support disabled
[2024-03-15 16:41:19,721 I 3622904 3622932] (raylet) dlmalloc.cc:154: create_and_mmap_buffer(75871289352, /dev/shm/plasmaXXXXXX)
[2024-03-15 16:41:19,721 I 3622904 3622932] (raylet) store.cc:561: ========== Plasma store: =================
Current usage: 0 / 75.8712 GB
- num bytes created total: 0
0 pending objects of total size 0MB
- objects spillable: 0
- bytes spillable: 0
- objects unsealed: 0
- bytes unsealed: 0
- objects in use: 0
- bytes in use: 0
- objects evictable: 0
- bytes evictable: 0

- objects created by worker: 0
- bytes created by worker: 0
- objects restored: 0
- bytes restored: 0
- objects received: 0
- bytes received: 0
- objects errored: 0
- bytes errored: 0

[2024-03-15 16:41:20,723 I 3622904 3622904] (raylet) grpc_server.cc:129: ObjectManager server started, listening on port 35143.
[2024-03-15 16:41:20,726 I 3622904 3622904] (raylet) worker_killing_policy.cc:101: Running GroupByOwner policy.
[2024-03-15 16:41:20,726 I 3622904 3622904] (raylet) memory_monitor.cc:47: MemoryMonitor initialized with usage threshold at 513649541120 bytes (0.95 system memory), total system memory bytes: 540683730944
[2024-03-15 16:41:20,726 I 3622904 3622904] (raylet) node_manager.cc:319: Initializing NodeManager with ID fc5f2546cba507f860e9e5fdec5f1346182f3b3700f268a5542255c1
[2024-03-15 16:41:20,726 I 3622904 3622904] (raylet) grpc_server.cc:129: NodeManager server started, listening on port 34113.
[2024-03-15 16:41:20,739 I 3622904 3622996] (raylet) agent_manager.cc:78: Monitor agent process with name dashboard_agent/424238335
[2024-03-15 16:41:20,740 I 3622904 3622998] (raylet) agent_manager.cc:78: Monitor agent process with name runtime_env_agent
[2024-03-15 16:41:20,740 I 3622904 3622904] (raylet) event.cc:234: Set ray event level to warning
[2024-03-15 16:41:20,740 I 3622904 3622904] (raylet) event.cc:342: Ray Event initialized for RAYLET
[2024-03-15 16:41:20,742 I 3622904 3622904] (raylet) raylet.cc:129: Raylet of id, fc5f2546cba507f860e9e5fdec5f1346182f3b3700f268a5542255c1 started. Raylet consists of node_manager and object_manager. node_manager address: 172.18.36.110:34113 object_manager address: 172.18.36.110:35143 hostname: amaxgpu
[2024-03-15 16:41:20,745 I 3622904 3622904] (raylet) node_manager.cc:537: [state-dump] NodeManager:
[state-dump] Node ID: fc5f2546cba507f860e9e5fdec5f1346182f3b3700f268a5542255c1
[state-dump] Node name: 172.18.36.110
[state-dump] InitialConfigResources: {node:__internal_head__: 10000, object_store_memory: 758711660540000, CPU: 40000, node:172.18.36.110: 10000, memory: 1670327207940000, accelerator_type:RTX: 10000, GPU: 10000}
[state-dump] ClusterTaskManager:
[state-dump] ========== Node: fc5f2546cba507f860e9e5fdec5f1346182f3b3700f268a5542255c1 =================
[state-dump] Infeasible queue length: 0
[state-dump] Schedule queue length: 0
[state-dump] Dispatch queue length: 0
[state-dump] num_waiting_for_resource: 0
[state-dump] num_waiting_for_plasma_memory: 0
[state-dump] num_waiting_for_remote_node_resources: 0
[state-dump] num_worker_not_started_by_job_config_not_exist: 0
[state-dump] num_worker_not_started_by_registration_timeout: 0
[state-dump] num_tasks_waiting_for_workers: 0
[state-dump] num_cancelled_tasks: 0
[state-dump] cluster_resource_scheduler state: 
[state-dump] Local id: 4671214351768760530 Local resources: {"total":{node:__internal_head__: [10000], GPU: [10000], object_store_memory: [758711660540000], memory: [1670327207940000], node:172.18.36.110: [10000], accelerator_type:RTX: [10000], CPU: [40000]}}, "available": {CPU: [40000], node:__internal_head__: [10000], object_store_memory: [758711660540000], node:172.18.36.110: [10000], accelerator_type:RTX: [10000], memory: [1670327207940000], GPU: [10000]}}, "labels":{"ray.io/node_id":"fc5f2546cba507f860e9e5fdec5f1346182f3b3700f268a5542255c1",} is_draining: 0 is_idle: 1 Cluster resources: node id: 4671214351768760530{"total":{node:172.18.36.110: 10000, memory: 1670327207940000, CPU: 40000, node:__internal_head__: 10000, GPU: 10000, accelerator_type:RTX: 10000, object_store_memory: 758711660540000}}, "available": {node:172.18.36.110: 10000, memory: 1670327207940000, CPU: 40000, node:__internal_head__: 10000, GPU: 10000, accelerator_type:RTX: 10000, object_store_memory: 758711660540000}}, "labels":{"ray.io/node_id":"fc5f2546cba507f860e9e5fdec5f1346182f3b3700f268a5542255c1",}, "is_draining": 0} { "placment group locations": [], "node to bundles": []}
[state-dump] Waiting tasks size: 0
[state-dump] Number of executing tasks: 0
[state-dump] Number of pinned task arguments: 0
[state-dump] Number of total spilled tasks: 0
[state-dump] Number of spilled waiting tasks: 0
[state-dump] Number of spilled unschedulable tasks: 0
[state-dump] Resource usage {
[state-dump] }
[state-dump] Running tasks by scheduling class:
[state-dump] ==================================================
[state-dump] 
[state-dump] ClusterResources:
[state-dump] LocalObjectManager:
[state-dump] - num pinned objects: 0
[state-dump] - pinned objects size: 0
[state-dump] - num objects pending restore: 0
[state-dump] - num objects pending spill: 0
[state-dump] - num bytes pending spill: 0
[state-dump] - num bytes currently spilled: 0
[state-dump] - cumulative spill requests: 0
[state-dump] - cumulative restore requests: 0
[state-dump] - spilled objects pending delete: 0
[state-dump] 
[state-dump] ObjectManager:
[state-dump] - num local objects: 0
[state-dump] - num unfulfilled push requests: 0
[state-dump] - num object pull requests: 0
[state-dump] - num chunks received total: 0
[state-dump] - num chunks received failed (all): 0
[state-dump] - num chunks received failed / cancelled: 0
[state-dump] - num chunks received failed / plasma error: 0
[state-dump] Event stats:
[state-dump] Global stats: 0 total (0 active)
[state-dump] Queueing time: mean = -nan s, max = -0.000 s, min = 9223372036.855 s, total = 0.000 s
[state-dump] Execution time:  mean = -nan s, total = 0.000 s
[state-dump] Event stats:
[state-dump] PushManager:
[state-dump] - num pushes in flight: 0
[state-dump] - num chunks in flight: 0
[state-dump] - num chunks remaining: 0
[state-dump] - max chunks allowed: 409
[state-dump] OwnershipBasedObjectDirectory:
[state-dump] - num listeners: 0
[state-dump] - cumulative location updates: 0
[state-dump] - num location updates per second: 0.000
[state-dump] - num location lookups per second: 0.000
[state-dump] - num locations added per second: 0.000
[state-dump] - num locations removed per second: 0.000
[state-dump] BufferPool:
[state-dump] - create buffer state map size: 0
[state-dump] PullManager:
[state-dump] - num bytes available for pulled objects: 75871166054
[state-dump] - num bytes being pulled (all): 0
[state-dump] - num bytes being pulled / pinned: 0
[state-dump] - get request bundles: BundlePullRequestQueue{0 total, 0 active, 0 inactive, 0 unpullable}
[state-dump] - wait request bundles: BundlePullRequestQueue{0 total, 0 active, 0 inactive, 0 unpullable}
[state-dump] - task request bundles: BundlePullRequestQueue{0 total, 0 active, 0 inactive, 0 unpullable}
[state-dump] - first get request bundle: N/A
[state-dump] - first wait request bundle: N/A
[state-dump] - first task request bundle: N/A
[state-dump] - num objects queued: 0
[state-dump] - num objects actively pulled (all): 0
[state-dump] - num objects actively pulled / pinned: 0
[state-dump] - num bundles being pulled: 0
[state-dump] - num pull retries: 0
[state-dump] - max timeout seconds: 0
[state-dump] - max timeout request is already processed. No entry.
[state-dump] 
[state-dump] WorkerPool:
[state-dump] - registered jobs: 0
[state-dump] - process_failed_job_config_missing: 0
[state-dump] - process_failed_rate_limited: 0
[state-dump] - process_failed_pending_registration: 0
[state-dump] - process_failed_runtime_env_setup_failed: 0
[state-dump] - num PYTHON workers: 0
[state-dump] - num PYTHON drivers: 0
[state-dump] - num object spill callbacks queued: 0
[state-dump] - num object restore queued: 0
[state-dump] - num util functions queued: 0
[state-dump] - num JAVA workers: 0
[state-dump] - num JAVA drivers: 0
[state-dump] - num object spill callbacks queued: 0
[state-dump] - num object restore queued: 0
[state-dump] - num util functions queued: 0
[state-dump] - num idle workers: 0
[state-dump] TaskDependencyManager:
[state-dump] - task deps map size: 0
[state-dump] - get req map size: 0
[state-dump] - wait req map size: 0
[state-dump] - local objects map size: 0
[state-dump] WaitManager:
[state-dump] - num active wait requests: 0
[state-dump] Subscriber:
[state-dump] Channel WORKER_OBJECT_EVICTION
[state-dump] - cumulative subscribe requests: 0
[state-dump] - cumulative unsubscribe requests: 0
[state-dump] - active subscribed publishers: 0
[state-dump] - cumulative published messages: 0
[state-dump] - cumulative processed messages: 0
[state-dump] Channel WORKER_OBJECT_LOCATIONS_CHANNEL
[state-dump] - cumulative subscribe requests: 0
[state-dump] - cumulative unsubscribe requests: 0
[state-dump] - active subscribed publishers: 0
[state-dump] - cumulative published messages: 0
[state-dump] - cumulative processed messages: 0
[state-dump] Channel WORKER_REF_REMOVED_CHANNEL
[state-dump] - cumulative subscribe requests: 0
[state-dump] - cumulative unsubscribe requests: 0
[state-dump] - active subscribed publishers: 0
[state-dump] - cumulative published messages: 0
[state-dump] - cumulative processed messages: 0
[state-dump] num async plasma notifications: 0
[state-dump] Remote node managers: 
[state-dump] Event stats:
[state-dump] Global stats: 28 total (13 active)
[state-dump] Queueing time: mean = 1.923 ms, max = 14.932 ms, min = 11.218 us, total = 53.855 ms
[state-dump] Execution time:  mean = 36.697 ms, total = 1.028 s
[state-dump] Event stats:
[state-dump] 	PeriodicalRunner.RunFnPeriodically - 11 total (2 active, 1 running), Execution time: mean = 241.051 us, total = 2.652 ms, Queueing time: mean = 4.892 ms, max = 14.932 ms, min = 39.182 us, total = 53.811 ms
[state-dump] 	NodeInfoGcsService.grpc_client.GetInternalConfig - 1 total (0 active), Execution time: mean = 952.819 us, total = 952.819 us, Queueing time: mean = 0.000 s, max = -0.000 s, min = 9223372036.855 s, total = 0.000 s
[state-dump] 	RayletWorkerPool.deadline_timer.kill_idle_workers - 1 total (1 active), Execution time: mean = 0.000 s, total = 0.000 s, Queueing time: mean = 0.000 s, max = -0.000 s, min = 9223372036.855 s, total = 0.000 s
[state-dump] 	NodeManager.deadline_timer.debug_state_dump - 1 total (1 active), Execution time: mean = 0.000 s, total = 0.000 s, Queueing time: mean = 0.000 s, max = -0.000 s, min = 9223372036.855 s, total = 0.000 s
[state-dump] 	NodeManager.deadline_timer.record_metrics - 1 total (1 active), Execution time: mean = 0.000 s, total = 0.000 s, Queueing time: mean = 0.000 s, max = -0.000 s, min = 9223372036.855 s, total = 0.000 s
[state-dump] 	NodeInfoGcsService.grpc_client.GetInternalConfig.OnReplyReceived - 1 total (0 active), Execution time: mean = 1.021 s, total = 1.021 s, Queueing time: mean = 11.218 us, max = 11.218 us, min = 11.218 us, total = 11.218 us
[state-dump] 	ClusterResourceManager.ResetRemoteNodeView - 1 total (1 active), Execution time: mean = 0.000 s, total = 0.000 s, Queueing time: mean = 0.000 s, max = -0.000 s, min = 9223372036.855 s, total = 0.000 s
[state-dump] 	InternalPubSubGcsService.grpc_client.GcsSubscriberCommandBatch - 1 total (0 active), Execution time: mean = 984.325 us, total = 984.325 us, Queueing time: mean = 0.000 s, max = -0.000 s, min = 9223372036.855 s, total = 0.000 s
[state-dump] 	MemoryMonitor.CheckIsMemoryUsageAboveThreshold - 1 total (1 active), Execution time: mean = 0.000 s, total = 0.000 s, Queueing time: mean = 0.000 s, max = -0.000 s, min = 9223372036.855 s, total = 0.000 s
[state-dump] 	NodeManager.ScheduleAndDispatchTasks - 1 total (1 active), Execution time: mean = 0.000 s, total = 0.000 s, Queueing time: mean = 0.000 s, max = -0.000 s, min = 9223372036.855 s, total = 0.000 s
[state-dump] 	NodeManager.deadline_timer.spill_objects_when_over_threshold - 1 total (1 active), Execution time: mean = 0.000 s, total = 0.000 s, Queueing time: mean = 0.000 s, max = -0.000 s, min = 9223372036.855 s, total = 0.000 s
[state-dump] 	NodeManager.deadline_timer.flush_free_objects - 1 total (1 active), Execution time: mean = 0.000 s, total = 0.000 s, Queueing time: mean = 0.000 s, max = -0.000 s, min = 9223372036.855 s, total = 0.000 s
[state-dump] 	NodeInfoGcsService.grpc_client.RegisterNode.OnReplyReceived - 1 total (0 active), Execution time: mean = 350.783 us, total = 350.783 us, Queueing time: mean = 16.706 us, max = 16.706 us, min = 16.706 us, total = 16.706 us
[state-dump] 	ObjectManager.UpdateAvailableMemory - 1 total (0 active), Execution time: mean = 2.531 us, total = 2.531 us, Queueing time: mean = 16.657 us, max = 16.657 us, min = 16.657 us, total = 16.657 us
[state-dump] 	InternalPubSubGcsService.grpc_client.GcsSubscriberPoll - 1 total (1 active), Execution time: mean = 0.000 s, total = 0.000 s, Queueing time: mean = 0.000 s, max = -0.000 s, min = 9223372036.855 s, total = 0.000 s
[state-dump] 	InternalPubSubGcsService.grpc_client.GcsSubscriberCommandBatch.OnReplyReceived - 1 total (1 active), Execution time: mean = 0.000 s, total = 0.000 s, Queueing time: mean = 0.000 s, max = -0.000 s, min = 9223372036.855 s, total = 0.000 s
[state-dump] 	NodeInfoGcsService.grpc_client.RegisterNode - 1 total (0 active), Execution time: mean = 1.396 ms, total = 1.396 ms, Queueing time: mean = 0.000 s, max = -0.000 s, min = 9223372036.855 s, total = 0.000 s
[state-dump] 	NodeManager.GCTaskFailureReason - 1 total (1 active), Execution time: mean = 0.000 s, total = 0.000 s, Queueing time: mean = 0.000 s, max = -0.000 s, min = 9223372036.855 s, total = 0.000 s
[state-dump] DebugString() time ms: 0
[state-dump] 
[state-dump] 
[2024-03-15 16:41:20,746 I 3622904 3622904] (raylet) accessor.cc:627: Received notification for node id = fc5f2546cba507f860e9e5fdec5f1346182f3b3700f268a5542255c1, IsAlive = 1
[2024-03-15 16:41:20,867 I 3622904 3622904] (raylet) worker_pool.cc:498: Started worker process with pid 3623029, the token is 0
[2024-03-15 16:41:20,870 I 3622904 3622904] (raylet) worker_pool.cc:498: Started worker process with pid 3623030, the token is 1
[2024-03-15 16:41:20,872 I 3622904 3622904] (raylet) worker_pool.cc:498: Started worker process with pid 3623031, the token is 2
[2024-03-15 16:41:20,875 I 3622904 3622904] (raylet) worker_pool.cc:498: Started worker process with pid 3623032, the token is 3
[2024-03-15 16:41:21,244 I 3622904 3622932] (raylet) object_store.cc:35: Object store current usage 8e-09 / 75.8712 GB.
[2024-03-15 16:41:21,331 I 3622904 3622904] (raylet) node_manager.cc:622: New job has started. Job id 01000000 Driver pid 3622197 is dead: 0 driver address: 172.18.36.110
[2024-03-15 16:41:21,332 I 3622904 3622904] (raylet) worker_pool.cc:681: Job 01000000 already started in worker pool.
[2024-03-15 16:41:21,380 I 3622904 3622904] (raylet) worker_pool.cc:498: Started worker process with pid 3623305, the token is 4
[2024-03-15 16:41:21,389 I 3622904 3622904] (raylet) worker_pool.cc:498: Started worker process with pid 3623306, the token is 5
[2024-03-15 16:41:21,397 I 3622904 3622904] (raylet) worker_pool.cc:498: Started worker process with pid 3623307, the token is 6
[2024-03-15 16:41:21,408 I 3622904 3622904] (raylet) worker_pool.cc:498: Started worker process with pid 3623308, the token is 7
[2024-03-15 16:41:21,772 I 3622904 3622904] (raylet) worker_pool.cc:498: Started worker process with pid 3623396, the token is 8
[2024-03-15 16:41:22,390 I 3622904 3622904] (raylet) node_manager.cc:1444: NodeManager::DisconnectClient, disconnect_type=1, has creation task exception = false
[2024-03-15 16:41:22,391 I 3622904 3622904] (raylet) node_manager.cc:1444: NodeManager::DisconnectClient, disconnect_type=1, has creation task exception = false
[2024-03-15 16:41:29,732 W 3622904 3622926] (raylet) metric_exporter.cc:207: [1] Export metrics to agent failed: GrpcUnavailable: RPC Error message: failed to connect to all addresses; last error: UNKNOWN: ipv4:127.0.0.1:56355: Failed to connect to remote host: Connection refused; RPC Error details: . This won't affect Ray, but you can lose metrics from the cluster.
[2024-03-15 16:41:40,753 I 3622904 3622904] (raylet) worker_pool.cc:498: Started worker process with pid 3624199, the token is 9
[2024-03-15 16:41:40,791 I 3622904 3622904] (raylet) node_manager.cc:1444: NodeManager::DisconnectClient, disconnect_type=1, has creation task exception = false
[2024-03-15 16:42:13,459 I 3622904 3622904] (raylet) node_manager.cc:1444: NodeManager::DisconnectClient, disconnect_type=3, has creation task exception = false
[2024-03-15 16:42:19,721 I 3622904 3622932] (raylet) store.cc:561: ========== Plasma store: =================
Current usage: 0 / 75.8712 GB
- num bytes created total: 88
0 pending objects of total size 0MB
- objects spillable: 0
- bytes spillable: 0
- objects unsealed: 0
- bytes unsealed: 0
- objects in use: 0
- bytes in use: 0
- objects evictable: 0
- bytes evictable: 0

- objects created by worker: 0
- bytes created by worker: 0
- objects restored: 0
- bytes restored: 0
- objects received: 0
- bytes received: 0
- objects errored: 0
- bytes errored: 0

[2024-03-15 16:42:20,747 I 3622904 3622904] (raylet) node_manager.cc:537: [state-dump] NodeManager:
[state-dump] Node ID: fc5f2546cba507f860e9e5fdec5f1346182f3b3700f268a5542255c1
[state-dump] Node name: 172.18.36.110
[state-dump] InitialConfigResources: {node:__internal_head__: 10000, object_store_memory: 758711660540000, CPU: 40000, node:172.18.36.110: 10000, memory: 1670327207940000, accelerator_type:RTX: 10000, GPU: 10000}
[state-dump] ClusterTaskManager:
[state-dump] ========== Node: fc5f2546cba507f860e9e5fdec5f1346182f3b3700f268a5542255c1 =================
[state-dump] Infeasible queue length: 0
[state-dump] Schedule queue length: 0
[state-dump] Dispatch queue length: 0
[state-dump] num_waiting_for_resource: 0
[state-dump] num_waiting_for_plasma_memory: 0
[state-dump] num_waiting_for_remote_node_resources: 0
[state-dump] num_worker_not_started_by_job_config_not_exist: 0
[state-dump] num_worker_not_started_by_registration_timeout: 0
[state-dump] num_tasks_waiting_for_workers: 0
[state-dump] num_cancelled_tasks: 0
[state-dump] cluster_resource_scheduler state: 
[state-dump] Local id: 4671214351768760530 Local resources: {"total":{node:__internal_head__: [10000], GPU: [10000], object_store_memory: [758711660540000], memory: [1670327207940000], node:172.18.36.110: [10000], accelerator_type:RTX: [10000], CPU: [40000]}}, "available": {CPU: [20000], node:__internal_head__: [10000], object_store_memory: [758711660540000], node:172.18.36.110: [10000], accelerator_type:RTX: [10000], memory: [1670327207940000], GPU: [10000]}}, "labels":{"ray.io/node_id":"fc5f2546cba507f860e9e5fdec5f1346182f3b3700f268a5542255c1",} is_draining: 0 is_idle: 0 Cluster resources: node id: 4671214351768760530{"total":{memory: 1670327207940000, node:172.18.36.110: 10000, node:__internal_head__: 10000, CPU: 40000, object_store_memory: 758711660540000, GPU: 10000, accelerator_type:RTX: 10000}}, "available": {memory: 1670327207940000, node:172.18.36.110: 10000, node:__internal_head__: 10000, object_store_memory: 758711660540000, CPU: 20000, GPU: 10000, accelerator_type:RTX: 10000}}, "labels":{"ray.io/node_id":"fc5f2546cba507f860e9e5fdec5f1346182f3b3700f268a5542255c1",}, "is_draining": 0} { "placment group locations": [], "node to bundles": []}
[state-dump] Waiting tasks size: 0
[state-dump] Number of executing tasks: 0
[state-dump] Number of pinned task arguments: 0
[state-dump] Number of total spilled tasks: 0
[state-dump] Number of spilled waiting tasks: 0
[state-dump] Number of spilled unschedulable tasks: 0
[state-dump] Resource usage {
[state-dump]     - (language=PYTHON actor_or_task=FeatureActor.__init__ pid=3623396): {CPU: 10000}
[state-dump]     - (language=PYTHON actor_or_task=_QueueActor.__init__ pid=3623306): {}
[state-dump]     - (language=PYTHON actor_or_task=_QueueActor.__init__ pid=3623305): {}
[state-dump]     - (language=PYTHON actor_or_task=SparseReconActor.__init__ pid=3623308): {CPU: 10000}
[state-dump]     - (language=PYTHON actor_or_task=_QueueActor.__init__ pid=3623307): {}
[state-dump] }
[state-dump] Running tasks by scheduling class:
[state-dump] ==================================================
[state-dump] 
[state-dump] ClusterResources:
[state-dump] LocalObjectManager:
[state-dump] - num pinned objects: 0
[state-dump] - pinned objects size: 0
[state-dump] - num objects pending restore: 0
[state-dump] - num objects pending spill: 0
[state-dump] - num bytes pending spill: 0
[state-dump] - num bytes currently spilled: 0
[state-dump] - cumulative spill requests: 0
[state-dump] - cumulative restore requests: 0
[state-dump] - spilled objects pending delete: 0
[state-dump] 
[state-dump] ObjectManager:
[state-dump] - num local objects: 0
[state-dump] - num unfulfilled push requests: 0
[state-dump] - num object pull requests: 0
[state-dump] - num chunks received total: 0
[state-dump] - num chunks received failed (all): 0
[state-dump] - num chunks received failed / cancelled: 0
[state-dump] - num chunks received failed / plasma error: 0
[state-dump] Event stats:
[state-dump] Global stats: 0 total (0 active)
[state-dump] Queueing time: mean = -nan s, max = -0.000 s, min = 9223372036.855 s, total = 0.000 s
[state-dump] Execution time:  mean = -nan s, total = 0.000 s
[state-dump] Event stats:
[state-dump] PushManager:
[state-dump] - num pushes in flight: 0
[state-dump] - num chunks in flight: 0
[state-dump] - num chunks remaining: 0
[state-dump] - max chunks allowed: 409
[state-dump] OwnershipBasedObjectDirectory:
[state-dump] - num listeners: 0
[state-dump] - cumulative location updates: 0
[state-dump] - num location updates per second: 0.000
[state-dump] - num location lookups per second: 0.000
[state-dump] - num locations added per second: 0.000
[state-dump] - num locations removed per second: 0.000
[state-dump] BufferPool:
[state-dump] - create buffer state map size: 0
[state-dump] PullManager:
[state-dump] - num bytes available for pulled objects: 75871166054
[state-dump] - num bytes being pulled (all): 0
[state-dump] - num bytes being pulled / pinned: 0
[state-dump] - get request bundles: BundlePullRequestQueue{0 total, 0 active, 0 inactive, 0 unpullable}
[state-dump] - wait request bundles: BundlePullRequestQueue{0 total, 0 active, 0 inactive, 0 unpullable}
[state-dump] - task request bundles: BundlePullRequestQueue{0 total, 0 active, 0 inactive, 0 unpullable}
[state-dump] - first get request bundle: N/A
[state-dump] - first wait request bundle: N/A
[state-dump] - first task request bundle: N/A
[state-dump] - num objects queued: 0
[state-dump] - num objects actively pulled (all): 0
[state-dump] - num objects actively pulled / pinned: 0
[state-dump] - num bundles being pulled: 0
[state-dump] - num pull retries: 0
[state-dump] - max timeout seconds: 0
[state-dump] - max timeout request is already processed. No entry.
[state-dump] 
[state-dump] WorkerPool:
[state-dump] - registered jobs: 1
[state-dump] - process_failed_job_config_missing: 0
[state-dump] - process_failed_rate_limited: 1
[state-dump] - process_failed_pending_registration: 0
[state-dump] - process_failed_runtime_env_setup_failed: 0
[state-dump] - num PYTHON workers: 6
[state-dump] - num PYTHON drivers: 1
[state-dump] - num object spill callbacks queued: 0
[state-dump] - num object restore queued: 0
[state-dump] - num util functions queued: 0
[state-dump] - num JAVA workers: 0
[state-dump] - num JAVA drivers: 0
[state-dump] - num object spill callbacks queued: 0
[state-dump] - num object restore queued: 0
[state-dump] - num util functions queued: 0
[state-dump] - num idle workers: 1
[state-dump] TaskDependencyManager:
[state-dump] - task deps map size: 0
[state-dump] - get req map size: 0
[state-dump] - wait req map size: 0
[state-dump] - local objects map size: 0
[state-dump] WaitManager:
[state-dump] - num active wait requests: 0
[state-dump] Subscriber:
[state-dump] Channel WORKER_OBJECT_EVICTION
[state-dump] - cumulative subscribe requests: 0
[state-dump] - cumulative unsubscribe requests: 0
[state-dump] - active subscribed publishers: 0
[state-dump] - cumulative published messages: 0
[state-dump] - cumulative processed messages: 0
[state-dump] Channel WORKER_OBJECT_LOCATIONS_CHANNEL
[state-dump] - cumulative subscribe requests: 0
[state-dump] - cumulative unsubscribe requests: 0
[state-dump] - active subscribed publishers: 0
[state-dump] - cumulative published messages: 0
[state-dump] - cumulative processed messages: 0
[state-dump] Channel WORKER_REF_REMOVED_CHANNEL
[state-dump] - cumulative subscribe requests: 0
[state-dump] - cumulative unsubscribe requests: 0
[state-dump] - active subscribed publishers: 0
[state-dump] - cumulative published messages: 0
[state-dump] - cumulative processed messages: 0
[state-dump] num async plasma notifications: 0
[state-dump] Remote node managers: 
[state-dump] Event stats:
[state-dump] Global stats: 3937 total (21 active)
[state-dump] Queueing time: mean = 79.026 ms, max = 51.888 s, min = 83.000 ns, total = 311.126 s
[state-dump] Execution time:  mean = 14.467 ms, total = 56.956 s
[state-dump] Event stats:
[state-dump] 	NodeManager.CheckGC - 600 total (1 active), Execution time: mean = 3.103 us, total = 1.862 ms, Queueing time: mean = 58.775 us, max = 422.456 us, min = 3.646 us, total = 35.265 ms
[state-dump] 	RaySyncer.OnDemandBroadcasting - 600 total (1 active), Execution time: mean = 11.957 us, total = 7.174 ms, Queueing time: mean = 51.242 us, max = 209.488 us, min = 5.949 us, total = 30.745 ms
[state-dump] 	ObjectManager.UpdateAvailableMemory - 600 total (0 active), Execution time: mean = 3.100 us, total = 1.860 ms, Queueing time: mean = 17.911 us, max = 476.037 us, min = 4.222 us, total = 10.746 ms
[state-dump] 	NodeManagerService.grpc_server.ReportWorkerBacklog - 472 total (0 active), Execution time: mean = 253.640 us, total = 119.718 ms, Queueing time: mean = 0.000 s, max = -0.000 s, min = 9223372036.855 s, total = 0.000 s
[state-dump] 	NodeManagerService.grpc_server.ReportWorkerBacklog.HandleRequestImpl - 472 total (0 active), Execution time: mean = 42.309 us, total = 19.970 ms, Queueing time: mean = 37.376 us, max = 786.378 us, min = 6.847 us, total = 17.642 ms
[state-dump] 	RayletWorkerPool.deadline_timer.kill_idle_workers - 300 total (1 active), Execution time: mean = 17.200 us, total = 5.160 ms, Queueing time: mean = 71.784 us, max = 6.613 ms, min = 1.602 us, total = 21.535 ms
[state-dump] 	MemoryMonitor.CheckIsMemoryUsageAboveThreshold - 240 total (1 active), Execution time: mean = 341.126 us, total = 81.870 ms, Queueing time: mean = 54.904 us, max = 146.788 us, min = 3.124 us, total = 13.177 ms
[state-dump] 	ClientConnection.async_read.ProcessMessageHeader - 72 total (7 active), Execution time: mean = 7.237 us, total = 521.080 us, Queueing time: mean = 4.318 s, max = 51.888 s, min = 13.650 us, total = 310.877 s
[state-dump] 	ClientConnection.async_read.ProcessMessage - 65 total (0 active), Execution time: mean = 366.032 us, total = 23.792 ms, Queueing time: mean = 8.117 us, max = 16.914 us, min = 2.449 us, total = 527.576 us
[state-dump] 	NodeManager.ScheduleAndDispatchTasks - 61 total (1 active), Execution time: mean = 12.944 us, total = 789.566 us, Queueing time: mean = 42.264 us, max = 111.652 us, min = 4.834 us, total = 2.578 ms
[state-dump] 	NodeManager.deadline_timer.spill_objects_when_over_threshold - 60 total (1 active), Execution time: mean = 1.955 us, total = 117.313 us, Queueing time: mean = 238.240 us, max = 8.321 ms, min = 5.236 us, total = 14.294 ms
[state-dump] 	NodeManagerService.grpc_server.GetResourceLoad.HandleRequestImpl - 60 total (0 active), Execution time: mean = 94.097 us, total = 5.646 ms, Queueing time: mean = 21.961 us, max = 84.278 us, min = 7.288 us, total = 1.318 ms
[state-dump] 	NodeManagerService.grpc_server.GetResourceLoad - 60 total (0 active), Execution time: mean = 297.270 us, total = 17.836 ms, Queueing time: mean = 0.000 s, max = -0.000 s, min = 9223372036.855 s, total = 0.000 s
[state-dump] 	NodeManager.deadline_timer.flush_free_objects - 60 total (1 active), Execution time: mean = 7.260 us, total = 435.586 us, Queueing time: mean = 234.195 us, max = 8.321 ms, min = 6.887 us, total = 14.052 ms
[state-dump] 	ClusterResourceManager.ResetRemoteNodeView - 21 total (1 active), Execution time: mean = 8.250 us, total = 173.240 us, Queueing time: mean = 61.525 us, max = 106.877 us, min = 25.673 us, total = 1.292 ms
[state-dump] 	PeriodicalRunner.RunFnPeriodically - 13 total (0 active), Execution time: mean = 268.745 us, total = 3.494 ms, Queueing time: mean = 4.593 ms, max = 14.932 ms, min = 39.182 us, total = 59.715 ms
[state-dump] 	NodeInfoGcsService.grpc_client.CheckAlive - 12 total (0 active), Execution time: mean = 823.713 us, total = 9.885 ms, Queueing time: mean = 0.000 s, max = -0.000 s, min = 9223372036.855 s, total = 0.000 s
[state-dump] 	NodeInfoGcsService.grpc_client.CheckAlive.OnReplyReceived - 12 total (0 active), Execution time: mean = 27.458 us, total = 329.498 us, Queueing time: mean = 18.290 us, max = 23.889 us, min = 14.386 us, total = 219.475 us
[state-dump] 	NodeManager.GcsCheckAlive - 12 total (1 active), Execution time: mean = 189.319 us, total = 2.272 ms, Queueing time: mean = 921.986 us, max = 8.123 ms, min = 9.615 us, total = 11.064 ms
[state-dump] 	NodeManager.deadline_timer.record_metrics - 12 total (1 active), Execution time: mean = 490.724 us, total = 5.889 ms, Queueing time: mean = 661.179 us, max = 7.503 ms, min = 11.779 us, total = 7.934 ms
[state-dump] 	NodeManagerService.grpc_server.GetSystemConfig.HandleRequestImpl - 11 total (0 active), Execution time: mean = 37.856 us, total = 416.411 us, Queueing time: mean = 41.141 us, max = 108.317 us, min = 7.517 us, total = 452.546 us
[state-dump] 	ObjectManager.ObjectAdded - 11 total (0 active), Execution time: mean = 16.179 us, total = 177.973 us, Queueing time: mean = 22.457 us, max = 62.556 us, min = 12.753 us, total = 247.029 us
[state-dump] 	NodeManagerService.grpc_server.GetSystemConfig - 11 total (0 active), Execution time: mean = 536.171 us, total = 5.898 ms, Queueing time: mean = 0.000 s, max = -0.000 s, min = 9223372036.855 s, total = 0.000 s
[state-dump] 	ObjectManager.ObjectDeleted - 11 total (0 active), Execution time: mean = 18.192 us, total = 200.114 us, Queueing time: mean = 34.766 us, max = 46.167 us, min = 22.093 us, total = 382.422 us
[state-dump] 	ClientConnection.async_write.DoAsyncWrites - 11 total (0 active), Execution time: mean = 798.182 ns, total = 8.780 us, Queueing time: mean = 31.285 us, max = 77.221 us, min = 15.186 us, total = 344.138 us
[state-dump] 	InternalPubSubGcsService.grpc_client.GcsSubscriberPoll - 6 total (1 active), Execution time: mean = 8.786 s, total = 52.718 s, Queueing time: mean = 0.000 s, max = -0.000 s, min = 9223372036.855 s, total = 0.000 s
[state-dump] 	NodeManager.deadline_timer.debug_state_dump - 6 total (1 active), Execution time: mean = 1.127 ms, total = 6.763 ms, Queueing time: mean = 45.832 us, max = 87.788 us, min = 19.571 us, total = 274.992 us
[state-dump] 	NodeManagerService.grpc_server.RequestWorkerLease - 6 total (0 active), Execution time: mean = 474.016 ms, total = 2.844 s, Queueing time: mean = 0.000 s, max = -0.000 s, min = 9223372036.855 s, total = 0.000 s
[state-dump] 	NodeManagerService.grpc_server.RequestWorkerLease.HandleRequestImpl - 6 total (0 active), Execution time: mean = 4.530 ms, total = 27.182 ms, Queueing time: mean = 188.016 us, max = 1.011 ms, min = 16.891 us, total = 1.128 ms
[state-dump] 	RaySyncer.BroadcastMessage - 5 total (0 active), Execution time: mean = 163.864 us, total = 819.321 us, Queueing time: mean = 462.000 ns, max = 740.000 ns, min = 210.000 ns, total = 2.310 us
[state-dump] 	 - 5 total (0 active), Execution time: mean = 457.400 ns, total = 2.287 us, Queueing time: mean = 15.556 us, max = 18.895 us, min = 12.820 us, total = 77.778 us
[state-dump] 	InternalPubSubGcsService.grpc_client.GcsSubscriberPoll.OnReplyReceived - 5 total (0 active), Execution time: mean = 214.733 us, total = 1.074 ms, Queueing time: mean = 12.627 us, max = 17.774 us, min = 8.545 us, total = 63.136 us
[state-dump] 	Subscriber.HandlePublishedMessage_GCS_WORKER_DELTA_CHANNEL - 4 total (0 active), Execution time: mean = 9.804 us, total = 39.215 us, Queueing time: mean = 197.429 us, max = 324.810 us, min = 125.362 us, total = 789.717 us
[state-dump] 	WorkerInfoGcsService.grpc_client.ReportWorkerFailure.OnReplyReceived - 4 total (0 active), Execution time: mean = 29.630 us, total = 118.521 us, Queueing time: mean = 97.681 us, max = 330.163 us, min = 14.674 us, total = 390.724 us
[state-dump] 	WorkerInfoGcsService.grpc_client.ReportWorkerFailure - 4 total (0 active), Execution time: mean = 1.382 ms, total = 5.530 ms, Queueing time: mean = 0.000 s, max = -0.000 s, min = 9223372036.855 s, total = 0.000 s
[state-dump] 	CoreWorkerService.grpc_client.Exit - 3 total (0 active), Execution time: mean = 2.515 ms, total = 7.545 ms, Queueing time: mean = 0.000 s, max = -0.000 s, min = 9223372036.855 s, total = 0.000 s
[state-dump] 	CoreWorkerService.grpc_client.Exit.OnReplyReceived - 3 total (0 active), Execution time: mean = 27.908 us, total = 83.723 us, Queueing time: mean = 15.020 us, max = 20.476 us, min = 12.138 us, total = 45.060 us
[state-dump] 	RaySyncerRegister - 2 total (0 active), Execution time: mean = 1.944 us, total = 3.889 us, Queueing time: mean = 263.000 ns, max = 443.000 ns, min = 83.000 ns, total = 526.000 ns
[state-dump] 	InternalPubSubGcsService.grpc_client.GcsSubscriberCommandBatch.OnReplyReceived - 2 total (0 active), Execution time: mean = 148.913 us, total = 297.826 us, Queueing time: mean = 1.310 ms, max = 2.439 ms, min = 181.234 us, total = 2.620 ms
[state-dump] 	InternalPubSubGcsService.grpc_client.GcsSubscriberCommandBatch - 2 total (0 active), Execution time: mean = 952.065 us, total = 1.904 ms, Queueing time: mean = 0.000 s, max = -0.000 s, min = 9223372036.855 s, total = 0.000 s
[state-dump] 	NodeInfoGcsService.grpc_client.RegisterNode.OnReplyReceived - 1 total (0 active), Execution time: mean = 350.783 us, total = 350.783 us, Queueing time: mean = 16.706 us, max = 16.706 us, min = 16.706 us, total = 16.706 us
[state-dump] 	JobInfoGcsService.grpc_client.AddJob - 1 total (0 active), Execution time: mean = 913.312 us, total = 913.312 us, Queueing time: mean = 0.000 s, max = -0.000 s, min = 9223372036.855 s, total = 0.000 s
[state-dump] 	NodeInfoGcsService.grpc_client.GetInternalConfig.OnReplyReceived - 1 total (0 active), Execution time: mean = 1.021 s, total = 1.021 s, Queueing time: mean = 11.218 us, max = 11.218 us, min = 11.218 us, total = 11.218 us
[state-dump] 	Subscriber.HandlePublishedMessage_GCS_JOB_CHANNEL - 1 total (0 active), Execution time: mean = 66.821 us, total = 66.821 us, Queueing time: mean = 254.259 us, max = 254.259 us, min = 254.259 us, total = 254.259 us
[state-dump] 	NodeManagerService.grpc_server.ReturnWorker - 1 total (0 active), Execution time: mean = 256.448 us, total = 256.448 us, Queueing time: mean = 0.000 s, max = -0.000 s, min = 9223372036.855 s, total = 0.000 s
[state-dump] 	NodeManager.deadline_timer.print_event_loop_stats - 1 total (1 active, 1 running), Execution time: mean = 0.000 s, total = 0.000 s, Queueing time: mean = 0.000 s, max = -0.000 s, min = 9223372036.855 s, total = 0.000 s
[state-dump] 	NodeManagerService.grpc_server.ReturnWorker.HandleRequestImpl - 1 total (0 active), Execution time: mean = 50.962 us, total = 50.962 us, Queueing time: mean = 17.488 us, max = 17.488 us, min = 17.488 us, total = 17.488 us
[state-dump] 	NodeInfoGcsService.grpc_client.GetInternalConfig - 1 total (0 active), Execution time: mean = 952.819 us, total = 952.819 us, Queueing time: mean = 0.000 s, max = -0.000 s, min = 9223372036.855 s, total = 0.000 s
[state-dump] 	NodeManager.GCTaskFailureReason - 1 total (1 active), Execution time: mean = 0.000 s, total = 0.000 s, Queueing time: mean = 0.000 s, max = -0.000 s, min = 9223372036.855 s, total = 0.000 s
[state-dump] 	JobInfoGcsService.grpc_client.GetAllJobInfo - 1 total (0 active), Execution time: mean = 843.086 us, total = 843.086 us, Queueing time: mean = 0.000 s, max = -0.000 s, min = 9223372036.855 s, total = 0.000 s
[state-dump] 	NodeInfoGcsService.grpc_client.GetAllNodeInfo - 1 total (0 active), Execution time: mean = 1.017 ms, total = 1.017 ms, Queueing time: mean = 0.000 s, max = -0.000 s, min = 9223372036.855 s, total = 0.000 s
[state-dump] 	NodeInfoGcsService.grpc_client.RegisterNode - 1 total (0 active), Execution time: mean = 1.396 ms, total = 1.396 ms, Queueing time: mean = 0.000 s, max = -0.000 s, min = 9223372036.855 s, total = 0.000 s
[state-dump] 	NodeInfoGcsService.grpc_client.GetAllNodeInfo.OnReplyReceived - 1 total (0 active), Execution time: mean = 181.849 us, total = 181.849 us, Queueing time: mean = 9.531 us, max = 9.531 us, min = 9.531 us, total = 9.531 us
[state-dump] 	JobInfoGcsService.grpc_client.AddJob.OnReplyReceived - 1 total (0 active), Execution time: mean = 83.965 us, total = 83.965 us, Queueing time: mean = 13.584 us, max = 13.584 us, min = 13.584 us, total = 13.584 us
[state-dump] 	JobInfoGcsService.grpc_client.GetAllJobInfo.OnReplyReceived - 1 total (0 active), Execution time: mean = 14.207 us, total = 14.207 us, Queueing time: mean = 9.527 us, max = 9.527 us, min = 9.527 us, total = 9.527 us
[state-dump] DebugString() time ms: 2
[state-dump] 
[state-dump] 
[2024-03-15 16:42:51,910 I 3622904 3622904] (raylet) node_manager.cc:1444: NodeManager::DisconnectClient, disconnect_type=3, has creation task exception = false
[2024-03-15 16:42:51,911 I 3622904 3622904] (raylet) node_manager.cc:1549: Driver (pid=3622197) is disconnected. job_id: 01000000
[2024-03-15 16:42:51,914 I 3622904 3622904] (raylet) node_manager.cc:1090: The leased worker 836b0afa5bb9e23e5101d92632c950ae1f0a9a85b526f4f135110acc is killed because the owner process 01000000ffffffffffffffffffffffffffffffffffffffffffffffff died.
[2024-03-15 16:42:51,914 I 3622904 3622904] (raylet) node_manager.cc:1090: The leased worker fd29af39e6cee15255c507204ace5285cfea033c4bc0c28a90fd763b is killed because the owner process 01000000ffffffffffffffffffffffffffffffffffffffffffffffff died.
[2024-03-15 16:42:51,914 I 3622904 3622904] (raylet) node_manager.cc:1090: The leased worker 731ac41abe93331a4daa07f987e32ca83e677b52fae8e2188403ca04 is killed because the owner process 01000000ffffffffffffffffffffffffffffffffffffffffffffffff died.
[2024-03-15 16:42:51,914 I 3622904 3622904] (raylet) node_manager.cc:1090: The leased worker a61b40b0261ad868dc73e5e43d3b15726d8f4603394119b311cc8249 is killed because the owner process 01000000ffffffffffffffffffffffffffffffffffffffffffffffff died.
[2024-03-15 16:42:51,914 I 3622904 3622904] (raylet) node_manager.cc:1090: The leased worker 5f54335ddc69c092be17da71539f786c72f0e61fd80442ccd80563f1 is killed because the owner process 01000000ffffffffffffffffffffffffffffffffffffffffffffffff died.
[2024-03-15 16:42:51,915 I 3622904 3622904] (raylet) node_manager.cc:622: New job has started. Job id 01000000 Driver pid 3622197 is dead: 1 driver address: 172.18.36.110
[2024-03-15 16:42:51,915 I 3622904 3622904] (raylet) worker_pool.cc:681: Job 01000000 already started in worker pool.
[2024-03-15 16:42:51,943 I 3622904 3622904] (raylet) node_manager.cc:1444: NodeManager::DisconnectClient, disconnect_type=1, has creation task exception = false
[2024-03-15 16:42:51,945 I 3622904 3622904] (raylet) node_manager.cc:1444: NodeManager::DisconnectClient, disconnect_type=1, has creation task exception = false
[2024-03-15 16:42:51,945 I 3622904 3622904] (raylet) node_manager.cc:1444: NodeManager::DisconnectClient, disconnect_type=1, has creation task exception = false
[2024-03-15 16:42:51,946 I 3622904 3622904] (raylet) node_manager.cc:1444: NodeManager::DisconnectClient, disconnect_type=1, has creation task exception = false
[2024-03-15 16:42:51,946 I 3622904 3622904] (raylet) node_manager.cc:1444: NodeManager::DisconnectClient, disconnect_type=1, has creation task exception = false
[2024-03-15 16:42:52,053 I 3622904 3622904] (raylet) main.cc:372: Raylet received SIGTERM, shutting down...
[2024-03-15 16:42:52,053 I 3622904 3622904] (raylet) accessor.cc:451: Unregistering node info, node id = fc5f2546cba507f860e9e5fdec5f1346182f3b3700f268a5542255c1
[2024-03-15 16:42:52,054 I 3622904 3622904] (raylet) agent_manager.cc:109: Killing agent dashboard_agent/424238335, pid 3622995.
[2024-03-15 16:42:52,063 I 3622904 3622996] (raylet) agent_manager.cc:80: Agent process with name dashboard_agent/424238335 exited, exit code 0.
[2024-03-15 16:42:52,063 I 3622904 3622904] (raylet) agent_manager.cc:109: Killing agent runtime_env_agent, pid 3622997.
[2024-03-15 16:42:52,072 I 3622904 3622998] (raylet) agent_manager.cc:80: Agent process with name runtime_env_agent exited, exit code 0.
[2024-03-15 16:42:52,072 I 3622904 3622904] (raylet) io_service_pool.cc:47: IOServicePool is stopped.
[2024-03-15 16:42:52,117 I 3622904 3622904] (raylet) stats.h:136: Stats module has shutdown.
