:job_id:01000000
:actor_name:SparseReconActor
[2024/03/19 15:13:54 hloc INFO] Creating an empty database...
[2024/03/19 15:13:54 hloc INFO] Importing images into the database...
[2024/03/19 15:13:55 hloc INFO] Importing features into the database...
  0%|          | 0/40 [00:00<?, ?it/s]100%|â–ˆâ–ˆâ–ˆâ–ˆâ–ˆâ–ˆâ–ˆâ–ˆâ–ˆâ–ˆ| 40/40 [00:00<00:00, 2050.85it/s]
[2024/03/19 15:13:55 hloc INFO] Importing matches into the database...
  0%|          | 0/424 [00:00<?, ?it/s] 35%|â–ˆâ–ˆâ–ˆâ–      | 148/424 [00:00<00:00, 1471.84it/s] 70%|â–ˆâ–ˆâ–ˆâ–ˆâ–ˆâ–ˆâ–‰   | 296/424 [00:00<00:00, 1459.45it/s]100%|â–ˆâ–ˆâ–ˆâ–ˆâ–ˆâ–ˆâ–ˆâ–ˆâ–ˆâ–ˆ| 424/424 [00:00<00:00, 1460.85it/s]
[2024/03/19 15:13:56 hloc INFO] Performing geometric verification of the matches...
[2024/03/19 15:13:57 hloc INFO] Running 3D reconstruction...
[2024/03/19 15:14:32 hloc INFO] Reconstructed 1 model(s).
[2024/03/19 15:14:32 hloc INFO] Largest model is #0 with 40 images.
[2024/03/19 15:14:32 hloc INFO] Reconstruction statistics:
Reconstruction:
	num_reg_images = 40
	num_cameras = 1
	num_points3D = 5105
	num_observations = 22509
	mean_track_length = 4.40921
	mean_observations_per_image = 562.725
	mean_reprojection_error = 1.31408
	num_input_images = 40
2024-03-19 15:14:33.186 | INFO     | auto_decomp.sfm.sfm:plot_reconstruction:401 - Reconstruction plot saved: data/custom_data_example/blanket/sfm_spp-spg_sequential_np-10_nimgs-40/vis_sfm
2024-03-19 15:14:43.596 | INFO     | auto_decomp.sfm.sfm:manhattan_alignment:417 - manhattan-aligned sfm model saved: data/custom_data_example/blanket/sfm_spp-spg_sequential_np-10_nimgs-40/manhattan
2024-03-19 15:14:43.885 | INFO     | auto_decomp.sfm.sfm:plot_reconstruction:401 - Reconstruction plot saved: data/custom_data_example/blanket/sfm_spp-spg_sequential_np-10_nimgs-40/vis_sfm_manhattan
[32m2024-03-19 15:14:43.887[0m | [1mINFO    [0m | [36mauto_decomp.sfm.sfm[0m:[36mmanhattan_alignment[0m:[36m252[0m | - [1msfm directory deleted! (data/custom_data_example/blanket/sfm_spp-spg_sequential_np-10_nimgs-40/sfm)[0m
[32m2024-03-19 15:14:43.896[0m | [1mINFO    [0m | [36mauto_decomp.sfm.sfm[0m:[36m_run[0m:[36m204[0m | - [1m[job_id:0 | inst_id:custom_data_example/blanket] sparse reconstruction saved![0m
