[2024-03-15 16:44:42,055 I 3630428 3630428] (gcs_server) io_service_pool.cc:35: IOServicePool is running with 1 io_service.
[2024-03-15 16:44:42,057 I 3630428 3630428] (gcs_server) event.cc:234: Set ray event level to warning
[2024-03-15 16:44:42,057 I 3630428 3630428] (gcs_server) event.cc:342: Ray Event initialized for GCS
[2024-03-15 16:44:42,058 I 3630428 3630428] (gcs_server) gcs_server.cc:74: GCS storage type is StorageType::IN_MEMORY
[2024-03-15 16:44:42,060 I 3630428 3630428] (gcs_server) gcs_init_data.cc:42: Loading job table data.
[2024-03-15 16:44:42,060 I 3630428 3630428] (gcs_server) gcs_init_data.cc:54: Loading node table data.
[2024-03-15 16:44:42,060 I 3630428 3630428] (gcs_server) gcs_init_data.cc:80: Loading actor table data.
[2024-03-15 16:44:42,060 I 3630428 3630428] (gcs_server) gcs_init_data.cc:93: Loading actor task spec table data.
[2024-03-15 16:44:42,060 I 3630428 3630428] (gcs_server) gcs_init_data.cc:66: Loading placement group table data.
[2024-03-15 16:44:42,060 I 3630428 3630428] (gcs_server) gcs_init_data.cc:46: Finished loading job table data, size = 0
[2024-03-15 16:44:42,060 I 3630428 3630428] (gcs_server) gcs_init_data.cc:58: Finished loading node table data, size = 0
[2024-03-15 16:44:42,060 I 3630428 3630428] (gcs_server) gcs_init_data.cc:84: Finished loading actor table data, size = 0
[2024-03-15 16:44:42,060 I 3630428 3630428] (gcs_server) gcs_init_data.cc:97: Finished loading actor task spec table data, size = 0
[2024-03-15 16:44:42,060 I 3630428 3630428] (gcs_server) gcs_init_data.cc:71: Finished loading placement group table data, size = 0
[2024-03-15 16:44:42,060 I 3630428 3630428] (gcs_server) gcs_server.cc:164: No existing server cluster ID found. Generating new ID: 02a73ea8bd734643c087f039fbeea439b1b1fa7b0a45c8a894dd503e
[2024-03-15 16:44:42,061 I 3630428 3630428] (gcs_server) gcs_server.cc:650: Autoscaler V2 enabled: 0
[2024-03-15 16:44:42,064 I 3630428 3630428] (gcs_server) grpc_server.cc:129: GcsServer server started, listening on port 53817.
[2024-03-15 16:44:42,329 I 3630428 3630428] (gcs_server) gcs_server.cc:252: GcsNodeManager: 
- RegisterNode request count: 0
- DrainNode request count: 0
- GetAllNodeInfo request count: 0
- GetInternalConfig request count: 0

GcsActorManager: 
- RegisterActor request count: 0
- CreateActor request count: 0
- GetActorInfo request count: 0
- GetNamedActorInfo request count: 0
- GetAllActorInfo request count: 0
- KillActor request count: 0
- ListNamedActors request count: 0
- Registered actors count: 0
- Destroyed actors count: 0
- Named actors count: 0
- Unresolved actors count: 0
- Pending actors count: 0
- Created actors count: 0
- owners_: 0
- actor_to_register_callbacks_: 0
- actor_to_create_callbacks_: 0
- sorted_destroyed_actor_list_: 0

GcsResourceManager: 
- GetAllAvailableResources request count0
- GetAllResourceUsage request count: 0

GcsPlacementGroupManager: 
- CreatePlacementGroup request count: 0
- RemovePlacementGroup request count: 0
- GetPlacementGroup request count: 0
- GetAllPlacementGroup request count: 0
- WaitPlacementGroupUntilReady request count: 0
- GetNamedPlacementGroup request count: 0
- Scheduling pending placement group count: 0
- Registered placement groups count: 0
- Named placement group count: 0
- Pending placement groups count: 0
- Infeasible placement groups count: 0

GcsPublisher {}

[runtime env manager] ID to URIs table:
[runtime env manager] URIs reference table:

GcsTaskManager: 
-Total num task events reported: 0
-Total num status task events dropped: 0
-Total num profile events dropped: 0
-Current num of task events stored: 0
-Total num of actor creation tasks: 0
-Total num of actor tasks: 0
-Total num of normal tasks: 0
-Total num of driver tasks: 0


[2024-03-15 16:44:42,329 I 3630428 3630428] (gcs_server) gcs_server.cc:846: Event stats:


Global stats: 35 total (22 active)
Queueing time: mean = 23.044 ms, max = 268.929 ms, min = 4.473 us, total = 806.555 ms
Execution time:  mean = 7.689 ms, total = 269.102 ms
Event stats:
	InternalKVGcsService.grpc_server.InternalKVPut - 6 total (6 active), Execution time: mean = 0.000 s, total = 0.000 s, Queueing time: mean = 0.000 s, max = -0.000 s, min = 9223372036.855 s, total = 0.000 s
	InternalKVGcsService.grpc_server.InternalKVPut.HandleRequestImpl - 6 total (4 active), Execution time: mean = 4.595 us, total = 27.568 us, Queueing time: mean = 54.733 us, max = 164.330 us, min = 164.066 us, total = 328.396 us
	InternalKVGcsService.grpc_client.InternalKVPut - 6 total (6 active), Execution time: mean = 0.000 s, total = 0.000 s, Queueing time: mean = 0.000 s, max = -0.000 s, min = 9223372036.855 s, total = 0.000 s
	GcsInMemoryStore.Put - 5 total (2 active), Execution time: mean = 53.791 ms, total = 268.954 ms, Queueing time: mean = 53.631 ms, max = 268.146 ms, min = 4.473 us, total = 268.157 ms
	GcsInMemoryStore.GetAll - 5 total (0 active), Execution time: mean = 14.067 us, total = 70.334 us, Queueing time: mean = 65.298 us, max = 76.136 us, min = 56.406 us, total = 326.491 us
	PeriodicalRunner.RunFnPeriodically - 4 total (2 active, 1 running), Execution time: mean = 6.619 us, total = 26.474 us, Queueing time: mean = 134.434 ms, max = 268.929 ms, min = 268.809 ms, total = 537.738 ms
	RayletLoadPulled - 1 total (1 active), Execution time: mean = 0.000 s, total = 0.000 s, Queueing time: mean = 0.000 s, max = -0.000 s, min = 9223372036.855 s, total = 0.000 s
	GcsInMemoryStore.Get - 1 total (0 active), Execution time: mean = 23.344 us, total = 23.344 us, Queueing time: mean = 5.940 us, max = 5.940 us, min = 5.940 us, total = 5.940 us
	ClusterResourceManager.ResetRemoteNodeView - 1 total (1 active), Execution time: mean = 0.000 s, total = 0.000 s, Queueing time: mean = 0.000 s, max = -0.000 s, min = 9223372036.855 s, total = 0.000 s


[2024-03-15 16:44:42,329 I 3630428 3630428] (gcs_server) gcs_server.cc:847: GcsTaskManager Event stats:


Global stats: 2 total (1 active)
Queueing time: mean = 225.714 us, max = 451.428 us, min = 451.428 us, total = 451.428 us
Execution time:  mean = 31.798 us, total = 63.596 us
Event stats:
	GcsTaskManager.GcJobSummary - 1 total (1 active), Execution time: mean = 0.000 s, total = 0.000 s, Queueing time: mean = 0.000 s, max = -0.000 s, min = 9223372036.855 s, total = 0.000 s
	PeriodicalRunner.RunFnPeriodically - 1 total (0 active), Execution time: mean = 63.596 us, total = 63.596 us, Queueing time: mean = 451.428 us, max = 451.428 us, min = 451.428 us, total = 451.428 us


[2024-03-15 16:44:44,251 I 3630428 3630428] (gcs_server) gcs_node_manager.cc:55: Registering node info, node id = 2cb61866405fb00b52daf096f005f3122627e204f74fb92736021487, address = 172.18.36.110, node name = 172.18.36.110
[2024-03-15 16:44:44,251 I 3630428 3630428] (gcs_server) gcs_node_manager.cc:61: Finished registering node info, node id = 2cb61866405fb00b52daf096f005f3122627e204f74fb92736021487, address = 172.18.36.110, node name = 172.18.36.110
[2024-03-15 16:44:44,251 I 3630428 3630428] (gcs_server) gcs_placement_group_manager.cc:793: A new node: 2cb61866405fb00b52daf096f005f3122627e204f74fb92736021487 registered, will try to reschedule all the infeasible placement groups.
[2024-03-15 16:44:44,879 I 3630428 3630428] (gcs_server) gcs_job_manager.cc:42: Adding job, job id = 01000000, driver pid = 3625610
[2024-03-15 16:44:44,879 I 3630428 3630428] (gcs_server) gcs_job_manager.cc:57: Finished adding job, job id = 01000000, driver pid = 3625610
[2024-03-15 16:44:44,912 I 3630428 3630428] (gcs_server) gcs_actor_manager.cc:262: Registering actor, job id = 01000000, actor id = 55ca1b6284d430fda0786f7501000000
[2024-03-15 16:44:44,913 I 3630428 3630428] (gcs_server) gcs_actor_manager.cc:268: Registered actor, job id = 01000000, actor id = 55ca1b6284d430fda0786f7501000000
[2024-03-15 16:44:44,914 I 3630428 3630428] (gcs_server) gcs_actor_manager.cc:287: Creating actor, job id = 01000000, actor id = 55ca1b6284d430fda0786f7501000000
[2024-03-15 16:44:44,914 I 3630428 3630428] (gcs_server) gcs_actor_scheduler.cc:312: Start leasing worker from node 2cb61866405fb00b52daf096f005f3122627e204f74fb92736021487 for actor 55ca1b6284d430fda0786f7501000000, job id = 01000000
[2024-03-15 16:44:44,931 I 3630428 3630428] (gcs_server) gcs_actor_manager.cc:262: Registering actor, job id = 01000000, actor id = 6d4368eb7d656d7d84f9f6d601000000
[2024-03-15 16:44:44,932 I 3630428 3630428] (gcs_server) gcs_actor_manager.cc:268: Registered actor, job id = 01000000, actor id = 6d4368eb7d656d7d84f9f6d601000000
[2024-03-15 16:44:44,933 I 3630428 3630428] (gcs_server) gcs_actor_manager.cc:287: Creating actor, job id = 01000000, actor id = 6d4368eb7d656d7d84f9f6d601000000
[2024-03-15 16:44:44,933 I 3630428 3630428] (gcs_server) gcs_actor_scheduler.cc:312: Start leasing worker from node 2cb61866405fb00b52daf096f005f3122627e204f74fb92736021487 for actor 6d4368eb7d656d7d84f9f6d601000000, job id = 01000000
[2024-03-15 16:44:44,944 I 3630428 3630428] (gcs_server) gcs_actor_manager.cc:262: Registering actor, job id = 01000000, actor id = 81cd596f1686b787747e40d701000000
[2024-03-15 16:44:44,944 I 3630428 3630428] (gcs_server) gcs_actor_manager.cc:268: Registered actor, job id = 01000000, actor id = 81cd596f1686b787747e40d701000000
[2024-03-15 16:44:44,945 I 3630428 3630428] (gcs_server) gcs_actor_manager.cc:287: Creating actor, job id = 01000000, actor id = 81cd596f1686b787747e40d701000000
[2024-03-15 16:44:44,945 I 3630428 3630428] (gcs_server) gcs_actor_scheduler.cc:312: Start leasing worker from node 2cb61866405fb00b52daf096f005f3122627e204f74fb92736021487 for actor 81cd596f1686b787747e40d701000000, job id = 01000000
[2024-03-15 16:44:44,959 I 3630428 3630428] (gcs_server) gcs_actor_manager.cc:262: Registering actor, job id = 01000000, actor id = 9b55886c8dcc571ca12d151301000000
[2024-03-15 16:44:44,959 I 3630428 3630428] (gcs_server) gcs_actor_manager.cc:268: Registered actor, job id = 01000000, actor id = 9b55886c8dcc571ca12d151301000000
[2024-03-15 16:44:44,960 I 3630428 3630428] (gcs_server) gcs_actor_manager.cc:287: Creating actor, job id = 01000000, actor id = 9b55886c8dcc571ca12d151301000000
[2024-03-15 16:44:44,961 I 3630428 3630428] (gcs_server) gcs_actor_scheduler.cc:312: Start leasing worker from node 2cb61866405fb00b52daf096f005f3122627e204f74fb92736021487 for actor 9b55886c8dcc571ca12d151301000000, job id = 01000000
[2024-03-15 16:44:44,972 I 3630428 3630428] (gcs_server) gcs_actor_manager.cc:262: Registering actor, job id = 01000000, actor id = 3e7e367610f37f6fa221373f01000000
[2024-03-15 16:44:44,972 I 3630428 3630428] (gcs_server) gcs_actor_manager.cc:268: Registered actor, job id = 01000000, actor id = 3e7e367610f37f6fa221373f01000000
[2024-03-15 16:44:44,974 I 3630428 3630428] (gcs_server) gcs_actor_manager.cc:287: Creating actor, job id = 01000000, actor id = 3e7e367610f37f6fa221373f01000000
[2024-03-15 16:44:44,974 I 3630428 3630428] (gcs_server) gcs_actor_scheduler.cc:312: Start leasing worker from node 2cb61866405fb00b52daf096f005f3122627e204f74fb92736021487 for actor 3e7e367610f37f6fa221373f01000000, job id = 01000000
[2024-03-15 16:44:45,334 I 3630428 3630428] (gcs_server) gcs_actor_scheduler.cc:633: Finished leasing worker from 2cb61866405fb00b52daf096f005f3122627e204f74fb92736021487 for actor 6d4368eb7d656d7d84f9f6d601000000, job id = 01000000
[2024-03-15 16:44:45,334 I 3630428 3630428] (gcs_server) gcs_actor_scheduler.cc:447: Start creating actor 6d4368eb7d656d7d84f9f6d601000000 on worker f6eaed19e5fd3136bb7f9f1f16d9c2a1ea9ff94644c1ad2fc3bb2819 at node 2cb61866405fb00b52daf096f005f3122627e204f74fb92736021487, job id = 01000000
[2024-03-15 16:44:45,339 I 3630428 3630428] (gcs_server) gcs_actor_scheduler.cc:633: Finished leasing worker from 2cb61866405fb00b52daf096f005f3122627e204f74fb92736021487 for actor 55ca1b6284d430fda0786f7501000000, job id = 01000000
[2024-03-15 16:44:45,340 I 3630428 3630428] (gcs_server) gcs_actor_scheduler.cc:447: Start creating actor 55ca1b6284d430fda0786f7501000000 on worker 6ecbdc77392fba652971ce1df9922fda963685100d8367e35ee8dc46 at node 2cb61866405fb00b52daf096f005f3122627e204f74fb92736021487, job id = 01000000
[2024-03-15 16:44:45,347 I 3630428 3630428] (gcs_server) gcs_actor_scheduler.cc:633: Finished leasing worker from 2cb61866405fb00b52daf096f005f3122627e204f74fb92736021487 for actor 9b55886c8dcc571ca12d151301000000, job id = 01000000
[2024-03-15 16:44:45,347 I 3630428 3630428] (gcs_server) gcs_actor_scheduler.cc:447: Start creating actor 9b55886c8dcc571ca12d151301000000 on worker 09af0cc12567c8fe6c793550c735d52bdb40c948698568be3a468c2d at node 2cb61866405fb00b52daf096f005f3122627e204f74fb92736021487, job id = 01000000
[2024-03-15 16:44:45,400 I 3630428 3630428] (gcs_server) gcs_actor_scheduler.cc:633: Finished leasing worker from 2cb61866405fb00b52daf096f005f3122627e204f74fb92736021487 for actor 81cd596f1686b787747e40d701000000, job id = 01000000
[2024-03-15 16:44:45,400 I 3630428 3630428] (gcs_server) gcs_actor_scheduler.cc:447: Start creating actor 81cd596f1686b787747e40d701000000 on worker f27a97d5fbe29aca3a1ba63a34d1f150e51a1f579e861813c80e6b86 at node 2cb61866405fb00b52daf096f005f3122627e204f74fb92736021487, job id = 01000000
[2024-03-15 16:44:45,413 I 3630428 3630428] (gcs_server) gcs_actor_scheduler.cc:484: Finished actor creation task for actor 6d4368eb7d656d7d84f9f6d601000000 on worker f6eaed19e5fd3136bb7f9f1f16d9c2a1ea9ff94644c1ad2fc3bb2819 at node 2cb61866405fb00b52daf096f005f3122627e204f74fb92736021487, job id = 01000000
[2024-03-15 16:44:45,413 I 3630428 3630428] (gcs_server) gcs_actor_manager.cc:1289: Actor created successfully, actor id = 6d4368eb7d656d7d84f9f6d601000000, job id = 01000000
[2024-03-15 16:44:45,413 I 3630428 3630428] (gcs_server) gcs_actor_manager.cc:303: Finished creating actor, job id = 01000000, actor id = 6d4368eb7d656d7d84f9f6d601000000, status = OK
[2024-03-15 16:44:45,418 I 3630428 3630428] (gcs_server) gcs_actor_scheduler.cc:484: Finished actor creation task for actor 55ca1b6284d430fda0786f7501000000 on worker 6ecbdc77392fba652971ce1df9922fda963685100d8367e35ee8dc46 at node 2cb61866405fb00b52daf096f005f3122627e204f74fb92736021487, job id = 01000000
[2024-03-15 16:44:45,418 I 3630428 3630428] (gcs_server) gcs_actor_manager.cc:1289: Actor created successfully, actor id = 55ca1b6284d430fda0786f7501000000, job id = 01000000
[2024-03-15 16:44:45,419 I 3630428 3630428] (gcs_server) gcs_actor_manager.cc:303: Finished creating actor, job id = 01000000, actor id = 55ca1b6284d430fda0786f7501000000, status = OK
[2024-03-15 16:44:45,497 I 3630428 3630428] (gcs_server) gcs_actor_scheduler.cc:484: Finished actor creation task for actor 81cd596f1686b787747e40d701000000 on worker f27a97d5fbe29aca3a1ba63a34d1f150e51a1f579e861813c80e6b86 at node 2cb61866405fb00b52daf096f005f3122627e204f74fb92736021487, job id = 01000000
[2024-03-15 16:44:45,497 I 3630428 3630428] (gcs_server) gcs_actor_manager.cc:1289: Actor created successfully, actor id = 81cd596f1686b787747e40d701000000, job id = 01000000
[2024-03-15 16:44:45,498 I 3630428 3630428] (gcs_server) gcs_actor_manager.cc:303: Finished creating actor, job id = 01000000, actor id = 81cd596f1686b787747e40d701000000, status = OK
[2024-03-15 16:44:45,666 I 3630428 3630428] (gcs_server) gcs_actor_scheduler.cc:633: Finished leasing worker from 2cb61866405fb00b52daf096f005f3122627e204f74fb92736021487 for actor 3e7e367610f37f6fa221373f01000000, job id = 01000000
[2024-03-15 16:44:45,666 I 3630428 3630428] (gcs_server) gcs_actor_scheduler.cc:447: Start creating actor 3e7e367610f37f6fa221373f01000000 on worker b6f55062bcacb6747c1602c1340378522fc29255c27d0c53aff20e4c at node 2cb61866405fb00b52daf096f005f3122627e204f74fb92736021487, job id = 01000000
[2024-03-15 16:44:48,608 I 3630428 3630428] (gcs_server) gcs_actor_scheduler.cc:484: Finished actor creation task for actor 3e7e367610f37f6fa221373f01000000 on worker b6f55062bcacb6747c1602c1340378522fc29255c27d0c53aff20e4c at node 2cb61866405fb00b52daf096f005f3122627e204f74fb92736021487, job id = 01000000
[2024-03-15 16:44:48,608 I 3630428 3630428] (gcs_server) gcs_actor_manager.cc:1289: Actor created successfully, actor id = 3e7e367610f37f6fa221373f01000000, job id = 01000000
[2024-03-15 16:44:48,609 I 3630428 3630428] (gcs_server) gcs_actor_manager.cc:303: Finished creating actor, job id = 01000000, actor id = 3e7e367610f37f6fa221373f01000000, status = OK
[2024-03-15 16:44:50,607 I 3630428 3630428] (gcs_server) gcs_actor_scheduler.cc:484: Finished actor creation task for actor 9b55886c8dcc571ca12d151301000000 on worker 09af0cc12567c8fe6c793550c735d52bdb40c948698568be3a468c2d at node 2cb61866405fb00b52daf096f005f3122627e204f74fb92736021487, job id = 01000000
[2024-03-15 16:44:50,607 I 3630428 3630428] (gcs_server) gcs_actor_manager.cc:1289: Actor created successfully, actor id = 9b55886c8dcc571ca12d151301000000, job id = 01000000
[2024-03-15 16:44:50,608 I 3630428 3630428] (gcs_server) gcs_actor_manager.cc:303: Finished creating actor, job id = 01000000, actor id = 9b55886c8dcc571ca12d151301000000, status = OK
[2024-03-15 16:44:52,066 W 3630428 3630433] (gcs_server) metric_exporter.cc:207: [1] Export metrics to agent failed: GrpcUnavailable: RPC Error message: failed to connect to all addresses; last error: UNKNOWN: ipv4:127.0.0.1:49950: Failed to connect to remote host: Connection refused; RPC Error details: . This won't affect Ray, but you can lose metrics from the cluster.
[2024-03-15 16:44:52,705 I 3630428 3630428] (gcs_server) gcs_actor_manager.cc:262: Registering actor, job id = 01000000, actor id = d330e47e4fc94d063ce2fe9701000000
[2024-03-15 16:44:52,706 I 3630428 3630428] (gcs_server) gcs_actor_manager.cc:268: Registered actor, job id = 01000000, actor id = d330e47e4fc94d063ce2fe9701000000
[2024-03-15 16:44:52,707 I 3630428 3630428] (gcs_server) gcs_actor_manager.cc:287: Creating actor, job id = 01000000, actor id = d330e47e4fc94d063ce2fe9701000000
[2024-03-15 16:44:52,707 I 3630428 3630428] (gcs_server) gcs_actor_scheduler.cc:312: Start leasing worker from node 2cb61866405fb00b52daf096f005f3122627e204f74fb92736021487 for actor d330e47e4fc94d063ce2fe9701000000, job id = 01000000
[2024-03-15 16:44:52,712 I 3630428 3630428] (gcs_server) gcs_actor_manager.cc:262: Registering actor, job id = 01000000, actor id = 8bc78e4b5a4667e77335d00f01000000
[2024-03-15 16:44:52,713 I 3630428 3630428] (gcs_server) gcs_actor_manager.cc:268: Registered actor, job id = 01000000, actor id = 8bc78e4b5a4667e77335d00f01000000
[2024-03-15 16:44:52,713 I 3630428 3630428] (gcs_server) gcs_actor_manager.cc:287: Creating actor, job id = 01000000, actor id = 8bc78e4b5a4667e77335d00f01000000
[2024-03-15 16:44:52,714 I 3630428 3630428] (gcs_server) gcs_actor_scheduler.cc:312: Start leasing worker from node 2cb61866405fb00b52daf096f005f3122627e204f74fb92736021487 for actor 8bc78e4b5a4667e77335d00f01000000, job id = 01000000
[2024-03-15 16:44:52,720 I 3630428 3630428] (gcs_server) gcs_actor_manager.cc:262: Registering actor, job id = 01000000, actor id = 15ae04cf4e6be6af9d3820f501000000
[2024-03-15 16:44:52,721 I 3630428 3630428] (gcs_server) gcs_actor_manager.cc:268: Registered actor, job id = 01000000, actor id = 15ae04cf4e6be6af9d3820f501000000
[2024-03-15 16:44:52,721 I 3630428 3630428] (gcs_server) gcs_actor_manager.cc:287: Creating actor, job id = 01000000, actor id = 15ae04cf4e6be6af9d3820f501000000
[2024-03-15 16:44:52,722 I 3630428 3630428] (gcs_server) gcs_actor_scheduler.cc:312: Start leasing worker from node 2cb61866405fb00b52daf096f005f3122627e204f74fb92736021487 for actor 15ae04cf4e6be6af9d3820f501000000, job id = 01000000
[2024-03-15 16:44:53,116 I 3630428 3630428] (gcs_server) gcs_actor_scheduler.cc:633: Finished leasing worker from 2cb61866405fb00b52daf096f005f3122627e204f74fb92736021487 for actor 8bc78e4b5a4667e77335d00f01000000, job id = 01000000
[2024-03-15 16:44:53,116 I 3630428 3630428] (gcs_server) gcs_actor_scheduler.cc:447: Start creating actor 8bc78e4b5a4667e77335d00f01000000 on worker 0501986b075f3c55157a9649029c557ee3d8efb3b29dd01e18faa988 at node 2cb61866405fb00b52daf096f005f3122627e204f74fb92736021487, job id = 01000000
[2024-03-15 16:44:53,123 I 3630428 3630428] (gcs_server) gcs_actor_scheduler.cc:633: Finished leasing worker from 2cb61866405fb00b52daf096f005f3122627e204f74fb92736021487 for actor 15ae04cf4e6be6af9d3820f501000000, job id = 01000000
[2024-03-15 16:44:53,123 I 3630428 3630428] (gcs_server) gcs_actor_scheduler.cc:447: Start creating actor 15ae04cf4e6be6af9d3820f501000000 on worker 49cca455cde40bd2ea2c5d05f903220c6ef3363da268eda9b7daa7f9 at node 2cb61866405fb00b52daf096f005f3122627e204f74fb92736021487, job id = 01000000
[2024-03-15 16:44:53,145 I 3630428 3630428] (gcs_server) gcs_actor_scheduler.cc:633: Finished leasing worker from 2cb61866405fb00b52daf096f005f3122627e204f74fb92736021487 for actor d330e47e4fc94d063ce2fe9701000000, job id = 01000000
[2024-03-15 16:44:53,145 I 3630428 3630428] (gcs_server) gcs_actor_scheduler.cc:447: Start creating actor d330e47e4fc94d063ce2fe9701000000 on worker 0c1bdbbe5e694c6e204699aa2185afdc55af27550a098454dc6112f5 at node 2cb61866405fb00b52daf096f005f3122627e204f74fb92736021487, job id = 01000000
[2024-03-15 16:44:53,248 I 3630428 3630428] (gcs_server) gcs_actor_scheduler.cc:484: Finished actor creation task for actor d330e47e4fc94d063ce2fe9701000000 on worker 0c1bdbbe5e694c6e204699aa2185afdc55af27550a098454dc6112f5 at node 2cb61866405fb00b52daf096f005f3122627e204f74fb92736021487, job id = 01000000
[2024-03-15 16:44:53,248 I 3630428 3630428] (gcs_server) gcs_actor_manager.cc:1289: Actor created successfully, actor id = d330e47e4fc94d063ce2fe9701000000, job id = 01000000
[2024-03-15 16:44:53,249 I 3630428 3630428] (gcs_server) gcs_actor_manager.cc:303: Finished creating actor, job id = 01000000, actor id = d330e47e4fc94d063ce2fe9701000000, status = OK
[2024-03-15 16:44:53,258 I 3630428 3630428] (gcs_server) gcs_actor_scheduler.cc:484: Finished actor creation task for actor 8bc78e4b5a4667e77335d00f01000000 on worker 0501986b075f3c55157a9649029c557ee3d8efb3b29dd01e18faa988 at node 2cb61866405fb00b52daf096f005f3122627e204f74fb92736021487, job id = 01000000
[2024-03-15 16:44:53,258 I 3630428 3630428] (gcs_server) gcs_actor_manager.cc:1289: Actor created successfully, actor id = 8bc78e4b5a4667e77335d00f01000000, job id = 01000000
[2024-03-15 16:44:53,258 I 3630428 3630428] (gcs_server) gcs_actor_manager.cc:303: Finished creating actor, job id = 01000000, actor id = 8bc78e4b5a4667e77335d00f01000000, status = OK
[2024-03-15 16:44:57,678 I 3630428 3630428] (gcs_server) gcs_actor_scheduler.cc:484: Finished actor creation task for actor 15ae04cf4e6be6af9d3820f501000000 on worker 49cca455cde40bd2ea2c5d05f903220c6ef3363da268eda9b7daa7f9 at node 2cb61866405fb00b52daf096f005f3122627e204f74fb92736021487, job id = 01000000
[2024-03-15 16:44:57,678 I 3630428 3630428] (gcs_server) gcs_actor_manager.cc:1289: Actor created successfully, actor id = 15ae04cf4e6be6af9d3820f501000000, job id = 01000000
[2024-03-15 16:44:57,679 I 3630428 3630428] (gcs_server) gcs_actor_manager.cc:303: Finished creating actor, job id = 01000000, actor id = 15ae04cf4e6be6af9d3820f501000000, status = OK
[2024-03-15 16:45:42,330 I 3630428 3630428] (gcs_server) gcs_server.cc:252: GcsNodeManager: 
- RegisterNode request count: 1
- DrainNode request count: 0
- GetAllNodeInfo request count: 16
- GetInternalConfig request count: 1

GcsActorManager: 
- RegisterActor request count: 8
- CreateActor request count: 8
- GetActorInfo request count: 10
- GetNamedActorInfo request count: 0
- GetAllActorInfo request count: 0
- KillActor request count: 0
- ListNamedActors request count: 0
- Registered actors count: 8
- Destroyed actors count: 0
- Named actors count: 0
- Unresolved actors count: 0
- Pending actors count: 0
- Created actors count: 1
- owners_: 1
- actor_to_register_callbacks_: 0
- actor_to_create_callbacks_: 0
- sorted_destroyed_actor_list_: 0

GcsResourceManager: 
- GetAllAvailableResources request count0
- GetAllResourceUsage request count: 12

GcsPlacementGroupManager: 
- CreatePlacementGroup request count: 0
- RemovePlacementGroup request count: 0
- GetPlacementGroup request count: 0
- GetAllPlacementGroup request count: 0
- WaitPlacementGroupUntilReady request count: 0
- GetNamedPlacementGroup request count: 0
- Scheduling pending placement group count: 0
- Registered placement groups count: 0
- Named placement group count: 0
- Pending placement groups count: 0
- Infeasible placement groups count: 0

GcsPublisher {}

[runtime env manager] ID to URIs table:
[runtime env manager] URIs reference table:

GcsTaskManager: 
-Total num task events reported: 838
-Total num status task events dropped: 0
-Total num profile events dropped: 0
-Current num of task events stored: 304
-Total num of actor creation tasks: 8
-Total num of actor tasks: 295
-Total num of normal tasks: 0
-Total num of driver tasks: 1


[2024-03-15 16:45:42,330 I 3630428 3630428] (gcs_server) gcs_server.cc:846: Event stats:


Global stats: 1247 total (12 active)
Queueing time: mean = 673.694 us, max = 268.929 ms, min = 507.000 ns, total = 840.096 ms
Execution time:  mean = 27.468 ms, total = 34.253 s
Event stats:
	GcsInMemoryStore.Put - 173 total (0 active), Execution time: mean = 1.611 ms, total = 278.723 ms, Queueing time: mean = 1.595 ms, max = 268.146 ms, min = 1.444 us, total = 275.857 ms
	InternalKVGcsService.grpc_server.InternalKVPut - 119 total (0 active), Execution time: mean = 395.421 us, total = 47.055 ms, Queueing time: mean = 0.000 s, max = -0.000 s, min = 9223372036.855 s, total = 0.000 s
	InternalKVGcsService.grpc_server.InternalKVPut.HandleRequestImpl - 119 total (0 active), Execution time: mean = 19.636 us, total = 2.337 ms, Queueing time: mean = 105.638 us, max = 1.345 ms, min = 3.003 us, total = 12.571 ms
	InternalKVGcsService.grpc_client.InternalKVPut - 72 total (0 active), Execution time: mean = 882.592 us, total = 63.547 ms, Queueing time: mean = 0.000 s, max = -0.000 s, min = 9223372036.855 s, total = 0.000 s
	InternalKVGcsService.grpc_client.InternalKVPut.OnReplyReceived - 72 total (0 active), Execution time: mean = 11.516 us, total = 829.152 us, Queueing time: mean = 26.662 us, max = 98.678 us, min = 2.861 us, total = 1.920 ms
	GcsInMemoryStore.Get - 69 total (0 active), Execution time: mean = 35.994 us, total = 2.484 ms, Queueing time: mean = 7.895 us, max = 36.106 us, min = 2.691 us, total = 544.774 us
	InternalKVGcsService.grpc_server.InternalKVGet - 63 total (0 active), Execution time: mean = 268.869 us, total = 16.939 ms, Queueing time: mean = 0.000 s, max = -0.000 s, min = 9223372036.855 s, total = 0.000 s
	InternalKVGcsService.grpc_server.InternalKVGet.HandleRequestImpl - 63 total (0 active), Execution time: mean = 35.849 us, total = 2.258 ms, Queueing time: mean = 24.719 us, max = 116.621 us, min = 6.832 us, total = 1.557 ms
	RayletLoadPulled - 60 total (1 active), Execution time: mean = 156.343 us, total = 9.381 ms, Queueing time: mean = 27.518 us, max = 91.500 us, min = 7.474 us, total = 1.651 ms
	NodeManagerService.grpc_client.GetResourceLoad.OnReplyReceived - 58 total (0 active), Execution time: mean = 41.631 us, total = 2.415 ms, Queueing time: mean = 19.651 us, max = 161.426 us, min = 9.442 us, total = 1.140 ms
	NodeManagerService.grpc_client.GetResourceLoad - 58 total (0 active), Execution time: mean = 785.296 us, total = 45.547 ms, Queueing time: mean = 0.000 s, max = -0.000 s, min = 9223372036.855 s, total = 0.000 s
	NodeInfoGcsService.grpc_server.CheckAlive - 24 total (0 active), Execution time: mean = 253.121 us, total = 6.075 ms, Queueing time: mean = 0.000 s, max = -0.000 s, min = 9223372036.855 s, total = 0.000 s
	NodeInfoGcsService.grpc_server.CheckAlive.HandleRequestImpl - 24 total (0 active), Execution time: mean = 20.248 us, total = 485.963 us, Queueing time: mean = 33.126 us, max = 102.576 us, min = 13.099 us, total = 795.012 us
	ClusterResourceManager.ResetRemoteNodeView - 20 total (1 active), Execution time: mean = 7.040 us, total = 140.794 us, Queueing time: mean = 41.999 us, max = 95.853 us, min = 8.823 us, total = 839.974 us
	HealthCheck - 18 total (0 active), Execution time: mean = 4.644 us, total = 83.588 us, Queueing time: mean = 17.609 us, max = 30.637 us, min = 7.341 us, total = 316.967 us
	NodeInfoGcsService.grpc_server.GetAllNodeInfo.HandleRequestImpl - 16 total (0 active), Execution time: mean = 25.689 us, total = 411.016 us, Queueing time: mean = 76.083 us, max = 502.945 us, min = 6.111 us, total = 1.217 ms
	NodeInfoGcsService.grpc_server.GetAllNodeInfo - 16 total (0 active), Execution time: mean = 261.441 us, total = 4.183 ms, Queueing time: mean = 0.000 s, max = -0.000 s, min = 9223372036.855 s, total = 0.000 s
	WorkerInfoGcsService.grpc_server.AddWorkerInfo.HandleRequestImpl - 13 total (0 active), Execution time: mean = 46.723 us, total = 607.399 us, Queueing time: mean = 37.554 us, max = 92.675 us, min = 10.448 us, total = 488.205 us
	WorkerInfoGcsService.grpc_server.AddWorkerInfo - 13 total (0 active), Execution time: mean = 323.519 us, total = 4.206 ms, Queueing time: mean = 0.000 s, max = -0.000 s, min = 9223372036.855 s, total = 0.000 s
	NodeResourceInfoGcsService.grpc_server.GetAllResourceUsage - 12 total (0 active), Execution time: mean = 322.677 us, total = 3.872 ms, Queueing time: mean = 0.000 s, max = -0.000 s, min = 9223372036.855 s, total = 0.000 s
	NodeResourceInfoGcsService.grpc_server.GetAllResourceUsage.HandleRequestImpl - 12 total (0 active), Execution time: mean = 52.363 us, total = 628.352 us, Queueing time: mean = 41.003 us, max = 81.797 us, min = 19.811 us, total = 492.034 us
	ActorInfoGcsService.grpc_server.GetActorInfo - 10 total (0 active), Execution time: mean = 261.724 us, total = 2.617 ms, Queueing time: mean = 0.000 s, max = -0.000 s, min = 9223372036.855 s, total = 0.000 s
	ActorInfoGcsService.grpc_server.GetActorInfo.HandleRequestImpl - 10 total (0 active), Execution time: mean = 26.668 us, total = 266.677 us, Queueing time: mean = 50.017 us, max = 189.872 us, min = 11.880 us, total = 500.172 us
	CoreWorkerService.grpc_client.PushTask - 8 total (0 active), Execution time: mean = 1.657 s, total = 13.255 s, Queueing time: mean = 0.000 s, max = -0.000 s, min = 9223372036.855 s, total = 0.000 s
	ActorInfoGcsService.grpc_server.RegisterActor - 8 total (0 active), Execution time: mean = 846.582 us, total = 6.773 ms, Queueing time: mean = 0.000 s, max = -0.000 s, min = 9223372036.855 s, total = 0.000 s
	NodeInfoGcsService.grpc_server.GetClusterId.HandleRequestImpl - 8 total (0 active), Execution time: mean = 16.660 us, total = 133.280 us, Queueing time: mean = 23.670 us, max = 39.653 us, min = 8.750 us, total = 189.363 us
	CoreWorkerService.grpc_client.WaitForActorOutOfScope - 8 total (8 active), Execution time: mean = 0.000 s, total = 0.000 s, Queueing time: mean = 0.000 s, max = -0.000 s, min = 9223372036.855 s, total = 0.000 s
	ActorInfoGcsService.grpc_server.RegisterActor.HandleRequestImpl - 8 total (0 active), Execution time: mean = 537.167 us, total = 4.297 ms, Queueing time: mean = 26.373 us, max = 95.477 us, min = 11.639 us, total = 210.982 us
	NodeManagerService.grpc_client.RequestWorkerLease.OnReplyReceived - 8 total (0 active), Execution time: mean = 410.008 us, total = 3.280 ms, Queueing time: mean = 23.957 us, max = 90.572 us, min = 9.033 us, total = 191.655 us
	ActorInfoGcsService.grpc_server.CreateActor - 8 total (0 active), Execution time: mean = 2.108 s, total = 16.868 s, Queueing time: mean = 0.000 s, max = -0.000 s, min = 9223372036.855 s, total = 0.000 s
	ActorInfoGcsService.grpc_server.CreateActor.HandleRequestImpl - 8 total (0 active), Execution time: mean = 354.041 us, total = 2.832 ms, Queueing time: mean = 14.624 us, max = 23.137 us, min = 9.654 us, total = 116.991 us
	NodeInfoGcsService.grpc_server.GetClusterId - 8 total (0 active), Execution time: mean = 355.438 us, total = 2.844 ms, Queueing time: mean = 0.000 s, max = -0.000 s, min = 9223372036.855 s, total = 0.000 s
	NodeManagerService.grpc_client.RequestWorkerLease - 8 total (0 active), Execution time: mean = 449.996 ms, total = 3.600 s, Queueing time: mean = 0.000 s, max = -0.000 s, min = 9223372036.855 s, total = 0.000 s
	CoreWorkerService.grpc_client.PushTask.OnReplyReceived - 8 total (0 active), Execution time: mean = 468.999 us, total = 3.752 ms, Queueing time: mean = 27.966 us, max = 72.144 us, min = 16.684 us, total = 223.731 us
	GcsInMemoryStore.GetAll - 7 total (0 active), Execution time: mean = 19.713 us, total = 137.994 us, Queueing time: mean = 48.349 us, max = 76.136 us, min = 5.785 us, total = 338.442 us
	GCSServer.deadline_timer.debug_state_dump - 6 total (1 active), Execution time: mean = 767.764 us, total = 4.607 ms, Queueing time: mean = 34.884 us, max = 130.121 us, min = 15.543 us, total = 209.304 us
	GcsResourceManager::Update - 5 total (0 active), Execution time: mean = 79.287 us, total = 396.434 us, Queueing time: mean = 32.892 us, max = 82.123 us, min = 13.124 us, total = 164.462 us
	PeriodicalRunner.RunFnPeriodically - 4 total (0 active), Execution time: mean = 154.332 us, total = 617.327 us, Queueing time: mean = 134.554 ms, max = 268.929 ms, min = 77.040 us, total = 538.216 ms
	WorkerInfoGcsService.grpc_server.ReportWorkerFailure.HandleRequestImpl - 4 total (0 active), Execution time: mean = 55.348 us, total = 221.391 us, Queueing time: mean = 17.206 us, max = 20.550 us, min = 13.018 us, total = 68.826 us
	WorkerInfoGcsService.grpc_server.ReportWorkerFailure - 4 total (0 active), Execution time: mean = 675.282 us, total = 2.701 ms, Queueing time: mean = 0.000 s, max = -0.000 s, min = 9223372036.855 s, total = 0.000 s
	InternalKVGcsService.grpc_server.InternalKVDel - 1 total (0 active), Execution time: mean = 328.875 us, total = 328.875 us, Queueing time: mean = 0.000 s, max = -0.000 s, min = 9223372036.855 s, total = 0.000 s
	NodeInfoGcsService.grpc_server.RegisterNode.HandleRequestImpl - 1 total (0 active), Execution time: mean = 194.396 us, total = 194.396 us, Queueing time: mean = 29.645 us, max = 29.645 us, min = 29.645 us, total = 29.645 us
	JobInfoGcsService.grpc_server.GetAllJobInfo.HandleRequestImpl - 1 total (0 active), Execution time: mean = 18.380 us, total = 18.380 us, Queueing time: mean = 10.944 us, max = 10.944 us, min = 10.944 us, total = 10.944 us
	GcsHealthCheckManager::AddNode - 1 total (0 active), Execution time: mean = 14.508 us, total = 14.508 us, Queueing time: mean = 507.000 ns, max = 507.000 ns, min = 507.000 ns, total = 507.000 ns
	JobInfoGcsService.grpc_server.GetAllJobInfo - 1 total (0 active), Execution time: mean = 176.257 us, total = 176.257 us, Queueing time: mean = 0.000 s, max = -0.000 s, min = 9223372036.855 s, total = 0.000 s
	JobInfoGcsService.grpc_server.AddJob - 1 total (0 active), Execution time: mean = 400.930 us, total = 400.930 us, Queueing time: mean = 0.000 s, max = -0.000 s, min = 9223372036.855 s, total = 0.000 s
	JobInfoGcsService.grpc_server.GetNextJobID - 1 total (0 active), Execution time: mean = 158.613 us, total = 158.613 us, Queueing time: mean = 0.000 s, max = -0.000 s, min = 9223372036.855 s, total = 0.000 s
	GcsInMemoryStore.Delete - 1 total (0 active), Execution time: mean = 17.156 us, total = 17.156 us, Queueing time: mean = 8.243 us, max = 8.243 us, min = 8.243 us, total = 8.243 us
	JobInfoGcsService.grpc_server.AddJob.HandleRequestImpl - 1 total (0 active), Execution time: mean = 112.538 us, total = 112.538 us, Queueing time: mean = 14.744 us, max = 14.744 us, min = 14.744 us, total = 14.744 us
	GCSServer.deadline_timer.debug_state_event_stats_print - 1 total (1 active, 1 running), Execution time: mean = 0.000 s, total = 0.000 s, Queueing time: mean = 0.000 s, max = -0.000 s, min = 9223372036.855 s, total = 0.000 s
	InternalKVGcsService.grpc_server.InternalKVDel.HandleRequestImpl - 1 total (0 active), Execution time: mean = 50.572 us, total = 50.572 us, Queueing time: mean = 87.386 us, max = 87.386 us, min = 87.386 us, total = 87.386 us
	JobInfoGcsService.grpc_server.GetNextJobID.HandleRequestImpl - 1 total (0 active), Execution time: mean = 15.713 us, total = 15.713 us, Queueing time: mean = 16.750 us, max = 16.750 us, min = 16.750 us, total = 16.750 us
	NodeInfoGcsService.grpc_server.GetInternalConfig.HandleRequestImpl - 1 total (0 active), Execution time: mean = 20.216 us, total = 20.216 us, Queueing time: mean = 107.769 us, max = 107.769 us, min = 107.769 us, total = 107.769 us
	NodeInfoGcsService.grpc_server.RegisterNode - 1 total (0 active), Execution time: mean = 728.481 us, total = 728.481 us, Queueing time: mean = 0.000 s, max = -0.000 s, min = 9223372036.855 s, total = 0.000 s
	NodeInfoGcsService.grpc_server.GetInternalConfig - 1 total (0 active), Execution time: mean = 295.248 us, total = 295.248 us, Queueing time: mean = 0.000 s, max = -0.000 s, min = 9223372036.855 s, total = 0.000 s


[2024-03-15 16:45:42,330 I 3630428 3630428] (gcs_server) gcs_server.cc:847: GcsTaskManager Event stats:


Global stats: 1052 total (1 active)
Queueing time: mean = 18.033 us, max = 451.428 us, min = 8.766 us, total = 18.971 ms
Execution time:  mean = 146.632 us, total = 154.257 ms
Event stats:
	TaskInfoGcsService.grpc_server.AddTaskEventData - 519 total (0 active), Execution time: mean = 249.910 us, total = 129.703 ms, Queueing time: mean = 0.000 s, max = -0.000 s, min = 9223372036.855 s, total = 0.000 s
	TaskInfoGcsService.grpc_server.AddTaskEventData.HandleRequestImpl - 519 total (0 active), Execution time: mean = 46.968 us, total = 24.376 ms, Queueing time: mean = 34.406 us, max = 129.633 us, min = 8.766 us, total = 17.857 ms
	GcsTaskManager.GcJobSummary - 13 total (1 active), Execution time: mean = 8.713 us, total = 113.271 us, Queueing time: mean = 50.952 us, max = 83.237 us, min = 27.304 us, total = 662.373 us
	PeriodicalRunner.RunFnPeriodically - 1 total (0 active), Execution time: mean = 63.596 us, total = 63.596 us, Queueing time: mean = 451.428 us, max = 451.428 us, min = 451.428 us, total = 451.428 us


[2024-03-15 16:46:42,331 I 3630428 3630428] (gcs_server) gcs_server.cc:252: GcsNodeManager: 
- RegisterNode request count: 1
- DrainNode request count: 0
- GetAllNodeInfo request count: 16
- GetInternalConfig request count: 1

GcsActorManager: 
- RegisterActor request count: 8
- CreateActor request count: 8
- GetActorInfo request count: 10
- GetNamedActorInfo request count: 0
- GetAllActorInfo request count: 0
- KillActor request count: 0
- ListNamedActors request count: 0
- Registered actors count: 8
- Destroyed actors count: 0
- Named actors count: 0
- Unresolved actors count: 0
- Pending actors count: 0
- Created actors count: 1
- owners_: 1
- actor_to_register_callbacks_: 0
- actor_to_create_callbacks_: 0
- sorted_destroyed_actor_list_: 0

GcsResourceManager: 
- GetAllAvailableResources request count0
- GetAllResourceUsage request count: 24

GcsPlacementGroupManager: 
- CreatePlacementGroup request count: 0
- RemovePlacementGroup request count: 0
- GetPlacementGroup request count: 0
- GetAllPlacementGroup request count: 0
- WaitPlacementGroupUntilReady request count: 0
- GetNamedPlacementGroup request count: 0
- Scheduling pending placement group count: 0
- Registered placement groups count: 0
- Named placement group count: 0
- Pending placement groups count: 0
- Infeasible placement groups count: 0

GcsPublisher {}

[runtime env manager] ID to URIs table:
[runtime env manager] URIs reference table:

GcsTaskManager: 
-Total num task events reported: 1958
-Total num status task events dropped: 0
-Total num profile events dropped: 0
-Current num of task events stored: 714
-Total num of actor creation tasks: 8
-Total num of actor tasks: 705
-Total num of normal tasks: 0
-Total num of driver tasks: 1


[2024-03-15 16:46:42,331 I 3630428 3630428] (gcs_server) gcs_server.cc:846: Event stats:


Global stats: 2014 total (12 active)
Queueing time: mean = 427.179 us, max = 268.929 ms, min = 507.000 ns, total = 860.339 ms
Execution time:  mean = 17.094 ms, total = 34.426 s
Event stats:
	GcsInMemoryStore.Put - 269 total (0 active), Execution time: mean = 1.039 ms, total = 279.596 ms, Queueing time: mean = 1.033 ms, max = 268.146 ms, min = 1.044 us, total = 277.928 ms
	InternalKVGcsService.grpc_server.InternalKVPut - 215 total (0 active), Execution time: mean = 367.200 us, total = 78.948 ms, Queueing time: mean = 0.000 s, max = -0.000 s, min = 9223372036.855 s, total = 0.000 s
	InternalKVGcsService.grpc_server.InternalKVPut.HandleRequestImpl - 215 total (0 active), Execution time: mean = 16.914 us, total = 3.637 ms, Queueing time: mean = 96.371 us, max = 1.345 ms, min = 2.462 us, total = 20.720 ms
	InternalKVGcsService.grpc_client.InternalKVPut - 144 total (0 active), Execution time: mean = 816.611 us, total = 117.592 ms, Queueing time: mean = 0.000 s, max = -0.000 s, min = 9223372036.855 s, total = 0.000 s
	InternalKVGcsService.grpc_client.InternalKVPut.OnReplyReceived - 144 total (0 active), Execution time: mean = 10.862 us, total = 1.564 ms, Queueing time: mean = 30.559 us, max = 258.606 us, min = 2.861 us, total = 4.401 ms
	RayletLoadPulled - 120 total (1 active), Execution time: mean = 175.916 us, total = 21.110 ms, Queueing time: mean = 38.024 us, max = 127.442 us, min = 6.646 us, total = 4.563 ms
	NodeManagerService.grpc_client.GetResourceLoad.OnReplyReceived - 118 total (0 active), Execution time: mean = 43.323 us, total = 5.112 ms, Queueing time: mean = 18.309 us, max = 161.426 us, min = 7.915 us, total = 2.161 ms
	NodeManagerService.grpc_client.GetResourceLoad - 118 total (0 active), Execution time: mean = 802.869 us, total = 94.739 ms, Queueing time: mean = 0.000 s, max = -0.000 s, min = 9223372036.855 s, total = 0.000 s
	GcsInMemoryStore.Get - 81 total (0 active), Execution time: mean = 32.281 us, total = 2.615 ms, Queueing time: mean = 7.505 us, max = 36.106 us, min = 2.691 us, total = 607.933 us
	InternalKVGcsService.grpc_server.InternalKVGet - 75 total (0 active), Execution time: mean = 261.465 us, total = 19.610 ms, Queueing time: mean = 0.000 s, max = -0.000 s, min = 9223372036.855 s, total = 0.000 s
	InternalKVGcsService.grpc_server.InternalKVGet.HandleRequestImpl - 75 total (0 active), Execution time: mean = 35.342 us, total = 2.651 ms, Queueing time: mean = 22.709 us, max = 116.621 us, min = 6.555 us, total = 1.703 ms
	NodeInfoGcsService.grpc_server.CheckAlive - 48 total (0 active), Execution time: mean = 247.103 us, total = 11.861 ms, Queueing time: mean = 0.000 s, max = -0.000 s, min = 9223372036.855 s, total = 0.000 s
	NodeInfoGcsService.grpc_server.CheckAlive.HandleRequestImpl - 48 total (0 active), Execution time: mean = 20.620 us, total = 989.773 us, Queueing time: mean = 36.869 us, max = 102.576 us, min = 13.099 us, total = 1.770 ms
	ClusterResourceManager.ResetRemoteNodeView - 40 total (1 active), Execution time: mean = 7.525 us, total = 301.012 us, Queueing time: mean = 57.532 us, max = 466.784 us, min = 8.823 us, total = 2.301 ms
	HealthCheck - 38 total (0 active), Execution time: mean = 5.075 us, total = 192.838 us, Queueing time: mean = 16.999 us, max = 30.637 us, min = 7.341 us, total = 645.952 us
	NodeResourceInfoGcsService.grpc_server.GetAllResourceUsage - 24 total (0 active), Execution time: mean = 304.666 us, total = 7.312 ms, Queueing time: mean = 0.000 s, max = -0.000 s, min = 9223372036.855 s, total = 0.000 s
	NodeResourceInfoGcsService.grpc_server.GetAllResourceUsage.HandleRequestImpl - 24 total (0 active), Execution time: mean = 51.443 us, total = 1.235 ms, Queueing time: mean = 39.471 us, max = 86.910 us, min = 16.054 us, total = 947.296 us
	NodeInfoGcsService.grpc_server.GetAllNodeInfo.HandleRequestImpl - 16 total (0 active), Execution time: mean = 25.689 us, total = 411.016 us, Queueing time: mean = 76.083 us, max = 502.945 us, min = 6.111 us, total = 1.217 ms
	NodeInfoGcsService.grpc_server.GetAllNodeInfo - 16 total (0 active), Execution time: mean = 261.441 us, total = 4.183 ms, Queueing time: mean = 0.000 s, max = -0.000 s, min = 9223372036.855 s, total = 0.000 s
	WorkerInfoGcsService.grpc_server.AddWorkerInfo.HandleRequestImpl - 13 total (0 active), Execution time: mean = 46.723 us, total = 607.399 us, Queueing time: mean = 37.554 us, max = 92.675 us, min = 10.448 us, total = 488.205 us
	WorkerInfoGcsService.grpc_server.AddWorkerInfo - 13 total (0 active), Execution time: mean = 323.519 us, total = 4.206 ms, Queueing time: mean = 0.000 s, max = -0.000 s, min = 9223372036.855 s, total = 0.000 s
	GCSServer.deadline_timer.debug_state_dump - 12 total (1 active), Execution time: mean = 906.768 us, total = 10.881 ms, Queueing time: mean = 29.656 us, max = 130.121 us, min = 12.330 us, total = 355.869 us
	ActorInfoGcsService.grpc_server.GetActorInfo.HandleRequestImpl - 10 total (0 active), Execution time: mean = 26.668 us, total = 266.677 us, Queueing time: mean = 50.017 us, max = 189.872 us, min = 11.880 us, total = 500.172 us
	ActorInfoGcsService.grpc_server.GetActorInfo - 10 total (0 active), Execution time: mean = 261.724 us, total = 2.617 ms, Queueing time: mean = 0.000 s, max = -0.000 s, min = 9223372036.855 s, total = 0.000 s
	NodeInfoGcsService.grpc_server.GetClusterId - 8 total (0 active), Execution time: mean = 355.438 us, total = 2.844 ms, Queueing time: mean = 0.000 s, max = -0.000 s, min = 9223372036.855 s, total = 0.000 s
	ActorInfoGcsService.grpc_server.RegisterActor - 8 total (0 active), Execution time: mean = 846.582 us, total = 6.773 ms, Queueing time: mean = 0.000 s, max = -0.000 s, min = 9223372036.855 s, total = 0.000 s
	NodeInfoGcsService.grpc_server.GetClusterId.HandleRequestImpl - 8 total (0 active), Execution time: mean = 16.660 us, total = 133.280 us, Queueing time: mean = 23.670 us, max = 39.653 us, min = 8.750 us, total = 189.363 us
	CoreWorkerService.grpc_client.WaitForActorOutOfScope - 8 total (8 active), Execution time: mean = 0.000 s, total = 0.000 s, Queueing time: mean = 0.000 s, max = -0.000 s, min = 9223372036.855 s, total = 0.000 s
	ActorInfoGcsService.grpc_server.RegisterActor.HandleRequestImpl - 8 total (0 active), Execution time: mean = 537.167 us, total = 4.297 ms, Queueing time: mean = 26.373 us, max = 95.477 us, min = 11.639 us, total = 210.982 us
	NodeManagerService.grpc_client.RequestWorkerLease.OnReplyReceived - 8 total (0 active), Execution time: mean = 410.008 us, total = 3.280 ms, Queueing time: mean = 23.957 us, max = 90.572 us, min = 9.033 us, total = 191.655 us
	CoreWorkerService.grpc_client.PushTask - 8 total (0 active), Execution time: mean = 1.657 s, total = 13.255 s, Queueing time: mean = 0.000 s, max = -0.000 s, min = 9223372036.855 s, total = 0.000 s
	ActorInfoGcsService.grpc_server.CreateActor - 8 total (0 active), Execution time: mean = 2.108 s, total = 16.868 s, Queueing time: mean = 0.000 s, max = -0.000 s, min = 9223372036.855 s, total = 0.000 s
	ActorInfoGcsService.grpc_server.CreateActor.HandleRequestImpl - 8 total (0 active), Execution time: mean = 354.041 us, total = 2.832 ms, Queueing time: mean = 14.624 us, max = 23.137 us, min = 9.654 us, total = 116.991 us
	CoreWorkerService.grpc_client.PushTask.OnReplyReceived - 8 total (0 active), Execution time: mean = 468.999 us, total = 3.752 ms, Queueing time: mean = 27.966 us, max = 72.144 us, min = 16.684 us, total = 223.731 us
	NodeManagerService.grpc_client.RequestWorkerLease - 8 total (0 active), Execution time: mean = 449.996 ms, total = 3.600 s, Queueing time: mean = 0.000 s, max = -0.000 s, min = 9223372036.855 s, total = 0.000 s
	GcsInMemoryStore.GetAll - 7 total (0 active), Execution time: mean = 19.713 us, total = 137.994 us, Queueing time: mean = 48.349 us, max = 76.136 us, min = 5.785 us, total = 338.442 us
	GcsResourceManager::Update - 5 total (0 active), Execution time: mean = 79.287 us, total = 396.434 us, Queueing time: mean = 32.892 us, max = 82.123 us, min = 13.124 us, total = 164.462 us
	PeriodicalRunner.RunFnPeriodically - 4 total (0 active), Execution time: mean = 154.332 us, total = 617.327 us, Queueing time: mean = 134.554 ms, max = 268.929 ms, min = 77.040 us, total = 538.216 ms
	WorkerInfoGcsService.grpc_server.ReportWorkerFailure - 4 total (0 active), Execution time: mean = 675.282 us, total = 2.701 ms, Queueing time: mean = 0.000 s, max = -0.000 s, min = 9223372036.855 s, total = 0.000 s
	WorkerInfoGcsService.grpc_server.ReportWorkerFailure.HandleRequestImpl - 4 total (0 active), Execution time: mean = 55.348 us, total = 221.391 us, Queueing time: mean = 17.206 us, max = 20.550 us, min = 13.018 us, total = 68.826 us
	GCSServer.deadline_timer.debug_state_event_stats_print - 2 total (1 active, 1 running), Execution time: mean = 482.675 us, total = 965.350 us, Queueing time: mean = 16.744 us, max = 33.488 us, min = 33.488 us, total = 33.488 us
	NodeInfoGcsService.grpc_server.GetInternalConfig.HandleRequestImpl - 1 total (0 active), Execution time: mean = 20.216 us, total = 20.216 us, Queueing time: mean = 107.769 us, max = 107.769 us, min = 107.769 us, total = 107.769 us
	JobInfoGcsService.grpc_server.AddJob.HandleRequestImpl - 1 total (0 active), Execution time: mean = 112.538 us, total = 112.538 us, Queueing time: mean = 14.744 us, max = 14.744 us, min = 14.744 us, total = 14.744 us
	JobInfoGcsService.grpc_server.GetNextJobID - 1 total (0 active), Execution time: mean = 158.613 us, total = 158.613 us, Queueing time: mean = 0.000 s, max = -0.000 s, min = 9223372036.855 s, total = 0.000 s
	InternalKVGcsService.grpc_server.InternalKVDel - 1 total (0 active), Execution time: mean = 328.875 us, total = 328.875 us, Queueing time: mean = 0.000 s, max = -0.000 s, min = 9223372036.855 s, total = 0.000 s
	JobInfoGcsService.grpc_server.AddJob - 1 total (0 active), Execution time: mean = 400.930 us, total = 400.930 us, Queueing time: mean = 0.000 s, max = -0.000 s, min = 9223372036.855 s, total = 0.000 s
	NodeInfoGcsService.grpc_server.RegisterNode - 1 total (0 active), Execution time: mean = 728.481 us, total = 728.481 us, Queueing time: mean = 0.000 s, max = -0.000 s, min = 9223372036.855 s, total = 0.000 s
	InternalKVGcsService.grpc_server.InternalKVDel.HandleRequestImpl - 1 total (0 active), Execution time: mean = 50.572 us, total = 50.572 us, Queueing time: mean = 87.386 us, max = 87.386 us, min = 87.386 us, total = 87.386 us
	GcsInMemoryStore.Delete - 1 total (0 active), Execution time: mean = 17.156 us, total = 17.156 us, Queueing time: mean = 8.243 us, max = 8.243 us, min = 8.243 us, total = 8.243 us
	GcsHealthCheckManager::AddNode - 1 total (0 active), Execution time: mean = 14.508 us, total = 14.508 us, Queueing time: mean = 507.000 ns, max = 507.000 ns, min = 507.000 ns, total = 507.000 ns
	JobInfoGcsService.grpc_server.GetAllJobInfo.HandleRequestImpl - 1 total (0 active), Execution time: mean = 18.380 us, total = 18.380 us, Queueing time: mean = 10.944 us, max = 10.944 us, min = 10.944 us, total = 10.944 us
	JobInfoGcsService.grpc_server.GetAllJobInfo - 1 total (0 active), Execution time: mean = 176.257 us, total = 176.257 us, Queueing time: mean = 0.000 s, max = -0.000 s, min = 9223372036.855 s, total = 0.000 s
	NodeInfoGcsService.grpc_server.RegisterNode.HandleRequestImpl - 1 total (0 active), Execution time: mean = 194.396 us, total = 194.396 us, Queueing time: mean = 29.645 us, max = 29.645 us, min = 29.645 us, total = 29.645 us
	JobInfoGcsService.grpc_server.GetNextJobID.HandleRequestImpl - 1 total (0 active), Execution time: mean = 15.713 us, total = 15.713 us, Queueing time: mean = 16.750 us, max = 16.750 us, min = 16.750 us, total = 16.750 us
	NodeInfoGcsService.grpc_server.GetInternalConfig - 1 total (0 active), Execution time: mean = 295.248 us, total = 295.248 us, Queueing time: mean = 0.000 s, max = -0.000 s, min = 9223372036.855 s, total = 0.000 s


[2024-03-15 16:46:42,331 I 3630428 3630428] (gcs_server) gcs_server.cc:847: GcsTaskManager Event stats:


Global stats: 2144 total (1 active)
Queueing time: mean = 18.431 us, max = 451.428 us, min = 8.766 us, total = 39.515 ms
Execution time:  mean = 151.042 us, total = 323.834 ms
Event stats:
	TaskInfoGcsService.grpc_server.AddTaskEventData - 1059 total (0 active), Execution time: mean = 255.877 us, total = 270.973 ms, Queueing time: mean = 0.000 s, max = -0.000 s, min = 9223372036.855 s, total = 0.000 s
	TaskInfoGcsService.grpc_server.AddTaskEventData.HandleRequestImpl - 1059 total (0 active), Execution time: mean = 49.631 us, total = 52.559 ms, Queueing time: mean = 35.491 us, max = 135.910 us, min = 8.766 us, total = 37.585 ms
	GcsTaskManager.GcJobSummary - 25 total (1 active), Execution time: mean = 9.541 us, total = 238.513 us, Queueing time: mean = 59.160 us, max = 165.326 us, min = 27.304 us, total = 1.479 ms
	PeriodicalRunner.RunFnPeriodically - 1 total (0 active), Execution time: mean = 63.596 us, total = 63.596 us, Queueing time: mean = 451.428 us, max = 451.428 us, min = 451.428 us, total = 451.428 us


[2024-03-15 16:47:31,068 I 3630428 3630428] (gcs_server) gcs_actor_manager.cc:798: Actor 8bc78e4b5a4667e77335d00f01000000 is out of scope, destroying actor, job id = 01000000
[2024-03-15 16:47:31,068 I 3630428 3630428] (gcs_server) gcs_actor_manager.cc:816: Destroying actor, actor id = 8bc78e4b5a4667e77335d00f01000000, job id = 01000000
[2024-03-15 16:47:31,226 I 3630428 3630428] (gcs_server) gcs_actor_manager.cc:798: Actor 15ae04cf4e6be6af9d3820f501000000 is out of scope, destroying actor, job id = 01000000
[2024-03-15 16:47:31,226 I 3630428 3630428] (gcs_server) gcs_actor_manager.cc:816: Destroying actor, actor id = 15ae04cf4e6be6af9d3820f501000000, job id = 01000000
[2024-03-15 16:47:31,451 I 3630428 3630428] (gcs_server) gcs_actor_manager.cc:798: Actor d330e47e4fc94d063ce2fe9701000000 is out of scope, destroying actor, job id = 01000000
[2024-03-15 16:47:31,451 I 3630428 3630428] (gcs_server) gcs_actor_manager.cc:816: Destroying actor, actor id = d330e47e4fc94d063ce2fe9701000000, job id = 01000000
[2024-03-15 16:47:42,332 I 3630428 3630428] (gcs_server) gcs_server.cc:252: GcsNodeManager: 
- RegisterNode request count: 1
- DrainNode request count: 0
- GetAllNodeInfo request count: 16
- GetInternalConfig request count: 1

GcsActorManager: 
- RegisterActor request count: 8
- CreateActor request count: 8
- GetActorInfo request count: 11
- GetNamedActorInfo request count: 0
- GetAllActorInfo request count: 0
- KillActor request count: 0
- ListNamedActors request count: 0
- Registered actors count: 5
- Destroyed actors count: 3
- Named actors count: 0
- Unresolved actors count: 0
- Pending actors count: 0
- Created actors count: 1
- owners_: 1
- actor_to_register_callbacks_: 0
- actor_to_create_callbacks_: 0
- sorted_destroyed_actor_list_: 3

GcsResourceManager: 
- GetAllAvailableResources request count0
- GetAllResourceUsage request count: 36

GcsPlacementGroupManager: 
- CreatePlacementGroup request count: 0
- RemovePlacementGroup request count: 0
- GetPlacementGroup request count: 0
- GetAllPlacementGroup request count: 0
- WaitPlacementGroupUntilReady request count: 0
- GetNamedPlacementGroup request count: 0
- Scheduling pending placement group count: 0
- Registered placement groups count: 0
- Named placement group count: 0
- Pending placement groups count: 0
- Infeasible placement groups count: 0

GcsPublisher {}

[runtime env manager] ID to URIs table:
[runtime env manager] URIs reference table:

GcsTaskManager: 
-Total num task events reported: 2881
-Total num status task events dropped: 0
-Total num profile events dropped: 0
-Current num of task events stored: 1049
-Total num of actor creation tasks: 8
-Total num of actor tasks: 1040
-Total num of normal tasks: 0
-Total num of driver tasks: 1


[2024-03-15 16:47:42,332 I 3630428 3630428] (gcs_server) gcs_server.cc:846: Event stats:


Global stats: 2812 total (9 active)
Queueing time: mean = 314.644 us, max = 268.929 ms, min = 507.000 ns, total = 884.780 ms
Execution time:  mean = 181.548 ms, total = 510.514 s
Event stats:
	GcsInMemoryStore.Put - 371 total (0 active), Execution time: mean = 756.692 us, total = 280.733 ms, Queueing time: mean = 755.141 us, max = 268.146 ms, min = 1.044 us, total = 280.157 ms
	InternalKVGcsService.grpc_server.InternalKVPut.HandleRequestImpl - 311 total (0 active), Execution time: mean = 16.120 us, total = 5.013 ms, Queueing time: mean = 91.889 us, max = 1.345 ms, min = 2.431 us, total = 28.578 ms
	InternalKVGcsService.grpc_server.InternalKVPut - 311 total (0 active), Execution time: mean = 363.770 us, total = 113.132 ms, Queueing time: mean = 0.000 s, max = -0.000 s, min = 9223372036.855 s, total = 0.000 s
	InternalKVGcsService.grpc_client.InternalKVPut.OnReplyReceived - 216 total (0 active), Execution time: mean = 11.337 us, total = 2.449 ms, Queueing time: mean = 31.627 us, max = 455.327 us, min = 2.861 us, total = 6.831 ms
	InternalKVGcsService.grpc_client.InternalKVPut - 216 total (0 active), Execution time: mean = 801.850 us, total = 173.200 ms, Queueing time: mean = 0.000 s, max = -0.000 s, min = 9223372036.855 s, total = 0.000 s
	RayletLoadPulled - 180 total (1 active), Execution time: mean = 176.569 us, total = 31.782 ms, Queueing time: mean = 65.662 us, max = 4.458 ms, min = 6.646 us, total = 11.819 ms
	NodeManagerService.grpc_client.GetResourceLoad - 178 total (0 active), Execution time: mean = 793.228 us, total = 141.195 ms, Queueing time: mean = 0.000 s, max = -0.000 s, min = 9223372036.855 s, total = 0.000 s
	NodeManagerService.grpc_client.GetResourceLoad.OnReplyReceived - 178 total (0 active), Execution time: mean = 43.661 us, total = 7.772 ms, Queueing time: mean = 17.842 us, max = 161.426 us, min = 7.915 us, total = 3.176 ms
	GcsInMemoryStore.Get - 96 total (0 active), Execution time: mean = 31.642 us, total = 3.038 ms, Queueing time: mean = 8.133 us, max = 36.106 us, min = 2.691 us, total = 780.758 us
	InternalKVGcsService.grpc_server.InternalKVGet.HandleRequestImpl - 87 total (0 active), Execution time: mean = 37.140 us, total = 3.231 ms, Queueing time: mean = 21.274 us, max = 116.621 us, min = 6.396 us, total = 1.851 ms
	InternalKVGcsService.grpc_server.InternalKVGet - 87 total (0 active), Execution time: mean = 260.621 us, total = 22.674 ms, Queueing time: mean = 0.000 s, max = -0.000 s, min = 9223372036.855 s, total = 0.000 s
	NodeInfoGcsService.grpc_server.CheckAlive.HandleRequestImpl - 72 total (0 active), Execution time: mean = 20.557 us, total = 1.480 ms, Queueing time: mean = 37.231 us, max = 102.576 us, min = 13.099 us, total = 2.681 ms
	NodeInfoGcsService.grpc_server.CheckAlive - 72 total (0 active), Execution time: mean = 251.216 us, total = 18.088 ms, Queueing time: mean = 0.000 s, max = -0.000 s, min = 9223372036.855 s, total = 0.000 s
	ClusterResourceManager.ResetRemoteNodeView - 60 total (1 active), Execution time: mean = 7.501 us, total = 450.034 us, Queueing time: mean = 51.119 us, max = 466.784 us, min = 8.823 us, total = 3.067 ms
	HealthCheck - 58 total (0 active), Execution time: mean = 4.975 us, total = 288.548 us, Queueing time: mean = 18.058 us, max = 37.663 us, min = 7.341 us, total = 1.047 ms
	NodeResourceInfoGcsService.grpc_server.GetAllResourceUsage.HandleRequestImpl - 36 total (0 active), Execution time: mean = 50.714 us, total = 1.826 ms, Queueing time: mean = 41.383 us, max = 87.347 us, min = 16.054 us, total = 1.490 ms
	NodeResourceInfoGcsService.grpc_server.GetAllResourceUsage - 36 total (0 active), Execution time: mean = 306.657 us, total = 11.040 ms, Queueing time: mean = 0.000 s, max = -0.000 s, min = 9223372036.855 s, total = 0.000 s
	GCSServer.deadline_timer.debug_state_dump - 18 total (1 active), Execution time: mean = 882.054 us, total = 15.877 ms, Queueing time: mean = 33.869 us, max = 130.121 us, min = 12.330 us, total = 609.646 us
	NodeInfoGcsService.grpc_server.GetAllNodeInfo.HandleRequestImpl - 16 total (0 active), Execution time: mean = 25.689 us, total = 411.016 us, Queueing time: mean = 76.083 us, max = 502.945 us, min = 6.111 us, total = 1.217 ms
	NodeInfoGcsService.grpc_server.GetAllNodeInfo - 16 total (0 active), Execution time: mean = 261.441 us, total = 4.183 ms, Queueing time: mean = 0.000 s, max = -0.000 s, min = 9223372036.855 s, total = 0.000 s
	WorkerInfoGcsService.grpc_server.AddWorkerInfo - 13 total (0 active), Execution time: mean = 323.519 us, total = 4.206 ms, Queueing time: mean = 0.000 s, max = -0.000 s, min = 9223372036.855 s, total = 0.000 s
	WorkerInfoGcsService.grpc_server.AddWorkerInfo.HandleRequestImpl - 13 total (0 active), Execution time: mean = 46.723 us, total = 607.399 us, Queueing time: mean = 37.554 us, max = 92.675 us, min = 10.448 us, total = 488.205 us
	ActorInfoGcsService.grpc_server.GetActorInfo - 11 total (0 active), Execution time: mean = 264.295 us, total = 2.907 ms, Queueing time: mean = 0.000 s, max = -0.000 s, min = 9223372036.855 s, total = 0.000 s
	ActorInfoGcsService.grpc_server.GetActorInfo.HandleRequestImpl - 11 total (0 active), Execution time: mean = 27.609 us, total = 303.704 us, Queueing time: mean = 51.086 us, max = 189.872 us, min = 11.880 us, total = 561.950 us
	ActorInfoGcsService.grpc_server.RegisterActor - 8 total (0 active), Execution time: mean = 846.582 us, total = 6.773 ms, Queueing time: mean = 0.000 s, max = -0.000 s, min = 9223372036.855 s, total = 0.000 s
	NodeManagerService.grpc_client.RequestWorkerLease - 8 total (0 active), Execution time: mean = 449.996 ms, total = 3.600 s, Queueing time: mean = 0.000 s, max = -0.000 s, min = 9223372036.855 s, total = 0.000 s
	CoreWorkerService.grpc_client.WaitForActorOutOfScope - 8 total (5 active), Execution time: mean = 59.451 s, total = 475.606 s, Queueing time: mean = 0.000 s, max = -0.000 s, min = 9223372036.855 s, total = 0.000 s
	NodeManagerService.grpc_client.RequestWorkerLease.OnReplyReceived - 8 total (0 active), Execution time: mean = 410.008 us, total = 3.280 ms, Queueing time: mean = 23.957 us, max = 90.572 us, min = 9.033 us, total = 191.655 us
	CoreWorkerService.grpc_client.PushTask - 8 total (0 active), Execution time: mean = 1.657 s, total = 13.255 s, Queueing time: mean = 0.000 s, max = -0.000 s, min = 9223372036.855 s, total = 0.000 s
	ActorInfoGcsService.grpc_server.CreateActor - 8 total (0 active), Execution time: mean = 2.108 s, total = 16.868 s, Queueing time: mean = 0.000 s, max = -0.000 s, min = 9223372036.855 s, total = 0.000 s
	CoreWorkerService.grpc_client.PushTask.OnReplyReceived - 8 total (0 active), Execution time: mean = 468.999 us, total = 3.752 ms, Queueing time: mean = 27.966 us, max = 72.144 us, min = 16.684 us, total = 223.731 us
	NodeInfoGcsService.grpc_server.GetClusterId.HandleRequestImpl - 8 total (0 active), Execution time: mean = 16.660 us, total = 133.280 us, Queueing time: mean = 23.670 us, max = 39.653 us, min = 8.750 us, total = 189.363 us
	ActorInfoGcsService.grpc_server.RegisterActor.HandleRequestImpl - 8 total (0 active), Execution time: mean = 537.167 us, total = 4.297 ms, Queueing time: mean = 26.373 us, max = 95.477 us, min = 11.639 us, total = 210.982 us
	ActorInfoGcsService.grpc_server.CreateActor.HandleRequestImpl - 8 total (0 active), Execution time: mean = 354.041 us, total = 2.832 ms, Queueing time: mean = 14.624 us, max = 23.137 us, min = 9.654 us, total = 116.991 us
	NodeInfoGcsService.grpc_server.GetClusterId - 8 total (0 active), Execution time: mean = 355.438 us, total = 2.844 ms, Queueing time: mean = 0.000 s, max = -0.000 s, min = 9223372036.855 s, total = 0.000 s
	WorkerInfoGcsService.grpc_server.ReportWorkerFailure.HandleRequestImpl - 7 total (0 active), Execution time: mean = 72.359 us, total = 506.512 us, Queueing time: mean = 19.022 us, max = 28.479 us, min = 13.018 us, total = 133.151 us
	GcsInMemoryStore.GetAll - 7 total (0 active), Execution time: mean = 19.713 us, total = 137.994 us, Queueing time: mean = 48.349 us, max = 76.136 us, min = 5.785 us, total = 338.442 us
	WorkerInfoGcsService.grpc_server.ReportWorkerFailure - 7 total (0 active), Execution time: mean = 571.578 us, total = 4.001 ms, Queueing time: mean = 0.000 s, max = -0.000 s, min = 9223372036.855 s, total = 0.000 s
	GcsResourceManager::Update - 7 total (0 active), Execution time: mean = 75.444 us, total = 528.111 us, Queueing time: mean = 35.927 us, max = 82.123 us, min = 13.124 us, total = 251.491 us
	PeriodicalRunner.RunFnPeriodically - 4 total (0 active), Execution time: mean = 154.332 us, total = 617.327 us, Queueing time: mean = 134.554 ms, max = 268.929 ms, min = 77.040 us, total = 538.216 ms
	CoreWorkerService.grpc_client.KillActor.OnReplyReceived - 3 total (0 active), Execution time: mean = 183.876 us, total = 551.627 us, Queueing time: mean = 20.912 us, max = 27.631 us, min = 13.244 us, total = 62.737 us
	GCSServer.deadline_timer.debug_state_event_stats_print - 3 total (1 active, 1 running), Execution time: mean = 609.111 us, total = 1.827 ms, Queueing time: mean = 37.513 us, max = 79.050 us, min = 33.488 us, total = 112.538 us
	CoreWorkerService.grpc_client.WaitForActorOutOfScope.OnReplyReceived - 3 total (0 active), Execution time: mean = 862.735 us, total = 2.588 ms, Queueing time: mean = 23.546 us, max = 29.451 us, min = 19.927 us, total = 70.639 us
	CoreWorkerService.grpc_client.KillActor - 3 total (0 active), Execution time: mean = 100.753 ms, total = 302.258 ms, Queueing time: mean = 0.000 s, max = -0.000 s, min = 9223372036.855 s, total = 0.000 s
	GcsInMemoryStore.BatchDelete - 3 total (0 active), Execution time: mean = 3.543 us, total = 10.628 us, Queueing time: mean = 10.359 us, max = 15.427 us, min = 7.587 us, total = 31.077 us
	JobInfoGcsService.grpc_server.AddJob.HandleRequestImpl - 1 total (0 active), Execution time: mean = 112.538 us, total = 112.538 us, Queueing time: mean = 14.744 us, max = 14.744 us, min = 14.744 us, total = 14.744 us
	NodeInfoGcsService.grpc_server.RegisterNode - 1 total (0 active), Execution time: mean = 728.481 us, total = 728.481 us, Queueing time: mean = 0.000 s, max = -0.000 s, min = 9223372036.855 s, total = 0.000 s
	GcsHealthCheckManager::AddNode - 1 total (0 active), Execution time: mean = 14.508 us, total = 14.508 us, Queueing time: mean = 507.000 ns, max = 507.000 ns, min = 507.000 ns, total = 507.000 ns
	NodeInfoGcsService.grpc_server.RegisterNode.HandleRequestImpl - 1 total (0 active), Execution time: mean = 194.396 us, total = 194.396 us, Queueing time: mean = 29.645 us, max = 29.645 us, min = 29.645 us, total = 29.645 us
	JobInfoGcsService.grpc_server.GetNextJobID - 1 total (0 active), Execution time: mean = 158.613 us, total = 158.613 us, Queueing time: mean = 0.000 s, max = -0.000 s, min = 9223372036.855 s, total = 0.000 s
	GcsInMemoryStore.Delete - 1 total (0 active), Execution time: mean = 17.156 us, total = 17.156 us, Queueing time: mean = 8.243 us, max = 8.243 us, min = 8.243 us, total = 8.243 us
	JobInfoGcsService.grpc_server.GetAllJobInfo - 1 total (0 active), Execution time: mean = 176.257 us, total = 176.257 us, Queueing time: mean = 0.000 s, max = -0.000 s, min = 9223372036.855 s, total = 0.000 s
	JobInfoGcsService.grpc_server.GetAllJobInfo.HandleRequestImpl - 1 total (0 active), Execution time: mean = 18.380 us, total = 18.380 us, Queueing time: mean = 10.944 us, max = 10.944 us, min = 10.944 us, total = 10.944 us
	JobInfoGcsService.grpc_server.GetNextJobID.HandleRequestImpl - 1 total (0 active), Execution time: mean = 15.713 us, total = 15.713 us, Queueing time: mean = 16.750 us, max = 16.750 us, min = 16.750 us, total = 16.750 us
	NodeInfoGcsService.grpc_server.GetInternalConfig - 1 total (0 active), Execution time: mean = 295.248 us, total = 295.248 us, Queueing time: mean = 0.000 s, max = -0.000 s, min = 9223372036.855 s, total = 0.000 s
	JobInfoGcsService.grpc_server.AddJob - 1 total (0 active), Execution time: mean = 400.930 us, total = 400.930 us, Queueing time: mean = 0.000 s, max = -0.000 s, min = 9223372036.855 s, total = 0.000 s
	InternalKVGcsService.grpc_server.InternalKVDel - 1 total (0 active), Execution time: mean = 328.875 us, total = 328.875 us, Queueing time: mean = 0.000 s, max = -0.000 s, min = 9223372036.855 s, total = 0.000 s
	NodeInfoGcsService.grpc_server.GetInternalConfig.HandleRequestImpl - 1 total (0 active), Execution time: mean = 20.216 us, total = 20.216 us, Queueing time: mean = 107.769 us, max = 107.769 us, min = 107.769 us, total = 107.769 us
	InternalKVGcsService.grpc_server.InternalKVDel.HandleRequestImpl - 1 total (0 active), Execution time: mean = 50.572 us, total = 50.572 us, Queueing time: mean = 87.386 us, max = 87.386 us, min = 87.386 us, total = 87.386 us


[2024-03-15 16:47:42,332 I 3630428 3630428] (gcs_server) gcs_server.cc:847: GcsTaskManager Event stats:


Global stats: 3172 total (1 active)
Queueing time: mean = 18.899 us, max = 451.428 us, min = 8.766 us, total = 59.948 ms
Execution time:  mean = 153.020 us, total = 485.380 ms
Event stats:
	TaskInfoGcsService.grpc_server.AddTaskEventData - 1567 total (0 active), Execution time: mean = 261.045 us, total = 409.057 ms, Queueing time: mean = 0.000 s, max = -0.000 s, min = 9223372036.855 s, total = 0.000 s
	TaskInfoGcsService.grpc_server.AddTaskEventData.HandleRequestImpl - 1567 total (0 active), Execution time: mean = 48.442 us, total = 75.909 ms, Queueing time: mean = 36.457 us, max = 155.057 us, min = 8.766 us, total = 57.129 ms
	GcsTaskManager.GcJobSummary - 37 total (1 active), Execution time: mean = 9.468 us, total = 350.306 us, Queueing time: mean = 63.987 us, max = 165.326 us, min = 27.304 us, total = 2.368 ms
	PeriodicalRunner.RunFnPeriodically - 1 total (0 active), Execution time: mean = 63.596 us, total = 63.596 us, Queueing time: mean = 451.428 us, max = 451.428 us, min = 451.428 us, total = 451.428 us


[2024-03-15 16:48:14,152 I 3630428 3630428] (gcs_server) gcs_actor_manager.cc:816: Destroying actor, actor id = 6d4368eb7d656d7d84f9f6d601000000, job id = 01000000
[2024-03-15 16:48:14,153 I 3630428 3630428] (gcs_server) gcs_actor_manager.cc:816: Destroying actor, actor id = 81cd596f1686b787747e40d701000000, job id = 01000000
[2024-03-15 16:48:14,154 I 3630428 3630428] (gcs_server) gcs_actor_manager.cc:816: Destroying actor, actor id = 3e7e367610f37f6fa221373f01000000, job id = 01000000
[2024-03-15 16:48:14,155 I 3630428 3630428] (gcs_server) gcs_actor_manager.cc:816: Destroying actor, actor id = 55ca1b6284d430fda0786f7501000000, job id = 01000000
[2024-03-15 16:48:14,155 I 3630428 3630428] (gcs_server) gcs_actor_manager.cc:816: Destroying actor, actor id = 9b55886c8dcc571ca12d151301000000, job id = 01000000
[2024-03-15 16:48:14,156 I 3630428 3630428] (gcs_server) gcs_job_manager.cc:87: Finished marking job state, job id = 01000000
[2024-03-15 16:48:14,159 I 3630428 3630428] (gcs_server) gcs_actor_manager.cc:794: Worker 01000000ffffffffffffffffffffffffffffffffffffffffffffffff failed, destroying actor child, job id = 01000000
[2024-03-15 16:48:14,159 I 3630428 3630428] (gcs_server) gcs_actor_manager.cc:794: Worker 01000000ffffffffffffffffffffffffffffffffffffffffffffffff failed, destroying actor child, job id = 01000000
[2024-03-15 16:48:14,159 I 3630428 3630428] (gcs_server) gcs_actor_manager.cc:794: Worker 01000000ffffffffffffffffffffffffffffffffffffffffffffffff failed, destroying actor child, job id = 01000000
[2024-03-15 16:48:14,160 I 3630428 3630428] (gcs_server) gcs_actor_manager.cc:794: Worker 01000000ffffffffffffffffffffffffffffffffffffffffffffffff failed, destroying actor child, job id = 01000000
[2024-03-15 16:48:14,160 I 3630428 3630428] (gcs_server) gcs_actor_manager.cc:794: Worker 01000000ffffffffffffffffffffffffffffffffffffffffffffffff failed, destroying actor child, job id = 01000000
[2024-03-15 16:48:14,230 I 3630428 3630428] (gcs_server) gcs_node_manager.cc:128: Draining node info, node id = 2cb61866405fb00b52daf096f005f3122627e204f74fb92736021487
[2024-03-15 16:48:14,230 I 3630428 3630428] (gcs_server) gcs_node_manager.cc:252: Removing node, node id = 2cb61866405fb00b52daf096f005f3122627e204f74fb92736021487, node name = 172.18.36.110
[2024-03-15 16:48:14,230 I 3630428 3630428] (gcs_server) gcs_placement_group_manager.cc:763: Node 2cb61866405fb00b52daf096f005f3122627e204f74fb92736021487 failed, rescheduling the placement groups on the dead node.
[2024-03-15 16:48:14,230 I 3630428 3630428] (gcs_server) gcs_actor_manager.cc:1048: Node 2cb61866405fb00b52daf096f005f3122627e204f74fb92736021487 failed, reconstructing actors.
[2024-03-15 16:48:14,230 I 3630428 3630428] (gcs_server) gcs_job_manager.cc:303: Node 2cb61866405fb00b52daf096f005f3122627e204f74fb92736021487 failed, mark all jobs from this node as finished
[2024-03-15 16:48:14,346 I 3630428 3630428] (gcs_server) gcs_node_manager.cc:170: Raylet 2cb61866405fb00b52daf096f005f3122627e204f74fb92736021487 is drained. Status GrpcUnavailable: RPC Error message: Cancelling all calls; RPC Error details: . The information will be published to the cluster.
[2024-03-15 16:48:14,359 I 3630428 3630475] (gcs_server) ray_syncer-inl.h:318: Failed to read the message from: 2cb61866405fb00b52daf096f005f3122627e204f74fb92736021487
[2024-03-15 16:48:14,394 I 3630428 3630428] (gcs_server) gcs_server_main.cc:111: GCS server received SIGTERM, shutting down...
[2024-03-15 16:48:14,395 I 3630428 3630428] (gcs_server) gcs_server.cc:274: Stopping GCS server.
[2024-03-15 16:48:14,436 I 3630428 3630428] (gcs_server) gcs_server.cc:294: GCS server stopped.
[2024-03-15 16:48:14,436 I 3630428 3630428] (gcs_server) io_service_pool.cc:47: IOServicePool is stopped.
[2024-03-15 16:48:14,472 I 3630428 3630428] (gcs_server) stats.h:136: Stats module has shutdown.
