[2024-03-15 16:44:44,224 I 3630596 3630596] (raylet) main.cc:174: Setting cluster ID to: 02a73ea8bd734643c087f039fbeea439b1b1fa7b0a45c8a894dd503e
[2024-03-15 16:44:44,230 I 3630596 3630596] (raylet) io_service_pool.cc:35: IOServicePool is running with 1 io_service.
[2024-03-15 16:44:44,232 I 3630596 3630596] (raylet) store_runner.cc:32: Allowing the Plasma store to use up to 73.1404GB of memory.
[2024-03-15 16:44:44,232 I 3630596 3630596] (raylet) store_runner.cc:48: Starting object store with directory /dev/shm, fallback /hhd2/home/lzl_dir/recon/AutoRecon/tmp/ray, and huge page support disabled
[2024-03-15 16:44:44,232 I 3630596 3630624] (raylet) dlmalloc.cc:154: create_and_mmap_buffer(73140535304, /dev/shm/plasmaXXXXXX)
[2024-03-15 16:44:44,232 I 3630596 3630624] (raylet) store.cc:561: ========== Plasma store: =================
Current usage: 0 / 73.1404 GB
- num bytes created total: 0
0 pending objects of total size 0MB
- objects spillable: 0
- bytes spillable: 0
- objects unsealed: 0
- bytes unsealed: 0
- objects in use: 0
- bytes in use: 0
- objects evictable: 0
- bytes evictable: 0

- objects created by worker: 0
- bytes created by worker: 0
- objects restored: 0
- bytes restored: 0
- objects received: 0
- bytes received: 0
- objects errored: 0
- bytes errored: 0

[2024-03-15 16:44:44,235 I 3630596 3630596] (raylet) grpc_server.cc:129: ObjectManager server started, listening on port 40887.
[2024-03-15 16:44:44,239 I 3630596 3630596] (raylet) worker_killing_policy.cc:101: Running GroupByOwner policy.
[2024-03-15 16:44:44,240 I 3630596 3630596] (raylet) memory_monitor.cc:47: MemoryMonitor initialized with usage threshold at 513649541120 bytes (0.95 system memory), total system memory bytes: 540683730944
[2024-03-15 16:44:44,240 I 3630596 3630596] (raylet) node_manager.cc:319: Initializing NodeManager with ID 2cb61866405fb00b52daf096f005f3122627e204f74fb92736021487
[2024-03-15 16:44:44,240 I 3630596 3630596] (raylet) grpc_server.cc:129: NodeManager server started, listening on port 34289.
[2024-03-15 16:44:44,250 I 3630596 3630652] (raylet) agent_manager.cc:78: Monitor agent process with name dashboard_agent/424238335
[2024-03-15 16:44:44,250 I 3630596 3630596] (raylet) event.cc:234: Set ray event level to warning
[2024-03-15 16:44:44,250 I 3630596 3630596] (raylet) event.cc:342: Ray Event initialized for RAYLET
[2024-03-15 16:44:44,250 I 3630596 3630654] (raylet) agent_manager.cc:78: Monitor agent process with name runtime_env_agent
[2024-03-15 16:44:44,252 I 3630596 3630596] (raylet) raylet.cc:129: Raylet of id, 2cb61866405fb00b52daf096f005f3122627e204f74fb92736021487 started. Raylet consists of node_manager and object_manager. node_manager address: 172.18.36.110:34289 object_manager address: 172.18.36.110:40887 hostname: amaxgpu
[2024-03-15 16:44:44,254 I 3630596 3630596] (raylet) node_manager.cc:537: [state-dump] NodeManager:
[state-dump] Node ID: 2cb61866405fb00b52daf096f005f3122627e204f74fb92736021487
[state-dump] Node name: 172.18.36.110
[state-dump] InitialConfigResources: {node:__internal_head__: 10000, GPU: 10000, accelerator_type:RTX: 10000, CPU: 40000, object_store_memory: 731404148730000, node:172.18.36.110: 10000, memory: 1606609680390000}
[state-dump] ClusterTaskManager:
[state-dump] ========== Node: 2cb61866405fb00b52daf096f005f3122627e204f74fb92736021487 =================
[state-dump] Infeasible queue length: 0
[state-dump] Schedule queue length: 0
[state-dump] Dispatch queue length: 0
[state-dump] num_waiting_for_resource: 0
[state-dump] num_waiting_for_plasma_memory: 0
[state-dump] num_waiting_for_remote_node_resources: 0
[state-dump] num_worker_not_started_by_job_config_not_exist: 0
[state-dump] num_worker_not_started_by_registration_timeout: 0
[state-dump] num_tasks_waiting_for_workers: 0
[state-dump] num_cancelled_tasks: 0
[state-dump] cluster_resource_scheduler state: 
[state-dump] Local id: 643143558085649057 Local resources: {"total":{accelerator_type:RTX: [10000], node:__internal_head__: [10000], memory: [1606609680390000], GPU: [10000], CPU: [40000], object_store_memory: [731404148730000], node:172.18.36.110: [10000]}}, "available": {node:__internal_head__: [10000], memory: [1606609680390000], CPU: [40000], object_store_memory: [731404148730000], GPU: [10000], node:172.18.36.110: [10000], accelerator_type:RTX: [10000]}}, "labels":{"ray.io/node_id":"2cb61866405fb00b52daf096f005f3122627e204f74fb92736021487",} is_draining: 0 is_idle: 1 Cluster resources: node id: 643143558085649057{"total":{object_store_memory: 731404148730000, accelerator_type:RTX: 10000, CPU: 40000, GPU: 10000, memory: 1606609680390000, node:__internal_head__: 10000, node:172.18.36.110: 10000}}, "available": {object_store_memory: 731404148730000, accelerator_type:RTX: 10000, CPU: 40000, GPU: 10000, memory: 1606609680390000, node:__internal_head__: 10000, node:172.18.36.110: 10000}}, "labels":{"ray.io/node_id":"2cb61866405fb00b52daf096f005f3122627e204f74fb92736021487",}, "is_draining": 0} { "placment group locations": [], "node to bundles": []}
[state-dump] Waiting tasks size: 0
[state-dump] Number of executing tasks: 0
[state-dump] Number of pinned task arguments: 0
[state-dump] Number of total spilled tasks: 0
[state-dump] Number of spilled waiting tasks: 0
[state-dump] Number of spilled unschedulable tasks: 0
[state-dump] Resource usage {
[state-dump] }
[state-dump] Running tasks by scheduling class:
[state-dump] ==================================================
[state-dump] 
[state-dump] ClusterResources:
[state-dump] LocalObjectManager:
[state-dump] - num pinned objects: 0
[state-dump] - pinned objects size: 0
[state-dump] - num objects pending restore: 0
[state-dump] - num objects pending spill: 0
[state-dump] - num bytes pending spill: 0
[state-dump] - num bytes currently spilled: 0
[state-dump] - cumulative spill requests: 0
[state-dump] - cumulative restore requests: 0
[state-dump] - spilled objects pending delete: 0
[state-dump] 
[state-dump] ObjectManager:
[state-dump] - num local objects: 0
[state-dump] - num unfulfilled push requests: 0
[state-dump] - num object pull requests: 0
[state-dump] - num chunks received total: 0
[state-dump] - num chunks received failed (all): 0
[state-dump] - num chunks received failed / cancelled: 0
[state-dump] - num chunks received failed / plasma error: 0
[state-dump] Event stats:
[state-dump] Global stats: 0 total (0 active)
[state-dump] Queueing time: mean = -nan s, max = -0.000 s, min = 9223372036.855 s, total = 0.000 s
[state-dump] Execution time:  mean = -nan s, total = 0.000 s
[state-dump] Event stats:
[state-dump] PushManager:
[state-dump] - num pushes in flight: 0
[state-dump] - num chunks in flight: 0
[state-dump] - num chunks remaining: 0
[state-dump] - max chunks allowed: 409
[state-dump] OwnershipBasedObjectDirectory:
[state-dump] - num listeners: 0
[state-dump] - cumulative location updates: 0
[state-dump] - num location updates per second: 0.000
[state-dump] - num location lookups per second: 0.000
[state-dump] - num locations added per second: 0.000
[state-dump] - num locations removed per second: 0.000
[state-dump] BufferPool:
[state-dump] - create buffer state map size: 0
[state-dump] PullManager:
[state-dump] - num bytes available for pulled objects: 73140414873
[state-dump] - num bytes being pulled (all): 0
[state-dump] - num bytes being pulled / pinned: 0
[state-dump] - get request bundles: BundlePullRequestQueue{0 total, 0 active, 0 inactive, 0 unpullable}
[state-dump] - wait request bundles: BundlePullRequestQueue{0 total, 0 active, 0 inactive, 0 unpullable}
[state-dump] - task request bundles: BundlePullRequestQueue{0 total, 0 active, 0 inactive, 0 unpullable}
[state-dump] - first get request bundle: N/A
[state-dump] - first wait request bundle: N/A
[state-dump] - first task request bundle: N/A
[state-dump] - num objects queued: 0
[state-dump] - num objects actively pulled (all): 0
[state-dump] - num objects actively pulled / pinned: 0
[state-dump] - num bundles being pulled: 0
[state-dump] - num pull retries: 0
[state-dump] - max timeout seconds: 0
[state-dump] - max timeout request is already processed. No entry.
[state-dump] 
[state-dump] WorkerPool:
[state-dump] - registered jobs: 0
[state-dump] - process_failed_job_config_missing: 0
[state-dump] - process_failed_rate_limited: 0
[state-dump] - process_failed_pending_registration: 0
[state-dump] - process_failed_runtime_env_setup_failed: 0
[state-dump] - num PYTHON workers: 0
[state-dump] - num PYTHON drivers: 0
[state-dump] - num object spill callbacks queued: 0
[state-dump] - num object restore queued: 0
[state-dump] - num util functions queued: 0
[state-dump] - num JAVA workers: 0
[state-dump] - num JAVA drivers: 0
[state-dump] - num object spill callbacks queued: 0
[state-dump] - num object restore queued: 0
[state-dump] - num util functions queued: 0
[state-dump] - num idle workers: 0
[state-dump] TaskDependencyManager:
[state-dump] - task deps map size: 0
[state-dump] - get req map size: 0
[state-dump] - wait req map size: 0
[state-dump] - local objects map size: 0
[state-dump] WaitManager:
[state-dump] - num active wait requests: 0
[state-dump] Subscriber:
[state-dump] Channel WORKER_REF_REMOVED_CHANNEL
[state-dump] - cumulative subscribe requests: 0
[state-dump] - cumulative unsubscribe requests: 0
[state-dump] - active subscribed publishers: 0
[state-dump] - cumulative published messages: 0
[state-dump] - cumulative processed messages: 0
[state-dump] Channel WORKER_OBJECT_EVICTION
[state-dump] - cumulative subscribe requests: 0
[state-dump] - cumulative unsubscribe requests: 0
[state-dump] - active subscribed publishers: 0
[state-dump] - cumulative published messages: 0
[state-dump] - cumulative processed messages: 0
[state-dump] Channel WORKER_OBJECT_LOCATIONS_CHANNEL
[state-dump] - cumulative subscribe requests: 0
[state-dump] - cumulative unsubscribe requests: 0
[state-dump] - active subscribed publishers: 0
[state-dump] - cumulative published messages: 0
[state-dump] - cumulative processed messages: 0
[state-dump] num async plasma notifications: 0
[state-dump] Remote node managers: 
[state-dump] Event stats:
[state-dump] Global stats: 27 total (13 active)
[state-dump] Queueing time: mean = 1.439 ms, max = 11.129 ms, min = 9.355 us, total = 38.844 ms
[state-dump] Execution time:  mean = 945.350 us, total = 25.524 ms
[state-dump] Event stats:
[state-dump] 	PeriodicalRunner.RunFnPeriodically - 11 total (2 active, 1 running), Execution time: mean = 130.785 us, total = 1.439 ms, Queueing time: mean = 3.529 ms, max = 11.129 ms, min = 24.258 us, total = 38.816 ms
[state-dump] 	NodeInfoGcsService.grpc_client.RegisterNode.OnReplyReceived - 1 total (0 active), Execution time: mean = 208.950 us, total = 208.950 us, Queueing time: mean = 9.355 us, max = 9.355 us, min = 9.355 us, total = 9.355 us
[state-dump] 	RayletWorkerPool.deadline_timer.kill_idle_workers - 1 total (1 active), Execution time: mean = 0.000 s, total = 0.000 s, Queueing time: mean = 0.000 s, max = -0.000 s, min = 9223372036.855 s, total = 0.000 s
[state-dump] 	NodeManager.deadline_timer.record_metrics - 1 total (1 active), Execution time: mean = 0.000 s, total = 0.000 s, Queueing time: mean = 0.000 s, max = -0.000 s, min = 9223372036.855 s, total = 0.000 s
[state-dump] 	ClusterResourceManager.ResetRemoteNodeView - 1 total (1 active), Execution time: mean = 0.000 s, total = 0.000 s, Queueing time: mean = 0.000 s, max = -0.000 s, min = 9223372036.855 s, total = 0.000 s
[state-dump] 	NodeInfoGcsService.grpc_client.GetInternalConfig.OnReplyReceived - 1 total (0 active), Execution time: mean = 20.848 ms, total = 20.848 ms, Queueing time: mean = 17.805 us, max = 17.805 us, min = 17.805 us, total = 17.805 us
[state-dump] 	InternalPubSubGcsService.grpc_client.GcsSubscriberCommandBatch - 1 total (0 active), Execution time: mean = 791.918 us, total = 791.918 us, Queueing time: mean = 0.000 s, max = -0.000 s, min = 9223372036.855 s, total = 0.000 s
[state-dump] 	NodeManager.ScheduleAndDispatchTasks - 1 total (1 active), Execution time: mean = 0.000 s, total = 0.000 s, Queueing time: mean = 0.000 s, max = -0.000 s, min = 9223372036.855 s, total = 0.000 s
[state-dump] 	NodeManager.deadline_timer.flush_free_objects - 1 total (1 active), Execution time: mean = 0.000 s, total = 0.000 s, Queueing time: mean = 0.000 s, max = -0.000 s, min = 9223372036.855 s, total = 0.000 s
[state-dump] 	NodeManager.GCTaskFailureReason - 1 total (1 active), Execution time: mean = 0.000 s, total = 0.000 s, Queueing time: mean = 0.000 s, max = -0.000 s, min = 9223372036.855 s, total = 0.000 s
[state-dump] 	NodeInfoGcsService.grpc_client.RegisterNode - 1 total (0 active), Execution time: mean = 1.365 ms, total = 1.365 ms, Queueing time: mean = 0.000 s, max = -0.000 s, min = 9223372036.855 s, total = 0.000 s
[state-dump] 	NodeManager.deadline_timer.debug_state_dump - 1 total (1 active), Execution time: mean = 0.000 s, total = 0.000 s, Queueing time: mean = 0.000 s, max = -0.000 s, min = 9223372036.855 s, total = 0.000 s
[state-dump] 	MemoryMonitor.CheckIsMemoryUsageAboveThreshold - 1 total (1 active), Execution time: mean = 0.000 s, total = 0.000 s, Queueing time: mean = 0.000 s, max = -0.000 s, min = 9223372036.855 s, total = 0.000 s
[state-dump] 	NodeInfoGcsService.grpc_client.GetInternalConfig - 1 total (0 active), Execution time: mean = 871.389 us, total = 871.389 us, Queueing time: mean = 0.000 s, max = -0.000 s, min = 9223372036.855 s, total = 0.000 s
[state-dump] 	NodeManager.deadline_timer.spill_objects_when_over_threshold - 1 total (1 active), Execution time: mean = 0.000 s, total = 0.000 s, Queueing time: mean = 0.000 s, max = -0.000 s, min = 9223372036.855 s, total = 0.000 s
[state-dump] 	InternalPubSubGcsService.grpc_client.GcsSubscriberPoll - 1 total (1 active), Execution time: mean = 0.000 s, total = 0.000 s, Queueing time: mean = 0.000 s, max = -0.000 s, min = 9223372036.855 s, total = 0.000 s
[state-dump] 	InternalPubSubGcsService.grpc_client.GcsSubscriberCommandBatch.OnReplyReceived - 1 total (1 active), Execution time: mean = 0.000 s, total = 0.000 s, Queueing time: mean = 0.000 s, max = -0.000 s, min = 9223372036.855 s, total = 0.000 s
[state-dump] DebugString() time ms: 0
[state-dump] 
[state-dump] 
[2024-03-15 16:44:44,254 I 3630596 3630596] (raylet) accessor.cc:627: Received notification for node id = 2cb61866405fb00b52daf096f005f3122627e204f74fb92736021487, IsAlive = 1
[2024-03-15 16:44:44,435 I 3630596 3630596] (raylet) worker_pool.cc:498: Started worker process with pid 3630687, the token is 0
[2024-03-15 16:44:44,439 I 3630596 3630596] (raylet) worker_pool.cc:498: Started worker process with pid 3630688, the token is 1
[2024-03-15 16:44:44,442 I 3630596 3630596] (raylet) worker_pool.cc:498: Started worker process with pid 3630689, the token is 2
[2024-03-15 16:44:44,444 I 3630596 3630596] (raylet) worker_pool.cc:498: Started worker process with pid 3630690, the token is 3
[2024-03-15 16:44:44,815 I 3630596 3630624] (raylet) object_store.cc:35: Object store current usage 8e-09 / 73.1404 GB.
[2024-03-15 16:44:44,879 I 3630596 3630596] (raylet) node_manager.cc:622: New job has started. Job id 01000000 Driver pid 3625610 is dead: 0 driver address: 172.18.36.110
[2024-03-15 16:44:44,879 I 3630596 3630596] (raylet) worker_pool.cc:681: Job 01000000 already started in worker pool.
[2024-03-15 16:44:44,920 I 3630596 3630596] (raylet) worker_pool.cc:498: Started worker process with pid 3630976, the token is 4
[2024-03-15 16:44:44,939 I 3630596 3630596] (raylet) worker_pool.cc:498: Started worker process with pid 3630977, the token is 5
[2024-03-15 16:44:44,949 I 3630596 3630596] (raylet) worker_pool.cc:498: Started worker process with pid 3630978, the token is 6
[2024-03-15 16:44:44,965 I 3630596 3630596] (raylet) worker_pool.cc:498: Started worker process with pid 3630979, the token is 7
[2024-03-15 16:44:45,333 I 3630596 3630596] (raylet) worker_pool.cc:498: Started worker process with pid 3631100, the token is 8
[2024-03-15 16:44:45,888 I 3630596 3630596] (raylet) node_manager.cc:1444: NodeManager::DisconnectClient, disconnect_type=1, has creation task exception = false
[2024-03-15 16:44:46,089 I 3630596 3630596] (raylet) node_manager.cc:1444: NodeManager::DisconnectClient, disconnect_type=1, has creation task exception = false
[2024-03-15 16:44:52,712 I 3630596 3630596] (raylet) worker_pool.cc:498: Started worker process with pid 3631479, the token is 9
[2024-03-15 16:44:52,718 I 3630596 3630596] (raylet) worker_pool.cc:498: Started worker process with pid 3631480, the token is 10
[2024-03-15 16:44:52,725 I 3630596 3630596] (raylet) worker_pool.cc:498: Started worker process with pid 3631481, the token is 11
[2024-03-15 16:44:52,893 I 3630596 3630596] (raylet) node_manager.cc:1444: NodeManager::DisconnectClient, disconnect_type=1, has creation task exception = false
[2024-03-15 16:44:52,898 I 3630596 3630596] (raylet) node_manager.cc:1444: NodeManager::DisconnectClient, disconnect_type=1, has creation task exception = false
[2024-03-15 16:44:54,242 W 3630596 3630618] (raylet) metric_exporter.cc:207: [1] Export metrics to agent failed: GrpcUnavailable: RPC Error message: failed to connect to all addresses; last error: UNKNOWN: ipv4:127.0.0.1:49950: Failed to connect to remote host: Connection refused; RPC Error details: . This won't affect Ray, but you can lose metrics from the cluster.
[2024-03-15 16:45:44,232 I 3630596 3630624] (raylet) store.cc:561: ========== Plasma store: =================
Current usage: 0 / 73.1404 GB
- num bytes created total: 104
0 pending objects of total size 0MB
- objects spillable: 0
- bytes spillable: 0
- objects unsealed: 0
- bytes unsealed: 0
- objects in use: 0
- bytes in use: 0
- objects evictable: 0
- bytes evictable: 0

- objects created by worker: 0
- bytes created by worker: 0
- objects restored: 0
- bytes restored: 0
- objects received: 0
- bytes received: 0
- objects errored: 0
- bytes errored: 0

[2024-03-15 16:45:44,256 I 3630596 3630596] (raylet) node_manager.cc:537: [state-dump] NodeManager:
[state-dump] Node ID: 2cb61866405fb00b52daf096f005f3122627e204f74fb92736021487
[state-dump] Node name: 172.18.36.110
[state-dump] InitialConfigResources: {node:__internal_head__: 10000, GPU: 10000, accelerator_type:RTX: 10000, CPU: 40000, object_store_memory: 731404148730000, node:172.18.36.110: 10000, memory: 1606609680390000}
[state-dump] ClusterTaskManager:
[state-dump] ========== Node: 2cb61866405fb00b52daf096f005f3122627e204f74fb92736021487 =================
[state-dump] Infeasible queue length: 0
[state-dump] Schedule queue length: 0
[state-dump] Dispatch queue length: 0
[state-dump] num_waiting_for_resource: 0
[state-dump] num_waiting_for_plasma_memory: 0
[state-dump] num_waiting_for_remote_node_resources: 0
[state-dump] num_worker_not_started_by_job_config_not_exist: 0
[state-dump] num_worker_not_started_by_registration_timeout: 0
[state-dump] num_tasks_waiting_for_workers: 0
[state-dump] num_cancelled_tasks: 0
[state-dump] cluster_resource_scheduler state: 
[state-dump] Local id: 643143558085649057 Local resources: {"total":{accelerator_type:RTX: [10000], node:__internal_head__: [10000], memory: [1606609680390000], GPU: [10000], CPU: [40000], object_store_memory: [731404148730000], node:172.18.36.110: [10000]}}, "available": {node:__internal_head__: [10000], memory: [1606609680390000], CPU: [0], object_store_memory: [731404148730000], GPU: [0], node:172.18.36.110: [10000], accelerator_type:RTX: [10000]}}, "labels":{"ray.io/node_id":"2cb61866405fb00b52daf096f005f3122627e204f74fb92736021487",} is_draining: 0 is_idle: 0 Cluster resources: node id: 643143558085649057{"total":{memory: 1606609680390000, node:__internal_head__: 10000, CPU: 40000, object_store_memory: 731404148730000, GPU: 10000, node:172.18.36.110: 10000, accelerator_type:RTX: 10000}}, "available": {node:__internal_head__: 10000, memory: 1606609680390000, object_store_memory: 731404148730000, accelerator_type:RTX: 10000, node:172.18.36.110: 10000}}, "labels":{"ray.io/node_id":"2cb61866405fb00b52daf096f005f3122627e204f74fb92736021487",}, "is_draining": 0} { "placment group locations": [], "node to bundles": []}
[state-dump] Waiting tasks size: 0
[state-dump] Number of executing tasks: 0
[state-dump] Number of pinned task arguments: 0
[state-dump] Number of total spilled tasks: 0
[state-dump] Number of spilled waiting tasks: 0
[state-dump] Number of spilled unschedulable tasks: 0
[state-dump] Resource usage {
[state-dump]     - (language=PYTHON actor_or_task=MatchExtrator.__init__ pid=3631481): {GPU: 10000, CPU: 10000}
[state-dump]     - (language=PYTHON actor_or_task=_QueueActor.__init__ pid=3631479): {}
[state-dump]     - (language=PYTHON actor_or_task=MatchSaver.__init__ pid=3631480): {CPU: 10000}
[state-dump]     - (language=PYTHON actor_or_task=FeatureActor.__init__ pid=3631100): {CPU: 10000}
[state-dump]     - (language=PYTHON actor_or_task=SparseReconActor.__init__ pid=3630979): {CPU: 10000}
[state-dump]     - (language=PYTHON actor_or_task=_QueueActor.__init__ pid=3630976): {}
[state-dump]     - (language=PYTHON actor_or_task=_QueueActor.__init__ pid=3630977): {}
[state-dump]     - (language=PYTHON actor_or_task=_QueueActor.__init__ pid=3630978): {}
[state-dump] }
[state-dump] Running tasks by scheduling class:
[state-dump] ==================================================
[state-dump] 
[state-dump] ClusterResources:
[state-dump] LocalObjectManager:
[state-dump] - num pinned objects: 0
[state-dump] - pinned objects size: 0
[state-dump] - num objects pending restore: 0
[state-dump] - num objects pending spill: 0
[state-dump] - num bytes pending spill: 0
[state-dump] - num bytes currently spilled: 0
[state-dump] - cumulative spill requests: 0
[state-dump] - cumulative restore requests: 0
[state-dump] - spilled objects pending delete: 0
[state-dump] 
[state-dump] ObjectManager:
[state-dump] - num local objects: 0
[state-dump] - num unfulfilled push requests: 0
[state-dump] - num object pull requests: 0
[state-dump] - num chunks received total: 0
[state-dump] - num chunks received failed (all): 0
[state-dump] - num chunks received failed / cancelled: 0
[state-dump] - num chunks received failed / plasma error: 0
[state-dump] Event stats:
[state-dump] Global stats: 0 total (0 active)
[state-dump] Queueing time: mean = -nan s, max = -0.000 s, min = 9223372036.855 s, total = 0.000 s
[state-dump] Execution time:  mean = -nan s, total = 0.000 s
[state-dump] Event stats:
[state-dump] PushManager:
[state-dump] - num pushes in flight: 0
[state-dump] - num chunks in flight: 0
[state-dump] - num chunks remaining: 0
[state-dump] - max chunks allowed: 409
[state-dump] OwnershipBasedObjectDirectory:
[state-dump] - num listeners: 0
[state-dump] - cumulative location updates: 0
[state-dump] - num location updates per second: 0.000
[state-dump] - num location lookups per second: 0.000
[state-dump] - num locations added per second: 0.000
[state-dump] - num locations removed per second: 0.000
[state-dump] BufferPool:
[state-dump] - create buffer state map size: 0
[state-dump] PullManager:
[state-dump] - num bytes available for pulled objects: 73140414873
[state-dump] - num bytes being pulled (all): 0
[state-dump] - num bytes being pulled / pinned: 0
[state-dump] - get request bundles: BundlePullRequestQueue{0 total, 0 active, 0 inactive, 0 unpullable}
[state-dump] - wait request bundles: BundlePullRequestQueue{0 total, 0 active, 0 inactive, 0 unpullable}
[state-dump] - task request bundles: BundlePullRequestQueue{0 total, 0 active, 0 inactive, 0 unpullable}
[state-dump] - first get request bundle: N/A
[state-dump] - first wait request bundle: N/A
[state-dump] - first task request bundle: N/A
[state-dump] - num objects queued: 0
[state-dump] - num objects actively pulled (all): 0
[state-dump] - num objects actively pulled / pinned: 0
[state-dump] - num bundles being pulled: 0
[state-dump] - num pull retries: 0
[state-dump] - max timeout seconds: 0
[state-dump] - max timeout request is already processed. No entry.
[state-dump] 
[state-dump] WorkerPool:
[state-dump] - registered jobs: 1
[state-dump] - process_failed_job_config_missing: 0
[state-dump] - process_failed_rate_limited: 1
[state-dump] - process_failed_pending_registration: 0
[state-dump] - process_failed_runtime_env_setup_failed: 0
[state-dump] - num PYTHON workers: 8
[state-dump] - num PYTHON drivers: 1
[state-dump] - num object spill callbacks queued: 0
[state-dump] - num object restore queued: 0
[state-dump] - num util functions queued: 0
[state-dump] - num JAVA workers: 0
[state-dump] - num JAVA drivers: 0
[state-dump] - num object spill callbacks queued: 0
[state-dump] - num object restore queued: 0
[state-dump] - num util functions queued: 0
[state-dump] - num idle workers: 0
[state-dump] TaskDependencyManager:
[state-dump] - task deps map size: 0
[state-dump] - get req map size: 0
[state-dump] - wait req map size: 0
[state-dump] - local objects map size: 0
[state-dump] WaitManager:
[state-dump] - num active wait requests: 0
[state-dump] Subscriber:
[state-dump] Channel WORKER_REF_REMOVED_CHANNEL
[state-dump] - cumulative subscribe requests: 0
[state-dump] - cumulative unsubscribe requests: 0
[state-dump] - active subscribed publishers: 0
[state-dump] - cumulative published messages: 0
[state-dump] - cumulative processed messages: 0
[state-dump] Channel WORKER_OBJECT_EVICTION
[state-dump] - cumulative subscribe requests: 0
[state-dump] - cumulative unsubscribe requests: 0
[state-dump] - active subscribed publishers: 0
[state-dump] - cumulative published messages: 0
[state-dump] - cumulative processed messages: 0
[state-dump] Channel WORKER_OBJECT_LOCATIONS_CHANNEL
[state-dump] - cumulative subscribe requests: 0
[state-dump] - cumulative unsubscribe requests: 0
[state-dump] - active subscribed publishers: 0
[state-dump] - cumulative published messages: 0
[state-dump] - cumulative processed messages: 0
[state-dump] num async plasma notifications: 0
[state-dump] Remote node managers: 
[state-dump] Event stats:
[state-dump] Global stats: 5291 total (23 active)
[state-dump] Queueing time: mean = 38.167 ms, max = 8.040 s, min = -0.000 s, total = 201.941 s
[state-dump] Execution time:  mean = 2.391 ms, total = 12.653 s
[state-dump] Event stats:
[state-dump] 	ClientConnection.async_read.ProcessMessageHeader - 683 total (9 active), Execution time: mean = 8.111 us, total = 5.540 ms, Queueing time: mean = 295.385 ms, max = 8.040 s, min = 11.068 us, total = 201.748 s
[state-dump] 	ClientConnection.async_read.ProcessMessage - 674 total (0 active), Execution time: mean = 48.011 us, total = 32.360 ms, Queueing time: mean = 8.238 us, max = 39.001 us, min = 1.829 us, total = 5.553 ms
[state-dump] 	RaySyncer.OnDemandBroadcasting - 600 total (1 active), Execution time: mean = 13.062 us, total = 7.837 ms, Queueing time: mean = 42.338 us, max = 269.507 us, min = 6.359 us, total = 25.403 ms
[state-dump] 	NodeManager.CheckGC - 600 total (1 active), Execution time: mean = 2.439 us, total = 1.463 ms, Queueing time: mean = 51.188 us, max = 365.822 us, min = 7.587 us, total = 30.713 ms
[state-dump] 	ObjectManager.UpdateAvailableMemory - 599 total (0 active), Execution time: mean = 3.306 us, total = 1.980 ms, Queueing time: mean = 17.032 us, max = 281.276 us, min = 7.562 us, total = 10.202 ms
[state-dump] 	NodeManagerService.grpc_server.ReportWorkerBacklog.HandleRequestImpl - 533 total (0 active), Execution time: mean = 33.426 us, total = 17.816 ms, Queueing time: mean = 41.922 us, max = 2.743 ms, min = 5.234 us, total = 22.345 ms
[state-dump] 	NodeManagerService.grpc_server.ReportWorkerBacklog - 533 total (0 active), Execution time: mean = 246.347 us, total = 131.303 ms, Queueing time: mean = 0.000 s, max = -0.000 s, min = 9223372036.855 s, total = 0.000 s
[state-dump] 	RayletWorkerPool.deadline_timer.kill_idle_workers - 300 total (1 active), Execution time: mean = 16.184 us, total = 4.855 ms, Queueing time: mean = 43.862 us, max = 769.620 us, min = 3.896 us, total = 13.159 ms
[state-dump] 	MemoryMonitor.CheckIsMemoryUsageAboveThreshold - 240 total (1 active), Execution time: mean = 309.932 us, total = 74.384 ms, Queueing time: mean = 43.190 us, max = 141.601 us, min = -0.000 s, total = 10.366 ms
[state-dump] 	NodeManager.deadline_timer.spill_objects_when_over_threshold - 60 total (1 active), Execution time: mean = 2.097 us, total = 125.794 us, Queueing time: mean = 117.255 us, max = 1.132 ms, min = 2.109 us, total = 7.035 ms
[state-dump] 	NodeManagerService.grpc_server.GetResourceLoad.HandleRequestImpl - 60 total (0 active), Execution time: mean = 94.283 us, total = 5.657 ms, Queueing time: mean = 67.114 us, max = 2.692 ms, min = 6.033 us, total = 4.027 ms
[state-dump] 	NodeManager.ScheduleAndDispatchTasks - 60 total (1 active), Execution time: mean = 11.791 us, total = 707.478 us, Queueing time: mean = 35.799 us, max = 125.437 us, min = 4.736 us, total = 2.148 ms
[state-dump] 	NodeManager.deadline_timer.flush_free_objects - 60 total (1 active), Execution time: mean = 7.669 us, total = 460.152 us, Queueing time: mean = 113.168 us, max = 1.137 ms, min = 4.294 us, total = 6.790 ms
[state-dump] 	NodeManagerService.grpc_server.GetResourceLoad - 60 total (0 active), Execution time: mean = 328.851 us, total = 19.731 ms, Queueing time: mean = 0.000 s, max = -0.000 s, min = 9223372036.855 s, total = 0.000 s
[state-dump] 	ClusterResourceManager.ResetRemoteNodeView - 21 total (1 active), Execution time: mean = 6.629 us, total = 139.209 us, Queueing time: mean = 35.878 us, max = 115.125 us, min = 13.629 us, total = 753.443 us
[state-dump] 	ClientConnection.async_write.DoAsyncWrites - 13 total (0 active), Execution time: mean = 918.385 ns, total = 11.939 us, Queueing time: mean = 29.474 us, max = 76.414 us, min = 8.110 us, total = 383.167 us
[state-dump] 	NodeManagerService.grpc_server.GetSystemConfig.HandleRequestImpl - 13 total (0 active), Execution time: mean = 42.995 us, total = 558.933 us, Queueing time: mean = 125.753 us, max = 1.201 ms, min = 9.196 us, total = 1.635 ms
[state-dump] 	ObjectManager.ObjectAdded - 13 total (0 active), Execution time: mean = 14.605 us, total = 189.864 us, Queueing time: mean = 21.771 us, max = 68.132 us, min = 5.630 us, total = 283.029 us
[state-dump] 	NodeManagerService.grpc_server.GetSystemConfig - 13 total (0 active), Execution time: mean = 510.952 us, total = 6.642 ms, Queueing time: mean = 0.000 s, max = -0.000 s, min = 9223372036.855 s, total = 0.000 s
[state-dump] 	PeriodicalRunner.RunFnPeriodically - 13 total (0 active), Execution time: mean = 143.141 us, total = 1.861 ms, Queueing time: mean = 3.228 ms, max = 11.129 ms, min = 24.258 us, total = 41.967 ms
[state-dump] 	ObjectManager.ObjectDeleted - 13 total (0 active), Execution time: mean = 18.753 us, total = 243.788 us, Queueing time: mean = 37.882 us, max = 65.895 us, min = 17.064 us, total = 492.460 us
[state-dump] 	NodeInfoGcsService.grpc_client.CheckAlive.OnReplyReceived - 12 total (0 active), Execution time: mean = 24.794 us, total = 297.533 us, Queueing time: mean = 22.881 us, max = 58.058 us, min = 11.018 us, total = 274.574 us
[state-dump] 	NodeManager.deadline_timer.record_metrics - 12 total (1 active), Execution time: mean = 413.327 us, total = 4.960 ms, Queueing time: mean = 148.220 us, max = 998.998 us, min = 7.333 us, total = 1.779 ms
[state-dump] 	NodeManager.GcsCheckAlive - 12 total (1 active), Execution time: mean = 179.404 us, total = 2.153 ms, Queueing time: mean = 370.228 us, max = 1.251 ms, min = 24.200 us, total = 4.443 ms
[state-dump] 	NodeInfoGcsService.grpc_client.CheckAlive - 12 total (0 active), Execution time: mean = 746.854 us, total = 8.962 ms, Queueing time: mean = 0.000 s, max = -0.000 s, min = 9223372036.855 s, total = 0.000 s
[state-dump] 	NodeManagerService.grpc_server.RequestWorkerLease.HandleRequestImpl - 8 total (0 active), Execution time: mean = 3.873 ms, total = 30.982 ms, Queueing time: mean = 25.603 us, max = 61.615 us, min = 15.409 us, total = 204.822 us
[state-dump] 	NodeManagerService.grpc_server.RequestWorkerLease - 8 total (0 active), Execution time: mean = 449.305 ms, total = 3.594 s, Queueing time: mean = 0.000 s, max = -0.000 s, min = 9223372036.855 s, total = 0.000 s
[state-dump] 	NodeManager.deadline_timer.debug_state_dump - 6 total (1 active), Execution time: mean = 1.015 ms, total = 6.088 ms, Queueing time: mean = 33.775 us, max = 73.454 us, min = 12.827 us, total = 202.647 us
[state-dump] 	InternalPubSubGcsService.grpc_client.GcsSubscriberPoll - 6 total (1 active), Execution time: mean = 1.441 s, total = 8.646 s, Queueing time: mean = 0.000 s, max = -0.000 s, min = 9223372036.855 s, total = 0.000 s
[state-dump] 	RaySyncer.BroadcastMessage - 5 total (0 active), Execution time: mean = 171.411 us, total = 857.057 us, Queueing time: mean = 468.000 ns, max = 620.000 ns, min = 154.000 ns, total = 2.340 us
[state-dump] 	 - 5 total (0 active), Execution time: mean = 670.600 ns, total = 3.353 us, Queueing time: mean = 18.348 us, max = 23.407 us, min = 11.369 us, total = 91.742 us
[state-dump] 	InternalPubSubGcsService.grpc_client.GcsSubscriberPoll.OnReplyReceived - 5 total (0 active), Execution time: mean = 174.811 us, total = 874.054 us, Queueing time: mean = 31.467 us, max = 44.380 us, min = 13.565 us, total = 157.333 us
[state-dump] 	WorkerInfoGcsService.grpc_client.ReportWorkerFailure.OnReplyReceived - 4 total (0 active), Execution time: mean = 40.720 us, total = 162.880 us, Queueing time: mean = 28.541 us, max = 67.812 us, min = 11.508 us, total = 114.163 us
[state-dump] 	Subscriber.HandlePublishedMessage_GCS_WORKER_DELTA_CHANNEL - 4 total (0 active), Execution time: mean = 8.190 us, total = 32.760 us, Queueing time: mean = 147.465 us, max = 200.066 us, min = 93.470 us, total = 589.861 us
[state-dump] 	CoreWorkerService.grpc_client.Exit - 4 total (0 active), Execution time: mean = 2.644 ms, total = 10.577 ms, Queueing time: mean = 0.000 s, max = -0.000 s, min = 9223372036.855 s, total = 0.000 s
[state-dump] 	CoreWorkerService.grpc_client.Exit.OnReplyReceived - 4 total (0 active), Execution time: mean = 46.887 us, total = 187.548 us, Queueing time: mean = 19.278 us, max = 26.552 us, min = 8.604 us, total = 77.113 us
[state-dump] 	WorkerInfoGcsService.grpc_client.ReportWorkerFailure - 4 total (0 active), Execution time: mean = 1.092 ms, total = 4.369 ms, Queueing time: mean = 0.000 s, max = -0.000 s, min = 9223372036.855 s, total = 0.000 s
[state-dump] 	RaySyncerRegister - 2 total (0 active), Execution time: mean = 1.157 us, total = 2.314 us, Queueing time: mean = 172.000 ns, max = 225.000 ns, min = 119.000 ns, total = 344.000 ns
[state-dump] 	InternalPubSubGcsService.grpc_client.GcsSubscriberCommandBatch.OnReplyReceived - 2 total (0 active), Execution time: mean = 72.058 us, total = 144.116 us, Queueing time: mean = 562.132 us, max = 1.032 ms, min = 92.476 us, total = 1.124 ms
[state-dump] 	InternalPubSubGcsService.grpc_client.GcsSubscriberCommandBatch - 2 total (0 active), Execution time: mean = 707.163 us, total = 1.414 ms, Queueing time: mean = 0.000 s, max = -0.000 s, min = 9223372036.855 s, total = 0.000 s
[state-dump] 	JobInfoGcsService.grpc_client.GetAllJobInfo.OnReplyReceived - 1 total (0 active), Execution time: mean = 7.613 us, total = 7.613 us, Queueing time: mean = 6.542 us, max = 6.542 us, min = 6.542 us, total = 6.542 us
[state-dump] 	NodeManager.deadline_timer.print_event_loop_stats - 1 total (1 active, 1 running), Execution time: mean = 0.000 s, total = 0.000 s, Queueing time: mean = 0.000 s, max = -0.000 s, min = 9223372036.855 s, total = 0.000 s
[state-dump] 	NodeInfoGcsService.grpc_client.GetAllNodeInfo.OnReplyReceived - 1 total (0 active), Execution time: mean = 92.877 us, total = 92.877 us, Queueing time: mean = 5.796 us, max = 5.796 us, min = 5.796 us, total = 5.796 us
[state-dump] 	NodeInfoGcsService.grpc_client.RegisterNode.OnReplyReceived - 1 total (0 active), Execution time: mean = 208.950 us, total = 208.950 us, Queueing time: mean = 9.355 us, max = 9.355 us, min = 9.355 us, total = 9.355 us
[state-dump] 	Subscriber.HandlePublishedMessage_GCS_JOB_CHANNEL - 1 total (0 active), Execution time: mean = 75.234 us, total = 75.234 us, Queueing time: mean = 210.159 us, max = 210.159 us, min = 210.159 us, total = 210.159 us
[state-dump] 	NodeInfoGcsService.grpc_client.GetInternalConfig.OnReplyReceived - 1 total (0 active), Execution time: mean = 20.848 ms, total = 20.848 ms, Queueing time: mean = 17.805 us, max = 17.805 us, min = 17.805 us, total = 17.805 us
[state-dump] 	JobInfoGcsService.grpc_client.GetAllJobInfo - 1 total (0 active), Execution time: mean = 523.140 us, total = 523.140 us, Queueing time: mean = 0.000 s, max = -0.000 s, min = 9223372036.855 s, total = 0.000 s
[state-dump] 	NodeInfoGcsService.grpc_client.GetAllNodeInfo - 1 total (0 active), Execution time: mean = 667.578 us, total = 667.578 us, Queueing time: mean = 0.000 s, max = -0.000 s, min = 9223372036.855 s, total = 0.000 s
[state-dump] 	NodeManager.GCTaskFailureReason - 1 total (1 active), Execution time: mean = 0.000 s, total = 0.000 s, Queueing time: mean = 0.000 s, max = -0.000 s, min = 9223372036.855 s, total = 0.000 s
[state-dump] 	NodeInfoGcsService.grpc_client.RegisterNode - 1 total (0 active), Execution time: mean = 1.365 ms, total = 1.365 ms, Queueing time: mean = 0.000 s, max = -0.000 s, min = 9223372036.855 s, total = 0.000 s
[state-dump] 	JobInfoGcsService.grpc_client.AddJob.OnReplyReceived - 1 total (0 active), Execution time: mean = 86.511 us, total = 86.511 us, Queueing time: mean = 18.430 us, max = 18.430 us, min = 18.430 us, total = 18.430 us
[state-dump] 	NodeInfoGcsService.grpc_client.GetInternalConfig - 1 total (0 active), Execution time: mean = 871.389 us, total = 871.389 us, Queueing time: mean = 0.000 s, max = -0.000 s, min = 9223372036.855 s, total = 0.000 s
[state-dump] 	JobInfoGcsService.grpc_client.AddJob - 1 total (0 active), Execution time: mean = 972.726 us, total = 972.726 us, Queueing time: mean = 0.000 s, max = -0.000 s, min = 9223372036.855 s, total = 0.000 s
[state-dump] DebugString() time ms: 1
[state-dump] 
[state-dump] 
[2024-03-15 16:46:44,232 I 3630596 3630624] (raylet) store.cc:561: ========== Plasma store: =================
Current usage: 0 / 73.1404 GB
- num bytes created total: 104
0 pending objects of total size 0MB
- objects spillable: 0
- bytes spillable: 0
- objects unsealed: 0
- bytes unsealed: 0
- objects in use: 0
- bytes in use: 0
- objects evictable: 0
- bytes evictable: 0

- objects created by worker: 0
- bytes created by worker: 0
- objects restored: 0
- bytes restored: 0
- objects received: 0
- bytes received: 0
- objects errored: 0
- bytes errored: 0

[2024-03-15 16:46:44,257 I 3630596 3630596] (raylet) node_manager.cc:537: [state-dump] NodeManager:
[state-dump] Node ID: 2cb61866405fb00b52daf096f005f3122627e204f74fb92736021487
[state-dump] Node name: 172.18.36.110
[state-dump] InitialConfigResources: {node:__internal_head__: 10000, GPU: 10000, accelerator_type:RTX: 10000, CPU: 40000, object_store_memory: 731404148730000, node:172.18.36.110: 10000, memory: 1606609680390000}
[state-dump] ClusterTaskManager:
[state-dump] ========== Node: 2cb61866405fb00b52daf096f005f3122627e204f74fb92736021487 =================
[state-dump] Infeasible queue length: 0
[state-dump] Schedule queue length: 0
[state-dump] Dispatch queue length: 0
[state-dump] num_waiting_for_resource: 0
[state-dump] num_waiting_for_plasma_memory: 0
[state-dump] num_waiting_for_remote_node_resources: 0
[state-dump] num_worker_not_started_by_job_config_not_exist: 0
[state-dump] num_worker_not_started_by_registration_timeout: 0
[state-dump] num_tasks_waiting_for_workers: 0
[state-dump] num_cancelled_tasks: 0
[state-dump] cluster_resource_scheduler state: 
[state-dump] Local id: 643143558085649057 Local resources: {"total":{accelerator_type:RTX: [10000], node:__internal_head__: [10000], memory: [1606609680390000], GPU: [10000], CPU: [40000], object_store_memory: [731404148730000], node:172.18.36.110: [10000]}}, "available": {node:__internal_head__: [10000], memory: [1606609680390000], CPU: [0], object_store_memory: [731404148730000], GPU: [0], node:172.18.36.110: [10000], accelerator_type:RTX: [10000]}}, "labels":{"ray.io/node_id":"2cb61866405fb00b52daf096f005f3122627e204f74fb92736021487",} is_draining: 0 is_idle: 0 Cluster resources: node id: 643143558085649057{"total":{memory: 1606609680390000, node:__internal_head__: 10000, CPU: 40000, object_store_memory: 731404148730000, GPU: 10000, node:172.18.36.110: 10000, accelerator_type:RTX: 10000}}, "available": {node:__internal_head__: 10000, memory: 1606609680390000, object_store_memory: 731404148730000, accelerator_type:RTX: 10000, node:172.18.36.110: 10000}}, "labels":{"ray.io/node_id":"2cb61866405fb00b52daf096f005f3122627e204f74fb92736021487",}, "is_draining": 0} { "placment group locations": [], "node to bundles": []}
[state-dump] Waiting tasks size: 0
[state-dump] Number of executing tasks: 0
[state-dump] Number of pinned task arguments: 0
[state-dump] Number of total spilled tasks: 0
[state-dump] Number of spilled waiting tasks: 0
[state-dump] Number of spilled unschedulable tasks: 0
[state-dump] Resource usage {
[state-dump]     - (language=PYTHON actor_or_task=MatchExtrator.__init__ pid=3631481): {GPU: 10000, CPU: 10000}
[state-dump]     - (language=PYTHON actor_or_task=_QueueActor.__init__ pid=3631479): {}
[state-dump]     - (language=PYTHON actor_or_task=MatchSaver.__init__ pid=3631480): {CPU: 10000}
[state-dump]     - (language=PYTHON actor_or_task=FeatureActor.__init__ pid=3631100): {CPU: 10000}
[state-dump]     - (language=PYTHON actor_or_task=SparseReconActor.__init__ pid=3630979): {CPU: 10000}
[state-dump]     - (language=PYTHON actor_or_task=_QueueActor.__init__ pid=3630976): {}
[state-dump]     - (language=PYTHON actor_or_task=_QueueActor.__init__ pid=3630977): {}
[state-dump]     - (language=PYTHON actor_or_task=_QueueActor.__init__ pid=3630978): {}
[state-dump] }
[state-dump] Running tasks by scheduling class:
[state-dump] ==================================================
[state-dump] 
[state-dump] ClusterResources:
[state-dump] LocalObjectManager:
[state-dump] - num pinned objects: 0
[state-dump] - pinned objects size: 0
[state-dump] - num objects pending restore: 0
[state-dump] - num objects pending spill: 0
[state-dump] - num bytes pending spill: 0
[state-dump] - num bytes currently spilled: 0
[state-dump] - cumulative spill requests: 0
[state-dump] - cumulative restore requests: 0
[state-dump] - spilled objects pending delete: 0
[state-dump] 
[state-dump] ObjectManager:
[state-dump] - num local objects: 0
[state-dump] - num unfulfilled push requests: 0
[state-dump] - num object pull requests: 0
[state-dump] - num chunks received total: 0
[state-dump] - num chunks received failed (all): 0
[state-dump] - num chunks received failed / cancelled: 0
[state-dump] - num chunks received failed / plasma error: 0
[state-dump] Event stats:
[state-dump] Global stats: 0 total (0 active)
[state-dump] Queueing time: mean = -nan s, max = -0.000 s, min = 9223372036.855 s, total = 0.000 s
[state-dump] Execution time:  mean = -nan s, total = 0.000 s
[state-dump] Event stats:
[state-dump] PushManager:
[state-dump] - num pushes in flight: 0
[state-dump] - num chunks in flight: 0
[state-dump] - num chunks remaining: 0
[state-dump] - max chunks allowed: 409
[state-dump] OwnershipBasedObjectDirectory:
[state-dump] - num listeners: 0
[state-dump] - cumulative location updates: 0
[state-dump] - num location updates per second: 0.000
[state-dump] - num location lookups per second: 0.000
[state-dump] - num locations added per second: 0.000
[state-dump] - num locations removed per second: 0.000
[state-dump] BufferPool:
[state-dump] - create buffer state map size: 0
[state-dump] PullManager:
[state-dump] - num bytes available for pulled objects: 73140414873
[state-dump] - num bytes being pulled (all): 0
[state-dump] - num bytes being pulled / pinned: 0
[state-dump] - get request bundles: BundlePullRequestQueue{0 total, 0 active, 0 inactive, 0 unpullable}
[state-dump] - wait request bundles: BundlePullRequestQueue{0 total, 0 active, 0 inactive, 0 unpullable}
[state-dump] - task request bundles: BundlePullRequestQueue{0 total, 0 active, 0 inactive, 0 unpullable}
[state-dump] - first get request bundle: N/A
[state-dump] - first wait request bundle: N/A
[state-dump] - first task request bundle: N/A
[state-dump] - num objects queued: 0
[state-dump] - num objects actively pulled (all): 0
[state-dump] - num objects actively pulled / pinned: 0
[state-dump] - num bundles being pulled: 0
[state-dump] - num pull retries: 0
[state-dump] - max timeout seconds: 0
[state-dump] - max timeout request is already processed. No entry.
[state-dump] 
[state-dump] WorkerPool:
[state-dump] - registered jobs: 1
[state-dump] - process_failed_job_config_missing: 0
[state-dump] - process_failed_rate_limited: 1
[state-dump] - process_failed_pending_registration: 0
[state-dump] - process_failed_runtime_env_setup_failed: 0
[state-dump] - num PYTHON workers: 8
[state-dump] - num PYTHON drivers: 1
[state-dump] - num object spill callbacks queued: 0
[state-dump] - num object restore queued: 0
[state-dump] - num util functions queued: 0
[state-dump] - num JAVA workers: 0
[state-dump] - num JAVA drivers: 0
[state-dump] - num object spill callbacks queued: 0
[state-dump] - num object restore queued: 0
[state-dump] - num util functions queued: 0
[state-dump] - num idle workers: 0
[state-dump] TaskDependencyManager:
[state-dump] - task deps map size: 0
[state-dump] - get req map size: 0
[state-dump] - wait req map size: 0
[state-dump] - local objects map size: 0
[state-dump] WaitManager:
[state-dump] - num active wait requests: 0
[state-dump] Subscriber:
[state-dump] Channel WORKER_REF_REMOVED_CHANNEL
[state-dump] - cumulative subscribe requests: 0
[state-dump] - cumulative unsubscribe requests: 0
[state-dump] - active subscribed publishers: 0
[state-dump] - cumulative published messages: 0
[state-dump] - cumulative processed messages: 0
[state-dump] Channel WORKER_OBJECT_EVICTION
[state-dump] - cumulative subscribe requests: 0
[state-dump] - cumulative unsubscribe requests: 0
[state-dump] - active subscribed publishers: 0
[state-dump] - cumulative published messages: 0
[state-dump] - cumulative processed messages: 0
[state-dump] Channel WORKER_OBJECT_LOCATIONS_CHANNEL
[state-dump] - cumulative subscribe requests: 0
[state-dump] - cumulative unsubscribe requests: 0
[state-dump] - active subscribed publishers: 0
[state-dump] - cumulative published messages: 0
[state-dump] - cumulative processed messages: 0
[state-dump] num async plasma notifications: 0
[state-dump] Remote node managers: 
[state-dump] Event stats:
[state-dump] Global stats: 10726 total (23 active)
[state-dump] Queueing time: mean = 35.625 ms, max = 8.040 s, min = -0.000 s, total = 382.118 s
[state-dump] Execution time:  mean = 1.208 ms, total = 12.959 s
[state-dump] Event stats:
[state-dump] 	ClientConnection.async_read.ProcessMessageHeader - 1503 total (9 active), Execution time: mean = 8.187 us, total = 12.305 ms, Queueing time: mean = 253.993 ms, max = 8.040 s, min = 11.068 us, total = 381.751 s
[state-dump] 	ClientConnection.async_read.ProcessMessage - 1494 total (0 active), Execution time: mean = 26.520 us, total = 39.620 ms, Queueing time: mean = 8.277 us, max = 39.001 us, min = 1.767 us, total = 12.366 ms
[state-dump] 	NodeManager.CheckGC - 1200 total (1 active), Execution time: mean = 2.475 us, total = 2.970 ms, Queueing time: mean = 60.703 us, max = 6.447 ms, min = 5.599 us, total = 72.844 ms
[state-dump] 	RaySyncer.OnDemandBroadcasting - 1200 total (1 active), Execution time: mean = 11.410 us, total = 13.692 ms, Queueing time: mean = 53.177 us, max = 6.440 ms, min = 6.359 us, total = 63.813 ms
[state-dump] 	ObjectManager.UpdateAvailableMemory - 1199 total (0 active), Execution time: mean = 3.142 us, total = 3.768 ms, Queueing time: mean = 15.624 us, max = 281.276 us, min = 2.918 us, total = 18.733 ms
[state-dump] 	NodeManagerService.grpc_server.ReportWorkerBacklog.HandleRequestImpl - 1073 total (0 active), Execution time: mean = 32.558 us, total = 34.935 ms, Queueing time: mean = 37.914 us, max = 2.743 ms, min = 5.234 us, total = 40.682 ms
[state-dump] 	NodeManagerService.grpc_server.ReportWorkerBacklog - 1073 total (0 active), Execution time: mean = 243.175 us, total = 260.927 ms, Queueing time: mean = 0.000 s, max = -0.000 s, min = 9223372036.855 s, total = 0.000 s
[state-dump] 	RayletWorkerPool.deadline_timer.kill_idle_workers - 600 total (1 active), Execution time: mean = 13.262 us, total = 7.957 ms, Queueing time: mean = 46.355 us, max = 769.620 us, min = 3.896 us, total = 27.813 ms
[state-dump] 	MemoryMonitor.CheckIsMemoryUsageAboveThreshold - 480 total (1 active), Execution time: mean = 320.873 us, total = 154.019 ms, Queueing time: mean = 45.551 us, max = 153.760 us, min = -0.000 s, total = 21.865 ms
[state-dump] 	NodeManagerService.grpc_server.GetResourceLoad.HandleRequestImpl - 120 total (0 active), Execution time: mean = 91.226 us, total = 10.947 ms, Queueing time: mean = 51.439 us, max = 2.692 ms, min = 4.267 us, total = 6.173 ms
[state-dump] 	NodeManager.deadline_timer.spill_objects_when_over_threshold - 120 total (1 active), Execution time: mean = 2.155 us, total = 258.634 us, Queueing time: mean = 125.494 us, max = 1.132 ms, min = 2.109 us, total = 15.059 ms
[state-dump] 	NodeManager.ScheduleAndDispatchTasks - 120 total (1 active), Execution time: mean = 12.656 us, total = 1.519 ms, Queueing time: mean = 61.475 us, max = 2.226 ms, min = 4.736 us, total = 7.377 ms
[state-dump] 	NodeManagerService.grpc_server.GetResourceLoad - 120 total (0 active), Execution time: mean = 322.619 us, total = 38.714 ms, Queueing time: mean = 0.000 s, max = -0.000 s, min = 9223372036.855 s, total = 0.000 s
[state-dump] 	NodeManager.deadline_timer.flush_free_objects - 120 total (1 active), Execution time: mean = 7.790 us, total = 934.824 us, Queueing time: mean = 121.485 us, max = 1.137 ms, min = 4.294 us, total = 14.578 ms
[state-dump] 	ClusterResourceManager.ResetRemoteNodeView - 41 total (1 active), Execution time: mean = 6.901 us, total = 282.936 us, Queueing time: mean = 53.248 us, max = 570.332 us, min = 13.629 us, total = 2.183 ms
[state-dump] 	NodeManager.GcsCheckAlive - 24 total (1 active), Execution time: mean = 190.630 us, total = 4.575 ms, Queueing time: mean = 424.969 us, max = 1.251 ms, min = 24.200 us, total = 10.199 ms
[state-dump] 	NodeManager.deadline_timer.record_metrics - 24 total (1 active), Execution time: mean = 441.225 us, total = 10.589 ms, Queueing time: mean = 182.168 us, max = 998.998 us, min = 7.333 us, total = 4.372 ms
[state-dump] 	NodeInfoGcsService.grpc_client.CheckAlive - 24 total (0 active), Execution time: mean = 769.440 us, total = 18.467 ms, Queueing time: mean = 0.000 s, max = -0.000 s, min = 9223372036.855 s, total = 0.000 s
[state-dump] 	NodeInfoGcsService.grpc_client.CheckAlive.OnReplyReceived - 24 total (0 active), Execution time: mean = 27.837 us, total = 668.092 us, Queueing time: mean = 21.041 us, max = 58.058 us, min = 11.018 us, total = 504.996 us
[state-dump] 	ClientConnection.async_write.DoAsyncWrites - 13 total (0 active), Execution time: mean = 918.385 ns, total = 11.939 us, Queueing time: mean = 29.474 us, max = 76.414 us, min = 8.110 us, total = 383.167 us
[state-dump] 	PeriodicalRunner.RunFnPeriodically - 13 total (0 active), Execution time: mean = 143.141 us, total = 1.861 ms, Queueing time: mean = 3.228 ms, max = 11.129 ms, min = 24.258 us, total = 41.967 ms
[state-dump] 	NodeManagerService.grpc_server.GetSystemConfig.HandleRequestImpl - 13 total (0 active), Execution time: mean = 42.995 us, total = 558.933 us, Queueing time: mean = 125.753 us, max = 1.201 ms, min = 9.196 us, total = 1.635 ms
[state-dump] 	ObjectManager.ObjectAdded - 13 total (0 active), Execution time: mean = 14.605 us, total = 189.864 us, Queueing time: mean = 21.771 us, max = 68.132 us, min = 5.630 us, total = 283.029 us
[state-dump] 	NodeManagerService.grpc_server.GetSystemConfig - 13 total (0 active), Execution time: mean = 510.952 us, total = 6.642 ms, Queueing time: mean = 0.000 s, max = -0.000 s, min = 9223372036.855 s, total = 0.000 s
[state-dump] 	ObjectManager.ObjectDeleted - 13 total (0 active), Execution time: mean = 18.753 us, total = 243.788 us, Queueing time: mean = 37.882 us, max = 65.895 us, min = 17.064 us, total = 492.460 us
[state-dump] 	NodeManager.deadline_timer.debug_state_dump - 12 total (1 active), Execution time: mean = 1.185 ms, total = 14.215 ms, Queueing time: mean = 35.588 us, max = 73.454 us, min = 12.827 us, total = 427.052 us
[state-dump] 	NodeManagerService.grpc_server.RequestWorkerLease.HandleRequestImpl - 8 total (0 active), Execution time: mean = 3.873 ms, total = 30.982 ms, Queueing time: mean = 25.603 us, max = 61.615 us, min = 15.409 us, total = 204.822 us
[state-dump] 	NodeManagerService.grpc_server.RequestWorkerLease - 8 total (0 active), Execution time: mean = 449.305 ms, total = 3.594 s, Queueing time: mean = 0.000 s, max = -0.000 s, min = 9223372036.855 s, total = 0.000 s
[state-dump] 	InternalPubSubGcsService.grpc_client.GcsSubscriberPoll - 6 total (1 active), Execution time: mean = 1.441 s, total = 8.646 s, Queueing time: mean = 0.000 s, max = -0.000 s, min = 9223372036.855 s, total = 0.000 s
[state-dump] 	RaySyncer.BroadcastMessage - 5 total (0 active), Execution time: mean = 171.411 us, total = 857.057 us, Queueing time: mean = 468.000 ns, max = 620.000 ns, min = 154.000 ns, total = 2.340 us
[state-dump] 	InternalPubSubGcsService.grpc_client.GcsSubscriberPoll.OnReplyReceived - 5 total (0 active), Execution time: mean = 174.811 us, total = 874.054 us, Queueing time: mean = 31.467 us, max = 44.380 us, min = 13.565 us, total = 157.333 us
[state-dump] 	 - 5 total (0 active), Execution time: mean = 670.600 ns, total = 3.353 us, Queueing time: mean = 18.348 us, max = 23.407 us, min = 11.369 us, total = 91.742 us
[state-dump] 	WorkerInfoGcsService.grpc_client.ReportWorkerFailure.OnReplyReceived - 4 total (0 active), Execution time: mean = 40.720 us, total = 162.880 us, Queueing time: mean = 28.541 us, max = 67.812 us, min = 11.508 us, total = 114.163 us
[state-dump] 	Subscriber.HandlePublishedMessage_GCS_WORKER_DELTA_CHANNEL - 4 total (0 active), Execution time: mean = 8.190 us, total = 32.760 us, Queueing time: mean = 147.465 us, max = 200.066 us, min = 93.470 us, total = 589.861 us
[state-dump] 	CoreWorkerService.grpc_client.Exit.OnReplyReceived - 4 total (0 active), Execution time: mean = 46.887 us, total = 187.548 us, Queueing time: mean = 19.278 us, max = 26.552 us, min = 8.604 us, total = 77.113 us
[state-dump] 	CoreWorkerService.grpc_client.Exit - 4 total (0 active), Execution time: mean = 2.644 ms, total = 10.577 ms, Queueing time: mean = 0.000 s, max = -0.000 s, min = 9223372036.855 s, total = 0.000 s
[state-dump] 	WorkerInfoGcsService.grpc_client.ReportWorkerFailure - 4 total (0 active), Execution time: mean = 1.092 ms, total = 4.369 ms, Queueing time: mean = 0.000 s, max = -0.000 s, min = 9223372036.855 s, total = 0.000 s
[state-dump] 	NodeManager.deadline_timer.print_event_loop_stats - 2 total (1 active, 1 running), Execution time: mean = 1.118 ms, total = 2.236 ms, Queueing time: mean = 7.995 us, max = 15.991 us, min = 15.991 us, total = 15.991 us
[state-dump] 	InternalPubSubGcsService.grpc_client.GcsSubscriberCommandBatch.OnReplyReceived - 2 total (0 active), Execution time: mean = 72.058 us, total = 144.116 us, Queueing time: mean = 562.132 us, max = 1.032 ms, min = 92.476 us, total = 1.124 ms
[state-dump] 	InternalPubSubGcsService.grpc_client.GcsSubscriberCommandBatch - 2 total (0 active), Execution time: mean = 707.163 us, total = 1.414 ms, Queueing time: mean = 0.000 s, max = -0.000 s, min = 9223372036.855 s, total = 0.000 s
[state-dump] 	RaySyncerRegister - 2 total (0 active), Execution time: mean = 1.157 us, total = 2.314 us, Queueing time: mean = 172.000 ns, max = 225.000 ns, min = 119.000 ns, total = 344.000 ns
[state-dump] 	Subscriber.HandlePublishedMessage_GCS_JOB_CHANNEL - 1 total (0 active), Execution time: mean = 75.234 us, total = 75.234 us, Queueing time: mean = 210.159 us, max = 210.159 us, min = 210.159 us, total = 210.159 us
[state-dump] 	NodeInfoGcsService.grpc_client.GetInternalConfig.OnReplyReceived - 1 total (0 active), Execution time: mean = 20.848 ms, total = 20.848 ms, Queueing time: mean = 17.805 us, max = 17.805 us, min = 17.805 us, total = 17.805 us
[state-dump] 	JobInfoGcsService.grpc_client.GetAllJobInfo - 1 total (0 active), Execution time: mean = 523.140 us, total = 523.140 us, Queueing time: mean = 0.000 s, max = -0.000 s, min = 9223372036.855 s, total = 0.000 s
[state-dump] 	NodeInfoGcsService.grpc_client.RegisterNode.OnReplyReceived - 1 total (0 active), Execution time: mean = 208.950 us, total = 208.950 us, Queueing time: mean = 9.355 us, max = 9.355 us, min = 9.355 us, total = 9.355 us
[state-dump] 	NodeInfoGcsService.grpc_client.GetAllNodeInfo.OnReplyReceived - 1 total (0 active), Execution time: mean = 92.877 us, total = 92.877 us, Queueing time: mean = 5.796 us, max = 5.796 us, min = 5.796 us, total = 5.796 us
[state-dump] 	NodeInfoGcsService.grpc_client.GetAllNodeInfo - 1 total (0 active), Execution time: mean = 667.578 us, total = 667.578 us, Queueing time: mean = 0.000 s, max = -0.000 s, min = 9223372036.855 s, total = 0.000 s
[state-dump] 	NodeManager.GCTaskFailureReason - 1 total (1 active), Execution time: mean = 0.000 s, total = 0.000 s, Queueing time: mean = 0.000 s, max = -0.000 s, min = 9223372036.855 s, total = 0.000 s
[state-dump] 	NodeInfoGcsService.grpc_client.RegisterNode - 1 total (0 active), Execution time: mean = 1.365 ms, total = 1.365 ms, Queueing time: mean = 0.000 s, max = -0.000 s, min = 9223372036.855 s, total = 0.000 s
[state-dump] 	JobInfoGcsService.grpc_client.AddJob.OnReplyReceived - 1 total (0 active), Execution time: mean = 86.511 us, total = 86.511 us, Queueing time: mean = 18.430 us, max = 18.430 us, min = 18.430 us, total = 18.430 us
[state-dump] 	NodeInfoGcsService.grpc_client.GetInternalConfig - 1 total (0 active), Execution time: mean = 871.389 us, total = 871.389 us, Queueing time: mean = 0.000 s, max = -0.000 s, min = 9223372036.855 s, total = 0.000 s
[state-dump] 	JobInfoGcsService.grpc_client.GetAllJobInfo.OnReplyReceived - 1 total (0 active), Execution time: mean = 7.613 us, total = 7.613 us, Queueing time: mean = 6.542 us, max = 6.542 us, min = 6.542 us, total = 6.542 us
[state-dump] 	JobInfoGcsService.grpc_client.AddJob - 1 total (0 active), Execution time: mean = 972.726 us, total = 972.726 us, Queueing time: mean = 0.000 s, max = -0.000 s, min = 9223372036.855 s, total = 0.000 s
[state-dump] DebugString() time ms: 1
[state-dump] 
[state-dump] 
[2024-03-15 16:47:31,102 I 3630596 3630596] (raylet) node_manager.cc:1444: NodeManager::DisconnectClient, disconnect_type=1, has creation task exception = false
[2024-03-15 16:47:31,258 I 3630596 3630596] (raylet) node_manager.cc:1444: NodeManager::DisconnectClient, disconnect_type=1, has creation task exception = false
[2024-03-15 16:47:31,485 I 3630596 3630596] (raylet) node_manager.cc:1444: NodeManager::DisconnectClient, disconnect_type=1, has creation task exception = false
[2024-03-15 16:47:44,233 I 3630596 3630624] (raylet) store.cc:561: ========== Plasma store: =================
Current usage: 0 / 73.1404 GB
- num bytes created total: 104
0 pending objects of total size 0MB
- objects spillable: 0
- bytes spillable: 0
- objects unsealed: 0
- bytes unsealed: 0
- objects in use: 0
- bytes in use: 0
- objects evictable: 0
- bytes evictable: 0

- objects created by worker: 0
- bytes created by worker: 0
- objects restored: 0
- bytes restored: 0
- objects received: 0
- bytes received: 0
- objects errored: 0
- bytes errored: 0

[2024-03-15 16:47:44,258 I 3630596 3630596] (raylet) node_manager.cc:537: [state-dump] NodeManager:
[state-dump] Node ID: 2cb61866405fb00b52daf096f005f3122627e204f74fb92736021487
[state-dump] Node name: 172.18.36.110
[state-dump] InitialConfigResources: {node:__internal_head__: 10000, GPU: 10000, accelerator_type:RTX: 10000, CPU: 40000, object_store_memory: 731404148730000, node:172.18.36.110: 10000, memory: 1606609680390000}
[state-dump] ClusterTaskManager:
[state-dump] ========== Node: 2cb61866405fb00b52daf096f005f3122627e204f74fb92736021487 =================
[state-dump] Infeasible queue length: 0
[state-dump] Schedule queue length: 0
[state-dump] Dispatch queue length: 0
[state-dump] num_waiting_for_resource: 0
[state-dump] num_waiting_for_plasma_memory: 0
[state-dump] num_waiting_for_remote_node_resources: 0
[state-dump] num_worker_not_started_by_job_config_not_exist: 0
[state-dump] num_worker_not_started_by_registration_timeout: 0
[state-dump] num_tasks_waiting_for_workers: 0
[state-dump] num_cancelled_tasks: 0
[state-dump] cluster_resource_scheduler state: 
[state-dump] Local id: 643143558085649057 Local resources: {"total":{accelerator_type:RTX: [10000], node:__internal_head__: [10000], memory: [1606609680390000], GPU: [10000], CPU: [40000], object_store_memory: [731404148730000], node:172.18.36.110: [10000]}}, "available": {node:__internal_head__: [10000], memory: [1606609680390000], CPU: [20000], object_store_memory: [731404148730000], GPU: [10000], node:172.18.36.110: [10000], accelerator_type:RTX: [10000]}}, "labels":{"ray.io/node_id":"2cb61866405fb00b52daf096f005f3122627e204f74fb92736021487",} is_draining: 0 is_idle: 0 Cluster resources: node id: 643143558085649057{"total":{node:__internal_head__: 10000, node:172.18.36.110: 10000, memory: 1606609680390000, GPU: 10000, accelerator_type:RTX: 10000, CPU: 40000, object_store_memory: 731404148730000}}, "available": {GPU: 10000, node:172.18.36.110: 10000, object_store_memory: 731404148730000, node:__internal_head__: 10000, memory: 1606609680390000, accelerator_type:RTX: 10000, CPU: 20000}}, "labels":{"ray.io/node_id":"2cb61866405fb00b52daf096f005f3122627e204f74fb92736021487",}, "is_draining": 0} { "placment group locations": [], "node to bundles": []}
[state-dump] Waiting tasks size: 0
[state-dump] Number of executing tasks: 0
[state-dump] Number of pinned task arguments: 0
[state-dump] Number of total spilled tasks: 0
[state-dump] Number of spilled waiting tasks: 0
[state-dump] Number of spilled unschedulable tasks: 0
[state-dump] Resource usage {
[state-dump]     - (language=PYTHON actor_or_task=FeatureActor.__init__ pid=3631100): {CPU: 10000}
[state-dump]     - (language=PYTHON actor_or_task=SparseReconActor.__init__ pid=3630979): {CPU: 10000}
[state-dump]     - (language=PYTHON actor_or_task=_QueueActor.__init__ pid=3630976): {}
[state-dump]     - (language=PYTHON actor_or_task=_QueueActor.__init__ pid=3630977): {}
[state-dump]     - (language=PYTHON actor_or_task=_QueueActor.__init__ pid=3630978): {}
[state-dump] }
[state-dump] Running tasks by scheduling class:
[state-dump] ==================================================
[state-dump] 
[state-dump] ClusterResources:
[state-dump] LocalObjectManager:
[state-dump] - num pinned objects: 0
[state-dump] - pinned objects size: 0
[state-dump] - num objects pending restore: 0
[state-dump] - num objects pending spill: 0
[state-dump] - num bytes pending spill: 0
[state-dump] - num bytes currently spilled: 0
[state-dump] - cumulative spill requests: 0
[state-dump] - cumulative restore requests: 0
[state-dump] - spilled objects pending delete: 0
[state-dump] 
[state-dump] ObjectManager:
[state-dump] - num local objects: 0
[state-dump] - num unfulfilled push requests: 0
[state-dump] - num object pull requests: 0
[state-dump] - num chunks received total: 0
[state-dump] - num chunks received failed (all): 0
[state-dump] - num chunks received failed / cancelled: 0
[state-dump] - num chunks received failed / plasma error: 0
[state-dump] Event stats:
[state-dump] Global stats: 0 total (0 active)
[state-dump] Queueing time: mean = -nan s, max = -0.000 s, min = 9223372036.855 s, total = 0.000 s
[state-dump] Execution time:  mean = -nan s, total = 0.000 s
[state-dump] Event stats:
[state-dump] PushManager:
[state-dump] - num pushes in flight: 0
[state-dump] - num chunks in flight: 0
[state-dump] - num chunks remaining: 0
[state-dump] - max chunks allowed: 409
[state-dump] OwnershipBasedObjectDirectory:
[state-dump] - num listeners: 0
[state-dump] - cumulative location updates: 0
[state-dump] - num location updates per second: 0.000
[state-dump] - num location lookups per second: 0.000
[state-dump] - num locations added per second: 0.000
[state-dump] - num locations removed per second: 0.000
[state-dump] BufferPool:
[state-dump] - create buffer state map size: 0
[state-dump] PullManager:
[state-dump] - num bytes available for pulled objects: 73140414873
[state-dump] - num bytes being pulled (all): 0
[state-dump] - num bytes being pulled / pinned: 0
[state-dump] - get request bundles: BundlePullRequestQueue{0 total, 0 active, 0 inactive, 0 unpullable}
[state-dump] - wait request bundles: BundlePullRequestQueue{0 total, 0 active, 0 inactive, 0 unpullable}
[state-dump] - task request bundles: BundlePullRequestQueue{0 total, 0 active, 0 inactive, 0 unpullable}
[state-dump] - first get request bundle: N/A
[state-dump] - first wait request bundle: N/A
[state-dump] - first task request bundle: N/A
[state-dump] - num objects queued: 0
[state-dump] - num objects actively pulled (all): 0
[state-dump] - num objects actively pulled / pinned: 0
[state-dump] - num bundles being pulled: 0
[state-dump] - num pull retries: 0
[state-dump] - max timeout seconds: 0
[state-dump] - max timeout request is already processed. No entry.
[state-dump] 
[state-dump] WorkerPool:
[state-dump] - registered jobs: 1
[state-dump] - process_failed_job_config_missing: 0
[state-dump] - process_failed_rate_limited: 1
[state-dump] - process_failed_pending_registration: 0
[state-dump] - process_failed_runtime_env_setup_failed: 0
[state-dump] - num PYTHON workers: 5
[state-dump] - num PYTHON drivers: 1
[state-dump] - num object spill callbacks queued: 0
[state-dump] - num object restore queued: 0
[state-dump] - num util functions queued: 0
[state-dump] - num JAVA workers: 0
[state-dump] - num JAVA drivers: 0
[state-dump] - num object spill callbacks queued: 0
[state-dump] - num object restore queued: 0
[state-dump] - num util functions queued: 0
[state-dump] - num idle workers: 0
[state-dump] TaskDependencyManager:
[state-dump] - task deps map size: 0
[state-dump] - get req map size: 0
[state-dump] - wait req map size: 0
[state-dump] - local objects map size: 0
[state-dump] WaitManager:
[state-dump] - num active wait requests: 0
[state-dump] Subscriber:
[state-dump] Channel WORKER_REF_REMOVED_CHANNEL
[state-dump] - cumulative subscribe requests: 0
[state-dump] - cumulative unsubscribe requests: 0
[state-dump] - active subscribed publishers: 0
[state-dump] - cumulative published messages: 0
[state-dump] - cumulative processed messages: 0
[state-dump] Channel WORKER_OBJECT_EVICTION
[state-dump] - cumulative subscribe requests: 0
[state-dump] - cumulative unsubscribe requests: 0
[state-dump] - active subscribed publishers: 0
[state-dump] - cumulative published messages: 0
[state-dump] - cumulative processed messages: 0
[state-dump] Channel WORKER_OBJECT_LOCATIONS_CHANNEL
[state-dump] - cumulative subscribe requests: 0
[state-dump] - cumulative unsubscribe requests: 0
[state-dump] - active subscribed publishers: 0
[state-dump] - cumulative published messages: 0
[state-dump] - cumulative processed messages: 0
[state-dump] num async plasma notifications: 0
[state-dump] Remote node managers: 
[state-dump] Event stats:
[state-dump] Global stats: 15747 total (20 active)
[state-dump] Queueing time: mean = 75.136 ms, max = 167.554 s, min = -0.000 s, total = 1183.170 s
[state-dump] Execution time:  mean = 10.913 ms, total = 171.842 s
[state-dump] Event stats:
[state-dump] 	ClientConnection.async_read.ProcessMessageHeader - 2147 total (6 active), Execution time: mean = 8.030 us, total = 17.240 ms, Queueing time: mean = 550.815 ms, max = 167.554 s, min = 11.068 us, total = 1182.600 s
[state-dump] 	ClientConnection.async_read.ProcessMessage - 2141 total (0 active), Execution time: mean = 21.528 us, total = 46.090 ms, Queueing time: mean = 8.157 us, max = 39.001 us, min = 1.619 us, total = 17.465 ms
[state-dump] 	NodeManager.CheckGC - 1799 total (1 active), Execution time: mean = 2.405 us, total = 4.326 ms, Queueing time: mean = 69.251 us, max = 6.447 ms, min = 3.647 us, total = 124.583 ms
[state-dump] 	RaySyncer.OnDemandBroadcasting - 1799 total (1 active), Execution time: mean = 10.677 us, total = 19.207 ms, Queueing time: mean = 62.146 us, max = 6.440 ms, min = 6.359 us, total = 111.801 ms
[state-dump] 	ObjectManager.UpdateAvailableMemory - 1798 total (0 active), Execution time: mean = 3.025 us, total = 5.439 ms, Queueing time: mean = 15.425 us, max = 777.140 us, min = 2.519 us, total = 27.734 ms
[state-dump] 	NodeManagerService.grpc_server.ReportWorkerBacklog.HandleRequestImpl - 1573 total (0 active), Execution time: mean = 32.394 us, total = 50.955 ms, Queueing time: mean = 38.169 us, max = 2.743 ms, min = 5.234 us, total = 60.041 ms
[state-dump] 	NodeManagerService.grpc_server.ReportWorkerBacklog - 1573 total (0 active), Execution time: mean = 246.744 us, total = 388.128 ms, Queueing time: mean = 0.000 s, max = -0.000 s, min = 9223372036.855 s, total = 0.000 s
[state-dump] 	RayletWorkerPool.deadline_timer.kill_idle_workers - 900 total (1 active), Execution time: mean = 12.109 us, total = 10.898 ms, Queueing time: mean = 54.061 us, max = 4.838 ms, min = 3.896 us, total = 48.655 ms
[state-dump] 	MemoryMonitor.CheckIsMemoryUsageAboveThreshold - 719 total (1 active), Execution time: mean = 319.730 us, total = 229.886 ms, Queueing time: mean = 54.569 us, max = 5.739 ms, min = -0.000 s, total = 39.235 ms
[state-dump] 	NodeManagerService.grpc_server.GetResourceLoad.HandleRequestImpl - 180 total (0 active), Execution time: mean = 87.267 us, total = 15.708 ms, Queueing time: mean = 46.497 us, max = 2.692 ms, min = 2.901 us, total = 8.370 ms
[state-dump] 	NodeManager.deadline_timer.spill_objects_when_over_threshold - 180 total (1 active), Execution time: mean = 2.158 us, total = 388.477 us, Queueing time: mean = 128.265 us, max = 1.132 ms, min = 2.109 us, total = 23.088 ms
[state-dump] 	NodeManager.ScheduleAndDispatchTasks - 180 total (1 active), Execution time: mean = 12.485 us, total = 2.247 ms, Queueing time: mean = 58.028 us, max = 2.226 ms, min = 4.736 us, total = 10.445 ms
[state-dump] 	NodeManagerService.grpc_server.GetResourceLoad - 180 total (0 active), Execution time: mean = 315.304 us, total = 56.755 ms, Queueing time: mean = 0.000 s, max = -0.000 s, min = 9223372036.855 s, total = 0.000 s
[state-dump] 	NodeManager.deadline_timer.flush_free_objects - 180 total (1 active), Execution time: mean = 7.672 us, total = 1.381 ms, Queueing time: mean = 124.332 us, max = 1.137 ms, min = 4.294 us, total = 22.380 ms
[state-dump] 	ClusterResourceManager.ResetRemoteNodeView - 61 total (1 active), Execution time: mean = 7.007 us, total = 427.406 us, Queueing time: mean = 54.106 us, max = 570.332 us, min = 6.291 us, total = 3.300 ms
[state-dump] 	NodeManager.GcsCheckAlive - 36 total (1 active), Execution time: mean = 198.103 us, total = 7.132 ms, Queueing time: mean = 437.008 us, max = 1.251 ms, min = 9.324 us, total = 15.732 ms
[state-dump] 	NodeManager.deadline_timer.record_metrics - 36 total (1 active), Execution time: mean = 433.673 us, total = 15.612 ms, Queueing time: mean = 204.642 us, max = 998.998 us, min = 7.333 us, total = 7.367 ms
[state-dump] 	NodeInfoGcsService.grpc_client.CheckAlive - 36 total (0 active), Execution time: mean = 779.490 us, total = 28.062 ms, Queueing time: mean = 0.000 s, max = -0.000 s, min = 9223372036.855 s, total = 0.000 s
[state-dump] 	NodeInfoGcsService.grpc_client.CheckAlive.OnReplyReceived - 36 total (0 active), Execution time: mean = 31.185 us, total = 1.123 ms, Queueing time: mean = 22.774 us, max = 72.928 us, min = 11.018 us, total = 819.875 us
[state-dump] 	NodeManager.deadline_timer.debug_state_dump - 18 total (1 active), Execution time: mean = 1.183 ms, total = 21.298 ms, Queueing time: mean = 43.706 us, max = 90.675 us, min = 12.827 us, total = 786.704 us
[state-dump] 	ClientConnection.async_write.DoAsyncWrites - 13 total (0 active), Execution time: mean = 918.385 ns, total = 11.939 us, Queueing time: mean = 29.474 us, max = 76.414 us, min = 8.110 us, total = 383.167 us
[state-dump] 	PeriodicalRunner.RunFnPeriodically - 13 total (0 active), Execution time: mean = 143.141 us, total = 1.861 ms, Queueing time: mean = 3.228 ms, max = 11.129 ms, min = 24.258 us, total = 41.967 ms
[state-dump] 	NodeManagerService.grpc_server.GetSystemConfig.HandleRequestImpl - 13 total (0 active), Execution time: mean = 42.995 us, total = 558.933 us, Queueing time: mean = 125.753 us, max = 1.201 ms, min = 9.196 us, total = 1.635 ms
[state-dump] 	ObjectManager.ObjectAdded - 13 total (0 active), Execution time: mean = 14.605 us, total = 189.864 us, Queueing time: mean = 21.771 us, max = 68.132 us, min = 5.630 us, total = 283.029 us
[state-dump] 	NodeManagerService.grpc_server.GetSystemConfig - 13 total (0 active), Execution time: mean = 510.952 us, total = 6.642 ms, Queueing time: mean = 0.000 s, max = -0.000 s, min = 9223372036.855 s, total = 0.000 s
[state-dump] 	ObjectManager.ObjectDeleted - 13 total (0 active), Execution time: mean = 18.753 us, total = 243.788 us, Queueing time: mean = 37.882 us, max = 65.895 us, min = 17.064 us, total = 492.460 us
[state-dump] 	InternalPubSubGcsService.grpc_client.GcsSubscriberPoll - 9 total (1 active), Execution time: mean = 18.582 s, total = 167.234 s, Queueing time: mean = 0.000 s, max = -0.000 s, min = 9223372036.855 s, total = 0.000 s
[state-dump] 	NodeManagerService.grpc_server.RequestWorkerLease.HandleRequestImpl - 8 total (0 active), Execution time: mean = 3.873 ms, total = 30.982 ms, Queueing time: mean = 25.603 us, max = 61.615 us, min = 15.409 us, total = 204.822 us
[state-dump] 	InternalPubSubGcsService.grpc_client.GcsSubscriberPoll.OnReplyReceived - 8 total (0 active), Execution time: mean = 156.558 us, total = 1.252 ms, Queueing time: mean = 27.382 us, max = 44.846 us, min = 7.244 us, total = 219.058 us
[state-dump] 	NodeManagerService.grpc_server.RequestWorkerLease - 8 total (0 active), Execution time: mean = 449.305 ms, total = 3.594 s, Queueing time: mean = 0.000 s, max = -0.000 s, min = 9223372036.855 s, total = 0.000 s
[state-dump] 	Subscriber.HandlePublishedMessage_GCS_WORKER_DELTA_CHANNEL - 7 total (0 active), Execution time: mean = 7.404 us, total = 51.831 us, Queueing time: mean = 133.384 us, max = 200.066 us, min = 88.546 us, total = 933.691 us
[state-dump] 	WorkerInfoGcsService.grpc_client.ReportWorkerFailure.OnReplyReceived - 7 total (0 active), Execution time: mean = 39.219 us, total = 274.535 us, Queueing time: mean = 22.656 us, max = 67.812 us, min = 11.508 us, total = 158.594 us
[state-dump] 	RaySyncer.BroadcastMessage - 7 total (0 active), Execution time: mean = 159.173 us, total = 1.114 ms, Queueing time: mean = 514.143 ns, max = 835.000 ns, min = 154.000 ns, total = 3.599 us
[state-dump] 	 - 7 total (0 active), Execution time: mean = 757.714 ns, total = 5.304 us, Queueing time: mean = 18.949 us, max = 26.397 us, min = 11.369 us, total = 132.640 us
[state-dump] 	WorkerInfoGcsService.grpc_client.ReportWorkerFailure - 7 total (0 active), Execution time: mean = 1.016 ms, total = 7.114 ms, Queueing time: mean = 0.000 s, max = -0.000 s, min = 9223372036.855 s, total = 0.000 s
[state-dump] 	CoreWorkerService.grpc_client.Exit.OnReplyReceived - 4 total (0 active), Execution time: mean = 46.887 us, total = 187.548 us, Queueing time: mean = 19.278 us, max = 26.552 us, min = 8.604 us, total = 77.113 us
[state-dump] 	CoreWorkerService.grpc_client.Exit - 4 total (0 active), Execution time: mean = 2.644 ms, total = 10.577 ms, Queueing time: mean = 0.000 s, max = -0.000 s, min = 9223372036.855 s, total = 0.000 s
[state-dump] 	NodeManager.deadline_timer.print_event_loop_stats - 3 total (1 active, 1 running), Execution time: mean = 1.011 ms, total = 3.033 ms, Queueing time: mean = 9.586 us, max = 15.991 us, min = 12.768 us, total = 28.759 us
[state-dump] 	InternalPubSubGcsService.grpc_client.GcsSubscriberCommandBatch.OnReplyReceived - 2 total (0 active), Execution time: mean = 72.058 us, total = 144.116 us, Queueing time: mean = 562.132 us, max = 1.032 ms, min = 92.476 us, total = 1.124 ms
[state-dump] 	InternalPubSubGcsService.grpc_client.GcsSubscriberCommandBatch - 2 total (0 active), Execution time: mean = 707.163 us, total = 1.414 ms, Queueing time: mean = 0.000 s, max = -0.000 s, min = 9223372036.855 s, total = 0.000 s
[state-dump] 	RaySyncerRegister - 2 total (0 active), Execution time: mean = 1.157 us, total = 2.314 us, Queueing time: mean = 172.000 ns, max = 225.000 ns, min = 119.000 ns, total = 344.000 ns
[state-dump] 	Subscriber.HandlePublishedMessage_GCS_JOB_CHANNEL - 1 total (0 active), Execution time: mean = 75.234 us, total = 75.234 us, Queueing time: mean = 210.159 us, max = 210.159 us, min = 210.159 us, total = 210.159 us
[state-dump] 	NodeInfoGcsService.grpc_client.GetInternalConfig.OnReplyReceived - 1 total (0 active), Execution time: mean = 20.848 ms, total = 20.848 ms, Queueing time: mean = 17.805 us, max = 17.805 us, min = 17.805 us, total = 17.805 us
[state-dump] 	JobInfoGcsService.grpc_client.GetAllJobInfo - 1 total (0 active), Execution time: mean = 523.140 us, total = 523.140 us, Queueing time: mean = 0.000 s, max = -0.000 s, min = 9223372036.855 s, total = 0.000 s
[state-dump] 	NodeInfoGcsService.grpc_client.RegisterNode.OnReplyReceived - 1 total (0 active), Execution time: mean = 208.950 us, total = 208.950 us, Queueing time: mean = 9.355 us, max = 9.355 us, min = 9.355 us, total = 9.355 us
[state-dump] 	NodeInfoGcsService.grpc_client.GetAllNodeInfo.OnReplyReceived - 1 total (0 active), Execution time: mean = 92.877 us, total = 92.877 us, Queueing time: mean = 5.796 us, max = 5.796 us, min = 5.796 us, total = 5.796 us
[state-dump] 	NodeInfoGcsService.grpc_client.GetAllNodeInfo - 1 total (0 active), Execution time: mean = 667.578 us, total = 667.578 us, Queueing time: mean = 0.000 s, max = -0.000 s, min = 9223372036.855 s, total = 0.000 s
[state-dump] 	NodeManager.GCTaskFailureReason - 1 total (1 active), Execution time: mean = 0.000 s, total = 0.000 s, Queueing time: mean = 0.000 s, max = -0.000 s, min = 9223372036.855 s, total = 0.000 s
[state-dump] 	NodeInfoGcsService.grpc_client.RegisterNode - 1 total (0 active), Execution time: mean = 1.365 ms, total = 1.365 ms, Queueing time: mean = 0.000 s, max = -0.000 s, min = 9223372036.855 s, total = 0.000 s
[state-dump] 	JobInfoGcsService.grpc_client.AddJob.OnReplyReceived - 1 total (0 active), Execution time: mean = 86.511 us, total = 86.511 us, Queueing time: mean = 18.430 us, max = 18.430 us, min = 18.430 us, total = 18.430 us
[state-dump] 	NodeInfoGcsService.grpc_client.GetInternalConfig - 1 total (0 active), Execution time: mean = 871.389 us, total = 871.389 us, Queueing time: mean = 0.000 s, max = -0.000 s, min = 9223372036.855 s, total = 0.000 s
[state-dump] 	JobInfoGcsService.grpc_client.GetAllJobInfo.OnReplyReceived - 1 total (0 active), Execution time: mean = 7.613 us, total = 7.613 us, Queueing time: mean = 6.542 us, max = 6.542 us, min = 6.542 us, total = 6.542 us
[state-dump] 	JobInfoGcsService.grpc_client.AddJob - 1 total (0 active), Execution time: mean = 972.726 us, total = 972.726 us, Queueing time: mean = 0.000 s, max = -0.000 s, min = 9223372036.855 s, total = 0.000 s
[state-dump] DebugString() time ms: 1
[state-dump] 
[state-dump] 
[2024-03-15 16:48:14,151 I 3630596 3630596] (raylet) node_manager.cc:1444: NodeManager::DisconnectClient, disconnect_type=3, has creation task exception = false
[2024-03-15 16:48:14,152 I 3630596 3630596] (raylet) node_manager.cc:1549: Driver (pid=3625610) is disconnected. job_id: 01000000
[2024-03-15 16:48:14,157 I 3630596 3630596] (raylet) node_manager.cc:1090: The leased worker 09af0cc12567c8fe6c793550c735d52bdb40c948698568be3a468c2d is killed because the owner process 01000000ffffffffffffffffffffffffffffffffffffffffffffffff died.
[2024-03-15 16:48:14,157 I 3630596 3630596] (raylet) node_manager.cc:1090: The leased worker f27a97d5fbe29aca3a1ba63a34d1f150e51a1f579e861813c80e6b86 is killed because the owner process 01000000ffffffffffffffffffffffffffffffffffffffffffffffff died.
[2024-03-15 16:48:14,157 I 3630596 3630596] (raylet) node_manager.cc:1090: The leased worker f6eaed19e5fd3136bb7f9f1f16d9c2a1ea9ff94644c1ad2fc3bb2819 is killed because the owner process 01000000ffffffffffffffffffffffffffffffffffffffffffffffff died.
[2024-03-15 16:48:14,157 I 3630596 3630596] (raylet) node_manager.cc:1090: The leased worker 6ecbdc77392fba652971ce1df9922fda963685100d8367e35ee8dc46 is killed because the owner process 01000000ffffffffffffffffffffffffffffffffffffffffffffffff died.
[2024-03-15 16:48:14,157 I 3630596 3630596] (raylet) node_manager.cc:1090: The leased worker b6f55062bcacb6747c1602c1340378522fc29255c27d0c53aff20e4c is killed because the owner process 01000000ffffffffffffffffffffffffffffffffffffffffffffffff died.
[2024-03-15 16:48:14,157 I 3630596 3630596] (raylet) node_manager.cc:622: New job has started. Job id 01000000 Driver pid 3625610 is dead: 1 driver address: 172.18.36.110
[2024-03-15 16:48:14,157 I 3630596 3630596] (raylet) worker_pool.cc:681: Job 01000000 already started in worker pool.
[2024-03-15 16:48:14,181 I 3630596 3630596] (raylet) node_manager.cc:1444: NodeManager::DisconnectClient, disconnect_type=1, has creation task exception = false
[2024-03-15 16:48:14,182 I 3630596 3630596] (raylet) node_manager.cc:1444: NodeManager::DisconnectClient, disconnect_type=1, has creation task exception = false
[2024-03-15 16:48:14,185 I 3630596 3630596] (raylet) node_manager.cc:1444: NodeManager::DisconnectClient, disconnect_type=1, has creation task exception = false
[2024-03-15 16:48:14,186 I 3630596 3630596] (raylet) node_manager.cc:1444: NodeManager::DisconnectClient, disconnect_type=1, has creation task exception = false
[2024-03-15 16:48:14,188 I 3630596 3630596] (raylet) node_manager.cc:1444: NodeManager::DisconnectClient, disconnect_type=1, has creation task exception = false
[2024-03-15 16:48:14,229 I 3630596 3630596] (raylet) main.cc:372: Raylet received SIGTERM, shutting down...
[2024-03-15 16:48:14,229 I 3630596 3630596] (raylet) accessor.cc:451: Unregistering node info, node id = 2cb61866405fb00b52daf096f005f3122627e204f74fb92736021487
[2024-03-15 16:48:14,230 I 3630596 3630596] (raylet) agent_manager.cc:109: Killing agent dashboard_agent/424238335, pid 3630651.
[2024-03-15 16:48:14,240 I 3630596 3630652] (raylet) agent_manager.cc:80: Agent process with name dashboard_agent/424238335 exited, exit code 0.
[2024-03-15 16:48:14,240 I 3630596 3630596] (raylet) agent_manager.cc:109: Killing agent runtime_env_agent, pid 3630653.
[2024-03-15 16:48:14,246 I 3630596 3630654] (raylet) agent_manager.cc:80: Agent process with name runtime_env_agent exited, exit code 0.
[2024-03-15 16:48:14,247 I 3630596 3630596] (raylet) io_service_pool.cc:47: IOServicePool is stopped.
[2024-03-15 16:48:14,340 I 3630596 3630596] (raylet) stats.h:136: Stats module has shutdown.
