[2024-03-15 16:42:54,999 I 3626336 3626336] (raylet) main.cc:174: Setting cluster ID to: e01497002ab7db3bf3b0b4e46963de3c34794ecdf3119dd9c68797dc
[2024-03-15 16:42:55,002 I 3626336 3626336] (raylet) io_service_pool.cc:35: IOServicePool is running with 1 io_service.
[2024-03-15 16:42:55,002 I 3626336 3626336] (raylet) store_runner.cc:32: Allowing the Plasma store to use up to 74.1885GB of memory.
[2024-03-15 16:42:55,002 I 3626336 3626336] (raylet) store_runner.cc:48: Starting object store with directory /dev/shm, fallback /hhd2/home/lzl_dir/recon/AutoRecon/tmp/ray, and huge page support disabled
[2024-03-15 16:42:55,002 I 3626336 3626364] (raylet) dlmalloc.cc:154: create_and_mmap_buffer(74188587016, /dev/shm/plasmaXXXXXX)
[2024-03-15 16:42:55,003 I 3626336 3626364] (raylet) store.cc:561: ========== Plasma store: =================
Current usage: 0 / 74.1885 GB
- num bytes created total: 0
0 pending objects of total size 0MB
- objects spillable: 0
- bytes spillable: 0
- objects unsealed: 0
- bytes unsealed: 0
- objects in use: 0
- bytes in use: 0
- objects evictable: 0
- bytes evictable: 0

- objects created by worker: 0
- bytes created by worker: 0
- objects restored: 0
- bytes restored: 0
- objects received: 0
- bytes received: 0
- objects errored: 0
- bytes errored: 0

[2024-03-15 16:42:55,004 I 3626336 3626336] (raylet) grpc_server.cc:129: ObjectManager server started, listening on port 43531.
[2024-03-15 16:42:55,006 I 3626336 3626336] (raylet) worker_killing_policy.cc:101: Running GroupByOwner policy.
[2024-03-15 16:42:55,006 I 3626336 3626336] (raylet) memory_monitor.cc:47: MemoryMonitor initialized with usage threshold at 513649541120 bytes (0.95 system memory), total system memory bytes: 540683730944
[2024-03-15 16:42:55,006 I 3626336 3626336] (raylet) node_manager.cc:319: Initializing NodeManager with ID 4648fc95c04078cc16e08278b3aedf7c6297834b6e4ef9e5c3b58f52
[2024-03-15 16:42:55,007 I 3626336 3626336] (raylet) grpc_server.cc:129: NodeManager server started, listening on port 33987.
[2024-03-15 16:42:55,016 I 3626336 3626392] (raylet) agent_manager.cc:78: Monitor agent process with name dashboard_agent/424238335
[2024-03-15 16:42:55,016 I 3626336 3626394] (raylet) agent_manager.cc:78: Monitor agent process with name runtime_env_agent
[2024-03-15 16:42:55,017 I 3626336 3626336] (raylet) event.cc:234: Set ray event level to warning
[2024-03-15 16:42:55,017 I 3626336 3626336] (raylet) event.cc:342: Ray Event initialized for RAYLET
[2024-03-15 16:42:55,018 I 3626336 3626336] (raylet) raylet.cc:129: Raylet of id, 4648fc95c04078cc16e08278b3aedf7c6297834b6e4ef9e5c3b58f52 started. Raylet consists of node_manager and object_manager. node_manager address: 172.18.36.110:33987 object_manager address: 172.18.36.110:43531 hostname: amaxgpu
[2024-03-15 16:42:55,020 I 3626336 3626336] (raylet) node_manager.cc:537: [state-dump] NodeManager:
[state-dump] Node ID: 4648fc95c04078cc16e08278b3aedf7c6297834b6e4ef9e5c3b58f52
[state-dump] Node name: 172.18.36.110
[state-dump] InitialConfigResources: {object_store_memory: 741885014010000, node:__internal_head__: 10000, node:172.18.36.110: 10000, CPU: 40000, accelerator_type:RTX: 10000, memory: 1631065032710000, GPU: 10000}
[state-dump] ClusterTaskManager:
[state-dump] ========== Node: 4648fc95c04078cc16e08278b3aedf7c6297834b6e4ef9e5c3b58f52 =================
[state-dump] Infeasible queue length: 0
[state-dump] Schedule queue length: 0
[state-dump] Dispatch queue length: 0
[state-dump] num_waiting_for_resource: 0
[state-dump] num_waiting_for_plasma_memory: 0
[state-dump] num_waiting_for_remote_node_resources: 0
[state-dump] num_worker_not_started_by_job_config_not_exist: 0
[state-dump] num_worker_not_started_by_registration_timeout: 0
[state-dump] num_tasks_waiting_for_workers: 0
[state-dump] num_cancelled_tasks: 0
[state-dump] cluster_resource_scheduler state: 
[state-dump] Local id: -102020317762356625 Local resources: {"total":{CPU: [40000], GPU: [10000], memory: [1631065032710000], object_store_memory: [741885014010000], accelerator_type:RTX: [10000], node:172.18.36.110: [10000], node:__internal_head__: [10000]}}, "available": {node:__internal_head__: [10000], CPU: [40000], GPU: [10000], object_store_memory: [741885014010000], memory: [1631065032710000], node:172.18.36.110: [10000], accelerator_type:RTX: [10000]}}, "labels":{"ray.io/node_id":"4648fc95c04078cc16e08278b3aedf7c6297834b6e4ef9e5c3b58f52",} is_draining: 0 is_idle: 1 Cluster resources: node id: -102020317762356625{"total":{GPU: 10000, node:172.18.36.110: 10000, node:__internal_head__: 10000, CPU: 40000, object_store_memory: 741885014010000, accelerator_type:RTX: 10000, memory: 1631065032710000}}, "available": {GPU: 10000, node:172.18.36.110: 10000, node:__internal_head__: 10000, CPU: 40000, object_store_memory: 741885014010000, accelerator_type:RTX: 10000, memory: 1631065032710000}}, "labels":{"ray.io/node_id":"4648fc95c04078cc16e08278b3aedf7c6297834b6e4ef9e5c3b58f52",}, "is_draining": 0} { "placment group locations": [], "node to bundles": []}
[state-dump] Waiting tasks size: 0
[state-dump] Number of executing tasks: 0
[state-dump] Number of pinned task arguments: 0
[state-dump] Number of total spilled tasks: 0
[state-dump] Number of spilled waiting tasks: 0
[state-dump] Number of spilled unschedulable tasks: 0
[state-dump] Resource usage {
[state-dump] }
[state-dump] Running tasks by scheduling class:
[state-dump] ==================================================
[state-dump] 
[state-dump] ClusterResources:
[state-dump] LocalObjectManager:
[state-dump] - num pinned objects: 0
[state-dump] - pinned objects size: 0
[state-dump] - num objects pending restore: 0
[state-dump] - num objects pending spill: 0
[state-dump] - num bytes pending spill: 0
[state-dump] - num bytes currently spilled: 0
[state-dump] - cumulative spill requests: 0
[state-dump] - cumulative restore requests: 0
[state-dump] - spilled objects pending delete: 0
[state-dump] 
[state-dump] ObjectManager:
[state-dump] - num local objects: 0
[state-dump] - num unfulfilled push requests: 0
[state-dump] - num object pull requests: 0
[state-dump] - num chunks received total: 0
[state-dump] - num chunks received failed (all): 0
[state-dump] - num chunks received failed / cancelled: 0
[state-dump] - num chunks received failed / plasma error: 0
[state-dump] Event stats:
[state-dump] Global stats: 0 total (0 active)
[state-dump] Queueing time: mean = -nan s, max = -0.000 s, min = 9223372036.855 s, total = 0.000 s
[state-dump] Execution time:  mean = -nan s, total = 0.000 s
[state-dump] Event stats:
[state-dump] PushManager:
[state-dump] - num pushes in flight: 0
[state-dump] - num chunks in flight: 0
[state-dump] - num chunks remaining: 0
[state-dump] - max chunks allowed: 409
[state-dump] OwnershipBasedObjectDirectory:
[state-dump] - num listeners: 0
[state-dump] - cumulative location updates: 0
[state-dump] - num location updates per second: 0.000
[state-dump] - num location lookups per second: 0.000
[state-dump] - num locations added per second: 0.000
[state-dump] - num locations removed per second: 0.000
[state-dump] BufferPool:
[state-dump] - create buffer state map size: 0
[state-dump] PullManager:
[state-dump] - num bytes available for pulled objects: 74188501401
[state-dump] - num bytes being pulled (all): 0
[state-dump] - num bytes being pulled / pinned: 0
[state-dump] - get request bundles: BundlePullRequestQueue{0 total, 0 active, 0 inactive, 0 unpullable}
[state-dump] - wait request bundles: BundlePullRequestQueue{0 total, 0 active, 0 inactive, 0 unpullable}
[state-dump] - task request bundles: BundlePullRequestQueue{0 total, 0 active, 0 inactive, 0 unpullable}
[state-dump] - first get request bundle: N/A
[state-dump] - first wait request bundle: N/A
[state-dump] - first task request bundle: N/A
[state-dump] - num objects queued: 0
[state-dump] - num objects actively pulled (all): 0
[state-dump] - num objects actively pulled / pinned: 0
[state-dump] - num bundles being pulled: 0
[state-dump] - num pull retries: 0
[state-dump] - max timeout seconds: 0
[state-dump] - max timeout request is already processed. No entry.
[state-dump] 
[state-dump] WorkerPool:
[state-dump] - registered jobs: 0
[state-dump] - process_failed_job_config_missing: 0
[state-dump] - process_failed_rate_limited: 0
[state-dump] - process_failed_pending_registration: 0
[state-dump] - process_failed_runtime_env_setup_failed: 0
[state-dump] - num PYTHON workers: 0
[state-dump] - num PYTHON drivers: 0
[state-dump] - num object spill callbacks queued: 0
[state-dump] - num object restore queued: 0
[state-dump] - num util functions queued: 0
[state-dump] - num JAVA workers: 0
[state-dump] - num JAVA drivers: 0
[state-dump] - num object spill callbacks queued: 0
[state-dump] - num object restore queued: 0
[state-dump] - num util functions queued: 0
[state-dump] - num idle workers: 0
[state-dump] TaskDependencyManager:
[state-dump] - task deps map size: 0
[state-dump] - get req map size: 0
[state-dump] - wait req map size: 0
[state-dump] - local objects map size: 0
[state-dump] WaitManager:
[state-dump] - num active wait requests: 0
[state-dump] Subscriber:
[state-dump] Channel WORKER_REF_REMOVED_CHANNEL
[state-dump] - cumulative subscribe requests: 0
[state-dump] - cumulative unsubscribe requests: 0
[state-dump] - active subscribed publishers: 0
[state-dump] - cumulative published messages: 0
[state-dump] - cumulative processed messages: 0
[state-dump] Channel WORKER_OBJECT_LOCATIONS_CHANNEL
[state-dump] - cumulative subscribe requests: 0
[state-dump] - cumulative unsubscribe requests: 0
[state-dump] - active subscribed publishers: 0
[state-dump] - cumulative published messages: 0
[state-dump] - cumulative processed messages: 0
[state-dump] Channel WORKER_OBJECT_EVICTION
[state-dump] - cumulative subscribe requests: 0
[state-dump] - cumulative unsubscribe requests: 0
[state-dump] - active subscribed publishers: 0
[state-dump] - cumulative published messages: 0
[state-dump] - cumulative processed messages: 0
[state-dump] num async plasma notifications: 0
[state-dump] Remote node managers: 
[state-dump] Event stats:
[state-dump] Global stats: 27 total (13 active)
[state-dump] Queueing time: mean = 1.435 ms, max = 11.065 ms, min = 8.021 us, total = 38.746 ms
[state-dump] Execution time:  mean = 756.220 us, total = 20.418 ms
[state-dump] Event stats:
[state-dump] 	PeriodicalRunner.RunFnPeriodically - 11 total (2 active, 1 running), Execution time: mean = 145.953 us, total = 1.605 ms, Queueing time: mean = 3.521 ms, max = 11.065 ms, min = 28.242 us, total = 38.726 ms
[state-dump] 	InternalPubSubGcsService.grpc_client.GcsSubscriberCommandBatch.OnReplyReceived - 1 total (1 active), Execution time: mean = 0.000 s, total = 0.000 s, Queueing time: mean = 0.000 s, max = -0.000 s, min = 9223372036.855 s, total = 0.000 s
[state-dump] 	NodeManager.deadline_timer.debug_state_dump - 1 total (1 active), Execution time: mean = 0.000 s, total = 0.000 s, Queueing time: mean = 0.000 s, max = -0.000 s, min = 9223372036.855 s, total = 0.000 s
[state-dump] 	MemoryMonitor.CheckIsMemoryUsageAboveThreshold - 1 total (1 active), Execution time: mean = 0.000 s, total = 0.000 s, Queueing time: mean = 0.000 s, max = -0.000 s, min = 9223372036.855 s, total = 0.000 s
[state-dump] 	NodeManager.deadline_timer.spill_objects_when_over_threshold - 1 total (1 active), Execution time: mean = 0.000 s, total = 0.000 s, Queueing time: mean = 0.000 s, max = -0.000 s, min = 9223372036.855 s, total = 0.000 s
[state-dump] 	NodeManager.deadline_timer.record_metrics - 1 total (1 active), Execution time: mean = 0.000 s, total = 0.000 s, Queueing time: mean = 0.000 s, max = -0.000 s, min = 9223372036.855 s, total = 0.000 s
[state-dump] 	NodeInfoGcsService.grpc_client.GetInternalConfig - 1 total (0 active), Execution time: mean = 758.952 us, total = 758.952 us, Queueing time: mean = 0.000 s, max = -0.000 s, min = 9223372036.855 s, total = 0.000 s
[state-dump] 	ClusterResourceManager.ResetRemoteNodeView - 1 total (1 active), Execution time: mean = 0.000 s, total = 0.000 s, Queueing time: mean = 0.000 s, max = -0.000 s, min = 9223372036.855 s, total = 0.000 s
[state-dump] 	NodeInfoGcsService.grpc_client.RegisterNode - 1 total (0 active), Execution time: mean = 1.458 ms, total = 1.458 ms, Queueing time: mean = 0.000 s, max = -0.000 s, min = 9223372036.855 s, total = 0.000 s
[state-dump] 	NodeInfoGcsService.grpc_client.GetInternalConfig.OnReplyReceived - 1 total (0 active), Execution time: mean = 15.638 ms, total = 15.638 ms, Queueing time: mean = 8.021 us, max = 8.021 us, min = 8.021 us, total = 8.021 us
[state-dump] 	InternalPubSubGcsService.grpc_client.GcsSubscriberPoll - 1 total (1 active), Execution time: mean = 0.000 s, total = 0.000 s, Queueing time: mean = 0.000 s, max = -0.000 s, min = 9223372036.855 s, total = 0.000 s
[state-dump] 	InternalPubSubGcsService.grpc_client.GcsSubscriberCommandBatch - 1 total (0 active), Execution time: mean = 733.049 us, total = 733.049 us, Queueing time: mean = 0.000 s, max = -0.000 s, min = 9223372036.855 s, total = 0.000 s
[state-dump] 	NodeManager.GCTaskFailureReason - 1 total (1 active), Execution time: mean = 0.000 s, total = 0.000 s, Queueing time: mean = 0.000 s, max = -0.000 s, min = 9223372036.855 s, total = 0.000 s
[state-dump] 	NodeManager.deadline_timer.flush_free_objects - 1 total (1 active), Execution time: mean = 0.000 s, total = 0.000 s, Queueing time: mean = 0.000 s, max = -0.000 s, min = 9223372036.855 s, total = 0.000 s
[state-dump] 	RayletWorkerPool.deadline_timer.kill_idle_workers - 1 total (1 active), Execution time: mean = 0.000 s, total = 0.000 s, Queueing time: mean = 0.000 s, max = -0.000 s, min = 9223372036.855 s, total = 0.000 s
[state-dump] 	NodeManager.ScheduleAndDispatchTasks - 1 total (1 active), Execution time: mean = 0.000 s, total = 0.000 s, Queueing time: mean = 0.000 s, max = -0.000 s, min = 9223372036.855 s, total = 0.000 s
[state-dump] 	NodeInfoGcsService.grpc_client.RegisterNode.OnReplyReceived - 1 total (0 active), Execution time: mean = 224.375 us, total = 224.375 us, Queueing time: mean = 11.404 us, max = 11.404 us, min = 11.404 us, total = 11.404 us
[state-dump] DebugString() time ms: 0
[state-dump] 
[state-dump] 
[2024-03-15 16:42:55,021 I 3626336 3626336] (raylet) accessor.cc:627: Received notification for node id = 4648fc95c04078cc16e08278b3aedf7c6297834b6e4ef9e5c3b58f52, IsAlive = 1
[2024-03-15 16:42:55,158 I 3626336 3626336] (raylet) worker_pool.cc:498: Started worker process with pid 3626431, the token is 0
[2024-03-15 16:42:55,162 I 3626336 3626336] (raylet) worker_pool.cc:498: Started worker process with pid 3626432, the token is 1
[2024-03-15 16:42:55,165 I 3626336 3626336] (raylet) worker_pool.cc:498: Started worker process with pid 3626433, the token is 2
[2024-03-15 16:42:55,167 I 3626336 3626336] (raylet) worker_pool.cc:498: Started worker process with pid 3626434, the token is 3
[2024-03-15 16:42:55,517 I 3626336 3626364] (raylet) object_store.cc:35: Object store current usage 8e-09 / 74.1885 GB.
[2024-03-15 16:42:55,625 I 3626336 3626336] (raylet) node_manager.cc:622: New job has started. Job id 01000000 Driver pid 3625610 is dead: 0 driver address: 172.18.36.110
[2024-03-15 16:42:55,625 I 3626336 3626336] (raylet) worker_pool.cc:681: Job 01000000 already started in worker pool.
[2024-03-15 16:42:55,664 I 3626336 3626336] (raylet) worker_pool.cc:498: Started worker process with pid 3626758, the token is 4
[2024-03-15 16:42:55,675 I 3626336 3626336] (raylet) worker_pool.cc:498: Started worker process with pid 3626761, the token is 5
[2024-03-15 16:42:55,686 I 3626336 3626336] (raylet) worker_pool.cc:498: Started worker process with pid 3626762, the token is 6
[2024-03-15 16:42:55,701 I 3626336 3626336] (raylet) worker_pool.cc:498: Started worker process with pid 3626764, the token is 7
[2024-03-15 16:42:56,053 I 3626336 3626336] (raylet) worker_pool.cc:498: Started worker process with pid 3626885, the token is 8
[2024-03-15 16:42:56,654 I 3626336 3626336] (raylet) node_manager.cc:1444: NodeManager::DisconnectClient, disconnect_type=1, has creation task exception = false
[2024-03-15 16:42:56,855 I 3626336 3626336] (raylet) node_manager.cc:1444: NodeManager::DisconnectClient, disconnect_type=1, has creation task exception = false
[2024-03-15 16:43:05,013 W 3626336 3626358] (raylet) metric_exporter.cc:207: [1] Export metrics to agent failed: GrpcUnavailable: RPC Error message: failed to connect to all addresses; last error: UNKNOWN: ipv4:127.0.0.1:54359: Failed to connect to remote host: Connection refused; RPC Error details: . This won't affect Ray, but you can lose metrics from the cluster.
[2024-03-15 16:43:15,100 I 3626336 3626336] (raylet) worker_pool.cc:498: Started worker process with pid 3628999, the token is 9
[2024-03-15 16:43:15,256 I 3626336 3626336] (raylet) node_manager.cc:1444: NodeManager::DisconnectClient, disconnect_type=1, has creation task exception = false
[2024-03-15 16:43:52,280 I 3626336 3626336] (raylet) node_manager.cc:1444: NodeManager::DisconnectClient, disconnect_type=3, has creation task exception = false
[2024-03-15 16:43:55,003 I 3626336 3626364] (raylet) store.cc:561: ========== Plasma store: =================
Current usage: 0 / 74.1885 GB
- num bytes created total: 88
0 pending objects of total size 0MB
- objects spillable: 0
- bytes spillable: 0
- objects unsealed: 0
- bytes unsealed: 0
- objects in use: 0
- bytes in use: 0
- objects evictable: 0
- bytes evictable: 0

- objects created by worker: 0
- bytes created by worker: 0
- objects restored: 0
- bytes restored: 0
- objects received: 0
- bytes received: 0
- objects errored: 0
- bytes errored: 0

[2024-03-15 16:43:55,022 I 3626336 3626336] (raylet) node_manager.cc:537: [state-dump] NodeManager:
[state-dump] Node ID: 4648fc95c04078cc16e08278b3aedf7c6297834b6e4ef9e5c3b58f52
[state-dump] Node name: 172.18.36.110
[state-dump] InitialConfigResources: {object_store_memory: 741885014010000, node:__internal_head__: 10000, node:172.18.36.110: 10000, CPU: 40000, accelerator_type:RTX: 10000, memory: 1631065032710000, GPU: 10000}
[state-dump] ClusterTaskManager:
[state-dump] ========== Node: 4648fc95c04078cc16e08278b3aedf7c6297834b6e4ef9e5c3b58f52 =================
[state-dump] Infeasible queue length: 0
[state-dump] Schedule queue length: 0
[state-dump] Dispatch queue length: 0
[state-dump] num_waiting_for_resource: 0
[state-dump] num_waiting_for_plasma_memory: 0
[state-dump] num_waiting_for_remote_node_resources: 0
[state-dump] num_worker_not_started_by_job_config_not_exist: 0
[state-dump] num_worker_not_started_by_registration_timeout: 0
[state-dump] num_tasks_waiting_for_workers: 0
[state-dump] num_cancelled_tasks: 0
[state-dump] cluster_resource_scheduler state: 
[state-dump] Local id: -102020317762356625 Local resources: {"total":{CPU: [40000], GPU: [10000], memory: [1631065032710000], object_store_memory: [741885014010000], accelerator_type:RTX: [10000], node:172.18.36.110: [10000], node:__internal_head__: [10000]}}, "available": {node:__internal_head__: [10000], CPU: [20000], GPU: [10000], object_store_memory: [741885014010000], memory: [1631065032710000], node:172.18.36.110: [10000], accelerator_type:RTX: [10000]}}, "labels":{"ray.io/node_id":"4648fc95c04078cc16e08278b3aedf7c6297834b6e4ef9e5c3b58f52",} is_draining: 0 is_idle: 0 Cluster resources: node id: -102020317762356625{"total":{GPU: 10000, CPU: 40000, object_store_memory: 741885014010000, node:172.18.36.110: 10000, memory: 1631065032710000, node:__internal_head__: 10000, accelerator_type:RTX: 10000}}, "available": {GPU: 10000, CPU: 20000, object_store_memory: 741885014010000, node:172.18.36.110: 10000, memory: 1631065032710000, node:__internal_head__: 10000, accelerator_type:RTX: 10000}}, "labels":{"ray.io/node_id":"4648fc95c04078cc16e08278b3aedf7c6297834b6e4ef9e5c3b58f52",}, "is_draining": 0} { "placment group locations": [], "node to bundles": []}
[state-dump] Waiting tasks size: 0
[state-dump] Number of executing tasks: 0
[state-dump] Number of pinned task arguments: 0
[state-dump] Number of total spilled tasks: 0
[state-dump] Number of spilled waiting tasks: 0
[state-dump] Number of spilled unschedulable tasks: 0
[state-dump] Resource usage {
[state-dump]     - (language=PYTHON actor_or_task=FeatureActor.__init__ pid=3626885): {CPU: 10000}
[state-dump]     - (language=PYTHON actor_or_task=_QueueActor.__init__ pid=3626761): {}
[state-dump]     - (language=PYTHON actor_or_task=SparseReconActor.__init__ pid=3626764): {CPU: 10000}
[state-dump]     - (language=PYTHON actor_or_task=_QueueActor.__init__ pid=3626762): {}
[state-dump]     - (language=PYTHON actor_or_task=_QueueActor.__init__ pid=3626758): {}
[state-dump] }
[state-dump] Running tasks by scheduling class:
[state-dump] ==================================================
[state-dump] 
[state-dump] ClusterResources:
[state-dump] LocalObjectManager:
[state-dump] - num pinned objects: 0
[state-dump] - pinned objects size: 0
[state-dump] - num objects pending restore: 0
[state-dump] - num objects pending spill: 0
[state-dump] - num bytes pending spill: 0
[state-dump] - num bytes currently spilled: 0
[state-dump] - cumulative spill requests: 0
[state-dump] - cumulative restore requests: 0
[state-dump] - spilled objects pending delete: 0
[state-dump] 
[state-dump] ObjectManager:
[state-dump] - num local objects: 0
[state-dump] - num unfulfilled push requests: 0
[state-dump] - num object pull requests: 0
[state-dump] - num chunks received total: 0
[state-dump] - num chunks received failed (all): 0
[state-dump] - num chunks received failed / cancelled: 0
[state-dump] - num chunks received failed / plasma error: 0
[state-dump] Event stats:
[state-dump] Global stats: 0 total (0 active)
[state-dump] Queueing time: mean = -nan s, max = -0.000 s, min = 9223372036.855 s, total = 0.000 s
[state-dump] Execution time:  mean = -nan s, total = 0.000 s
[state-dump] Event stats:
[state-dump] PushManager:
[state-dump] - num pushes in flight: 0
[state-dump] - num chunks in flight: 0
[state-dump] - num chunks remaining: 0
[state-dump] - max chunks allowed: 409
[state-dump] OwnershipBasedObjectDirectory:
[state-dump] - num listeners: 0
[state-dump] - cumulative location updates: 0
[state-dump] - num location updates per second: 0.000
[state-dump] - num location lookups per second: 0.000
[state-dump] - num locations added per second: 0.000
[state-dump] - num locations removed per second: 0.000
[state-dump] BufferPool:
[state-dump] - create buffer state map size: 0
[state-dump] PullManager:
[state-dump] - num bytes available for pulled objects: 74188501401
[state-dump] - num bytes being pulled (all): 0
[state-dump] - num bytes being pulled / pinned: 0
[state-dump] - get request bundles: BundlePullRequestQueue{0 total, 0 active, 0 inactive, 0 unpullable}
[state-dump] - wait request bundles: BundlePullRequestQueue{0 total, 0 active, 0 inactive, 0 unpullable}
[state-dump] - task request bundles: BundlePullRequestQueue{0 total, 0 active, 0 inactive, 0 unpullable}
[state-dump] - first get request bundle: N/A
[state-dump] - first wait request bundle: N/A
[state-dump] - first task request bundle: N/A
[state-dump] - num objects queued: 0
[state-dump] - num objects actively pulled (all): 0
[state-dump] - num objects actively pulled / pinned: 0
[state-dump] - num bundles being pulled: 0
[state-dump] - num pull retries: 0
[state-dump] - max timeout seconds: 0
[state-dump] - max timeout request is already processed. No entry.
[state-dump] 
[state-dump] WorkerPool:
[state-dump] - registered jobs: 1
[state-dump] - process_failed_job_config_missing: 0
[state-dump] - process_failed_rate_limited: 1
[state-dump] - process_failed_pending_registration: 0
[state-dump] - process_failed_runtime_env_setup_failed: 0
[state-dump] - num PYTHON workers: 6
[state-dump] - num PYTHON drivers: 1
[state-dump] - num object spill callbacks queued: 0
[state-dump] - num object restore queued: 0
[state-dump] - num util functions queued: 0
[state-dump] - num JAVA workers: 0
[state-dump] - num JAVA drivers: 0
[state-dump] - num object spill callbacks queued: 0
[state-dump] - num object restore queued: 0
[state-dump] - num util functions queued: 0
[state-dump] - num idle workers: 1
[state-dump] TaskDependencyManager:
[state-dump] - task deps map size: 0
[state-dump] - get req map size: 0
[state-dump] - wait req map size: 0
[state-dump] - local objects map size: 0
[state-dump] WaitManager:
[state-dump] - num active wait requests: 0
[state-dump] Subscriber:
[state-dump] Channel WORKER_REF_REMOVED_CHANNEL
[state-dump] - cumulative subscribe requests: 0
[state-dump] - cumulative unsubscribe requests: 0
[state-dump] - active subscribed publishers: 0
[state-dump] - cumulative published messages: 0
[state-dump] - cumulative processed messages: 0
[state-dump] Channel WORKER_OBJECT_LOCATIONS_CHANNEL
[state-dump] - cumulative subscribe requests: 0
[state-dump] - cumulative unsubscribe requests: 0
[state-dump] - active subscribed publishers: 0
[state-dump] - cumulative published messages: 0
[state-dump] - cumulative processed messages: 0
[state-dump] Channel WORKER_OBJECT_EVICTION
[state-dump] - cumulative subscribe requests: 0
[state-dump] - cumulative unsubscribe requests: 0
[state-dump] - active subscribed publishers: 0
[state-dump] - cumulative published messages: 0
[state-dump] - cumulative processed messages: 0
[state-dump] num async plasma notifications: 0
[state-dump] Remote node managers: 
[state-dump] Event stats:
[state-dump] Global stats: 3937 total (21 active)
[state-dump] Queueing time: mean = 56.621 ms, max = 50.974 s, min = 108.000 ns, total = 222.918 s
[state-dump] Execution time:  mean = 15.344 ms, total = 60.410 s
[state-dump] Event stats:
[state-dump] 	RaySyncer.OnDemandBroadcasting - 600 total (1 active), Execution time: mean = 14.604 us, total = 8.762 ms, Queueing time: mean = 63.772 us, max = 9.247 ms, min = 3.959 us, total = 38.263 ms
[state-dump] 	NodeManager.CheckGC - 600 total (1 active), Execution time: mean = 2.653 us, total = 1.592 ms, Queueing time: mean = 73.377 us, max = 9.245 ms, min = 5.084 us, total = 44.026 ms
[state-dump] 	ObjectManager.UpdateAvailableMemory - 599 total (0 active), Execution time: mean = 3.325 us, total = 1.992 ms, Queueing time: mean = 16.744 us, max = 187.111 us, min = 6.140 us, total = 10.029 ms
[state-dump] 	NodeManagerService.grpc_server.ReportWorkerBacklog - 476 total (0 active), Execution time: mean = 249.546 us, total = 118.784 ms, Queueing time: mean = 0.000 s, max = -0.000 s, min = 9223372036.855 s, total = 0.000 s
[state-dump] 	NodeManagerService.grpc_server.ReportWorkerBacklog.HandleRequestImpl - 476 total (0 active), Execution time: mean = 43.480 us, total = 20.697 ms, Queueing time: mean = 32.162 us, max = 383.125 us, min = 8.707 us, total = 15.309 ms
[state-dump] 	RayletWorkerPool.deadline_timer.kill_idle_workers - 300 total (1 active), Execution time: mean = 17.494 us, total = 5.248 ms, Queueing time: mean = 46.542 us, max = 393.983 us, min = 5.883 us, total = 13.963 ms
[state-dump] 	MemoryMonitor.CheckIsMemoryUsageAboveThreshold - 240 total (1 active), Execution time: mean = 402.877 us, total = 96.690 ms, Queueing time: mean = 47.919 us, max = 159.743 us, min = 3.599 us, total = 11.500 ms
[state-dump] 	ClientConnection.async_read.ProcessMessageHeader - 69 total (7 active), Execution time: mean = 7.851 us, total = 541.691 us, Queueing time: mean = 3.227 s, max = 50.974 s, min = 17.985 us, total = 222.697 s
[state-dump] 	ClientConnection.async_read.ProcessMessage - 62 total (0 active), Execution time: mean = 415.504 us, total = 25.761 ms, Queueing time: mean = 8.688 us, max = 17.751 us, min = 2.050 us, total = 538.643 us
[state-dump] 	NodeManager.deadline_timer.spill_objects_when_over_threshold - 60 total (1 active), Execution time: mean = 2.194 us, total = 131.638 us, Queueing time: mean = 239.328 us, max = 11.630 ms, min = 6.069 us, total = 14.360 ms
[state-dump] 	NodeManagerService.grpc_server.GetResourceLoad - 60 total (0 active), Execution time: mean = 317.180 us, total = 19.031 ms, Queueing time: mean = 0.000 s, max = -0.000 s, min = 9223372036.855 s, total = 0.000 s
[state-dump] 	NodeManagerService.grpc_server.GetResourceLoad.HandleRequestImpl - 60 total (0 active), Execution time: mean = 97.065 us, total = 5.824 ms, Queueing time: mean = 32.835 us, max = 113.574 us, min = 11.300 us, total = 1.970 ms
[state-dump] 	NodeManager.ScheduleAndDispatchTasks - 60 total (1 active), Execution time: mean = 11.213 us, total = 672.760 us, Queueing time: mean = 41.136 us, max = 124.092 us, min = 4.855 us, total = 2.468 ms
[state-dump] 	NodeManager.deadline_timer.flush_free_objects - 60 total (1 active), Execution time: mean = 7.714 us, total = 462.811 us, Queueing time: mean = 235.179 us, max = 11.625 ms, min = 6.119 us, total = 14.111 ms
[state-dump] 	ClusterResourceManager.ResetRemoteNodeView - 21 total (1 active), Execution time: mean = 6.808 us, total = 142.967 us, Queueing time: mean = 47.306 us, max = 91.537 us, min = 22.661 us, total = 993.435 us
[state-dump] 	PeriodicalRunner.RunFnPeriodically - 13 total (0 active), Execution time: mean = 158.875 us, total = 2.065 ms, Queueing time: mean = 3.236 ms, max = 11.065 ms, min = 28.242 us, total = 42.074 ms
[state-dump] 	NodeManager.deadline_timer.record_metrics - 12 total (1 active), Execution time: mean = 438.133 us, total = 5.258 ms, Queueing time: mean = 192.773 us, max = 1.010 ms, min = 7.270 us, total = 2.313 ms
[state-dump] 	NodeInfoGcsService.grpc_client.CheckAlive - 12 total (0 active), Execution time: mean = 835.073 us, total = 10.021 ms, Queueing time: mean = 0.000 s, max = -0.000 s, min = 9223372036.855 s, total = 0.000 s
[state-dump] 	NodeManager.GcsCheckAlive - 12 total (1 active), Execution time: mean = 191.892 us, total = 2.303 ms, Queueing time: mean = 426.688 us, max = 1.400 ms, min = 23.645 us, total = 5.120 ms
[state-dump] 	NodeInfoGcsService.grpc_client.CheckAlive.OnReplyReceived - 12 total (0 active), Execution time: mean = 30.242 us, total = 362.908 us, Queueing time: mean = 17.799 us, max = 25.462 us, min = 13.476 us, total = 213.585 us
[state-dump] 	ObjectManager.ObjectAdded - 11 total (0 active), Execution time: mean = 16.556 us, total = 182.116 us, Queueing time: mean = 17.486 us, max = 26.151 us, min = 10.421 us, total = 192.351 us
[state-dump] 	ObjectManager.ObjectDeleted - 11 total (0 active), Execution time: mean = 17.913 us, total = 197.040 us, Queueing time: mean = 55.013 us, max = 270.756 us, min = 18.599 us, total = 605.144 us
[state-dump] 	NodeManagerService.grpc_server.GetSystemConfig - 11 total (0 active), Execution time: mean = 499.540 us, total = 5.495 ms, Queueing time: mean = 0.000 s, max = -0.000 s, min = 9223372036.855 s, total = 0.000 s
[state-dump] 	ClientConnection.async_write.DoAsyncWrites - 11 total (0 active), Execution time: mean = 788.818 ns, total = 8.677 us, Queueing time: mean = 26.237 us, max = 59.638 us, min = 13.464 us, total = 288.612 us
[state-dump] 	NodeManagerService.grpc_server.GetSystemConfig.HandleRequestImpl - 11 total (0 active), Execution time: mean = 138.724 us, total = 1.526 ms, Queueing time: mean = 39.834 us, max = 83.285 us, min = 15.732 us, total = 438.179 us
[state-dump] 	NodeManagerService.grpc_server.RequestWorkerLease - 6 total (0 active), Execution time: mean = 457.352 ms, total = 2.744 s, Queueing time: mean = 0.000 s, max = -0.000 s, min = 9223372036.855 s, total = 0.000 s
[state-dump] 	NodeManagerService.grpc_server.RequestWorkerLease.HandleRequestImpl - 6 total (0 active), Execution time: mean = 4.122 ms, total = 24.733 ms, Queueing time: mean = 16.872 us, max = 25.994 us, min = 13.079 us, total = 101.233 us
[state-dump] 	InternalPubSubGcsService.grpc_client.GcsSubscriberPoll - 6 total (1 active), Execution time: mean = 9.544 s, total = 57.262 s, Queueing time: mean = 0.000 s, max = -0.000 s, min = 9223372036.855 s, total = 0.000 s
[state-dump] 	NodeManager.deadline_timer.debug_state_dump - 6 total (1 active), Execution time: mean = 1.132 ms, total = 6.790 ms, Queueing time: mean = 39.457 us, max = 97.343 us, min = 18.350 us, total = 236.740 us
[state-dump] 	InternalPubSubGcsService.grpc_client.GcsSubscriberPoll.OnReplyReceived - 5 total (0 active), Execution time: mean = 181.665 us, total = 908.324 us, Queueing time: mean = 22.334 us, max = 51.576 us, min = 5.888 us, total = 111.668 us
[state-dump] 	 - 5 total (0 active), Execution time: mean = 642.600 ns, total = 3.213 us, Queueing time: mean = 19.069 us, max = 24.788 us, min = 14.791 us, total = 95.347 us
[state-dump] 	RaySyncer.BroadcastMessage - 5 total (0 active), Execution time: mean = 172.348 us, total = 861.742 us, Queueing time: mean = 514.000 ns, max = 714.000 ns, min = 135.000 ns, total = 2.570 us
[state-dump] 	WorkerInfoGcsService.grpc_client.ReportWorkerFailure.OnReplyReceived - 4 total (0 active), Execution time: mean = 43.791 us, total = 175.165 us, Queueing time: mean = 19.204 us, max = 24.622 us, min = 16.478 us, total = 76.817 us
[state-dump] 	Subscriber.HandlePublishedMessage_GCS_WORKER_DELTA_CHANNEL - 4 total (0 active), Execution time: mean = 9.428 us, total = 37.712 us, Queueing time: mean = 178.880 us, max = 223.128 us, min = 104.107 us, total = 715.519 us
[state-dump] 	WorkerInfoGcsService.grpc_client.ReportWorkerFailure - 4 total (0 active), Execution time: mean = 1.329 ms, total = 5.317 ms, Queueing time: mean = 0.000 s, max = -0.000 s, min = 9223372036.855 s, total = 0.000 s
[state-dump] 	CoreWorkerService.grpc_client.Exit - 3 total (0 active), Execution time: mean = 2.963 ms, total = 8.889 ms, Queueing time: mean = 0.000 s, max = -0.000 s, min = 9223372036.855 s, total = 0.000 s
[state-dump] 	CoreWorkerService.grpc_client.Exit.OnReplyReceived - 3 total (0 active), Execution time: mean = 39.265 us, total = 117.795 us, Queueing time: mean = 19.987 us, max = 23.080 us, min = 16.604 us, total = 59.962 us
[state-dump] 	RaySyncerRegister - 2 total (0 active), Execution time: mean = 1.268 us, total = 2.536 us, Queueing time: mean = 160.500 ns, max = 213.000 ns, min = 108.000 ns, total = 321.000 ns
[state-dump] 	InternalPubSubGcsService.grpc_client.GcsSubscriberCommandBatch - 2 total (0 active), Execution time: mean = 765.042 us, total = 1.530 ms, Queueing time: mean = 0.000 s, max = -0.000 s, min = 9223372036.855 s, total = 0.000 s
[state-dump] 	InternalPubSubGcsService.grpc_client.GcsSubscriberCommandBatch.OnReplyReceived - 2 total (0 active), Execution time: mean = 93.733 us, total = 187.465 us, Queueing time: mean = 640.775 us, max = 1.275 ms, min = 6.817 us, total = 1.282 ms
[state-dump] 	NodeInfoGcsService.grpc_client.GetInternalConfig - 1 total (0 active), Execution time: mean = 758.952 us, total = 758.952 us, Queueing time: mean = 0.000 s, max = -0.000 s, min = 9223372036.855 s, total = 0.000 s
[state-dump] 	NodeManager.deadline_timer.print_event_loop_stats - 1 total (1 active, 1 running), Execution time: mean = 0.000 s, total = 0.000 s, Queueing time: mean = 0.000 s, max = -0.000 s, min = 9223372036.855 s, total = 0.000 s
[state-dump] 	NodeManager.GCTaskFailureReason - 1 total (1 active), Execution time: mean = 0.000 s, total = 0.000 s, Queueing time: mean = 0.000 s, max = -0.000 s, min = 9223372036.855 s, total = 0.000 s
[state-dump] 	NodeInfoGcsService.grpc_client.GetInternalConfig.OnReplyReceived - 1 total (0 active), Execution time: mean = 15.638 ms, total = 15.638 ms, Queueing time: mean = 8.021 us, max = 8.021 us, min = 8.021 us, total = 8.021 us
[state-dump] 	NodeInfoGcsService.grpc_client.RegisterNode - 1 total (0 active), Execution time: mean = 1.458 ms, total = 1.458 ms, Queueing time: mean = 0.000 s, max = -0.000 s, min = 9223372036.855 s, total = 0.000 s
[state-dump] 	NodeManagerService.grpc_server.ReturnWorker.HandleRequestImpl - 1 total (0 active), Execution time: mean = 58.374 us, total = 58.374 us, Queueing time: mean = 14.783 us, max = 14.783 us, min = 14.783 us, total = 14.783 us
[state-dump] 	Subscriber.HandlePublishedMessage_GCS_JOB_CHANNEL - 1 total (0 active), Execution time: mean = 42.012 us, total = 42.012 us, Queueing time: mean = 113.118 us, max = 113.118 us, min = 113.118 us, total = 113.118 us
[state-dump] 	NodeInfoGcsService.grpc_client.RegisterNode.OnReplyReceived - 1 total (0 active), Execution time: mean = 224.375 us, total = 224.375 us, Queueing time: mean = 11.404 us, max = 11.404 us, min = 11.404 us, total = 11.404 us
[state-dump] 	JobInfoGcsService.grpc_client.AddJob.OnReplyReceived - 1 total (0 active), Execution time: mean = 65.027 us, total = 65.027 us, Queueing time: mean = 9.008 us, max = 9.008 us, min = 9.008 us, total = 9.008 us
[state-dump] 	JobInfoGcsService.grpc_client.GetAllJobInfo - 1 total (0 active), Execution time: mean = 755.074 us, total = 755.074 us, Queueing time: mean = 0.000 s, max = -0.000 s, min = 9223372036.855 s, total = 0.000 s
[state-dump] 	JobInfoGcsService.grpc_client.AddJob - 1 total (0 active), Execution time: mean = 631.080 us, total = 631.080 us, Queueing time: mean = 0.000 s, max = -0.000 s, min = 9223372036.855 s, total = 0.000 s
[state-dump] 	NodeManagerService.grpc_server.ReturnWorker - 1 total (0 active), Execution time: mean = 224.572 us, total = 224.572 us, Queueing time: mean = 0.000 s, max = -0.000 s, min = 9223372036.855 s, total = 0.000 s
[state-dump] 	JobInfoGcsService.grpc_client.GetAllJobInfo.OnReplyReceived - 1 total (0 active), Execution time: mean = 9.580 us, total = 9.580 us, Queueing time: mean = 7.422 us, max = 7.422 us, min = 7.422 us, total = 7.422 us
[state-dump] 	NodeInfoGcsService.grpc_client.GetAllNodeInfo.OnReplyReceived - 1 total (0 active), Execution time: mean = 92.612 us, total = 92.612 us, Queueing time: mean = 29.164 us, max = 29.164 us, min = 29.164 us, total = 29.164 us
[state-dump] 	NodeInfoGcsService.grpc_client.GetAllNodeInfo - 1 total (0 active), Execution time: mean = 909.768 us, total = 909.768 us, Queueing time: mean = 0.000 s, max = -0.000 s, min = 9223372036.855 s, total = 0.000 s
[state-dump] DebugString() time ms: 1
[state-dump] 
[state-dump] 
[2024-03-15 16:44:40,317 I 3626336 3626336] (raylet) node_manager.cc:1444: NodeManager::DisconnectClient, disconnect_type=3, has creation task exception = false
[2024-03-15 16:44:40,317 I 3626336 3626336] (raylet) node_manager.cc:1549: Driver (pid=3625610) is disconnected. job_id: 01000000
[2024-03-15 16:44:40,322 I 3626336 3626336] (raylet) node_manager.cc:1090: The leased worker 86bba483649d49103ea0c1da0303f94059341545b44f5c4e27769726 is killed because the owner process 01000000ffffffffffffffffffffffffffffffffffffffffffffffff died.
[2024-03-15 16:44:40,322 I 3626336 3626336] (raylet) node_manager.cc:1090: The leased worker 6f95e76f6f1f0d5335b459b5823a631a643c162fd3250a6b460d6c24 is killed because the owner process 01000000ffffffffffffffffffffffffffffffffffffffffffffffff died.
[2024-03-15 16:44:40,322 I 3626336 3626336] (raylet) node_manager.cc:1090: The leased worker c60462a249bd14b50bac01962534e0808087ef6a19c8d9254b49cc4a is killed because the owner process 01000000ffffffffffffffffffffffffffffffffffffffffffffffff died.
[2024-03-15 16:44:40,322 I 3626336 3626336] (raylet) node_manager.cc:1090: The leased worker 30a4d24de851c1c798aa96c76465fd94ef30d133829ab535fea47eef is killed because the owner process 01000000ffffffffffffffffffffffffffffffffffffffffffffffff died.
[2024-03-15 16:44:40,322 I 3626336 3626336] (raylet) node_manager.cc:1090: The leased worker ae581299a285648db15b8ae5254bb66ce5059ea74f8075a86f38b282 is killed because the owner process 01000000ffffffffffffffffffffffffffffffffffffffffffffffff died.
[2024-03-15 16:44:40,323 I 3626336 3626336] (raylet) node_manager.cc:622: New job has started. Job id 01000000 Driver pid 3625610 is dead: 1 driver address: 172.18.36.110
[2024-03-15 16:44:40,323 I 3626336 3626336] (raylet) worker_pool.cc:681: Job 01000000 already started in worker pool.
[2024-03-15 16:44:40,349 I 3626336 3626336] (raylet) node_manager.cc:1444: NodeManager::DisconnectClient, disconnect_type=1, has creation task exception = false
[2024-03-15 16:44:40,349 I 3626336 3626336] (raylet) node_manager.cc:1444: NodeManager::DisconnectClient, disconnect_type=1, has creation task exception = false
[2024-03-15 16:44:40,350 I 3626336 3626336] (raylet) node_manager.cc:1444: NodeManager::DisconnectClient, disconnect_type=1, has creation task exception = false
[2024-03-15 16:44:40,354 I 3626336 3626336] (raylet) node_manager.cc:1444: NodeManager::DisconnectClient, disconnect_type=1, has creation task exception = false
[2024-03-15 16:44:40,358 I 3626336 3626336] (raylet) node_manager.cc:1444: NodeManager::DisconnectClient, disconnect_type=1, has creation task exception = false
[2024-03-15 16:44:40,460 I 3626336 3626336] (raylet) main.cc:372: Raylet received SIGTERM, shutting down...
[2024-03-15 16:44:40,460 I 3626336 3626336] (raylet) accessor.cc:451: Unregistering node info, node id = 4648fc95c04078cc16e08278b3aedf7c6297834b6e4ef9e5c3b58f52
[2024-03-15 16:44:40,461 I 3626336 3626336] (raylet) agent_manager.cc:109: Killing agent dashboard_agent/424238335, pid 3626391.
[2024-03-15 16:44:40,470 I 3626336 3626392] (raylet) agent_manager.cc:80: Agent process with name dashboard_agent/424238335 exited, exit code 0.
[2024-03-15 16:44:40,470 I 3626336 3626336] (raylet) agent_manager.cc:109: Killing agent runtime_env_agent, pid 3626393.
[2024-03-15 16:44:40,476 I 3626336 3626394] (raylet) agent_manager.cc:80: Agent process with name runtime_env_agent exited, exit code 0.
[2024-03-15 16:44:40,476 I 3626336 3626336] (raylet) io_service_pool.cc:47: IOServicePool is stopped.
[2024-03-15 16:44:40,503 I 3626336 3626336] (raylet) stats.h:136: Stats module has shutdown.
