:job_id:01000000
:actor_name:SparseReconActor
[2024/03/15 16:43:58 hloc INFO] Creating an empty database...
[2024/03/15 16:43:58 hloc INFO] Importing images into the database...
[2024/03/15 16:43:59 hloc INFO] Importing features into the database...
  0%|          | 0/40 [00:00<?, ?it/s]100%|██████████| 40/40 [00:00<00:00, 1968.69it/s]
[2024/03/15 16:43:59 hloc INFO] Importing matches into the database...
  0%|          | 0/515 [00:00<?, ?it/s] 29%|██▊       | 147/515 [00:00<00:00, 1465.22it/s] 57%|█████▋    | 294/515 [00:00<00:00, 1453.91it/s] 86%|████████▋ | 445/515 [00:00<00:00, 1479.00it/s]100%|██████████| 515/515 [00:00<00:00, 1476.52it/s]
[2024/03/15 16:44:00 hloc INFO] Performing geometric verification of the matches...
[2024/03/15 16:44:03 hloc INFO] Running 3D reconstruction...
[2024/03/15 16:44:23 hloc INFO] Reconstructed 1 model(s).
[2024/03/15 16:44:23 hloc INFO] Largest model is #0 with 40 images.
[2024/03/15 16:44:23 hloc INFO] Reconstruction statistics:
Reconstruction:
	num_reg_images = 40
	num_cameras = 1
	num_points3D = 4095
	num_observations = 18507
	mean_track_length = 4.51941
	mean_observations_per_image = 462.675
	mean_reprojection_error = 1.36787
	num_input_images = 40
2024-03-15 16:44:23.594 | INFO     | auto_decomp.sfm.sfm:plot_reconstruction:401 - Reconstruction plot saved: data/custom_data_example/toy/sfm_spp-spg_sequential_np-10_nimgs-40/vis_sfm
2024-03-15 16:44:40.065 | INFO     | auto_decomp.sfm.sfm:manhattan_alignment:417 - manhattan-aligned sfm model saved: data/custom_data_example/toy/sfm_spp-spg_sequential_np-10_nimgs-40/manhattan
2024-03-15 16:44:40.304 | INFO     | auto_decomp.sfm.sfm:plot_reconstruction:401 - Reconstruction plot saved: data/custom_data_example/toy/sfm_spp-spg_sequential_np-10_nimgs-40/vis_sfm_manhattan
[32m2024-03-15 16:44:40.305[0m | [1mINFO    [0m | [36mauto_decomp.sfm.sfm[0m:[36mmanhattan_alignment[0m:[36m252[0m | - [1msfm directory deleted! (data/custom_data_example/toy/sfm_spp-spg_sequential_np-10_nimgs-40/sfm)[0m
[32m2024-03-15 16:44:40.312[0m | [1mINFO    [0m | [36mauto_decomp.sfm.sfm[0m:[36m_run[0m:[36m204[0m | - [1m[job_id:0 | inst_id:custom_data_example/toy] sparse reconstruction saved![0m
