[2024-03-19 15:14:47,802 I 1784905 1784905] (raylet) main.cc:174: Setting cluster ID to: 72004a9e6522c60bb77b155d892cbf46d4e6ae8c188970d7f8a42bf9
[2024-03-19 15:14:47,805 I 1784905 1784905] (raylet) io_service_pool.cc:35: IOServicePool is running with 1 io_service.
[2024-03-19 15:14:47,806 I 1784905 1784905] (raylet) store_runner.cc:32: Allowing the Plasma store to use up to 114.022GB of memory.
[2024-03-19 15:14:47,806 I 1784905 1784905] (raylet) store_runner.cc:48: Starting object store with directory /dev/shm, fallback /hhd2/home/lzl_dir/recon/AutoRecon/tmp/ray, and huge page support disabled
[2024-03-19 15:14:47,806 I 1784905 1784936] (raylet) dlmalloc.cc:154: create_and_mmap_buffer(114022285320, /dev/shm/plasmaXXXXXX)
[2024-03-19 15:14:47,806 I 1784905 1784936] (raylet) store.cc:561: ========== Plasma store: =================
Current usage: 0 / 114.022 GB
- num bytes created total: 0
0 pending objects of total size 0MB
- objects spillable: 0
- bytes spillable: 0
- objects unsealed: 0
- bytes unsealed: 0
- objects in use: 0
- bytes in use: 0
- objects evictable: 0
- bytes evictable: 0

- objects created by worker: 0
- bytes created by worker: 0
- objects restored: 0
- bytes restored: 0
- objects received: 0
- bytes received: 0
- objects errored: 0
- bytes errored: 0

[2024-03-19 15:14:48,809 I 1784905 1784905] (raylet) grpc_server.cc:129: ObjectManager server started, listening on port 37291.
[2024-03-19 15:14:48,813 I 1784905 1784905] (raylet) worker_killing_policy.cc:101: Running GroupByOwner policy.
[2024-03-19 15:14:48,813 I 1784905 1784905] (raylet) memory_monitor.cc:47: MemoryMonitor initialized with usage threshold at 513649541120 bytes (0.95 system memory), total system memory bytes: 540683730944
[2024-03-19 15:14:48,813 I 1784905 1784905] (raylet) node_manager.cc:319: Initializing NodeManager with ID 0c2db8af5d7392e9a427831c7b13354998e953bd2b64760685f31e26
[2024-03-19 15:14:48,814 I 1784905 1784905] (raylet) grpc_server.cc:129: NodeManager server started, listening on port 41769.
[2024-03-19 15:14:48,826 I 1784905 1784987] (raylet) agent_manager.cc:78: Monitor agent process with name dashboard_agent/424238335
[2024-03-19 15:14:48,826 I 1784905 1784989] (raylet) agent_manager.cc:78: Monitor agent process with name runtime_env_agent
[2024-03-19 15:14:48,826 I 1784905 1784905] (raylet) event.cc:234: Set ray event level to warning
[2024-03-19 15:14:48,826 I 1784905 1784905] (raylet) event.cc:342: Ray Event initialized for RAYLET
[2024-03-19 15:14:48,827 I 1784905 1784905] (raylet) raylet.cc:129: Raylet of id, 0c2db8af5d7392e9a427831c7b13354998e953bd2b64760685f31e26 started. Raylet consists of node_manager and object_manager. node_manager address: 172.18.36.110:41769 object_manager address: 172.18.36.110:37291 hostname: amaxgpu
[2024-03-19 15:14:48,829 I 1784905 1784905] (raylet) node_manager.cc:537: [state-dump] NodeManager:
[state-dump] Node ID: 0c2db8af5d7392e9a427831c7b13354998e953bd2b64760685f31e26
[state-dump] Node name: 172.18.36.110
[state-dump] InitialConfigResources: {CPU: 40000, node:172.18.36.110: 10000, accelerator_type:RTX: 10000, memory: 2560518346760000, node:__internal_head__: 10000, GPU: 10000, object_store_memory: 1140222148600000}
[state-dump] ClusterTaskManager:
[state-dump] ========== Node: 0c2db8af5d7392e9a427831c7b13354998e953bd2b64760685f31e26 =================
[state-dump] Infeasible queue length: 0
[state-dump] Schedule queue length: 0
[state-dump] Dispatch queue length: 0
[state-dump] num_waiting_for_resource: 0
[state-dump] num_waiting_for_plasma_memory: 0
[state-dump] num_waiting_for_remote_node_resources: 0
[state-dump] num_worker_not_started_by_job_config_not_exist: 0
[state-dump] num_worker_not_started_by_registration_timeout: 0
[state-dump] num_tasks_waiting_for_workers: 0
[state-dump] num_cancelled_tasks: 0
[state-dump] cluster_resource_scheduler state: 
[state-dump] Local id: 3407568452814512299 Local resources: {"total":{CPU: [40000], GPU: [10000], object_store_memory: [1140222148600000], accelerator_type:RTX: [10000], node:__internal_head__: [10000], memory: [2560518346760000], node:172.18.36.110: [10000]}}, "available": {object_store_memory: [1140222148600000], GPU: [10000], node:__internal_head__: [10000], memory: [2560518346760000], node:172.18.36.110: [10000], accelerator_type:RTX: [10000], CPU: [40000]}}, "labels":{"ray.io/node_id":"0c2db8af5d7392e9a427831c7b13354998e953bd2b64760685f31e26",} is_draining: 0 is_idle: 1 Cluster resources: node id: 3407568452814512299{"total":{node:__internal_head__: 10000, memory: 2560518346760000, node:172.18.36.110: 10000, GPU: 10000, accelerator_type:RTX: 10000, CPU: 40000, object_store_memory: 1140222148600000}}, "available": {node:__internal_head__: 10000, memory: 2560518346760000, node:172.18.36.110: 10000, GPU: 10000, accelerator_type:RTX: 10000, CPU: 40000, object_store_memory: 1140222148600000}}, "labels":{"ray.io/node_id":"0c2db8af5d7392e9a427831c7b13354998e953bd2b64760685f31e26",}, "is_draining": 0} { "placment group locations": [], "node to bundles": []}
[state-dump] Waiting tasks size: 0
[state-dump] Number of executing tasks: 0
[state-dump] Number of pinned task arguments: 0
[state-dump] Number of total spilled tasks: 0
[state-dump] Number of spilled waiting tasks: 0
[state-dump] Number of spilled unschedulable tasks: 0
[state-dump] Resource usage {
[state-dump] }
[state-dump] Running tasks by scheduling class:
[state-dump] ==================================================
[state-dump] 
[state-dump] ClusterResources:
[state-dump] LocalObjectManager:
[state-dump] - num pinned objects: 0
[state-dump] - pinned objects size: 0
[state-dump] - num objects pending restore: 0
[state-dump] - num objects pending spill: 0
[state-dump] - num bytes pending spill: 0
[state-dump] - num bytes currently spilled: 0
[state-dump] - cumulative spill requests: 0
[state-dump] - cumulative restore requests: 0
[state-dump] - spilled objects pending delete: 0
[state-dump] 
[state-dump] ObjectManager:
[state-dump] - num local objects: 0
[state-dump] - num unfulfilled push requests: 0
[state-dump] - num object pull requests: 0
[state-dump] - num chunks received total: 0
[state-dump] - num chunks received failed (all): 0
[state-dump] - num chunks received failed / cancelled: 0
[state-dump] - num chunks received failed / plasma error: 0
[state-dump] Event stats:
[state-dump] Global stats: 0 total (0 active)
[state-dump] Queueing time: mean = -nan s, max = -0.000 s, min = 9223372036.855 s, total = 0.000 s
[state-dump] Execution time:  mean = -nan s, total = 0.000 s
[state-dump] Event stats:
[state-dump] PushManager:
[state-dump] - num pushes in flight: 0
[state-dump] - num chunks in flight: 0
[state-dump] - num chunks remaining: 0
[state-dump] - max chunks allowed: 409
[state-dump] OwnershipBasedObjectDirectory:
[state-dump] - num listeners: 0
[state-dump] - cumulative location updates: 0
[state-dump] - num location updates per second: 0.000
[state-dump] - num location lookups per second: 0.000
[state-dump] - num locations added per second: 0.000
[state-dump] - num locations removed per second: 0.000
[state-dump] BufferPool:
[state-dump] - create buffer state map size: 0
[state-dump] PullManager:
[state-dump] - num bytes available for pulled objects: 114022214860
[state-dump] - num bytes being pulled (all): 0
[state-dump] - num bytes being pulled / pinned: 0
[state-dump] - get request bundles: BundlePullRequestQueue{0 total, 0 active, 0 inactive, 0 unpullable}
[state-dump] - wait request bundles: BundlePullRequestQueue{0 total, 0 active, 0 inactive, 0 unpullable}
[state-dump] - task request bundles: BundlePullRequestQueue{0 total, 0 active, 0 inactive, 0 unpullable}
[state-dump] - first get request bundle: N/A
[state-dump] - first wait request bundle: N/A
[state-dump] - first task request bundle: N/A
[state-dump] - num objects queued: 0
[state-dump] - num objects actively pulled (all): 0
[state-dump] - num objects actively pulled / pinned: 0
[state-dump] - num bundles being pulled: 0
[state-dump] - num pull retries: 0
[state-dump] - max timeout seconds: 0
[state-dump] - max timeout request is already processed. No entry.
[state-dump] 
[state-dump] WorkerPool:
[state-dump] - registered jobs: 0
[state-dump] - process_failed_job_config_missing: 0
[state-dump] - process_failed_rate_limited: 0
[state-dump] - process_failed_pending_registration: 0
[state-dump] - process_failed_runtime_env_setup_failed: 0
[state-dump] - num PYTHON workers: 0
[state-dump] - num PYTHON drivers: 0
[state-dump] - num object spill callbacks queued: 0
[state-dump] - num object restore queued: 0
[state-dump] - num util functions queued: 0
[state-dump] - num JAVA workers: 0
[state-dump] - num JAVA drivers: 0
[state-dump] - num object spill callbacks queued: 0
[state-dump] - num object restore queued: 0
[state-dump] - num util functions queued: 0
[state-dump] - num idle workers: 0
[state-dump] TaskDependencyManager:
[state-dump] - task deps map size: 0
[state-dump] - get req map size: 0
[state-dump] - wait req map size: 0
[state-dump] - local objects map size: 0
[state-dump] WaitManager:
[state-dump] - num active wait requests: 0
[state-dump] Subscriber:
[state-dump] Channel WORKER_OBJECT_LOCATIONS_CHANNEL
[state-dump] - cumulative subscribe requests: 0
[state-dump] - cumulative unsubscribe requests: 0
[state-dump] - active subscribed publishers: 0
[state-dump] - cumulative published messages: 0
[state-dump] - cumulative processed messages: 0
[state-dump] Channel WORKER_OBJECT_EVICTION
[state-dump] - cumulative subscribe requests: 0
[state-dump] - cumulative unsubscribe requests: 0
[state-dump] - active subscribed publishers: 0
[state-dump] - cumulative published messages: 0
[state-dump] - cumulative processed messages: 0
[state-dump] Channel WORKER_REF_REMOVED_CHANNEL
[state-dump] - cumulative subscribe requests: 0
[state-dump] - cumulative unsubscribe requests: 0
[state-dump] - active subscribed publishers: 0
[state-dump] - cumulative published messages: 0
[state-dump] - cumulative processed messages: 0
[state-dump] num async plasma notifications: 0
[state-dump] Remote node managers: 
[state-dump] Event stats:
[state-dump] Global stats: 28 total (13 active)
[state-dump] Queueing time: mean = 1.602 ms, max = 13.161 ms, min = 10.240 us, total = 44.862 ms
[state-dump] Execution time:  mean = 36.643 ms, total = 1.026 s
[state-dump] Event stats:
[state-dump] 	PeriodicalRunner.RunFnPeriodically - 11 total (2 active, 1 running), Execution time: mean = 138.191 us, total = 1.520 ms, Queueing time: mean = 4.075 ms, max = 13.161 ms, min = 23.963 us, total = 44.820 ms
[state-dump] 	RayletWorkerPool.deadline_timer.kill_idle_workers - 1 total (1 active), Execution time: mean = 0.000 s, total = 0.000 s, Queueing time: mean = 0.000 s, max = -0.000 s, min = 9223372036.855 s, total = 0.000 s
[state-dump] 	NodeManager.deadline_timer.spill_objects_when_over_threshold - 1 total (1 active), Execution time: mean = 0.000 s, total = 0.000 s, Queueing time: mean = 0.000 s, max = -0.000 s, min = 9223372036.855 s, total = 0.000 s
[state-dump] 	NodeManager.deadline_timer.flush_free_objects - 1 total (1 active), Execution time: mean = 0.000 s, total = 0.000 s, Queueing time: mean = 0.000 s, max = -0.000 s, min = 9223372036.855 s, total = 0.000 s
[state-dump] 	MemoryMonitor.CheckIsMemoryUsageAboveThreshold - 1 total (1 active), Execution time: mean = 0.000 s, total = 0.000 s, Queueing time: mean = 0.000 s, max = -0.000 s, min = 9223372036.855 s, total = 0.000 s
[state-dump] 	NodeInfoGcsService.grpc_client.GetInternalConfig.OnReplyReceived - 1 total (0 active), Execution time: mean = 1.021 s, total = 1.021 s, Queueing time: mean = 10.712 us, max = 10.712 us, min = 10.712 us, total = 10.712 us
[state-dump] 	ClusterResourceManager.ResetRemoteNodeView - 1 total (1 active), Execution time: mean = 0.000 s, total = 0.000 s, Queueing time: mean = 0.000 s, max = -0.000 s, min = 9223372036.855 s, total = 0.000 s
[state-dump] 	ObjectManager.UpdateAvailableMemory - 1 total (0 active), Execution time: mean = 1.322 us, total = 1.322 us, Queueing time: mean = 21.598 us, max = 21.598 us, min = 21.598 us, total = 21.598 us
[state-dump] 	NodeInfoGcsService.grpc_client.GetInternalConfig - 1 total (0 active), Execution time: mean = 960.169 us, total = 960.169 us, Queueing time: mean = 0.000 s, max = -0.000 s, min = 9223372036.855 s, total = 0.000 s
[state-dump] 	InternalPubSubGcsService.grpc_client.GcsSubscriberPoll - 1 total (1 active), Execution time: mean = 0.000 s, total = 0.000 s, Queueing time: mean = 0.000 s, max = -0.000 s, min = 9223372036.855 s, total = 0.000 s
[state-dump] 	InternalPubSubGcsService.grpc_client.GcsSubscriberCommandBatch.OnReplyReceived - 1 total (1 active), Execution time: mean = 0.000 s, total = 0.000 s, Queueing time: mean = 0.000 s, max = -0.000 s, min = 9223372036.855 s, total = 0.000 s
[state-dump] 	NodeManager.deadline_timer.record_metrics - 1 total (1 active), Execution time: mean = 0.000 s, total = 0.000 s, Queueing time: mean = 0.000 s, max = -0.000 s, min = 9223372036.855 s, total = 0.000 s
[state-dump] 	NodeManager.deadline_timer.debug_state_dump - 1 total (1 active), Execution time: mean = 0.000 s, total = 0.000 s, Queueing time: mean = 0.000 s, max = -0.000 s, min = 9223372036.855 s, total = 0.000 s
[state-dump] 	NodeInfoGcsService.grpc_client.RegisterNode.OnReplyReceived - 1 total (0 active), Execution time: mean = 165.946 us, total = 165.946 us, Queueing time: mean = 10.240 us, max = 10.240 us, min = 10.240 us, total = 10.240 us
[state-dump] 	NodeInfoGcsService.grpc_client.RegisterNode - 1 total (0 active), Execution time: mean = 1.049 ms, total = 1.049 ms, Queueing time: mean = 0.000 s, max = -0.000 s, min = 9223372036.855 s, total = 0.000 s
[state-dump] 	InternalPubSubGcsService.grpc_client.GcsSubscriberCommandBatch - 1 total (0 active), Execution time: mean = 828.304 us, total = 828.304 us, Queueing time: mean = 0.000 s, max = -0.000 s, min = 9223372036.855 s, total = 0.000 s
[state-dump] 	NodeManager.GCTaskFailureReason - 1 total (1 active), Execution time: mean = 0.000 s, total = 0.000 s, Queueing time: mean = 0.000 s, max = -0.000 s, min = 9223372036.855 s, total = 0.000 s
[state-dump] 	NodeManager.ScheduleAndDispatchTasks - 1 total (1 active), Execution time: mean = 0.000 s, total = 0.000 s, Queueing time: mean = 0.000 s, max = -0.000 s, min = 9223372036.855 s, total = 0.000 s
[state-dump] DebugString() time ms: 0
[state-dump] 
[state-dump] 
[2024-03-19 15:14:48,830 I 1784905 1784905] (raylet) accessor.cc:627: Received notification for node id = 0c2db8af5d7392e9a427831c7b13354998e953bd2b64760685f31e26, IsAlive = 1
[2024-03-19 15:14:48,903 I 1784905 1784905] (raylet) worker_pool.cc:498: Started worker process with pid 1785020, the token is 0
[2024-03-19 15:14:48,906 I 1784905 1784905] (raylet) worker_pool.cc:498: Started worker process with pid 1785021, the token is 1
[2024-03-19 15:14:48,910 I 1784905 1784905] (raylet) worker_pool.cc:498: Started worker process with pid 1785022, the token is 2
[2024-03-19 15:14:48,912 I 1784905 1784905] (raylet) worker_pool.cc:498: Started worker process with pid 1785023, the token is 3
[2024-03-19 15:14:49,249 I 1784905 1784936] (raylet) object_store.cc:35: Object store current usage 8e-09 / 114.022 GB.
[2024-03-19 15:14:49,324 I 1784905 1784905] (raylet) node_manager.cc:622: New job has started. Job id 01000000 Driver pid 1773216 is dead: 0 driver address: 172.18.36.110
[2024-03-19 15:14:49,324 I 1784905 1784905] (raylet) worker_pool.cc:681: Job 01000000 already started in worker pool.
[2024-03-19 15:14:49,363 I 1784905 1784905] (raylet) worker_pool.cc:498: Started worker process with pid 1785293, the token is 4
[2024-03-19 15:14:49,375 I 1784905 1784905] (raylet) worker_pool.cc:498: Started worker process with pid 1785294, the token is 5
[2024-03-19 15:14:49,388 I 1784905 1784905] (raylet) worker_pool.cc:498: Started worker process with pid 1785295, the token is 6
[2024-03-19 15:14:49,404 I 1784905 1784905] (raylet) worker_pool.cc:498: Started worker process with pid 1785296, the token is 7
[2024-03-19 15:14:49,698 I 1784905 1784905] (raylet) worker_pool.cc:498: Started worker process with pid 1785348, the token is 8
[2024-03-19 15:14:50,460 I 1784905 1784905] (raylet) node_manager.cc:1444: NodeManager::DisconnectClient, disconnect_type=1, has creation task exception = false
[2024-03-19 15:14:50,460 I 1784905 1784905] (raylet) node_manager.cc:1444: NodeManager::DisconnectClient, disconnect_type=1, has creation task exception = false
[2024-03-19 15:14:57,196 I 1784905 1784905] (raylet) worker_pool.cc:498: Started worker process with pid 1786304, the token is 9
[2024-03-19 15:14:57,203 I 1784905 1784905] (raylet) worker_pool.cc:498: Started worker process with pid 1786308, the token is 10
[2024-03-19 15:14:57,209 I 1784905 1784905] (raylet) worker_pool.cc:498: Started worker process with pid 1786311, the token is 11
[2024-03-19 15:14:57,264 I 1784905 1784905] (raylet) node_manager.cc:1444: NodeManager::DisconnectClient, disconnect_type=1, has creation task exception = false
[2024-03-19 15:14:57,265 I 1784905 1784905] (raylet) node_manager.cc:1444: NodeManager::DisconnectClient, disconnect_type=1, has creation task exception = false
[2024-03-19 15:14:57,819 W 1784905 1784930] (raylet) metric_exporter.cc:207: [1] Export metrics to agent failed: GrpcUnavailable: RPC Error message: failed to connect to all addresses; last error: UNKNOWN: ipv4:127.0.0.1:54237: Failed to connect to remote host: Connection refused; RPC Error details: . This won't affect Ray, but you can lose metrics from the cluster.
[2024-03-19 15:15:47,807 I 1784905 1784936] (raylet) store.cc:561: ========== Plasma store: =================
Current usage: 0 / 114.022 GB
- num bytes created total: 104
0 pending objects of total size 0MB
- objects spillable: 0
- bytes spillable: 0
- objects unsealed: 0
- bytes unsealed: 0
- objects in use: 0
- bytes in use: 0
- objects evictable: 0
- bytes evictable: 0

- objects created by worker: 0
- bytes created by worker: 0
- objects restored: 0
- bytes restored: 0
- objects received: 0
- bytes received: 0
- objects errored: 0
- bytes errored: 0

[2024-03-19 15:15:48,831 I 1784905 1784905] (raylet) node_manager.cc:537: [state-dump] NodeManager:
[state-dump] Node ID: 0c2db8af5d7392e9a427831c7b13354998e953bd2b64760685f31e26
[state-dump] Node name: 172.18.36.110
[state-dump] InitialConfigResources: {CPU: 40000, node:172.18.36.110: 10000, accelerator_type:RTX: 10000, memory: 2560518346760000, node:__internal_head__: 10000, GPU: 10000, object_store_memory: 1140222148600000}
[state-dump] ClusterTaskManager:
[state-dump] ========== Node: 0c2db8af5d7392e9a427831c7b13354998e953bd2b64760685f31e26 =================
[state-dump] Infeasible queue length: 0
[state-dump] Schedule queue length: 0
[state-dump] Dispatch queue length: 0
[state-dump] num_waiting_for_resource: 0
[state-dump] num_waiting_for_plasma_memory: 0
[state-dump] num_waiting_for_remote_node_resources: 0
[state-dump] num_worker_not_started_by_job_config_not_exist: 0
[state-dump] num_worker_not_started_by_registration_timeout: 0
[state-dump] num_tasks_waiting_for_workers: 0
[state-dump] num_cancelled_tasks: 0
[state-dump] cluster_resource_scheduler state: 
[state-dump] Local id: 3407568452814512299 Local resources: {"total":{CPU: [40000], GPU: [10000], object_store_memory: [1140222148600000], accelerator_type:RTX: [10000], node:__internal_head__: [10000], memory: [2560518346760000], node:172.18.36.110: [10000]}}, "available": {object_store_memory: [1140222148600000], GPU: [0], node:__internal_head__: [10000], memory: [2560518346760000], node:172.18.36.110: [10000], accelerator_type:RTX: [10000], CPU: [0]}}, "labels":{"ray.io/node_id":"0c2db8af5d7392e9a427831c7b13354998e953bd2b64760685f31e26",} is_draining: 0 is_idle: 0 Cluster resources: node id: 3407568452814512299{"total":{object_store_memory: 1140222148600000, node:172.18.36.110: 10000, accelerator_type:RTX: 10000, CPU: 40000, GPU: 10000, node:__internal_head__: 10000, memory: 2560518346760000}}, "available": {object_store_memory: 1140222148600000, node:172.18.36.110: 10000, accelerator_type:RTX: 10000, memory: 2560518346760000, node:__internal_head__: 10000}}, "labels":{"ray.io/node_id":"0c2db8af5d7392e9a427831c7b13354998e953bd2b64760685f31e26",}, "is_draining": 0} { "placment group locations": [], "node to bundles": []}
[state-dump] Waiting tasks size: 0
[state-dump] Number of executing tasks: 0
[state-dump] Number of pinned task arguments: 0
[state-dump] Number of total spilled tasks: 0
[state-dump] Number of spilled waiting tasks: 0
[state-dump] Number of spilled unschedulable tasks: 0
[state-dump] Resource usage {
[state-dump]     - (language=PYTHON actor_or_task=_QueueActor.__init__ pid=1786304): {}
[state-dump]     - (language=PYTHON actor_or_task=MatchSaver.__init__ pid=1786308): {CPU: 10000}
[state-dump]     - (language=PYTHON actor_or_task=FeatureActor.__init__ pid=1785348): {CPU: 10000}
[state-dump]     - (language=PYTHON actor_or_task=MatchExtrator.__init__ pid=1786311): {CPU: 10000, GPU: 10000}
[state-dump]     - (language=PYTHON actor_or_task=_QueueActor.__init__ pid=1785294): {}
[state-dump]     - (language=PYTHON actor_or_task=_QueueActor.__init__ pid=1785295): {}
[state-dump]     - (language=PYTHON actor_or_task=SparseReconActor.__init__ pid=1785296): {CPU: 10000}
[state-dump]     - (language=PYTHON actor_or_task=_QueueActor.__init__ pid=1785293): {}
[state-dump] }
[state-dump] Running tasks by scheduling class:
[state-dump] ==================================================
[state-dump] 
[state-dump] ClusterResources:
[state-dump] LocalObjectManager:
[state-dump] - num pinned objects: 0
[state-dump] - pinned objects size: 0
[state-dump] - num objects pending restore: 0
[state-dump] - num objects pending spill: 0
[state-dump] - num bytes pending spill: 0
[state-dump] - num bytes currently spilled: 0
[state-dump] - cumulative spill requests: 0
[state-dump] - cumulative restore requests: 0
[state-dump] - spilled objects pending delete: 0
[state-dump] 
[state-dump] ObjectManager:
[state-dump] - num local objects: 0
[state-dump] - num unfulfilled push requests: 0
[state-dump] - num object pull requests: 0
[state-dump] - num chunks received total: 0
[state-dump] - num chunks received failed (all): 0
[state-dump] - num chunks received failed / cancelled: 0
[state-dump] - num chunks received failed / plasma error: 0
[state-dump] Event stats:
[state-dump] Global stats: 0 total (0 active)
[state-dump] Queueing time: mean = -nan s, max = -0.000 s, min = 9223372036.855 s, total = 0.000 s
[state-dump] Execution time:  mean = -nan s, total = 0.000 s
[state-dump] Event stats:
[state-dump] PushManager:
[state-dump] - num pushes in flight: 0
[state-dump] - num chunks in flight: 0
[state-dump] - num chunks remaining: 0
[state-dump] - max chunks allowed: 409
[state-dump] OwnershipBasedObjectDirectory:
[state-dump] - num listeners: 0
[state-dump] - cumulative location updates: 0
[state-dump] - num location updates per second: 0.000
[state-dump] - num location lookups per second: 0.000
[state-dump] - num locations added per second: 0.000
[state-dump] - num locations removed per second: 0.000
[state-dump] BufferPool:
[state-dump] - create buffer state map size: 0
[state-dump] PullManager:
[state-dump] - num bytes available for pulled objects: 114022214860
[state-dump] - num bytes being pulled (all): 0
[state-dump] - num bytes being pulled / pinned: 0
[state-dump] - get request bundles: BundlePullRequestQueue{0 total, 0 active, 0 inactive, 0 unpullable}
[state-dump] - wait request bundles: BundlePullRequestQueue{0 total, 0 active, 0 inactive, 0 unpullable}
[state-dump] - task request bundles: BundlePullRequestQueue{0 total, 0 active, 0 inactive, 0 unpullable}
[state-dump] - first get request bundle: N/A
[state-dump] - first wait request bundle: N/A
[state-dump] - first task request bundle: N/A
[state-dump] - num objects queued: 0
[state-dump] - num objects actively pulled (all): 0
[state-dump] - num objects actively pulled / pinned: 0
[state-dump] - num bundles being pulled: 0
[state-dump] - num pull retries: 0
[state-dump] - max timeout seconds: 0
[state-dump] - max timeout request is already processed. No entry.
[state-dump] 
[state-dump] WorkerPool:
[state-dump] - registered jobs: 1
[state-dump] - process_failed_job_config_missing: 0
[state-dump] - process_failed_rate_limited: 1
[state-dump] - process_failed_pending_registration: 0
[state-dump] - process_failed_runtime_env_setup_failed: 0
[state-dump] - num PYTHON workers: 8
[state-dump] - num PYTHON drivers: 1
[state-dump] - num object spill callbacks queued: 0
[state-dump] - num object restore queued: 0
[state-dump] - num util functions queued: 0
[state-dump] - num JAVA workers: 0
[state-dump] - num JAVA drivers: 0
[state-dump] - num object spill callbacks queued: 0
[state-dump] - num object restore queued: 0
[state-dump] - num util functions queued: 0
[state-dump] - num idle workers: 0
[state-dump] TaskDependencyManager:
[state-dump] - task deps map size: 0
[state-dump] - get req map size: 0
[state-dump] - wait req map size: 0
[state-dump] - local objects map size: 0
[state-dump] WaitManager:
[state-dump] - num active wait requests: 0
[state-dump] Subscriber:
[state-dump] Channel WORKER_OBJECT_LOCATIONS_CHANNEL
[state-dump] - cumulative subscribe requests: 0
[state-dump] - cumulative unsubscribe requests: 0
[state-dump] - active subscribed publishers: 0
[state-dump] - cumulative published messages: 0
[state-dump] - cumulative processed messages: 0
[state-dump] Channel WORKER_OBJECT_EVICTION
[state-dump] - cumulative subscribe requests: 0
[state-dump] - cumulative unsubscribe requests: 0
[state-dump] - active subscribed publishers: 0
[state-dump] - cumulative published messages: 0
[state-dump] - cumulative processed messages: 0
[state-dump] Channel WORKER_REF_REMOVED_CHANNEL
[state-dump] - cumulative subscribe requests: 0
[state-dump] - cumulative unsubscribe requests: 0
[state-dump] - active subscribed publishers: 0
[state-dump] - cumulative published messages: 0
[state-dump] - cumulative processed messages: 0
[state-dump] num async plasma notifications: 0
[state-dump] Remote node managers: 
[state-dump] Event stats:
[state-dump] Global stats: 5124 total (23 active)
[state-dump] Queueing time: mean = 39.158 ms, max = 7.928 s, min = 49.000 ns, total = 200.645 s
[state-dump] Execution time:  mean = 2.556 ms, total = 13.095 s
[state-dump] Event stats:
[state-dump] 	NodeManager.CheckGC - 600 total (1 active), Execution time: mean = 2.349 us, total = 1.409 ms, Queueing time: mean = 60.838 us, max = 382.701 us, min = 3.799 us, total = 36.503 ms
[state-dump] 	RaySyncer.OnDemandBroadcasting - 600 total (1 active), Execution time: mean = 9.823 us, total = 5.894 ms, Queueing time: mean = 54.223 us, max = 249.130 us, min = 6.081 us, total = 32.534 ms
[state-dump] 	ObjectManager.UpdateAvailableMemory - 600 total (0 active), Execution time: mean = 3.114 us, total = 1.869 ms, Queueing time: mean = 16.629 us, max = 301.986 us, min = 2.772 us, total = 9.977 ms
[state-dump] 	ClientConnection.async_read.ProcessMessageHeader - 599 total (9 active), Execution time: mean = 8.671 us, total = 5.194 ms, Queueing time: mean = 334.612 ms, max = 7.928 s, min = 11.288 us, total = 200.433 s
[state-dump] 	ClientConnection.async_read.ProcessMessage - 590 total (0 active), Execution time: mean = 51.806 us, total = 30.566 ms, Queueing time: mean = 9.945 us, max = 358.420 us, min = 1.744 us, total = 5.868 ms
[state-dump] 	NodeManagerService.grpc_server.ReportWorkerBacklog - 535 total (0 active), Execution time: mean = 256.714 us, total = 137.342 ms, Queueing time: mean = 0.000 s, max = -0.000 s, min = 9223372036.855 s, total = 0.000 s
[state-dump] 	NodeManagerService.grpc_server.ReportWorkerBacklog.HandleRequestImpl - 535 total (0 active), Execution time: mean = 34.959 us, total = 18.703 ms, Queueing time: mean = 44.166 us, max = 2.651 ms, min = 6.869 us, total = 23.629 ms
[state-dump] 	RayletWorkerPool.deadline_timer.kill_idle_workers - 300 total (1 active), Execution time: mean = 15.360 us, total = 4.608 ms, Queueing time: mean = 51.077 us, max = 688.811 us, min = 4.252 us, total = 15.323 ms
[state-dump] 	MemoryMonitor.CheckIsMemoryUsageAboveThreshold - 240 total (1 active), Execution time: mean = 339.385 us, total = 81.452 ms, Queueing time: mean = 49.689 us, max = 134.487 us, min = 2.708 us, total = 11.925 ms
[state-dump] 	NodeManager.deadline_timer.spill_objects_when_over_threshold - 60 total (1 active), Execution time: mean = 2.134 us, total = 128.015 us, Queueing time: mean = 102.608 us, max = 859.841 us, min = 3.885 us, total = 6.156 ms
[state-dump] 	NodeManager.deadline_timer.flush_free_objects - 60 total (1 active), Execution time: mean = 5.930 us, total = 355.777 us, Queueing time: mean = 99.613 us, max = 861.459 us, min = 6.299 us, total = 5.977 ms
[state-dump] 	NodeManager.ScheduleAndDispatchTasks - 60 total (1 active), Execution time: mean = 12.281 us, total = 736.844 us, Queueing time: mean = 41.846 us, max = 101.429 us, min = 5.782 us, total = 2.511 ms
[state-dump] 	NodeManagerService.grpc_server.GetResourceLoad - 59 total (0 active), Execution time: mean = 350.138 us, total = 20.658 ms, Queueing time: mean = 0.000 s, max = -0.000 s, min = 9223372036.855 s, total = 0.000 s
[state-dump] 	NodeManagerService.grpc_server.GetResourceLoad.HandleRequestImpl - 59 total (0 active), Execution time: mean = 85.193 us, total = 5.026 ms, Queueing time: mean = 48.619 us, max = 365.656 us, min = 3.872 us, total = 2.869 ms
[state-dump] 	ClusterResourceManager.ResetRemoteNodeView - 21 total (1 active), Execution time: mean = 7.551 us, total = 158.566 us, Queueing time: mean = 49.266 us, max = 119.675 us, min = 14.228 us, total = 1.035 ms
[state-dump] 	NodeManagerService.grpc_server.GetSystemConfig - 13 total (0 active), Execution time: mean = 426.493 us, total = 5.544 ms, Queueing time: mean = 0.000 s, max = -0.000 s, min = 9223372036.855 s, total = 0.000 s
[state-dump] 	ObjectManager.ObjectDeleted - 13 total (0 active), Execution time: mean = 15.543 us, total = 202.054 us, Queueing time: mean = 30.364 us, max = 43.866 us, min = 18.963 us, total = 394.729 us
[state-dump] 	ObjectManager.ObjectAdded - 13 total (0 active), Execution time: mean = 13.688 us, total = 177.948 us, Queueing time: mean = 15.384 us, max = 22.686 us, min = 7.500 us, total = 199.993 us
[state-dump] 	NodeManagerService.grpc_server.GetSystemConfig.HandleRequestImpl - 13 total (0 active), Execution time: mean = 105.658 us, total = 1.374 ms, Queueing time: mean = 25.104 us, max = 70.708 us, min = 8.147 us, total = 326.347 us
[state-dump] 	ClientConnection.async_write.DoAsyncWrites - 13 total (0 active), Execution time: mean = 802.923 ns, total = 10.438 us, Queueing time: mean = 23.364 us, max = 69.116 us, min = 9.528 us, total = 303.736 us
[state-dump] 	PeriodicalRunner.RunFnPeriodically - 13 total (0 active), Execution time: mean = 153.050 us, total = 1.990 ms, Queueing time: mean = 3.688 ms, max = 13.161 ms, min = 23.963 us, total = 47.947 ms
[state-dump] 	NodeInfoGcsService.grpc_client.CheckAlive - 12 total (0 active), Execution time: mean = 746.109 us, total = 8.953 ms, Queueing time: mean = 0.000 s, max = -0.000 s, min = 9223372036.855 s, total = 0.000 s
[state-dump] 	NodeInfoGcsService.grpc_client.CheckAlive.OnReplyReceived - 12 total (0 active), Execution time: mean = 26.957 us, total = 323.479 us, Queueing time: mean = 24.881 us, max = 106.828 us, min = 10.791 us, total = 298.569 us
[state-dump] 	NodeManager.deadline_timer.record_metrics - 12 total (1 active), Execution time: mean = 395.218 us, total = 4.743 ms, Queueing time: mean = 97.601 us, max = 553.564 us, min = 6.724 us, total = 1.171 ms
[state-dump] 	NodeManager.GcsCheckAlive - 12 total (1 active), Execution time: mean = 160.559 us, total = 1.927 ms, Queueing time: mean = 313.830 us, max = 808.739 us, min = 130.648 us, total = 3.766 ms
[state-dump] 	NodeManagerService.grpc_server.RequestWorkerLease - 8 total (0 active), Execution time: mean = 404.894 ms, total = 3.239 s, Queueing time: mean = 0.000 s, max = -0.000 s, min = 9223372036.855 s, total = 0.000 s
[state-dump] 	NodeManagerService.grpc_server.RequestWorkerLease.HandleRequestImpl - 8 total (0 active), Execution time: mean = 3.534 ms, total = 28.269 ms, Queueing time: mean = 24.067 us, max = 57.158 us, min = 13.776 us, total = 192.535 us
[state-dump] 	InternalPubSubGcsService.grpc_client.GcsSubscriberPoll - 6 total (1 active), Execution time: mean = 1.406 s, total = 8.438 s, Queueing time: mean = 0.000 s, max = -0.000 s, min = 9223372036.855 s, total = 0.000 s
[state-dump] 	NodeManager.deadline_timer.debug_state_dump - 6 total (1 active), Execution time: mean = 875.334 us, total = 5.252 ms, Queueing time: mean = 19.928 us, max = 79.974 us, min = 5.684 us, total = 119.571 us
[state-dump] 	InternalPubSubGcsService.grpc_client.GcsSubscriberPoll.OnReplyReceived - 5 total (0 active), Execution time: mean = 178.848 us, total = 894.242 us, Queueing time: mean = 57.509 us, max = 247.434 us, min = 4.213 us, total = 287.543 us
[state-dump] 	CoreWorkerService.grpc_client.Exit - 4 total (0 active), Execution time: mean = 2.428 ms, total = 9.712 ms, Queueing time: mean = 0.000 s, max = -0.000 s, min = 9223372036.855 s, total = 0.000 s
[state-dump] 	Subscriber.HandlePublishedMessage_GCS_WORKER_DELTA_CHANNEL - 4 total (0 active), Execution time: mean = 7.411 us, total = 29.645 us, Queueing time: mean = 164.397 us, max = 273.465 us, min = 57.121 us, total = 657.589 us
[state-dump] 	WorkerInfoGcsService.grpc_client.ReportWorkerFailure.OnReplyReceived - 4 total (0 active), Execution time: mean = 18.622 us, total = 74.486 us, Queueing time: mean = 143.899 us, max = 432.519 us, min = 9.436 us, total = 575.598 us
[state-dump] 	 - 4 total (0 active), Execution time: mean = 653.500 ns, total = 2.614 us, Queueing time: mean = 14.497 us, max = 17.484 us, min = 11.443 us, total = 57.988 us
[state-dump] 	WorkerInfoGcsService.grpc_client.ReportWorkerFailure - 4 total (0 active), Execution time: mean = 1.516 ms, total = 6.064 ms, Queueing time: mean = 0.000 s, max = -0.000 s, min = 9223372036.855 s, total = 0.000 s
[state-dump] 	CoreWorkerService.grpc_client.Exit.OnReplyReceived - 4 total (0 active), Execution time: mean = 15.336 us, total = 61.346 us, Queueing time: mean = 11.471 us, max = 18.051 us, min = 7.130 us, total = 45.883 us
[state-dump] 	RaySyncer.BroadcastMessage - 4 total (0 active), Execution time: mean = 132.975 us, total = 531.898 us, Queueing time: mean = 398.250 ns, max = 551.000 ns, min = 75.000 ns, total = 1.593 us
[state-dump] 	RaySyncerRegister - 2 total (0 active), Execution time: mean = 1.541 us, total = 3.082 us, Queueing time: mean = 145.500 ns, max = 242.000 ns, min = 49.000 ns, total = 291.000 ns
[state-dump] 	InternalPubSubGcsService.grpc_client.GcsSubscriberCommandBatch - 2 total (0 active), Execution time: mean = 736.103 us, total = 1.472 ms, Queueing time: mean = 0.000 s, max = -0.000 s, min = 9223372036.855 s, total = 0.000 s
[state-dump] 	InternalPubSubGcsService.grpc_client.GcsSubscriberCommandBatch.OnReplyReceived - 2 total (0 active), Execution time: mean = 73.477 us, total = 146.954 us, Queueing time: mean = 522.405 us, max = 1.039 ms, min = 6.110 us, total = 1.045 ms
[state-dump] 	NodeInfoGcsService.grpc_client.GetInternalConfig - 1 total (0 active), Execution time: mean = 960.169 us, total = 960.169 us, Queueing time: mean = 0.000 s, max = -0.000 s, min = 9223372036.855 s, total = 0.000 s
[state-dump] 	JobInfoGcsService.grpc_client.GetAllJobInfo.OnReplyReceived - 1 total (0 active), Execution time: mean = 9.454 us, total = 9.454 us, Queueing time: mean = 10.496 us, max = 10.496 us, min = 10.496 us, total = 10.496 us
[state-dump] 	Subscriber.HandlePublishedMessage_GCS_JOB_CHANNEL - 1 total (0 active), Execution time: mean = 83.935 us, total = 83.935 us, Queueing time: mean = 207.826 us, max = 207.826 us, min = 207.826 us, total = 207.826 us
[state-dump] 	NodeInfoGcsService.grpc_client.RegisterNode.OnReplyReceived - 1 total (0 active), Execution time: mean = 165.946 us, total = 165.946 us, Queueing time: mean = 10.240 us, max = 10.240 us, min = 10.240 us, total = 10.240 us
[state-dump] 	NodeInfoGcsService.grpc_client.RegisterNode - 1 total (0 active), Execution time: mean = 1.049 ms, total = 1.049 ms, Queueing time: mean = 0.000 s, max = -0.000 s, min = 9223372036.855 s, total = 0.000 s
[state-dump] 	JobInfoGcsService.grpc_client.GetAllJobInfo - 1 total (0 active), Execution time: mean = 831.690 us, total = 831.690 us, Queueing time: mean = 0.000 s, max = -0.000 s, min = 9223372036.855 s, total = 0.000 s
[state-dump] 	NodeManager.GCTaskFailureReason - 1 total (1 active), Execution time: mean = 0.000 s, total = 0.000 s, Queueing time: mean = 0.000 s, max = -0.000 s, min = 9223372036.855 s, total = 0.000 s
[state-dump] 	NodeManager.deadline_timer.print_event_loop_stats - 1 total (1 active, 1 running), Execution time: mean = 0.000 s, total = 0.000 s, Queueing time: mean = 0.000 s, max = -0.000 s, min = 9223372036.855 s, total = 0.000 s
[state-dump] 	JobInfoGcsService.grpc_client.AddJob - 1 total (0 active), Execution time: mean = 772.401 us, total = 772.401 us, Queueing time: mean = 0.000 s, max = -0.000 s, min = 9223372036.855 s, total = 0.000 s
[state-dump] 	JobInfoGcsService.grpc_client.AddJob.OnReplyReceived - 1 total (0 active), Execution time: mean = 73.750 us, total = 73.750 us, Queueing time: mean = 15.911 us, max = 15.911 us, min = 15.911 us, total = 15.911 us
[state-dump] 	NodeInfoGcsService.grpc_client.GetAllNodeInfo - 1 total (0 active), Execution time: mean = 452.251 us, total = 452.251 us, Queueing time: mean = 0.000 s, max = -0.000 s, min = 9223372036.855 s, total = 0.000 s
[state-dump] 	NodeInfoGcsService.grpc_client.GetAllNodeInfo.OnReplyReceived - 1 total (0 active), Execution time: mean = 82.028 us, total = 82.028 us, Queueing time: mean = 5.676 us, max = 5.676 us, min = 5.676 us, total = 5.676 us
[state-dump] 	NodeInfoGcsService.grpc_client.GetInternalConfig.OnReplyReceived - 1 total (0 active), Execution time: mean = 1.021 s, total = 1.021 s, Queueing time: mean = 10.712 us, max = 10.712 us, min = 10.712 us, total = 10.712 us
[state-dump] DebugString() time ms: 2
[state-dump] 
[state-dump] 
[2024-03-19 15:16:47,807 I 1784905 1784936] (raylet) store.cc:561: ========== Plasma store: =================
Current usage: 0 / 114.022 GB
- num bytes created total: 104
0 pending objects of total size 0MB
- objects spillable: 0
- bytes spillable: 0
- objects unsealed: 0
- bytes unsealed: 0
- objects in use: 0
- bytes in use: 0
- objects evictable: 0
- bytes evictable: 0

- objects created by worker: 0
- bytes created by worker: 0
- objects restored: 0
- bytes restored: 0
- objects received: 0
- bytes received: 0
- objects errored: 0
- bytes errored: 0

[2024-03-19 15:16:48,833 I 1784905 1784905] (raylet) node_manager.cc:537: [state-dump] NodeManager:
[state-dump] Node ID: 0c2db8af5d7392e9a427831c7b13354998e953bd2b64760685f31e26
[state-dump] Node name: 172.18.36.110
[state-dump] InitialConfigResources: {CPU: 40000, node:172.18.36.110: 10000, accelerator_type:RTX: 10000, memory: 2560518346760000, node:__internal_head__: 10000, GPU: 10000, object_store_memory: 1140222148600000}
[state-dump] ClusterTaskManager:
[state-dump] ========== Node: 0c2db8af5d7392e9a427831c7b13354998e953bd2b64760685f31e26 =================
[state-dump] Infeasible queue length: 0
[state-dump] Schedule queue length: 0
[state-dump] Dispatch queue length: 0
[state-dump] num_waiting_for_resource: 0
[state-dump] num_waiting_for_plasma_memory: 0
[state-dump] num_waiting_for_remote_node_resources: 0
[state-dump] num_worker_not_started_by_job_config_not_exist: 0
[state-dump] num_worker_not_started_by_registration_timeout: 0
[state-dump] num_tasks_waiting_for_workers: 0
[state-dump] num_cancelled_tasks: 0
[state-dump] cluster_resource_scheduler state: 
[state-dump] Local id: 3407568452814512299 Local resources: {"total":{CPU: [40000], GPU: [10000], object_store_memory: [1140222148600000], accelerator_type:RTX: [10000], node:__internal_head__: [10000], memory: [2560518346760000], node:172.18.36.110: [10000]}}, "available": {object_store_memory: [1140222148600000], GPU: [0], node:__internal_head__: [10000], memory: [2560518346760000], node:172.18.36.110: [10000], accelerator_type:RTX: [10000], CPU: [0]}}, "labels":{"ray.io/node_id":"0c2db8af5d7392e9a427831c7b13354998e953bd2b64760685f31e26",} is_draining: 0 is_idle: 0 Cluster resources: node id: 3407568452814512299{"total":{object_store_memory: 1140222148600000, node:172.18.36.110: 10000, accelerator_type:RTX: 10000, CPU: 40000, GPU: 10000, node:__internal_head__: 10000, memory: 2560518346760000}}, "available": {object_store_memory: 1140222148600000, node:172.18.36.110: 10000, accelerator_type:RTX: 10000, memory: 2560518346760000, node:__internal_head__: 10000}}, "labels":{"ray.io/node_id":"0c2db8af5d7392e9a427831c7b13354998e953bd2b64760685f31e26",}, "is_draining": 0} { "placment group locations": [], "node to bundles": []}
[state-dump] Waiting tasks size: 0
[state-dump] Number of executing tasks: 0
[state-dump] Number of pinned task arguments: 0
[state-dump] Number of total spilled tasks: 0
[state-dump] Number of spilled waiting tasks: 0
[state-dump] Number of spilled unschedulable tasks: 0
[state-dump] Resource usage {
[state-dump]     - (language=PYTHON actor_or_task=_QueueActor.__init__ pid=1786304): {}
[state-dump]     - (language=PYTHON actor_or_task=MatchSaver.__init__ pid=1786308): {CPU: 10000}
[state-dump]     - (language=PYTHON actor_or_task=FeatureActor.__init__ pid=1785348): {CPU: 10000}
[state-dump]     - (language=PYTHON actor_or_task=MatchExtrator.__init__ pid=1786311): {CPU: 10000, GPU: 10000}
[state-dump]     - (language=PYTHON actor_or_task=_QueueActor.__init__ pid=1785294): {}
[state-dump]     - (language=PYTHON actor_or_task=_QueueActor.__init__ pid=1785295): {}
[state-dump]     - (language=PYTHON actor_or_task=SparseReconActor.__init__ pid=1785296): {CPU: 10000}
[state-dump]     - (language=PYTHON actor_or_task=_QueueActor.__init__ pid=1785293): {}
[state-dump] }
[state-dump] Running tasks by scheduling class:
[state-dump] ==================================================
[state-dump] 
[state-dump] ClusterResources:
[state-dump] LocalObjectManager:
[state-dump] - num pinned objects: 0
[state-dump] - pinned objects size: 0
[state-dump] - num objects pending restore: 0
[state-dump] - num objects pending spill: 0
[state-dump] - num bytes pending spill: 0
[state-dump] - num bytes currently spilled: 0
[state-dump] - cumulative spill requests: 0
[state-dump] - cumulative restore requests: 0
[state-dump] - spilled objects pending delete: 0
[state-dump] 
[state-dump] ObjectManager:
[state-dump] - num local objects: 0
[state-dump] - num unfulfilled push requests: 0
[state-dump] - num object pull requests: 0
[state-dump] - num chunks received total: 0
[state-dump] - num chunks received failed (all): 0
[state-dump] - num chunks received failed / cancelled: 0
[state-dump] - num chunks received failed / plasma error: 0
[state-dump] Event stats:
[state-dump] Global stats: 0 total (0 active)
[state-dump] Queueing time: mean = -nan s, max = -0.000 s, min = 9223372036.855 s, total = 0.000 s
[state-dump] Execution time:  mean = -nan s, total = 0.000 s
[state-dump] Event stats:
[state-dump] PushManager:
[state-dump] - num pushes in flight: 0
[state-dump] - num chunks in flight: 0
[state-dump] - num chunks remaining: 0
[state-dump] - max chunks allowed: 409
[state-dump] OwnershipBasedObjectDirectory:
[state-dump] - num listeners: 0
[state-dump] - cumulative location updates: 0
[state-dump] - num location updates per second: 0.000
[state-dump] - num location lookups per second: 0.000
[state-dump] - num locations added per second: 0.000
[state-dump] - num locations removed per second: 0.000
[state-dump] BufferPool:
[state-dump] - create buffer state map size: 0
[state-dump] PullManager:
[state-dump] - num bytes available for pulled objects: 114022214860
[state-dump] - num bytes being pulled (all): 0
[state-dump] - num bytes being pulled / pinned: 0
[state-dump] - get request bundles: BundlePullRequestQueue{0 total, 0 active, 0 inactive, 0 unpullable}
[state-dump] - wait request bundles: BundlePullRequestQueue{0 total, 0 active, 0 inactive, 0 unpullable}
[state-dump] - task request bundles: BundlePullRequestQueue{0 total, 0 active, 0 inactive, 0 unpullable}
[state-dump] - first get request bundle: N/A
[state-dump] - first wait request bundle: N/A
[state-dump] - first task request bundle: N/A
[state-dump] - num objects queued: 0
[state-dump] - num objects actively pulled (all): 0
[state-dump] - num objects actively pulled / pinned: 0
[state-dump] - num bundles being pulled: 0
[state-dump] - num pull retries: 0
[state-dump] - max timeout seconds: 0
[state-dump] - max timeout request is already processed. No entry.
[state-dump] 
[state-dump] WorkerPool:
[state-dump] - registered jobs: 1
[state-dump] - process_failed_job_config_missing: 0
[state-dump] - process_failed_rate_limited: 1
[state-dump] - process_failed_pending_registration: 0
[state-dump] - process_failed_runtime_env_setup_failed: 0
[state-dump] - num PYTHON workers: 8
[state-dump] - num PYTHON drivers: 1
[state-dump] - num object spill callbacks queued: 0
[state-dump] - num object restore queued: 0
[state-dump] - num util functions queued: 0
[state-dump] - num JAVA workers: 0
[state-dump] - num JAVA drivers: 0
[state-dump] - num object spill callbacks queued: 0
[state-dump] - num object restore queued: 0
[state-dump] - num util functions queued: 0
[state-dump] - num idle workers: 0
[state-dump] TaskDependencyManager:
[state-dump] - task deps map size: 0
[state-dump] - get req map size: 0
[state-dump] - wait req map size: 0
[state-dump] - local objects map size: 0
[state-dump] WaitManager:
[state-dump] - num active wait requests: 0
[state-dump] Subscriber:
[state-dump] Channel WORKER_OBJECT_LOCATIONS_CHANNEL
[state-dump] - cumulative subscribe requests: 0
[state-dump] - cumulative unsubscribe requests: 0
[state-dump] - active subscribed publishers: 0
[state-dump] - cumulative published messages: 0
[state-dump] - cumulative processed messages: 0
[state-dump] Channel WORKER_OBJECT_EVICTION
[state-dump] - cumulative subscribe requests: 0
[state-dump] - cumulative unsubscribe requests: 0
[state-dump] - active subscribed publishers: 0
[state-dump] - cumulative published messages: 0
[state-dump] - cumulative processed messages: 0
[state-dump] Channel WORKER_REF_REMOVED_CHANNEL
[state-dump] - cumulative subscribe requests: 0
[state-dump] - cumulative unsubscribe requests: 0
[state-dump] - active subscribed publishers: 0
[state-dump] - cumulative published messages: 0
[state-dump] - cumulative processed messages: 0
[state-dump] num async plasma notifications: 0
[state-dump] Remote node managers: 
[state-dump] Event stats:
[state-dump] Global stats: 10263 total (23 active)
[state-dump] Queueing time: mean = 37.122 ms, max = 7.928 s, min = 49.000 ns, total = 380.981 s
[state-dump] Execution time:  mean = 1.308 ms, total = 13.429 s
[state-dump] Event stats:
[state-dump] 	ClientConnection.async_read.ProcessMessageHeader - 1271 total (9 active), Execution time: mean = 9.073 us, total = 11.531 ms, Queueing time: mean = 299.428 ms, max = 7.928 s, min = 11.288 us, total = 380.573 s
[state-dump] 	ClientConnection.async_read.ProcessMessage - 1262 total (0 active), Execution time: mean = 29.534 us, total = 37.271 ms, Queueing time: mean = 9.647 us, max = 358.420 us, min = 1.744 us, total = 12.175 ms
[state-dump] 	NodeManager.CheckGC - 1200 total (1 active), Execution time: mean = 2.513 us, total = 3.016 ms, Queueing time: mean = 69.379 us, max = 382.701 us, min = 3.799 us, total = 83.255 ms
[state-dump] 	RaySyncer.OnDemandBroadcasting - 1200 total (1 active), Execution time: mean = 9.881 us, total = 11.857 ms, Queueing time: mean = 62.797 us, max = 361.071 us, min = 6.081 us, total = 75.356 ms
[state-dump] 	ObjectManager.UpdateAvailableMemory - 1200 total (0 active), Execution time: mean = 3.190 us, total = 3.829 ms, Queueing time: mean = 16.636 us, max = 301.986 us, min = 2.772 us, total = 19.963 ms
[state-dump] 	NodeManagerService.grpc_server.ReportWorkerBacklog - 1075 total (0 active), Execution time: mean = 264.029 us, total = 283.831 ms, Queueing time: mean = 0.000 s, max = -0.000 s, min = 9223372036.855 s, total = 0.000 s
[state-dump] 	NodeManagerService.grpc_server.ReportWorkerBacklog.HandleRequestImpl - 1075 total (0 active), Execution time: mean = 35.510 us, total = 38.173 ms, Queueing time: mean = 42.260 us, max = 2.651 ms, min = 5.450 us, total = 45.429 ms
[state-dump] 	RayletWorkerPool.deadline_timer.kill_idle_workers - 600 total (1 active), Execution time: mean = 13.363 us, total = 8.018 ms, Queueing time: mean = 52.302 us, max = 688.811 us, min = 4.252 us, total = 31.381 ms
[state-dump] 	MemoryMonitor.CheckIsMemoryUsageAboveThreshold - 480 total (1 active), Execution time: mean = 342.808 us, total = 164.548 ms, Queueing time: mean = 64.234 us, max = 5.955 ms, min = 1.394 us, total = 30.832 ms
[state-dump] 	NodeManager.deadline_timer.flush_free_objects - 120 total (1 active), Execution time: mean = 7.018 us, total = 842.126 us, Queueing time: mean = 119.071 us, max = 1.095 ms, min = 3.722 us, total = 14.289 ms
[state-dump] 	NodeManager.deadline_timer.spill_objects_when_over_threshold - 120 total (1 active), Execution time: mean = 2.364 us, total = 283.637 us, Queueing time: mean = 122.717 us, max = 1.093 ms, min = 3.885 us, total = 14.726 ms
[state-dump] 	NodeManager.ScheduleAndDispatchTasks - 120 total (1 active), Execution time: mean = 14.099 us, total = 1.692 ms, Queueing time: mean = 59.485 us, max = 1.703 ms, min = 5.782 us, total = 7.138 ms
[state-dump] 	NodeManagerService.grpc_server.GetResourceLoad - 119 total (0 active), Execution time: mean = 354.180 us, total = 42.147 ms, Queueing time: mean = 0.000 s, max = -0.000 s, min = 9223372036.855 s, total = 0.000 s
[state-dump] 	NodeManagerService.grpc_server.GetResourceLoad.HandleRequestImpl - 119 total (0 active), Execution time: mean = 91.140 us, total = 10.846 ms, Queueing time: mean = 43.367 us, max = 365.656 us, min = 3.872 us, total = 5.161 ms
[state-dump] 	ClusterResourceManager.ResetRemoteNodeView - 41 total (1 active), Execution time: mean = 7.887 us, total = 323.386 us, Queueing time: mean = 54.045 us, max = 119.675 us, min = 14.228 us, total = 2.216 ms
[state-dump] 	NodeManager.GcsCheckAlive - 24 total (1 active), Execution time: mean = 195.115 us, total = 4.683 ms, Queueing time: mean = 402.305 us, max = 993.023 us, min = 106.648 us, total = 9.655 ms
[state-dump] 	NodeInfoGcsService.grpc_client.CheckAlive - 24 total (0 active), Execution time: mean = 786.843 us, total = 18.884 ms, Queueing time: mean = 0.000 s, max = -0.000 s, min = 9223372036.855 s, total = 0.000 s
[state-dump] 	NodeManager.deadline_timer.record_metrics - 24 total (1 active), Execution time: mean = 448.242 us, total = 10.758 ms, Queueing time: mean = 154.585 us, max = 614.175 us, min = 6.724 us, total = 3.710 ms
[state-dump] 	NodeInfoGcsService.grpc_client.CheckAlive.OnReplyReceived - 24 total (0 active), Execution time: mean = 29.989 us, total = 719.742 us, Queueing time: mean = 21.202 us, max = 106.828 us, min = 10.758 us, total = 508.847 us
[state-dump] 	PeriodicalRunner.RunFnPeriodically - 13 total (0 active), Execution time: mean = 153.050 us, total = 1.990 ms, Queueing time: mean = 3.688 ms, max = 13.161 ms, min = 23.963 us, total = 47.947 ms
[state-dump] 	ObjectManager.ObjectDeleted - 13 total (0 active), Execution time: mean = 15.543 us, total = 202.054 us, Queueing time: mean = 30.364 us, max = 43.866 us, min = 18.963 us, total = 394.729 us
[state-dump] 	ObjectManager.ObjectAdded - 13 total (0 active), Execution time: mean = 13.688 us, total = 177.948 us, Queueing time: mean = 15.384 us, max = 22.686 us, min = 7.500 us, total = 199.993 us
[state-dump] 	NodeManagerService.grpc_server.GetSystemConfig - 13 total (0 active), Execution time: mean = 426.493 us, total = 5.544 ms, Queueing time: mean = 0.000 s, max = -0.000 s, min = 9223372036.855 s, total = 0.000 s
[state-dump] 	ClientConnection.async_write.DoAsyncWrites - 13 total (0 active), Execution time: mean = 802.923 ns, total = 10.438 us, Queueing time: mean = 23.364 us, max = 69.116 us, min = 9.528 us, total = 303.736 us
[state-dump] 	NodeManagerService.grpc_server.GetSystemConfig.HandleRequestImpl - 13 total (0 active), Execution time: mean = 105.658 us, total = 1.374 ms, Queueing time: mean = 25.104 us, max = 70.708 us, min = 8.147 us, total = 326.347 us
[state-dump] 	NodeManager.deadline_timer.debug_state_dump - 12 total (1 active), Execution time: mean = 1.108 ms, total = 13.295 ms, Queueing time: mean = 35.530 us, max = 96.107 us, min = 5.684 us, total = 426.363 us
[state-dump] 	NodeManagerService.grpc_server.RequestWorkerLease.HandleRequestImpl - 8 total (0 active), Execution time: mean = 3.534 ms, total = 28.269 ms, Queueing time: mean = 24.067 us, max = 57.158 us, min = 13.776 us, total = 192.535 us
[state-dump] 	NodeManagerService.grpc_server.RequestWorkerLease - 8 total (0 active), Execution time: mean = 404.894 ms, total = 3.239 s, Queueing time: mean = 0.000 s, max = -0.000 s, min = 9223372036.855 s, total = 0.000 s
[state-dump] 	InternalPubSubGcsService.grpc_client.GcsSubscriberPoll - 6 total (1 active), Execution time: mean = 1.406 s, total = 8.438 s, Queueing time: mean = 0.000 s, max = -0.000 s, min = 9223372036.855 s, total = 0.000 s
[state-dump] 	InternalPubSubGcsService.grpc_client.GcsSubscriberPoll.OnReplyReceived - 5 total (0 active), Execution time: mean = 178.848 us, total = 894.242 us, Queueing time: mean = 57.509 us, max = 247.434 us, min = 4.213 us, total = 287.543 us
[state-dump] 	RaySyncer.BroadcastMessage - 4 total (0 active), Execution time: mean = 132.975 us, total = 531.898 us, Queueing time: mean = 398.250 ns, max = 551.000 ns, min = 75.000 ns, total = 1.593 us
[state-dump] 	WorkerInfoGcsService.grpc_client.ReportWorkerFailure.OnReplyReceived - 4 total (0 active), Execution time: mean = 18.622 us, total = 74.486 us, Queueing time: mean = 143.899 us, max = 432.519 us, min = 9.436 us, total = 575.598 us
[state-dump] 	 - 4 total (0 active), Execution time: mean = 653.500 ns, total = 2.614 us, Queueing time: mean = 14.497 us, max = 17.484 us, min = 11.443 us, total = 57.988 us
[state-dump] 	Subscriber.HandlePublishedMessage_GCS_WORKER_DELTA_CHANNEL - 4 total (0 active), Execution time: mean = 7.411 us, total = 29.645 us, Queueing time: mean = 164.397 us, max = 273.465 us, min = 57.121 us, total = 657.589 us
[state-dump] 	WorkerInfoGcsService.grpc_client.ReportWorkerFailure - 4 total (0 active), Execution time: mean = 1.516 ms, total = 6.064 ms, Queueing time: mean = 0.000 s, max = -0.000 s, min = 9223372036.855 s, total = 0.000 s
[state-dump] 	CoreWorkerService.grpc_client.Exit.OnReplyReceived - 4 total (0 active), Execution time: mean = 15.336 us, total = 61.346 us, Queueing time: mean = 11.471 us, max = 18.051 us, min = 7.130 us, total = 45.883 us
[state-dump] 	CoreWorkerService.grpc_client.Exit - 4 total (0 active), Execution time: mean = 2.428 ms, total = 9.712 ms, Queueing time: mean = 0.000 s, max = -0.000 s, min = 9223372036.855 s, total = 0.000 s
[state-dump] 	InternalPubSubGcsService.grpc_client.GcsSubscriberCommandBatch - 2 total (0 active), Execution time: mean = 736.103 us, total = 1.472 ms, Queueing time: mean = 0.000 s, max = -0.000 s, min = 9223372036.855 s, total = 0.000 s
[state-dump] 	RaySyncerRegister - 2 total (0 active), Execution time: mean = 1.541 us, total = 3.082 us, Queueing time: mean = 145.500 ns, max = 242.000 ns, min = 49.000 ns, total = 291.000 ns
[state-dump] 	NodeManager.deadline_timer.print_event_loop_stats - 2 total (1 active, 1 running), Execution time: mean = 1.185 ms, total = 2.371 ms, Queueing time: mean = 46.605 us, max = 93.210 us, min = 93.210 us, total = 93.210 us
[state-dump] 	InternalPubSubGcsService.grpc_client.GcsSubscriberCommandBatch.OnReplyReceived - 2 total (0 active), Execution time: mean = 73.477 us, total = 146.954 us, Queueing time: mean = 522.405 us, max = 1.039 ms, min = 6.110 us, total = 1.045 ms
[state-dump] 	JobInfoGcsService.grpc_client.AddJob - 1 total (0 active), Execution time: mean = 772.401 us, total = 772.401 us, Queueing time: mean = 0.000 s, max = -0.000 s, min = 9223372036.855 s, total = 0.000 s
[state-dump] 	JobInfoGcsService.grpc_client.AddJob.OnReplyReceived - 1 total (0 active), Execution time: mean = 73.750 us, total = 73.750 us, Queueing time: mean = 15.911 us, max = 15.911 us, min = 15.911 us, total = 15.911 us
[state-dump] 	JobInfoGcsService.grpc_client.GetAllJobInfo - 1 total (0 active), Execution time: mean = 831.690 us, total = 831.690 us, Queueing time: mean = 0.000 s, max = -0.000 s, min = 9223372036.855 s, total = 0.000 s
[state-dump] 	NodeInfoGcsService.grpc_client.RegisterNode.OnReplyReceived - 1 total (0 active), Execution time: mean = 165.946 us, total = 165.946 us, Queueing time: mean = 10.240 us, max = 10.240 us, min = 10.240 us, total = 10.240 us
[state-dump] 	NodeManager.GCTaskFailureReason - 1 total (1 active), Execution time: mean = 0.000 s, total = 0.000 s, Queueing time: mean = 0.000 s, max = -0.000 s, min = 9223372036.855 s, total = 0.000 s
[state-dump] 	Subscriber.HandlePublishedMessage_GCS_JOB_CHANNEL - 1 total (0 active), Execution time: mean = 83.935 us, total = 83.935 us, Queueing time: mean = 207.826 us, max = 207.826 us, min = 207.826 us, total = 207.826 us
[state-dump] 	NodeInfoGcsService.grpc_client.GetAllNodeInfo - 1 total (0 active), Execution time: mean = 452.251 us, total = 452.251 us, Queueing time: mean = 0.000 s, max = -0.000 s, min = 9223372036.855 s, total = 0.000 s
[state-dump] 	NodeInfoGcsService.grpc_client.GetInternalConfig.OnReplyReceived - 1 total (0 active), Execution time: mean = 1.021 s, total = 1.021 s, Queueing time: mean = 10.712 us, max = 10.712 us, min = 10.712 us, total = 10.712 us
[state-dump] 	NodeInfoGcsService.grpc_client.RegisterNode - 1 total (0 active), Execution time: mean = 1.049 ms, total = 1.049 ms, Queueing time: mean = 0.000 s, max = -0.000 s, min = 9223372036.855 s, total = 0.000 s
[state-dump] 	JobInfoGcsService.grpc_client.GetAllJobInfo.OnReplyReceived - 1 total (0 active), Execution time: mean = 9.454 us, total = 9.454 us, Queueing time: mean = 10.496 us, max = 10.496 us, min = 10.496 us, total = 10.496 us
[state-dump] 	NodeInfoGcsService.grpc_client.GetAllNodeInfo.OnReplyReceived - 1 total (0 active), Execution time: mean = 82.028 us, total = 82.028 us, Queueing time: mean = 5.676 us, max = 5.676 us, min = 5.676 us, total = 5.676 us
[state-dump] 	NodeInfoGcsService.grpc_client.GetInternalConfig - 1 total (0 active), Execution time: mean = 960.169 us, total = 960.169 us, Queueing time: mean = 0.000 s, max = -0.000 s, min = 9223372036.855 s, total = 0.000 s
[state-dump] DebugString() time ms: 1
[state-dump] 
[state-dump] 
[2024-03-19 15:17:33,187 I 1784905 1784905] (raylet) node_manager.cc:1444: NodeManager::DisconnectClient, disconnect_type=1, has creation task exception = false
[2024-03-19 15:17:33,385 I 1784905 1784905] (raylet) node_manager.cc:1444: NodeManager::DisconnectClient, disconnect_type=1, has creation task exception = false
[2024-03-19 15:17:33,571 I 1784905 1784905] (raylet) node_manager.cc:1444: NodeManager::DisconnectClient, disconnect_type=1, has creation task exception = false
[2024-03-19 15:17:47,807 I 1784905 1784936] (raylet) store.cc:561: ========== Plasma store: =================
Current usage: 0 / 114.022 GB
- num bytes created total: 104
0 pending objects of total size 0MB
- objects spillable: 0
- bytes spillable: 0
- objects unsealed: 0
- bytes unsealed: 0
- objects in use: 0
- bytes in use: 0
- objects evictable: 0
- bytes evictable: 0

- objects created by worker: 0
- bytes created by worker: 0
- objects restored: 0
- bytes restored: 0
- objects received: 0
- bytes received: 0
- objects errored: 0
- bytes errored: 0

[2024-03-19 15:17:48,836 I 1784905 1784905] (raylet) node_manager.cc:537: [state-dump] NodeManager:
[state-dump] Node ID: 0c2db8af5d7392e9a427831c7b13354998e953bd2b64760685f31e26
[state-dump] Node name: 172.18.36.110
[state-dump] InitialConfigResources: {CPU: 40000, node:172.18.36.110: 10000, accelerator_type:RTX: 10000, memory: 2560518346760000, node:__internal_head__: 10000, GPU: 10000, object_store_memory: 1140222148600000}
[state-dump] ClusterTaskManager:
[state-dump] ========== Node: 0c2db8af5d7392e9a427831c7b13354998e953bd2b64760685f31e26 =================
[state-dump] Infeasible queue length: 0
[state-dump] Schedule queue length: 0
[state-dump] Dispatch queue length: 0
[state-dump] num_waiting_for_resource: 0
[state-dump] num_waiting_for_plasma_memory: 0
[state-dump] num_waiting_for_remote_node_resources: 0
[state-dump] num_worker_not_started_by_job_config_not_exist: 0
[state-dump] num_worker_not_started_by_registration_timeout: 0
[state-dump] num_tasks_waiting_for_workers: 0
[state-dump] num_cancelled_tasks: 0
[state-dump] cluster_resource_scheduler state: 
[state-dump] Local id: 3407568452814512299 Local resources: {"total":{CPU: [40000], GPU: [10000], object_store_memory: [1140222148600000], accelerator_type:RTX: [10000], node:__internal_head__: [10000], memory: [2560518346760000], node:172.18.36.110: [10000]}}, "available": {object_store_memory: [1140222148600000], GPU: [10000], node:__internal_head__: [10000], memory: [2560518346760000], node:172.18.36.110: [10000], accelerator_type:RTX: [10000], CPU: [20000]}}, "labels":{"ray.io/node_id":"0c2db8af5d7392e9a427831c7b13354998e953bd2b64760685f31e26",} is_draining: 0 is_idle: 0 Cluster resources: node id: 3407568452814512299{"total":{node:__internal_head__: 10000, node:172.18.36.110: 10000, CPU: 40000, object_store_memory: 1140222148600000, accelerator_type:RTX: 10000, GPU: 10000, memory: 2560518346760000}}, "available": {memory: 2560518346760000, node:__internal_head__: 10000, object_store_memory: 1140222148600000, CPU: 20000, GPU: 10000, node:172.18.36.110: 10000, accelerator_type:RTX: 10000}}, "labels":{"ray.io/node_id":"0c2db8af5d7392e9a427831c7b13354998e953bd2b64760685f31e26",}, "is_draining": 0} { "placment group locations": [], "node to bundles": []}
[state-dump] Waiting tasks size: 0
[state-dump] Number of executing tasks: 0
[state-dump] Number of pinned task arguments: 0
[state-dump] Number of total spilled tasks: 0
[state-dump] Number of spilled waiting tasks: 0
[state-dump] Number of spilled unschedulable tasks: 0
[state-dump] Resource usage {
[state-dump]     - (language=PYTHON actor_or_task=FeatureActor.__init__ pid=1785348): {CPU: 10000}
[state-dump]     - (language=PYTHON actor_or_task=_QueueActor.__init__ pid=1785294): {}
[state-dump]     - (language=PYTHON actor_or_task=_QueueActor.__init__ pid=1785295): {}
[state-dump]     - (language=PYTHON actor_or_task=SparseReconActor.__init__ pid=1785296): {CPU: 10000}
[state-dump]     - (language=PYTHON actor_or_task=_QueueActor.__init__ pid=1785293): {}
[state-dump] }
[state-dump] Running tasks by scheduling class:
[state-dump] ==================================================
[state-dump] 
[state-dump] ClusterResources:
[state-dump] LocalObjectManager:
[state-dump] - num pinned objects: 0
[state-dump] - pinned objects size: 0
[state-dump] - num objects pending restore: 0
[state-dump] - num objects pending spill: 0
[state-dump] - num bytes pending spill: 0
[state-dump] - num bytes currently spilled: 0
[state-dump] - cumulative spill requests: 0
[state-dump] - cumulative restore requests: 0
[state-dump] - spilled objects pending delete: 0
[state-dump] 
[state-dump] ObjectManager:
[state-dump] - num local objects: 0
[state-dump] - num unfulfilled push requests: 0
[state-dump] - num object pull requests: 0
[state-dump] - num chunks received total: 0
[state-dump] - num chunks received failed (all): 0
[state-dump] - num chunks received failed / cancelled: 0
[state-dump] - num chunks received failed / plasma error: 0
[state-dump] Event stats:
[state-dump] Global stats: 0 total (0 active)
[state-dump] Queueing time: mean = -nan s, max = -0.000 s, min = 9223372036.855 s, total = 0.000 s
[state-dump] Execution time:  mean = -nan s, total = 0.000 s
[state-dump] Event stats:
[state-dump] PushManager:
[state-dump] - num pushes in flight: 0
[state-dump] - num chunks in flight: 0
[state-dump] - num chunks remaining: 0
[state-dump] - max chunks allowed: 409
[state-dump] OwnershipBasedObjectDirectory:
[state-dump] - num listeners: 0
[state-dump] - cumulative location updates: 0
[state-dump] - num location updates per second: 0.000
[state-dump] - num location lookups per second: 0.000
[state-dump] - num locations added per second: 0.000
[state-dump] - num locations removed per second: 0.000
[state-dump] BufferPool:
[state-dump] - create buffer state map size: 0
[state-dump] PullManager:
[state-dump] - num bytes available for pulled objects: 114022214860
[state-dump] - num bytes being pulled (all): 0
[state-dump] - num bytes being pulled / pinned: 0
[state-dump] - get request bundles: BundlePullRequestQueue{0 total, 0 active, 0 inactive, 0 unpullable}
[state-dump] - wait request bundles: BundlePullRequestQueue{0 total, 0 active, 0 inactive, 0 unpullable}
[state-dump] - task request bundles: BundlePullRequestQueue{0 total, 0 active, 0 inactive, 0 unpullable}
[state-dump] - first get request bundle: N/A
[state-dump] - first wait request bundle: N/A
[state-dump] - first task request bundle: N/A
[state-dump] - num objects queued: 0
[state-dump] - num objects actively pulled (all): 0
[state-dump] - num objects actively pulled / pinned: 0
[state-dump] - num bundles being pulled: 0
[state-dump] - num pull retries: 0
[state-dump] - max timeout seconds: 0
[state-dump] - max timeout request is already processed. No entry.
[state-dump] 
[state-dump] WorkerPool:
[state-dump] - registered jobs: 1
[state-dump] - process_failed_job_config_missing: 0
[state-dump] - process_failed_rate_limited: 1
[state-dump] - process_failed_pending_registration: 0
[state-dump] - process_failed_runtime_env_setup_failed: 0
[state-dump] - num PYTHON workers: 5
[state-dump] - num PYTHON drivers: 1
[state-dump] - num object spill callbacks queued: 0
[state-dump] - num object restore queued: 0
[state-dump] - num util functions queued: 0
[state-dump] - num JAVA workers: 0
[state-dump] - num JAVA drivers: 0
[state-dump] - num object spill callbacks queued: 0
[state-dump] - num object restore queued: 0
[state-dump] - num util functions queued: 0
[state-dump] - num idle workers: 0
[state-dump] TaskDependencyManager:
[state-dump] - task deps map size: 0
[state-dump] - get req map size: 0
[state-dump] - wait req map size: 0
[state-dump] - local objects map size: 0
[state-dump] WaitManager:
[state-dump] - num active wait requests: 0
[state-dump] Subscriber:
[state-dump] Channel WORKER_OBJECT_LOCATIONS_CHANNEL
[state-dump] - cumulative subscribe requests: 0
[state-dump] - cumulative unsubscribe requests: 0
[state-dump] - active subscribed publishers: 0
[state-dump] - cumulative published messages: 0
[state-dump] - cumulative processed messages: 0
[state-dump] Channel WORKER_OBJECT_EVICTION
[state-dump] - cumulative subscribe requests: 0
[state-dump] - cumulative unsubscribe requests: 0
[state-dump] - active subscribed publishers: 0
[state-dump] - cumulative published messages: 0
[state-dump] - cumulative processed messages: 0
[state-dump] Channel WORKER_REF_REMOVED_CHANNEL
[state-dump] - cumulative subscribe requests: 0
[state-dump] - cumulative unsubscribe requests: 0
[state-dump] - active subscribed publishers: 0
[state-dump] - cumulative published messages: 0
[state-dump] - cumulative processed messages: 0
[state-dump] num async plasma notifications: 0
[state-dump] Remote node managers: 
[state-dump] Event stats:
[state-dump] Global stats: 15004 total (20 active)
[state-dump] Queueing time: mean = 77.783 ms, max = 165.198 s, min = 49.000 ns, total = 1167.051 s
[state-dump] Execution time:  mean = 11.334 ms, total = 170.058 s
[state-dump] Event stats:
[state-dump] 	NodeManager.CheckGC - 1799 total (1 active), Execution time: mean = 2.567 us, total = 4.618 ms, Queueing time: mean = 73.339 us, max = 1.548 ms, min = 3.799 us, total = 131.936 ms
[state-dump] 	ObjectManager.UpdateAvailableMemory - 1799 total (0 active), Execution time: mean = 3.206 us, total = 5.768 ms, Queueing time: mean = 16.672 us, max = 385.622 us, min = 2.772 us, total = 29.993 ms
[state-dump] 	RaySyncer.OnDemandBroadcasting - 1799 total (1 active), Execution time: mean = 10.281 us, total = 18.495 ms, Queueing time: mean = 66.392 us, max = 1.542 ms, min = 6.081 us, total = 119.439 ms
[state-dump] 	ClientConnection.async_read.ProcessMessageHeader - 1783 total (6 active), Execution time: mean = 9.278 us, total = 16.543 ms, Queueing time: mean = 654.207 ms, max = 165.198 s, min = 11.288 us, total = 1166.451 s
[state-dump] 	ClientConnection.async_read.ProcessMessage - 1777 total (0 active), Execution time: mean = 25.120 us, total = 44.638 ms, Queueing time: mean = 9.662 us, max = 358.420 us, min = 1.744 us, total = 17.169 ms
[state-dump] 	NodeManagerService.grpc_server.ReportWorkerBacklog - 1567 total (0 active), Execution time: mean = 266.525 us, total = 417.644 ms, Queueing time: mean = 0.000 s, max = -0.000 s, min = 9223372036.855 s, total = 0.000 s
[state-dump] 	NodeManagerService.grpc_server.ReportWorkerBacklog.HandleRequestImpl - 1567 total (0 active), Execution time: mean = 36.058 us, total = 56.503 ms, Queueing time: mean = 42.621 us, max = 2.651 ms, min = 5.450 us, total = 66.788 ms
[state-dump] 	RayletWorkerPool.deadline_timer.kill_idle_workers - 900 total (1 active), Execution time: mean = 12.855 us, total = 11.569 ms, Queueing time: mean = 52.994 us, max = 688.811 us, min = 423.000 ns, total = 47.694 ms
[state-dump] 	MemoryMonitor.CheckIsMemoryUsageAboveThreshold - 719 total (1 active), Execution time: mean = 345.283 us, total = 248.258 ms, Queueing time: mean = 61.664 us, max = 5.955 ms, min = 1.394 us, total = 44.336 ms
[state-dump] 	NodeManager.deadline_timer.flush_free_objects - 180 total (1 active), Execution time: mean = 7.591 us, total = 1.366 ms, Queueing time: mean = 122.010 us, max = 1.095 ms, min = 3.722 us, total = 21.962 ms
[state-dump] 	NodeManager.deadline_timer.spill_objects_when_over_threshold - 180 total (1 active), Execution time: mean = 2.469 us, total = 444.385 us, Queueing time: mean = 125.930 us, max = 1.093 ms, min = 3.885 us, total = 22.667 ms
[state-dump] 	NodeManager.ScheduleAndDispatchTasks - 180 total (1 active), Execution time: mean = 14.749 us, total = 2.655 ms, Queueing time: mean = 56.355 us, max = 1.703 ms, min = 5.782 us, total = 10.144 ms
[state-dump] 	NodeManagerService.grpc_server.GetResourceLoad - 179 total (0 active), Execution time: mean = 353.512 us, total = 63.279 ms, Queueing time: mean = 0.000 s, max = -0.000 s, min = 9223372036.855 s, total = 0.000 s
[state-dump] 	NodeManagerService.grpc_server.GetResourceLoad.HandleRequestImpl - 179 total (0 active), Execution time: mean = 94.865 us, total = 16.981 ms, Queueing time: mean = 42.901 us, max = 365.656 us, min = 3.872 us, total = 7.679 ms
[state-dump] 	ClusterResourceManager.ResetRemoteNodeView - 61 total (1 active), Execution time: mean = 8.151 us, total = 497.194 us, Queueing time: mean = 57.300 us, max = 119.675 us, min = 14.228 us, total = 3.495 ms
[state-dump] 	NodeInfoGcsService.grpc_client.CheckAlive - 36 total (0 active), Execution time: mean = 812.330 us, total = 29.244 ms, Queueing time: mean = 0.000 s, max = -0.000 s, min = 9223372036.855 s, total = 0.000 s
[state-dump] 	NodeInfoGcsService.grpc_client.CheckAlive.OnReplyReceived - 36 total (0 active), Execution time: mean = 38.859 us, total = 1.399 ms, Queueing time: mean = 20.494 us, max = 106.828 us, min = 10.758 us, total = 737.766 us
[state-dump] 	NodeManager.GcsCheckAlive - 36 total (1 active), Execution time: mean = 209.086 us, total = 7.527 ms, Queueing time: mean = 413.734 us, max = 993.023 us, min = 57.618 us, total = 14.894 ms
[state-dump] 	NodeManager.deadline_timer.record_metrics - 36 total (1 active), Execution time: mean = 456.753 us, total = 16.443 ms, Queueing time: mean = 171.571 us, max = 697.464 us, min = 6.724 us, total = 6.177 ms
[state-dump] 	NodeManager.deadline_timer.debug_state_dump - 18 total (1 active), Execution time: mean = 1.156 ms, total = 20.811 ms, Queueing time: mean = 67.750 us, max = 554.775 us, min = 5.684 us, total = 1.220 ms
[state-dump] 	ObjectManager.ObjectDeleted - 13 total (0 active), Execution time: mean = 15.543 us, total = 202.054 us, Queueing time: mean = 30.364 us, max = 43.866 us, min = 18.963 us, total = 394.729 us
[state-dump] 	PeriodicalRunner.RunFnPeriodically - 13 total (0 active), Execution time: mean = 153.050 us, total = 1.990 ms, Queueing time: mean = 3.688 ms, max = 13.161 ms, min = 23.963 us, total = 47.947 ms
[state-dump] 	ObjectManager.ObjectAdded - 13 total (0 active), Execution time: mean = 13.688 us, total = 177.948 us, Queueing time: mean = 15.384 us, max = 22.686 us, min = 7.500 us, total = 199.993 us
[state-dump] 	NodeManagerService.grpc_server.GetSystemConfig.HandleRequestImpl - 13 total (0 active), Execution time: mean = 105.658 us, total = 1.374 ms, Queueing time: mean = 25.104 us, max = 70.708 us, min = 8.147 us, total = 326.347 us
[state-dump] 	NodeManagerService.grpc_server.GetSystemConfig - 13 total (0 active), Execution time: mean = 426.493 us, total = 5.544 ms, Queueing time: mean = 0.000 s, max = -0.000 s, min = 9223372036.855 s, total = 0.000 s
[state-dump] 	ClientConnection.async_write.DoAsyncWrites - 13 total (0 active), Execution time: mean = 802.923 ns, total = 10.438 us, Queueing time: mean = 23.364 us, max = 69.116 us, min = 9.528 us, total = 303.736 us
[state-dump] 	InternalPubSubGcsService.grpc_client.GcsSubscriberPoll - 9 total (1 active), Execution time: mean = 18.305 s, total = 164.744 s, Queueing time: mean = 0.000 s, max = -0.000 s, min = 9223372036.855 s, total = 0.000 s
[state-dump] 	NodeManagerService.grpc_server.RequestWorkerLease - 8 total (0 active), Execution time: mean = 404.894 ms, total = 3.239 s, Queueing time: mean = 0.000 s, max = -0.000 s, min = 9223372036.855 s, total = 0.000 s
[state-dump] 	InternalPubSubGcsService.grpc_client.GcsSubscriberPoll.OnReplyReceived - 8 total (0 active), Execution time: mean = 182.458 us, total = 1.460 ms, Queueing time: mean = 41.048 us, max = 247.434 us, min = 4.213 us, total = 328.386 us
[state-dump] 	NodeManagerService.grpc_server.RequestWorkerLease.HandleRequestImpl - 8 total (0 active), Execution time: mean = 3.534 ms, total = 28.269 ms, Queueing time: mean = 24.067 us, max = 57.158 us, min = 13.776 us, total = 192.535 us
[state-dump] 	Subscriber.HandlePublishedMessage_GCS_WORKER_DELTA_CHANNEL - 7 total (0 active), Execution time: mean = 8.166 us, total = 57.164 us, Queueing time: mean = 172.267 us, max = 273.465 us, min = 57.121 us, total = 1.206 ms
[state-dump] 	WorkerInfoGcsService.grpc_client.ReportWorkerFailure.OnReplyReceived - 7 total (0 active), Execution time: mean = 26.300 us, total = 184.097 us, Queueing time: mean = 117.797 us, max = 432.519 us, min = 9.436 us, total = 824.578 us
[state-dump] 	WorkerInfoGcsService.grpc_client.ReportWorkerFailure - 7 total (0 active), Execution time: mean = 1.277 ms, total = 8.940 ms, Queueing time: mean = 0.000 s, max = -0.000 s, min = 9223372036.855 s, total = 0.000 s
[state-dump] 	 - 6 total (0 active), Execution time: mean = 618.167 ns, total = 3.709 us, Queueing time: mean = 14.228 us, max = 17.484 us, min = 11.443 us, total = 85.368 us
[state-dump] 	RaySyncer.BroadcastMessage - 6 total (0 active), Execution time: mean = 148.619 us, total = 891.715 us, Queueing time: mean = 422.333 ns, max = 551.000 ns, min = 75.000 ns, total = 2.534 us
[state-dump] 	CoreWorkerService.grpc_client.Exit.OnReplyReceived - 4 total (0 active), Execution time: mean = 15.336 us, total = 61.346 us, Queueing time: mean = 11.471 us, max = 18.051 us, min = 7.130 us, total = 45.883 us
[state-dump] 	CoreWorkerService.grpc_client.Exit - 4 total (0 active), Execution time: mean = 2.428 ms, total = 9.712 ms, Queueing time: mean = 0.000 s, max = -0.000 s, min = 9223372036.855 s, total = 0.000 s
[state-dump] 	NodeManager.deadline_timer.print_event_loop_stats - 3 total (1 active, 1 running), Execution time: mean = 1.276 ms, total = 3.827 ms, Queueing time: mean = 37.022 us, max = 93.210 us, min = 17.856 us, total = 111.066 us
[state-dump] 	InternalPubSubGcsService.grpc_client.GcsSubscriberCommandBatch - 2 total (0 active), Execution time: mean = 736.103 us, total = 1.472 ms, Queueing time: mean = 0.000 s, max = -0.000 s, min = 9223372036.855 s, total = 0.000 s
[state-dump] 	InternalPubSubGcsService.grpc_client.GcsSubscriberCommandBatch.OnReplyReceived - 2 total (0 active), Execution time: mean = 73.477 us, total = 146.954 us, Queueing time: mean = 522.405 us, max = 1.039 ms, min = 6.110 us, total = 1.045 ms
[state-dump] 	RaySyncerRegister - 2 total (0 active), Execution time: mean = 1.541 us, total = 3.082 us, Queueing time: mean = 145.500 ns, max = 242.000 ns, min = 49.000 ns, total = 291.000 ns
[state-dump] 	Subscriber.HandlePublishedMessage_GCS_JOB_CHANNEL - 1 total (0 active), Execution time: mean = 83.935 us, total = 83.935 us, Queueing time: mean = 207.826 us, max = 207.826 us, min = 207.826 us, total = 207.826 us
[state-dump] 	NodeInfoGcsService.grpc_client.GetInternalConfig - 1 total (0 active), Execution time: mean = 960.169 us, total = 960.169 us, Queueing time: mean = 0.000 s, max = -0.000 s, min = 9223372036.855 s, total = 0.000 s
[state-dump] 	JobInfoGcsService.grpc_client.GetAllJobInfo.OnReplyReceived - 1 total (0 active), Execution time: mean = 9.454 us, total = 9.454 us, Queueing time: mean = 10.496 us, max = 10.496 us, min = 10.496 us, total = 10.496 us
[state-dump] 	NodeInfoGcsService.grpc_client.GetAllNodeInfo.OnReplyReceived - 1 total (0 active), Execution time: mean = 82.028 us, total = 82.028 us, Queueing time: mean = 5.676 us, max = 5.676 us, min = 5.676 us, total = 5.676 us
[state-dump] 	NodeInfoGcsService.grpc_client.RegisterNode.OnReplyReceived - 1 total (0 active), Execution time: mean = 165.946 us, total = 165.946 us, Queueing time: mean = 10.240 us, max = 10.240 us, min = 10.240 us, total = 10.240 us
[state-dump] 	NodeInfoGcsService.grpc_client.RegisterNode - 1 total (0 active), Execution time: mean = 1.049 ms, total = 1.049 ms, Queueing time: mean = 0.000 s, max = -0.000 s, min = 9223372036.855 s, total = 0.000 s
[state-dump] 	JobInfoGcsService.grpc_client.GetAllJobInfo - 1 total (0 active), Execution time: mean = 831.690 us, total = 831.690 us, Queueing time: mean = 0.000 s, max = -0.000 s, min = 9223372036.855 s, total = 0.000 s
[state-dump] 	NodeManager.GCTaskFailureReason - 1 total (1 active), Execution time: mean = 0.000 s, total = 0.000 s, Queueing time: mean = 0.000 s, max = -0.000 s, min = 9223372036.855 s, total = 0.000 s
[state-dump] 	JobInfoGcsService.grpc_client.AddJob - 1 total (0 active), Execution time: mean = 772.401 us, total = 772.401 us, Queueing time: mean = 0.000 s, max = -0.000 s, min = 9223372036.855 s, total = 0.000 s
[state-dump] 	JobInfoGcsService.grpc_client.AddJob.OnReplyReceived - 1 total (0 active), Execution time: mean = 73.750 us, total = 73.750 us, Queueing time: mean = 15.911 us, max = 15.911 us, min = 15.911 us, total = 15.911 us
[state-dump] 	NodeInfoGcsService.grpc_client.GetAllNodeInfo - 1 total (0 active), Execution time: mean = 452.251 us, total = 452.251 us, Queueing time: mean = 0.000 s, max = -0.000 s, min = 9223372036.855 s, total = 0.000 s
[state-dump] 	NodeInfoGcsService.grpc_client.GetInternalConfig.OnReplyReceived - 1 total (0 active), Execution time: mean = 1.021 s, total = 1.021 s, Queueing time: mean = 10.712 us, max = 10.712 us, min = 10.712 us, total = 10.712 us
[state-dump] DebugString() time ms: 2
[state-dump] 
[state-dump] 
[2024-03-19 15:18:12,562 I 1784905 1784905] (raylet) node_manager.cc:1444: NodeManager::DisconnectClient, disconnect_type=3, has creation task exception = false
[2024-03-19 15:18:12,562 I 1784905 1784905] (raylet) node_manager.cc:1549: Driver (pid=1773216) is disconnected. job_id: 01000000
[2024-03-19 15:18:12,567 I 1784905 1784905] (raylet) node_manager.cc:1090: The leased worker 07b1e17dacea6767dea3ee2656ddf0e0cc19b3ab55722f13167ee837 is killed because the owner process 01000000ffffffffffffffffffffffffffffffffffffffffffffffff died.
[2024-03-19 15:18:12,567 I 1784905 1784905] (raylet) node_manager.cc:1090: The leased worker 6b6e2f87390fa285c2ecb61bcfcd4a9a4bd05d2c93f259bbfd1b281e is killed because the owner process 01000000ffffffffffffffffffffffffffffffffffffffffffffffff died.
[2024-03-19 15:18:12,567 I 1784905 1784905] (raylet) node_manager.cc:1090: The leased worker edc5e0291e63af3b147634d9ec9917583ff646731c33fb13f3135584 is killed because the owner process 01000000ffffffffffffffffffffffffffffffffffffffffffffffff died.
[2024-03-19 15:18:12,567 I 1784905 1784905] (raylet) node_manager.cc:1090: The leased worker 08d950bb7ce89c51193f4616cce11d2d28c6c940eca9c1b616fbe81f is killed because the owner process 01000000ffffffffffffffffffffffffffffffffffffffffffffffff died.
[2024-03-19 15:18:12,567 I 1784905 1784905] (raylet) node_manager.cc:1090: The leased worker 9e7c7f662311c925a35e8202fe7509d848e7ed82e76897a83f174bb1 is killed because the owner process 01000000ffffffffffffffffffffffffffffffffffffffffffffffff died.
[2024-03-19 15:18:12,568 I 1784905 1784905] (raylet) node_manager.cc:622: New job has started. Job id 01000000 Driver pid 1773216 is dead: 1 driver address: 172.18.36.110
[2024-03-19 15:18:12,568 I 1784905 1784905] (raylet) worker_pool.cc:681: Job 01000000 already started in worker pool.
[2024-03-19 15:18:12,593 I 1784905 1784905] (raylet) node_manager.cc:1444: NodeManager::DisconnectClient, disconnect_type=1, has creation task exception = false
[2024-03-19 15:18:12,593 I 1784905 1784905] (raylet) node_manager.cc:1444: NodeManager::DisconnectClient, disconnect_type=1, has creation task exception = false
[2024-03-19 15:18:12,594 I 1784905 1784905] (raylet) node_manager.cc:1444: NodeManager::DisconnectClient, disconnect_type=1, has creation task exception = false
[2024-03-19 15:18:12,594 I 1784905 1784905] (raylet) node_manager.cc:1444: NodeManager::DisconnectClient, disconnect_type=1, has creation task exception = false
[2024-03-19 15:18:12,595 I 1784905 1784905] (raylet) node_manager.cc:1444: NodeManager::DisconnectClient, disconnect_type=1, has creation task exception = false
[2024-03-19 15:18:12,698 I 1784905 1784905] (raylet) main.cc:372: Raylet received SIGTERM, shutting down...
[2024-03-19 15:18:12,698 I 1784905 1784905] (raylet) accessor.cc:451: Unregistering node info, node id = 0c2db8af5d7392e9a427831c7b13354998e953bd2b64760685f31e26
[2024-03-19 15:18:12,698 I 1784905 1784905] (raylet) agent_manager.cc:109: Killing agent dashboard_agent/424238335, pid 1784986.
[2024-03-19 15:18:12,708 I 1784905 1784987] (raylet) agent_manager.cc:80: Agent process with name dashboard_agent/424238335 exited, exit code 0.
[2024-03-19 15:18:12,708 I 1784905 1784905] (raylet) agent_manager.cc:109: Killing agent runtime_env_agent, pid 1784988.
[2024-03-19 15:18:12,716 I 1784905 1784989] (raylet) agent_manager.cc:80: Agent process with name runtime_env_agent exited, exit code 0.
[2024-03-19 15:18:12,717 I 1784905 1784905] (raylet) io_service_pool.cc:47: IOServicePool is stopped.
[2024-03-19 15:18:12,819 I 1784905 1784905] (raylet) stats.h:136: Stats module has shutdown.
