[2024-03-15 16:42:53,622 I 3626174 3626174] (gcs_server) io_service_pool.cc:35: IOServicePool is running with 1 io_service.
[2024-03-15 16:42:53,623 I 3626174 3626174] (gcs_server) event.cc:234: Set ray event level to warning
[2024-03-15 16:42:53,623 I 3626174 3626174] (gcs_server) event.cc:342: Ray Event initialized for GCS
[2024-03-15 16:42:53,624 I 3626174 3626174] (gcs_server) gcs_server.cc:74: GCS storage type is StorageType::IN_MEMORY
[2024-03-15 16:42:53,626 I 3626174 3626174] (gcs_server) gcs_init_data.cc:42: Loading job table data.
[2024-03-15 16:42:53,626 I 3626174 3626174] (gcs_server) gcs_init_data.cc:54: Loading node table data.
[2024-03-15 16:42:53,626 I 3626174 3626174] (gcs_server) gcs_init_data.cc:80: Loading actor table data.
[2024-03-15 16:42:53,626 I 3626174 3626174] (gcs_server) gcs_init_data.cc:93: Loading actor task spec table data.
[2024-03-15 16:42:53,626 I 3626174 3626174] (gcs_server) gcs_init_data.cc:66: Loading placement group table data.
[2024-03-15 16:42:53,626 I 3626174 3626174] (gcs_server) gcs_init_data.cc:46: Finished loading job table data, size = 0
[2024-03-15 16:42:53,626 I 3626174 3626174] (gcs_server) gcs_init_data.cc:58: Finished loading node table data, size = 0
[2024-03-15 16:42:53,626 I 3626174 3626174] (gcs_server) gcs_init_data.cc:84: Finished loading actor table data, size = 0
[2024-03-15 16:42:53,626 I 3626174 3626174] (gcs_server) gcs_init_data.cc:97: Finished loading actor task spec table data, size = 0
[2024-03-15 16:42:53,626 I 3626174 3626174] (gcs_server) gcs_init_data.cc:71: Finished loading placement group table data, size = 0
[2024-03-15 16:42:53,626 I 3626174 3626174] (gcs_server) gcs_server.cc:164: No existing server cluster ID found. Generating new ID: 66a7f716ac882e94dae619f880db3c874a3f95a69a0edd21075f8314
[2024-03-15 16:42:53,627 I 3626174 3626174] (gcs_server) gcs_server.cc:650: Autoscaler V2 enabled: 0
[2024-03-15 16:42:53,630 I 3626174 3626174] (gcs_server) grpc_server.cc:129: GcsServer server started, listening on port 63874.
[2024-03-15 16:42:53,851 I 3626174 3626174] (gcs_server) gcs_server.cc:252: GcsNodeManager: 
- RegisterNode request count: 0
- DrainNode request count: 0
- GetAllNodeInfo request count: 0
- GetInternalConfig request count: 0

GcsActorManager: 
- RegisterActor request count: 0
- CreateActor request count: 0
- GetActorInfo request count: 0
- GetNamedActorInfo request count: 0
- GetAllActorInfo request count: 0
- KillActor request count: 0
- ListNamedActors request count: 0
- Registered actors count: 0
- Destroyed actors count: 0
- Named actors count: 0
- Unresolved actors count: 0
- Pending actors count: 0
- Created actors count: 0
- owners_: 0
- actor_to_register_callbacks_: 0
- actor_to_create_callbacks_: 0
- sorted_destroyed_actor_list_: 0

GcsResourceManager: 
- GetAllAvailableResources request count0
- GetAllResourceUsage request count: 0

GcsPlacementGroupManager: 
- CreatePlacementGroup request count: 0
- RemovePlacementGroup request count: 0
- GetPlacementGroup request count: 0
- GetAllPlacementGroup request count: 0
- WaitPlacementGroupUntilReady request count: 0
- GetNamedPlacementGroup request count: 0
- Scheduling pending placement group count: 0
- Registered placement groups count: 0
- Named placement group count: 0
- Pending placement groups count: 0
- Infeasible placement groups count: 0

GcsPublisher {}

[runtime env manager] ID to URIs table:
[runtime env manager] URIs reference table:

GcsTaskManager: 
-Total num task events reported: 0
-Total num status task events dropped: 0
-Total num profile events dropped: 0
-Current num of task events stored: 0
-Total num of actor creation tasks: 0
-Total num of actor tasks: 0
-Total num of normal tasks: 0
-Total num of driver tasks: 0


[2024-03-15 16:42:53,851 I 3626174 3626174] (gcs_server) gcs_server.cc:846: Event stats:


Global stats: 21 total (10 active)
Queueing time: mean = 32.062 ms, max = 224.623 ms, min = 4.460 us, total = 673.300 ms
Execution time:  mean = 10.703 ms, total = 224.757 ms
Event stats:
	InternalKVGcsService.grpc_client.InternalKVPut - 6 total (6 active), Execution time: mean = 0.000 s, total = 0.000 s, Queueing time: mean = 0.000 s, max = -0.000 s, min = 9223372036.855 s, total = 0.000 s
	GcsInMemoryStore.GetAll - 5 total (0 active), Execution time: mean = 13.806 us, total = 69.028 us, Queueing time: mean = 64.420 us, max = 74.684 us, min = 56.387 us, total = 322.102 us
	PeriodicalRunner.RunFnPeriodically - 4 total (2 active, 1 running), Execution time: mean = 2.164 us, total = 8.656 us, Queueing time: mean = 112.280 ms, max = 224.623 ms, min = 224.498 ms, total = 449.121 ms
	GcsInMemoryStore.Put - 3 total (0 active), Execution time: mean = 74.886 ms, total = 224.657 ms, Queueing time: mean = 74.617 ms, max = 223.841 ms, min = 4.460 us, total = 223.851 ms
	GcsInMemoryStore.Get - 1 total (0 active), Execution time: mean = 22.187 us, total = 22.187 us, Queueing time: mean = 6.143 us, max = 6.143 us, min = 6.143 us, total = 6.143 us
	RayletLoadPulled - 1 total (1 active), Execution time: mean = 0.000 s, total = 0.000 s, Queueing time: mean = 0.000 s, max = -0.000 s, min = 9223372036.855 s, total = 0.000 s
	ClusterResourceManager.ResetRemoteNodeView - 1 total (1 active), Execution time: mean = 0.000 s, total = 0.000 s, Queueing time: mean = 0.000 s, max = -0.000 s, min = 9223372036.855 s, total = 0.000 s


[2024-03-15 16:42:53,851 I 3626174 3626174] (gcs_server) gcs_server.cc:847: GcsTaskManager Event stats:


Global stats: 2 total (1 active)
Queueing time: mean = 147.044 us, max = 294.089 us, min = 294.089 us, total = 294.089 us
Execution time:  mean = 57.624 us, total = 115.248 us
Event stats:
	PeriodicalRunner.RunFnPeriodically - 1 total (0 active), Execution time: mean = 115.248 us, total = 115.248 us, Queueing time: mean = 294.089 us, max = 294.089 us, min = 294.089 us, total = 294.089 us
	GcsTaskManager.GcJobSummary - 1 total (1 active), Execution time: mean = 0.000 s, total = 0.000 s, Queueing time: mean = 0.000 s, max = -0.000 s, min = 9223372036.855 s, total = 0.000 s


[2024-03-15 16:42:56,828 I 3626174 3626174] (gcs_server) gcs_node_manager.cc:55: Registering node info, node id = e79704cec3312fda0024fe73236e139233718adb7ae7d9298e767f3f, address = 172.18.36.110, node name = 172.18.36.110
[2024-03-15 16:42:56,829 I 3626174 3626174] (gcs_server) gcs_node_manager.cc:61: Finished registering node info, node id = e79704cec3312fda0024fe73236e139233718adb7ae7d9298e767f3f, address = 172.18.36.110, node name = 172.18.36.110
[2024-03-15 16:42:56,829 I 3626174 3626174] (gcs_server) gcs_placement_group_manager.cc:793: A new node: e79704cec3312fda0024fe73236e139233718adb7ae7d9298e767f3f registered, will try to reschedule all the infeasible placement groups.
[2024-03-15 16:42:57,351 I 3626174 3626174] (gcs_server) gcs_job_manager.cc:42: Adding job, job id = 01000000, driver pid = 3622197
[2024-03-15 16:42:57,351 I 3626174 3626174] (gcs_server) gcs_job_manager.cc:57: Finished adding job, job id = 01000000, driver pid = 3622197
[2024-03-15 16:42:57,386 I 3626174 3626174] (gcs_server) gcs_actor_manager.cc:262: Registering actor, job id = 01000000, actor id = 7d1a56f1b443dc79667a2d8201000000
[2024-03-15 16:42:57,387 I 3626174 3626174] (gcs_server) gcs_actor_manager.cc:268: Registered actor, job id = 01000000, actor id = 7d1a56f1b443dc79667a2d8201000000
[2024-03-15 16:42:57,388 I 3626174 3626174] (gcs_server) gcs_actor_manager.cc:287: Creating actor, job id = 01000000, actor id = 7d1a56f1b443dc79667a2d8201000000
[2024-03-15 16:42:57,388 I 3626174 3626174] (gcs_server) gcs_actor_scheduler.cc:312: Start leasing worker from node e79704cec3312fda0024fe73236e139233718adb7ae7d9298e767f3f for actor 7d1a56f1b443dc79667a2d8201000000, job id = 01000000
[2024-03-15 16:42:57,397 I 3626174 3626174] (gcs_server) gcs_actor_manager.cc:262: Registering actor, job id = 01000000, actor id = ec80d2012442a1c38c6093c101000000
[2024-03-15 16:42:57,397 I 3626174 3626174] (gcs_server) gcs_actor_manager.cc:268: Registered actor, job id = 01000000, actor id = ec80d2012442a1c38c6093c101000000
[2024-03-15 16:42:57,398 I 3626174 3626174] (gcs_server) gcs_actor_manager.cc:287: Creating actor, job id = 01000000, actor id = ec80d2012442a1c38c6093c101000000
[2024-03-15 16:42:57,398 I 3626174 3626174] (gcs_server) gcs_actor_scheduler.cc:312: Start leasing worker from node e79704cec3312fda0024fe73236e139233718adb7ae7d9298e767f3f for actor ec80d2012442a1c38c6093c101000000, job id = 01000000
[2024-03-15 16:42:57,409 I 3626174 3626174] (gcs_server) gcs_actor_manager.cc:262: Registering actor, job id = 01000000, actor id = 6d099cea85119a01f950358401000000
[2024-03-15 16:42:57,410 I 3626174 3626174] (gcs_server) gcs_actor_manager.cc:268: Registered actor, job id = 01000000, actor id = 6d099cea85119a01f950358401000000
[2024-03-15 16:42:57,410 I 3626174 3626174] (gcs_server) gcs_actor_manager.cc:287: Creating actor, job id = 01000000, actor id = 6d099cea85119a01f950358401000000
[2024-03-15 16:42:57,410 I 3626174 3626174] (gcs_server) gcs_actor_scheduler.cc:312: Start leasing worker from node e79704cec3312fda0024fe73236e139233718adb7ae7d9298e767f3f for actor 6d099cea85119a01f950358401000000, job id = 01000000
[2024-03-15 16:42:57,423 I 3626174 3626174] (gcs_server) gcs_actor_manager.cc:262: Registering actor, job id = 01000000, actor id = 56790aa5d4713c604cb692b501000000
[2024-03-15 16:42:57,423 I 3626174 3626174] (gcs_server) gcs_actor_manager.cc:268: Registered actor, job id = 01000000, actor id = 56790aa5d4713c604cb692b501000000
[2024-03-15 16:42:57,424 I 3626174 3626174] (gcs_server) gcs_actor_manager.cc:287: Creating actor, job id = 01000000, actor id = 56790aa5d4713c604cb692b501000000
[2024-03-15 16:42:57,424 I 3626174 3626174] (gcs_server) gcs_actor_scheduler.cc:312: Start leasing worker from node e79704cec3312fda0024fe73236e139233718adb7ae7d9298e767f3f for actor 56790aa5d4713c604cb692b501000000, job id = 01000000
[2024-03-15 16:42:57,434 I 3626174 3626174] (gcs_server) gcs_actor_manager.cc:262: Registering actor, job id = 01000000, actor id = de263c9061430aa29daddb1f01000000
[2024-03-15 16:42:57,434 I 3626174 3626174] (gcs_server) gcs_actor_manager.cc:268: Registered actor, job id = 01000000, actor id = de263c9061430aa29daddb1f01000000
[2024-03-15 16:42:57,435 I 3626174 3626174] (gcs_server) gcs_actor_manager.cc:287: Creating actor, job id = 01000000, actor id = de263c9061430aa29daddb1f01000000
[2024-03-15 16:42:57,435 I 3626174 3626174] (gcs_server) gcs_actor_scheduler.cc:312: Start leasing worker from node e79704cec3312fda0024fe73236e139233718adb7ae7d9298e767f3f for actor de263c9061430aa29daddb1f01000000, job id = 01000000
[2024-03-15 16:42:57,836 I 3626174 3626174] (gcs_server) gcs_actor_scheduler.cc:633: Finished leasing worker from e79704cec3312fda0024fe73236e139233718adb7ae7d9298e767f3f for actor 7d1a56f1b443dc79667a2d8201000000, job id = 01000000
[2024-03-15 16:42:57,837 I 3626174 3626174] (gcs_server) gcs_actor_scheduler.cc:447: Start creating actor 7d1a56f1b443dc79667a2d8201000000 on worker 180ecec64dbbde5430910a720103cd55ed5ad2773a58c886490f0b79 at node e79704cec3312fda0024fe73236e139233718adb7ae7d9298e767f3f, job id = 01000000
[2024-03-15 16:42:57,838 I 3626174 3626174] (gcs_server) gcs_actor_scheduler.cc:633: Finished leasing worker from e79704cec3312fda0024fe73236e139233718adb7ae7d9298e767f3f for actor ec80d2012442a1c38c6093c101000000, job id = 01000000
[2024-03-15 16:42:57,838 I 3626174 3626174] (gcs_server) gcs_actor_scheduler.cc:447: Start creating actor ec80d2012442a1c38c6093c101000000 on worker 0986839320049d60a4f4da3018ab0e76953726e8ce98b5d7205d4e87 at node e79704cec3312fda0024fe73236e139233718adb7ae7d9298e767f3f, job id = 01000000
[2024-03-15 16:42:57,853 I 3626174 3626174] (gcs_server) gcs_actor_scheduler.cc:633: Finished leasing worker from e79704cec3312fda0024fe73236e139233718adb7ae7d9298e767f3f for actor 6d099cea85119a01f950358401000000, job id = 01000000
[2024-03-15 16:42:57,854 I 3626174 3626174] (gcs_server) gcs_actor_scheduler.cc:447: Start creating actor 6d099cea85119a01f950358401000000 on worker 1d00b5b4ebda6790ed9e71c1d75ee60643f729cc8ee105bf9ac82e39 at node e79704cec3312fda0024fe73236e139233718adb7ae7d9298e767f3f, job id = 01000000
[2024-03-15 16:42:57,857 I 3626174 3626174] (gcs_server) gcs_actor_scheduler.cc:633: Finished leasing worker from e79704cec3312fda0024fe73236e139233718adb7ae7d9298e767f3f for actor 56790aa5d4713c604cb692b501000000, job id = 01000000
[2024-03-15 16:42:57,857 I 3626174 3626174] (gcs_server) gcs_actor_scheduler.cc:447: Start creating actor 56790aa5d4713c604cb692b501000000 on worker 301e6b7d66489eec095712167b092e846fe573047bce040bee37aa0b at node e79704cec3312fda0024fe73236e139233718adb7ae7d9298e767f3f, job id = 01000000
[2024-03-15 16:42:57,914 I 3626174 3626174] (gcs_server) gcs_actor_scheduler.cc:484: Finished actor creation task for actor 7d1a56f1b443dc79667a2d8201000000 on worker 180ecec64dbbde5430910a720103cd55ed5ad2773a58c886490f0b79 at node e79704cec3312fda0024fe73236e139233718adb7ae7d9298e767f3f, job id = 01000000
[2024-03-15 16:42:57,914 I 3626174 3626174] (gcs_server) gcs_actor_manager.cc:1289: Actor created successfully, actor id = 7d1a56f1b443dc79667a2d8201000000, job id = 01000000
[2024-03-15 16:42:57,914 I 3626174 3626174] (gcs_server) gcs_actor_manager.cc:303: Finished creating actor, job id = 01000000, actor id = 7d1a56f1b443dc79667a2d8201000000, status = OK
[2024-03-15 16:42:57,921 I 3626174 3626174] (gcs_server) gcs_actor_scheduler.cc:484: Finished actor creation task for actor ec80d2012442a1c38c6093c101000000 on worker 0986839320049d60a4f4da3018ab0e76953726e8ce98b5d7205d4e87 at node e79704cec3312fda0024fe73236e139233718adb7ae7d9298e767f3f, job id = 01000000
[2024-03-15 16:42:57,922 I 3626174 3626174] (gcs_server) gcs_actor_manager.cc:1289: Actor created successfully, actor id = ec80d2012442a1c38c6093c101000000, job id = 01000000
[2024-03-15 16:42:57,922 I 3626174 3626174] (gcs_server) gcs_actor_manager.cc:303: Finished creating actor, job id = 01000000, actor id = ec80d2012442a1c38c6093c101000000, status = OK
[2024-03-15 16:42:57,933 I 3626174 3626174] (gcs_server) gcs_actor_scheduler.cc:484: Finished actor creation task for actor 6d099cea85119a01f950358401000000 on worker 1d00b5b4ebda6790ed9e71c1d75ee60643f729cc8ee105bf9ac82e39 at node e79704cec3312fda0024fe73236e139233718adb7ae7d9298e767f3f, job id = 01000000
[2024-03-15 16:42:57,933 I 3626174 3626174] (gcs_server) gcs_actor_manager.cc:1289: Actor created successfully, actor id = 6d099cea85119a01f950358401000000, job id = 01000000
[2024-03-15 16:42:57,933 I 3626174 3626174] (gcs_server) gcs_actor_manager.cc:303: Finished creating actor, job id = 01000000, actor id = 6d099cea85119a01f950358401000000, status = OK
[2024-03-15 16:42:58,272 I 3626174 3626174] (gcs_server) gcs_actor_scheduler.cc:633: Finished leasing worker from e79704cec3312fda0024fe73236e139233718adb7ae7d9298e767f3f for actor de263c9061430aa29daddb1f01000000, job id = 01000000
[2024-03-15 16:42:58,273 I 3626174 3626174] (gcs_server) gcs_actor_scheduler.cc:447: Start creating actor de263c9061430aa29daddb1f01000000 on worker ab3f2501bdbf75061ad201b6daac288c6eb40808a087b9098098b037 at node e79704cec3312fda0024fe73236e139233718adb7ae7d9298e767f3f, job id = 01000000
[2024-03-15 16:43:01,401 I 3626174 3626174] (gcs_server) gcs_actor_scheduler.cc:484: Finished actor creation task for actor de263c9061430aa29daddb1f01000000 on worker ab3f2501bdbf75061ad201b6daac288c6eb40808a087b9098098b037 at node e79704cec3312fda0024fe73236e139233718adb7ae7d9298e767f3f, job id = 01000000
[2024-03-15 16:43:01,401 I 3626174 3626174] (gcs_server) gcs_actor_manager.cc:1289: Actor created successfully, actor id = de263c9061430aa29daddb1f01000000, job id = 01000000
[2024-03-15 16:43:01,401 I 3626174 3626174] (gcs_server) gcs_actor_manager.cc:303: Finished creating actor, job id = 01000000, actor id = de263c9061430aa29daddb1f01000000, status = OK
[2024-03-15 16:43:02,897 I 3626174 3626174] (gcs_server) gcs_actor_scheduler.cc:484: Finished actor creation task for actor 56790aa5d4713c604cb692b501000000 on worker 301e6b7d66489eec095712167b092e846fe573047bce040bee37aa0b at node e79704cec3312fda0024fe73236e139233718adb7ae7d9298e767f3f, job id = 01000000
[2024-03-15 16:43:02,897 I 3626174 3626174] (gcs_server) gcs_actor_manager.cc:1289: Actor created successfully, actor id = 56790aa5d4713c604cb692b501000000, job id = 01000000
[2024-03-15 16:43:02,898 I 3626174 3626174] (gcs_server) gcs_actor_manager.cc:303: Finished creating actor, job id = 01000000, actor id = 56790aa5d4713c604cb692b501000000, status = OK
[2024-03-15 16:43:03,634 W 3626174 3626175] (gcs_server) metric_exporter.cc:207: [1] Export metrics to agent failed: GrpcUnavailable: RPC Error message: failed to connect to all addresses; last error: UNKNOWN: ipv4:127.0.0.1:46397: Failed to connect to remote host: Connection refused; RPC Error details: . This won't affect Ray, but you can lose metrics from the cluster.
[2024-03-15 16:43:05,286 I 3626174 3626174] (gcs_server) gcs_actor_manager.cc:262: Registering actor, job id = 01000000, actor id = 75818debc996143a27d7b11501000000
[2024-03-15 16:43:05,286 I 3626174 3626174] (gcs_server) gcs_actor_manager.cc:268: Registered actor, job id = 01000000, actor id = 75818debc996143a27d7b11501000000
[2024-03-15 16:43:05,287 I 3626174 3626174] (gcs_server) gcs_actor_manager.cc:287: Creating actor, job id = 01000000, actor id = 75818debc996143a27d7b11501000000
[2024-03-15 16:43:05,288 I 3626174 3626174] (gcs_server) gcs_actor_scheduler.cc:312: Start leasing worker from node e79704cec3312fda0024fe73236e139233718adb7ae7d9298e767f3f for actor 75818debc996143a27d7b11501000000, job id = 01000000
[2024-03-15 16:43:05,293 I 3626174 3626174] (gcs_server) gcs_actor_manager.cc:262: Registering actor, job id = 01000000, actor id = 1ce7bc7b0ab90a121437305601000000
[2024-03-15 16:43:05,293 I 3626174 3626174] (gcs_server) gcs_actor_manager.cc:268: Registered actor, job id = 01000000, actor id = 1ce7bc7b0ab90a121437305601000000
[2024-03-15 16:43:05,295 I 3626174 3626174] (gcs_server) gcs_actor_manager.cc:287: Creating actor, job id = 01000000, actor id = 1ce7bc7b0ab90a121437305601000000
[2024-03-15 16:43:05,295 I 3626174 3626174] (gcs_server) gcs_actor_scheduler.cc:312: Start leasing worker from node e79704cec3312fda0024fe73236e139233718adb7ae7d9298e767f3f for actor 1ce7bc7b0ab90a121437305601000000, job id = 01000000
[2024-03-15 16:43:05,301 I 3626174 3626174] (gcs_server) gcs_actor_manager.cc:262: Registering actor, job id = 01000000, actor id = b2cd5c8301f094db3713780801000000
[2024-03-15 16:43:05,301 I 3626174 3626174] (gcs_server) gcs_actor_manager.cc:268: Registered actor, job id = 01000000, actor id = b2cd5c8301f094db3713780801000000
[2024-03-15 16:43:05,303 I 3626174 3626174] (gcs_server) gcs_actor_manager.cc:287: Creating actor, job id = 01000000, actor id = b2cd5c8301f094db3713780801000000
[2024-03-15 16:43:05,303 I 3626174 3626174] (gcs_server) gcs_actor_scheduler.cc:312: Start leasing worker from node e79704cec3312fda0024fe73236e139233718adb7ae7d9298e767f3f for actor b2cd5c8301f094db3713780801000000, job id = 01000000
[2024-03-15 16:43:05,681 I 3626174 3626174] (gcs_server) gcs_actor_scheduler.cc:633: Finished leasing worker from e79704cec3312fda0024fe73236e139233718adb7ae7d9298e767f3f for actor b2cd5c8301f094db3713780801000000, job id = 01000000
[2024-03-15 16:43:05,681 I 3626174 3626174] (gcs_server) gcs_actor_scheduler.cc:447: Start creating actor b2cd5c8301f094db3713780801000000 on worker 09c077f78a6f08a2051928b2ccdb5c75ce532304c5efbe77f45ab86b at node e79704cec3312fda0024fe73236e139233718adb7ae7d9298e767f3f, job id = 01000000
[2024-03-15 16:43:05,721 I 3626174 3626174] (gcs_server) gcs_actor_scheduler.cc:633: Finished leasing worker from e79704cec3312fda0024fe73236e139233718adb7ae7d9298e767f3f for actor 1ce7bc7b0ab90a121437305601000000, job id = 01000000
[2024-03-15 16:43:05,722 I 3626174 3626174] (gcs_server) gcs_actor_scheduler.cc:447: Start creating actor 1ce7bc7b0ab90a121437305601000000 on worker d81f3bba5b9249e9d94335586e579f542693d73c00586ddbfe4d74e9 at node e79704cec3312fda0024fe73236e139233718adb7ae7d9298e767f3f, job id = 01000000
[2024-03-15 16:43:05,758 I 3626174 3626174] (gcs_server) gcs_actor_scheduler.cc:633: Finished leasing worker from e79704cec3312fda0024fe73236e139233718adb7ae7d9298e767f3f for actor 75818debc996143a27d7b11501000000, job id = 01000000
[2024-03-15 16:43:05,759 I 3626174 3626174] (gcs_server) gcs_actor_scheduler.cc:447: Start creating actor 75818debc996143a27d7b11501000000 on worker a50de180c60f7ed57829d11fbe21bb3e80703094055b0de62811bea1 at node e79704cec3312fda0024fe73236e139233718adb7ae7d9298e767f3f, job id = 01000000
[2024-03-15 16:43:05,848 I 3626174 3626174] (gcs_server) gcs_actor_scheduler.cc:484: Finished actor creation task for actor 75818debc996143a27d7b11501000000 on worker a50de180c60f7ed57829d11fbe21bb3e80703094055b0de62811bea1 at node e79704cec3312fda0024fe73236e139233718adb7ae7d9298e767f3f, job id = 01000000
[2024-03-15 16:43:05,848 I 3626174 3626174] (gcs_server) gcs_actor_manager.cc:1289: Actor created successfully, actor id = 75818debc996143a27d7b11501000000, job id = 01000000
[2024-03-15 16:43:05,848 I 3626174 3626174] (gcs_server) gcs_actor_manager.cc:303: Finished creating actor, job id = 01000000, actor id = 75818debc996143a27d7b11501000000, status = OK
[2024-03-15 16:43:05,950 I 3626174 3626174] (gcs_server) gcs_actor_scheduler.cc:484: Finished actor creation task for actor 1ce7bc7b0ab90a121437305601000000 on worker d81f3bba5b9249e9d94335586e579f542693d73c00586ddbfe4d74e9 at node e79704cec3312fda0024fe73236e139233718adb7ae7d9298e767f3f, job id = 01000000
[2024-03-15 16:43:05,950 I 3626174 3626174] (gcs_server) gcs_actor_manager.cc:1289: Actor created successfully, actor id = 1ce7bc7b0ab90a121437305601000000, job id = 01000000
[2024-03-15 16:43:05,950 I 3626174 3626174] (gcs_server) gcs_actor_manager.cc:303: Finished creating actor, job id = 01000000, actor id = 1ce7bc7b0ab90a121437305601000000, status = OK
[2024-03-15 16:43:10,312 I 3626174 3626174] (gcs_server) gcs_actor_scheduler.cc:484: Finished actor creation task for actor b2cd5c8301f094db3713780801000000 on worker 09c077f78a6f08a2051928b2ccdb5c75ce532304c5efbe77f45ab86b at node e79704cec3312fda0024fe73236e139233718adb7ae7d9298e767f3f, job id = 01000000
[2024-03-15 16:43:10,312 I 3626174 3626174] (gcs_server) gcs_actor_manager.cc:1289: Actor created successfully, actor id = b2cd5c8301f094db3713780801000000, job id = 01000000
[2024-03-15 16:43:10,313 I 3626174 3626174] (gcs_server) gcs_actor_manager.cc:303: Finished creating actor, job id = 01000000, actor id = b2cd5c8301f094db3713780801000000, status = OK
[2024-03-15 16:43:53,851 I 3626174 3626174] (gcs_server) gcs_server.cc:252: GcsNodeManager: 
- RegisterNode request count: 1
- DrainNode request count: 0
- GetAllNodeInfo request count: 25
- GetInternalConfig request count: 1

GcsActorManager: 
- RegisterActor request count: 8
- CreateActor request count: 8
- GetActorInfo request count: 10
- GetNamedActorInfo request count: 0
- GetAllActorInfo request count: 0
- KillActor request count: 0
- ListNamedActors request count: 0
- Registered actors count: 8
- Destroyed actors count: 0
- Named actors count: 0
- Unresolved actors count: 0
- Pending actors count: 0
- Created actors count: 1
- owners_: 1
- actor_to_register_callbacks_: 0
- actor_to_create_callbacks_: 0
- sorted_destroyed_actor_list_: 0

GcsResourceManager: 
- GetAllAvailableResources request count0
- GetAllResourceUsage request count: 12

GcsPlacementGroupManager: 
- CreatePlacementGroup request count: 0
- RemovePlacementGroup request count: 0
- GetPlacementGroup request count: 0
- GetAllPlacementGroup request count: 0
- WaitPlacementGroupUntilReady request count: 0
- GetNamedPlacementGroup request count: 0
- Scheduling pending placement group count: 0
- Registered placement groups count: 0
- Named placement group count: 0
- Pending placement groups count: 0
- Infeasible placement groups count: 0

GcsPublisher {}

[runtime env manager] ID to URIs table:
[runtime env manager] URIs reference table:

GcsTaskManager: 
-Total num task events reported: 806
-Total num status task events dropped: 0
-Total num profile events dropped: 0
-Current num of task events stored: 290
-Total num of actor creation tasks: 8
-Total num of actor tasks: 281
-Total num of normal tasks: 0
-Total num of driver tasks: 1


[2024-03-15 16:43:53,851 I 3626174 3626174] (gcs_server) gcs_server.cc:846: Event stats:


Global stats: 1263 total (12 active)
Queueing time: mean = 561.421 us, max = 224.623 ms, min = 468.000 ns, total = 709.074 ms
Execution time:  mean = 27.684 ms, total = 34.965 s
Event stats:
	GcsInMemoryStore.Put - 173 total (0 active), Execution time: mean = 1.342 ms, total = 232.157 ms, Queueing time: mean = 1.332 ms, max = 223.841 ms, min = 1.022 us, total = 230.363 ms
	InternalKVGcsService.grpc_server.InternalKVPut.HandleRequestImpl - 119 total (0 active), Execution time: mean = 18.110 us, total = 2.155 ms, Queueing time: mean = 122.008 us, max = 620.729 us, min = 4.250 us, total = 14.519 ms
	InternalKVGcsService.grpc_server.InternalKVPut - 119 total (0 active), Execution time: mean = 420.210 us, total = 50.005 ms, Queueing time: mean = 0.000 s, max = -0.000 s, min = 9223372036.855 s, total = 0.000 s
	InternalKVGcsService.grpc_client.InternalKVPut.OnReplyReceived - 72 total (0 active), Execution time: mean = 11.393 us, total = 820.321 us, Queueing time: mean = 25.111 us, max = 81.384 us, min = 5.164 us, total = 1.808 ms
	InternalKVGcsService.grpc_client.InternalKVPut - 72 total (0 active), Execution time: mean = 951.268 us, total = 68.491 ms, Queueing time: mean = 0.000 s, max = -0.000 s, min = 9223372036.855 s, total = 0.000 s
	GcsInMemoryStore.Get - 69 total (0 active), Execution time: mean = 39.101 us, total = 2.698 ms, Queueing time: mean = 12.084 us, max = 404.040 us, min = 2.068 us, total = 833.820 us
	InternalKVGcsService.grpc_server.InternalKVGet.HandleRequestImpl - 63 total (0 active), Execution time: mean = 30.682 us, total = 1.933 ms, Queueing time: mean = 23.076 us, max = 105.047 us, min = 5.538 us, total = 1.454 ms
	InternalKVGcsService.grpc_server.InternalKVGet - 63 total (0 active), Execution time: mean = 246.158 us, total = 15.508 ms, Queueing time: mean = 0.000 s, max = -0.000 s, min = 9223372036.855 s, total = 0.000 s
	RayletLoadPulled - 60 total (1 active), Execution time: mean = 169.207 us, total = 10.152 ms, Queueing time: mean = 38.665 us, max = 190.739 us, min = 10.902 us, total = 2.320 ms
	NodeManagerService.grpc_client.GetResourceLoad - 57 total (0 active), Execution time: mean = 857.849 us, total = 48.897 ms, Queueing time: mean = 0.000 s, max = -0.000 s, min = 9223372036.855 s, total = 0.000 s
	NodeManagerService.grpc_client.GetResourceLoad.OnReplyReceived - 57 total (0 active), Execution time: mean = 44.344 us, total = 2.528 ms, Queueing time: mean = 18.809 us, max = 63.866 us, min = 8.489 us, total = 1.072 ms
	NodeInfoGcsService.grpc_server.GetAllNodeInfo.HandleRequestImpl - 25 total (0 active), Execution time: mean = 21.256 us, total = 531.402 us, Queueing time: mean = 51.583 us, max = 600.251 us, min = 6.358 us, total = 1.290 ms
	NodeInfoGcsService.grpc_server.GetAllNodeInfo - 25 total (0 active), Execution time: mean = 240.683 us, total = 6.017 ms, Queueing time: mean = 0.000 s, max = -0.000 s, min = 9223372036.855 s, total = 0.000 s
	NodeInfoGcsService.grpc_server.CheckAlive.HandleRequestImpl - 24 total (0 active), Execution time: mean = 20.868 us, total = 500.836 us, Queueing time: mean = 39.099 us, max = 78.749 us, min = 10.234 us, total = 938.376 us
	NodeInfoGcsService.grpc_server.CheckAlive - 24 total (0 active), Execution time: mean = 255.887 us, total = 6.141 ms, Queueing time: mean = 0.000 s, max = -0.000 s, min = 9223372036.855 s, total = 0.000 s
	ClusterResourceManager.ResetRemoteNodeView - 20 total (1 active), Execution time: mean = 7.721 us, total = 154.422 us, Queueing time: mean = 42.130 us, max = 105.021 us, min = 13.073 us, total = 842.593 us
	HealthCheck - 18 total (0 active), Execution time: mean = 4.371 us, total = 78.686 us, Queueing time: mean = 18.133 us, max = 31.636 us, min = 7.030 us, total = 326.389 us
	WorkerInfoGcsService.grpc_server.AddWorkerInfo.HandleRequestImpl - 13 total (0 active), Execution time: mean = 37.259 us, total = 484.371 us, Queueing time: mean = 26.521 us, max = 75.278 us, min = 11.028 us, total = 344.776 us
	WorkerInfoGcsService.grpc_server.AddWorkerInfo - 13 total (0 active), Execution time: mean = 262.026 us, total = 3.406 ms, Queueing time: mean = 0.000 s, max = -0.000 s, min = 9223372036.855 s, total = 0.000 s
	NodeResourceInfoGcsService.grpc_server.GetAllResourceUsage - 12 total (0 active), Execution time: mean = 304.169 us, total = 3.650 ms, Queueing time: mean = 0.000 s, max = -0.000 s, min = 9223372036.855 s, total = 0.000 s
	NodeResourceInfoGcsService.grpc_server.GetAllResourceUsage.HandleRequestImpl - 12 total (0 active), Execution time: mean = 49.889 us, total = 598.674 us, Queueing time: mean = 28.303 us, max = 64.233 us, min = 16.600 us, total = 339.642 us
	ActorInfoGcsService.grpc_server.GetActorInfo - 10 total (0 active), Execution time: mean = 200.846 us, total = 2.008 ms, Queueing time: mean = 0.000 s, max = -0.000 s, min = 9223372036.855 s, total = 0.000 s
	ActorInfoGcsService.grpc_server.GetActorInfo.HandleRequestImpl - 10 total (0 active), Execution time: mean = 23.467 us, total = 234.672 us, Queueing time: mean = 23.117 us, max = 61.413 us, min = 8.887 us, total = 231.175 us
	NodeManagerService.grpc_client.RequestWorkerLease - 8 total (0 active), Execution time: mean = 484.624 ms, total = 3.877 s, Queueing time: mean = 0.000 s, max = -0.000 s, min = 9223372036.855 s, total = 0.000 s
	NodeManagerService.grpc_client.RequestWorkerLease.OnReplyReceived - 8 total (0 active), Execution time: mean = 293.144 us, total = 2.345 ms, Queueing time: mean = 15.367 us, max = 32.444 us, min = 9.080 us, total = 122.933 us
	ActorInfoGcsService.grpc_server.CreateActor - 8 total (0 active), Execution time: mean = 2.155 s, total = 17.242 s, Queueing time: mean = 0.000 s, max = -0.000 s, min = 9223372036.855 s, total = 0.000 s
	CoreWorkerService.grpc_client.WaitForActorOutOfScope - 8 total (8 active), Execution time: mean = 0.000 s, total = 0.000 s, Queueing time: mean = 0.000 s, max = -0.000 s, min = 9223372036.855 s, total = 0.000 s
	ActorInfoGcsService.grpc_server.RegisterActor.HandleRequestImpl - 8 total (0 active), Execution time: mean = 422.763 us, total = 3.382 ms, Queueing time: mean = 18.442 us, max = 63.493 us, min = 6.510 us, total = 147.532 us
	CoreWorkerService.grpc_client.PushTask.OnReplyReceived - 8 total (0 active), Execution time: mean = 438.987 us, total = 3.512 ms, Queueing time: mean = 46.866 us, max = 80.744 us, min = 15.380 us, total = 374.931 us
	CoreWorkerService.grpc_client.PushTask - 8 total (0 active), Execution time: mean = 1.669 s, total = 13.354 s, Queueing time: mean = 0.000 s, max = -0.000 s, min = 9223372036.855 s, total = 0.000 s
	ActorInfoGcsService.grpc_server.RegisterActor - 8 total (0 active), Execution time: mean = 689.195 us, total = 5.514 ms, Queueing time: mean = 0.000 s, max = -0.000 s, min = 9223372036.855 s, total = 0.000 s
	NodeInfoGcsService.grpc_server.GetClusterId.HandleRequestImpl - 8 total (0 active), Execution time: mean = 17.595 us, total = 140.763 us, Queueing time: mean = 30.729 us, max = 63.842 us, min = 7.149 us, total = 245.835 us
	NodeInfoGcsService.grpc_server.GetClusterId - 8 total (0 active), Execution time: mean = 315.929 us, total = 2.527 ms, Queueing time: mean = 0.000 s, max = -0.000 s, min = 9223372036.855 s, total = 0.000 s
	ActorInfoGcsService.grpc_server.CreateActor.HandleRequestImpl - 8 total (0 active), Execution time: mean = 294.817 us, total = 2.359 ms, Queueing time: mean = 12.436 us, max = 21.382 us, min = 6.804 us, total = 99.489 us
	GcsInMemoryStore.GetAll - 7 total (0 active), Execution time: mean = 16.422 us, total = 114.952 us, Queueing time: mean = 46.979 us, max = 74.684 us, min = 2.863 us, total = 328.851 us
	GCSServer.deadline_timer.debug_state_dump - 6 total (1 active), Execution time: mean = 930.031 us, total = 5.580 ms, Queueing time: mean = 28.127 us, max = 87.694 us, min = 12.823 us, total = 168.764 us
	GcsResourceManager::Update - 5 total (0 active), Execution time: mean = 49.597 us, total = 247.983 us, Queueing time: mean = 17.228 us, max = 25.563 us, min = 12.763 us, total = 86.142 us
	WorkerInfoGcsService.grpc_server.ReportWorkerFailure - 4 total (0 active), Execution time: mean = 1.161 ms, total = 4.642 ms, Queueing time: mean = 0.000 s, max = -0.000 s, min = 9223372036.855 s, total = 0.000 s
	WorkerInfoGcsService.grpc_server.ReportWorkerFailure.HandleRequestImpl - 4 total (0 active), Execution time: mean = 39.550 us, total = 158.198 us, Queueing time: mean = 328.947 us, max = 1.236 ms, min = 9.952 us, total = 1.316 ms
	PeriodicalRunner.RunFnPeriodically - 4 total (0 active), Execution time: mean = 80.855 us, total = 323.421 us, Queueing time: mean = 112.333 ms, max = 224.623 ms, min = 21.265 us, total = 449.333 ms
	JobInfoGcsService.grpc_server.AddJob - 1 total (0 active), Execution time: mean = 417.517 us, total = 417.517 us, Queueing time: mean = 0.000 s, max = -0.000 s, min = 9223372036.855 s, total = 0.000 s
	GcsHealthCheckManager::AddNode - 1 total (0 active), Execution time: mean = 11.238 us, total = 11.238 us, Queueing time: mean = 468.000 ns, max = 468.000 ns, min = 468.000 ns, total = 468.000 ns
	NodeInfoGcsService.grpc_server.GetInternalConfig.HandleRequestImpl - 1 total (0 active), Execution time: mean = 16.385 us, total = 16.385 us, Queueing time: mean = 15.814 us, max = 15.814 us, min = 15.814 us, total = 15.814 us
	NodeInfoGcsService.grpc_server.GetInternalConfig - 1 total (0 active), Execution time: mean = 284.232 us, total = 284.232 us, Queueing time: mean = 0.000 s, max = -0.000 s, min = 9223372036.855 s, total = 0.000 s
	JobInfoGcsService.grpc_server.AddJob.HandleRequestImpl - 1 total (0 active), Execution time: mean = 118.746 us, total = 118.746 us, Queueing time: mean = 9.984 us, max = 9.984 us, min = 9.984 us, total = 9.984 us
	JobInfoGcsService.grpc_server.GetAllJobInfo.HandleRequestImpl - 1 total (0 active), Execution time: mean = 12.802 us, total = 12.802 us, Queueing time: mean = 7.962 us, max = 7.962 us, min = 7.962 us, total = 7.962 us
	GcsInMemoryStore.Delete - 1 total (0 active), Execution time: mean = 20.007 us, total = 20.007 us, Queueing time: mean = 10.453 us, max = 10.453 us, min = 10.453 us, total = 10.453 us
	JobInfoGcsService.grpc_server.GetNextJobID - 1 total (0 active), Execution time: mean = 245.260 us, total = 245.260 us, Queueing time: mean = 0.000 s, max = -0.000 s, min = 9223372036.855 s, total = 0.000 s
	InternalKVGcsService.grpc_server.InternalKVDel - 1 total (0 active), Execution time: mean = 415.409 us, total = 415.409 us, Queueing time: mean = 0.000 s, max = -0.000 s, min = 9223372036.855 s, total = 0.000 s
	JobInfoGcsService.grpc_server.GetNextJobID.HandleRequestImpl - 1 total (0 active), Execution time: mean = 15.064 us, total = 15.064 us, Queueing time: mean = 21.406 us, max = 21.406 us, min = 21.406 us, total = 21.406 us
	NodeInfoGcsService.grpc_server.RegisterNode.HandleRequestImpl - 1 total (0 active), Execution time: mean = 136.119 us, total = 136.119 us, Queueing time: mean = 21.611 us, max = 21.611 us, min = 21.611 us, total = 21.611 us
	InternalKVGcsService.grpc_server.InternalKVDel.HandleRequestImpl - 1 total (0 active), Execution time: mean = 67.861 us, total = 67.861 us, Queueing time: mean = 81.601 us, max = 81.601 us, min = 81.601 us, total = 81.601 us
	GCSServer.deadline_timer.debug_state_event_stats_print - 1 total (1 active, 1 running), Execution time: mean = 0.000 s, total = 0.000 s, Queueing time: mean = 0.000 s, max = -0.000 s, min = 9223372036.855 s, total = 0.000 s
	JobInfoGcsService.grpc_server.GetAllJobInfo - 1 total (0 active), Execution time: mean = 170.040 us, total = 170.040 us, Queueing time: mean = 0.000 s, max = -0.000 s, min = 9223372036.855 s, total = 0.000 s
	NodeInfoGcsService.grpc_server.RegisterNode - 1 total (0 active), Execution time: mean = 595.291 us, total = 595.291 us, Queueing time: mean = 0.000 s, max = -0.000 s, min = 9223372036.855 s, total = 0.000 s


[2024-03-15 16:43:53,852 I 3626174 3626174] (gcs_server) gcs_server.cc:847: GcsTaskManager Event stats:


Global stats: 1038 total (1 active)
Queueing time: mean = 17.693 us, max = 294.089 us, min = -0.000 s, total = 18.366 ms
Execution time:  mean = 146.866 us, total = 152.446 ms
Event stats:
	TaskInfoGcsService.grpc_server.AddTaskEventData - 512 total (0 active), Execution time: mean = 251.717 us, total = 128.879 ms, Queueing time: mean = 0.000 s, max = -0.000 s, min = 9223372036.855 s, total = 0.000 s
	TaskInfoGcsService.grpc_server.AddTaskEventData.HandleRequestImpl - 512 total (0 active), Execution time: mean = 45.589 us, total = 23.342 ms, Queueing time: mean = 34.185 us, max = 133.071 us, min = 7.968 us, total = 17.503 ms
	GcsTaskManager.GcJobSummary - 13 total (1 active), Execution time: mean = 8.485 us, total = 110.305 us, Queueing time: mean = 43.766 us, max = 128.561 us, min = -0.000 s, total = 568.961 us
	PeriodicalRunner.RunFnPeriodically - 1 total (0 active), Execution time: mean = 115.248 us, total = 115.248 us, Queueing time: mean = 294.089 us, max = 294.089 us, min = 294.089 us, total = 294.089 us


[2024-03-15 16:44:53,852 I 3626174 3626174] (gcs_server) gcs_server.cc:252: GcsNodeManager: 
- RegisterNode request count: 1
- DrainNode request count: 0
- GetAllNodeInfo request count: 25
- GetInternalConfig request count: 1

GcsActorManager: 
- RegisterActor request count: 8
- CreateActor request count: 8
- GetActorInfo request count: 10
- GetNamedActorInfo request count: 0
- GetAllActorInfo request count: 0
- KillActor request count: 0
- ListNamedActors request count: 0
- Registered actors count: 8
- Destroyed actors count: 0
- Named actors count: 0
- Unresolved actors count: 0
- Pending actors count: 0
- Created actors count: 1
- owners_: 1
- actor_to_register_callbacks_: 0
- actor_to_create_callbacks_: 0
- sorted_destroyed_actor_list_: 0

GcsResourceManager: 
- GetAllAvailableResources request count0
- GetAllResourceUsage request count: 24

GcsPlacementGroupManager: 
- CreatePlacementGroup request count: 0
- RemovePlacementGroup request count: 0
- GetPlacementGroup request count: 0
- GetAllPlacementGroup request count: 0
- WaitPlacementGroupUntilReady request count: 0
- GetNamedPlacementGroup request count: 0
- Scheduling pending placement group count: 0
- Registered placement groups count: 0
- Named placement group count: 0
- Pending placement groups count: 0
- Infeasible placement groups count: 0

GcsPublisher {}

[runtime env manager] ID to URIs table:
[runtime env manager] URIs reference table:

GcsTaskManager: 
-Total num task events reported: 1884
-Total num status task events dropped: 0
-Total num profile events dropped: 0
-Current num of task events stored: 678
-Total num of actor creation tasks: 8
-Total num of actor tasks: 669
-Total num of normal tasks: 0
-Total num of driver tasks: 1


[2024-03-15 16:44:53,853 I 3626174 3626174] (gcs_server) gcs_server.cc:846: Event stats:


Global stats: 2030 total (12 active)
Queueing time: mean = 358.264 us, max = 224.623 ms, min = 468.000 ns, total = 727.276 ms
Execution time:  mean = 17.308 ms, total = 35.135 s
Event stats:
	GcsInMemoryStore.Put - 269 total (0 active), Execution time: mean = 866.384 us, total = 233.057 ms, Queueing time: mean = 862.371 us, max = 223.841 ms, min = 1.022 us, total = 231.978 ms
	InternalKVGcsService.grpc_server.InternalKVPut.HandleRequestImpl - 215 total (0 active), Execution time: mean = 16.415 us, total = 3.529 ms, Queueing time: mean = 106.380 us, max = 620.729 us, min = 2.621 us, total = 22.872 ms
	InternalKVGcsService.grpc_server.InternalKVPut - 215 total (0 active), Execution time: mean = 377.575 us, total = 81.179 ms, Queueing time: mean = 0.000 s, max = -0.000 s, min = 9223372036.855 s, total = 0.000 s
	InternalKVGcsService.grpc_client.InternalKVPut.OnReplyReceived - 144 total (0 active), Execution time: mean = 11.041 us, total = 1.590 ms, Queueing time: mean = 22.904 us, max = 81.384 us, min = 1.967 us, total = 3.298 ms
	InternalKVGcsService.grpc_client.InternalKVPut - 144 total (0 active), Execution time: mean = 848.208 us, total = 122.142 ms, Queueing time: mean = 0.000 s, max = -0.000 s, min = 9223372036.855 s, total = 0.000 s
	RayletLoadPulled - 120 total (1 active), Execution time: mean = 168.314 us, total = 20.198 ms, Queueing time: mean = 42.307 us, max = 190.739 us, min = 10.902 us, total = 5.077 ms
	NodeManagerService.grpc_client.GetResourceLoad - 117 total (0 active), Execution time: mean = 830.237 us, total = 97.138 ms, Queueing time: mean = 0.000 s, max = -0.000 s, min = 9223372036.855 s, total = 0.000 s
	NodeManagerService.grpc_client.GetResourceLoad.OnReplyReceived - 117 total (0 active), Execution time: mean = 44.365 us, total = 5.191 ms, Queueing time: mean = 17.983 us, max = 75.272 us, min = 8.489 us, total = 2.104 ms
	GcsInMemoryStore.Get - 81 total (0 active), Execution time: mean = 35.429 us, total = 2.870 ms, Queueing time: mean = 11.101 us, max = 404.040 us, min = 2.068 us, total = 899.173 us
	InternalKVGcsService.grpc_server.InternalKVGet.HandleRequestImpl - 75 total (0 active), Execution time: mean = 31.098 us, total = 2.332 ms, Queueing time: mean = 21.434 us, max = 105.047 us, min = 5.538 us, total = 1.608 ms
	InternalKVGcsService.grpc_server.InternalKVGet - 75 total (0 active), Execution time: mean = 240.740 us, total = 18.055 ms, Queueing time: mean = 0.000 s, max = -0.000 s, min = 9223372036.855 s, total = 0.000 s
	NodeInfoGcsService.grpc_server.CheckAlive.HandleRequestImpl - 48 total (0 active), Execution time: mean = 20.802 us, total = 998.479 us, Queueing time: mean = 36.588 us, max = 100.302 us, min = 10.234 us, total = 1.756 ms
	NodeInfoGcsService.grpc_server.CheckAlive - 48 total (0 active), Execution time: mean = 250.241 us, total = 12.012 ms, Queueing time: mean = 0.000 s, max = -0.000 s, min = 9223372036.855 s, total = 0.000 s
	ClusterResourceManager.ResetRemoteNodeView - 40 total (1 active), Execution time: mean = 7.167 us, total = 286.665 us, Queueing time: mean = 41.350 us, max = 105.021 us, min = 7.984 us, total = 1.654 ms
	HealthCheck - 38 total (0 active), Execution time: mean = 4.251 us, total = 161.546 us, Queueing time: mean = 17.163 us, max = 31.636 us, min = 7.030 us, total = 652.180 us
	NodeInfoGcsService.grpc_server.GetAllNodeInfo - 25 total (0 active), Execution time: mean = 240.683 us, total = 6.017 ms, Queueing time: mean = 0.000 s, max = -0.000 s, min = 9223372036.855 s, total = 0.000 s
	NodeInfoGcsService.grpc_server.GetAllNodeInfo.HandleRequestImpl - 25 total (0 active), Execution time: mean = 21.256 us, total = 531.402 us, Queueing time: mean = 51.583 us, max = 600.251 us, min = 6.358 us, total = 1.290 ms
	NodeResourceInfoGcsService.grpc_server.GetAllResourceUsage - 24 total (0 active), Execution time: mean = 303.921 us, total = 7.294 ms, Queueing time: mean = 0.000 s, max = -0.000 s, min = 9223372036.855 s, total = 0.000 s
	NodeResourceInfoGcsService.grpc_server.GetAllResourceUsage.HandleRequestImpl - 24 total (0 active), Execution time: mean = 50.798 us, total = 1.219 ms, Queueing time: mean = 34.946 us, max = 113.086 us, min = 16.600 us, total = 838.704 us
	WorkerInfoGcsService.grpc_server.AddWorkerInfo.HandleRequestImpl - 13 total (0 active), Execution time: mean = 37.259 us, total = 484.371 us, Queueing time: mean = 26.521 us, max = 75.278 us, min = 11.028 us, total = 344.776 us
	WorkerInfoGcsService.grpc_server.AddWorkerInfo - 13 total (0 active), Execution time: mean = 262.026 us, total = 3.406 ms, Queueing time: mean = 0.000 s, max = -0.000 s, min = 9223372036.855 s, total = 0.000 s
	GCSServer.deadline_timer.debug_state_dump - 12 total (1 active), Execution time: mean = 979.716 us, total = 11.757 ms, Queueing time: mean = 35.783 us, max = 87.694 us, min = 12.823 us, total = 429.394 us
	ActorInfoGcsService.grpc_server.GetActorInfo.HandleRequestImpl - 10 total (0 active), Execution time: mean = 23.467 us, total = 234.672 us, Queueing time: mean = 23.117 us, max = 61.413 us, min = 8.887 us, total = 231.175 us
	ActorInfoGcsService.grpc_server.GetActorInfo - 10 total (0 active), Execution time: mean = 200.846 us, total = 2.008 ms, Queueing time: mean = 0.000 s, max = -0.000 s, min = 9223372036.855 s, total = 0.000 s
	ActorInfoGcsService.grpc_server.RegisterActor - 8 total (0 active), Execution time: mean = 689.195 us, total = 5.514 ms, Queueing time: mean = 0.000 s, max = -0.000 s, min = 9223372036.855 s, total = 0.000 s
	ActorInfoGcsService.grpc_server.RegisterActor.HandleRequestImpl - 8 total (0 active), Execution time: mean = 422.763 us, total = 3.382 ms, Queueing time: mean = 18.442 us, max = 63.493 us, min = 6.510 us, total = 147.532 us
	ActorInfoGcsService.grpc_server.CreateActor - 8 total (0 active), Execution time: mean = 2.155 s, total = 17.242 s, Queueing time: mean = 0.000 s, max = -0.000 s, min = 9223372036.855 s, total = 0.000 s
	CoreWorkerService.grpc_client.WaitForActorOutOfScope - 8 total (8 active), Execution time: mean = 0.000 s, total = 0.000 s, Queueing time: mean = 0.000 s, max = -0.000 s, min = 9223372036.855 s, total = 0.000 s
	CoreWorkerService.grpc_client.PushTask - 8 total (0 active), Execution time: mean = 1.669 s, total = 13.354 s, Queueing time: mean = 0.000 s, max = -0.000 s, min = 9223372036.855 s, total = 0.000 s
	CoreWorkerService.grpc_client.PushTask.OnReplyReceived - 8 total (0 active), Execution time: mean = 438.987 us, total = 3.512 ms, Queueing time: mean = 46.866 us, max = 80.744 us, min = 15.380 us, total = 374.931 us
	NodeInfoGcsService.grpc_server.GetClusterId.HandleRequestImpl - 8 total (0 active), Execution time: mean = 17.595 us, total = 140.763 us, Queueing time: mean = 30.729 us, max = 63.842 us, min = 7.149 us, total = 245.835 us
	NodeManagerService.grpc_client.RequestWorkerLease - 8 total (0 active), Execution time: mean = 484.624 ms, total = 3.877 s, Queueing time: mean = 0.000 s, max = -0.000 s, min = 9223372036.855 s, total = 0.000 s
	NodeInfoGcsService.grpc_server.GetClusterId - 8 total (0 active), Execution time: mean = 315.929 us, total = 2.527 ms, Queueing time: mean = 0.000 s, max = -0.000 s, min = 9223372036.855 s, total = 0.000 s
	NodeManagerService.grpc_client.RequestWorkerLease.OnReplyReceived - 8 total (0 active), Execution time: mean = 293.144 us, total = 2.345 ms, Queueing time: mean = 15.367 us, max = 32.444 us, min = 9.080 us, total = 122.933 us
	ActorInfoGcsService.grpc_server.CreateActor.HandleRequestImpl - 8 total (0 active), Execution time: mean = 294.817 us, total = 2.359 ms, Queueing time: mean = 12.436 us, max = 21.382 us, min = 6.804 us, total = 99.489 us
	GcsInMemoryStore.GetAll - 7 total (0 active), Execution time: mean = 16.422 us, total = 114.952 us, Queueing time: mean = 46.979 us, max = 74.684 us, min = 2.863 us, total = 328.851 us
	GcsResourceManager::Update - 5 total (0 active), Execution time: mean = 49.597 us, total = 247.983 us, Queueing time: mean = 17.228 us, max = 25.563 us, min = 12.763 us, total = 86.142 us
	WorkerInfoGcsService.grpc_server.ReportWorkerFailure - 4 total (0 active), Execution time: mean = 1.161 ms, total = 4.642 ms, Queueing time: mean = 0.000 s, max = -0.000 s, min = 9223372036.855 s, total = 0.000 s
	WorkerInfoGcsService.grpc_server.ReportWorkerFailure.HandleRequestImpl - 4 total (0 active), Execution time: mean = 39.550 us, total = 158.198 us, Queueing time: mean = 328.947 us, max = 1.236 ms, min = 9.952 us, total = 1.316 ms
	PeriodicalRunner.RunFnPeriodically - 4 total (0 active), Execution time: mean = 80.855 us, total = 323.421 us, Queueing time: mean = 112.333 ms, max = 224.623 ms, min = 21.265 us, total = 449.333 ms
	GCSServer.deadline_timer.debug_state_event_stats_print - 2 total (1 active, 1 running), Execution time: mean = 310.451 us, total = 620.902 us, Queueing time: mean = 10.402 us, max = 20.805 us, min = 20.805 us, total = 20.805 us
	GcsHealthCheckManager::AddNode - 1 total (0 active), Execution time: mean = 11.238 us, total = 11.238 us, Queueing time: mean = 468.000 ns, max = 468.000 ns, min = 468.000 ns, total = 468.000 ns
	JobInfoGcsService.grpc_server.AddJob - 1 total (0 active), Execution time: mean = 417.517 us, total = 417.517 us, Queueing time: mean = 0.000 s, max = -0.000 s, min = 9223372036.855 s, total = 0.000 s
	NodeInfoGcsService.grpc_server.RegisterNode - 1 total (0 active), Execution time: mean = 595.291 us, total = 595.291 us, Queueing time: mean = 0.000 s, max = -0.000 s, min = 9223372036.855 s, total = 0.000 s
	NodeInfoGcsService.grpc_server.GetInternalConfig.HandleRequestImpl - 1 total (0 active), Execution time: mean = 16.385 us, total = 16.385 us, Queueing time: mean = 15.814 us, max = 15.814 us, min = 15.814 us, total = 15.814 us
	NodeInfoGcsService.grpc_server.GetInternalConfig - 1 total (0 active), Execution time: mean = 284.232 us, total = 284.232 us, Queueing time: mean = 0.000 s, max = -0.000 s, min = 9223372036.855 s, total = 0.000 s
	JobInfoGcsService.grpc_server.AddJob.HandleRequestImpl - 1 total (0 active), Execution time: mean = 118.746 us, total = 118.746 us, Queueing time: mean = 9.984 us, max = 9.984 us, min = 9.984 us, total = 9.984 us
	JobInfoGcsService.grpc_server.GetAllJobInfo.HandleRequestImpl - 1 total (0 active), Execution time: mean = 12.802 us, total = 12.802 us, Queueing time: mean = 7.962 us, max = 7.962 us, min = 7.962 us, total = 7.962 us
	GcsInMemoryStore.Delete - 1 total (0 active), Execution time: mean = 20.007 us, total = 20.007 us, Queueing time: mean = 10.453 us, max = 10.453 us, min = 10.453 us, total = 10.453 us
	InternalKVGcsService.grpc_server.InternalKVDel - 1 total (0 active), Execution time: mean = 415.409 us, total = 415.409 us, Queueing time: mean = 0.000 s, max = -0.000 s, min = 9223372036.855 s, total = 0.000 s
	JobInfoGcsService.grpc_server.GetNextJobID.HandleRequestImpl - 1 total (0 active), Execution time: mean = 15.064 us, total = 15.064 us, Queueing time: mean = 21.406 us, max = 21.406 us, min = 21.406 us, total = 21.406 us
	NodeInfoGcsService.grpc_server.RegisterNode.HandleRequestImpl - 1 total (0 active), Execution time: mean = 136.119 us, total = 136.119 us, Queueing time: mean = 21.611 us, max = 21.611 us, min = 21.611 us, total = 21.611 us
	InternalKVGcsService.grpc_server.InternalKVDel.HandleRequestImpl - 1 total (0 active), Execution time: mean = 67.861 us, total = 67.861 us, Queueing time: mean = 81.601 us, max = 81.601 us, min = 81.601 us, total = 81.601 us
	JobInfoGcsService.grpc_server.GetNextJobID - 1 total (0 active), Execution time: mean = 245.260 us, total = 245.260 us, Queueing time: mean = 0.000 s, max = -0.000 s, min = 9223372036.855 s, total = 0.000 s
	JobInfoGcsService.grpc_server.GetAllJobInfo - 1 total (0 active), Execution time: mean = 170.040 us, total = 170.040 us, Queueing time: mean = 0.000 s, max = -0.000 s, min = 9223372036.855 s, total = 0.000 s


[2024-03-15 16:44:53,853 I 3626174 3626174] (gcs_server) gcs_server.cc:847: GcsTaskManager Event stats:


Global stats: 2126 total (1 active)
Queueing time: mean = 16.966 us, max = 294.089 us, min = -0.000 s, total = 36.071 ms
Execution time:  mean = 146.048 us, total = 310.498 ms
Event stats:
	TaskInfoGcsService.grpc_server.AddTaskEventData - 1050 total (0 active), Execution time: mean = 247.720 us, total = 260.106 ms, Queueing time: mean = 0.000 s, max = -0.000 s, min = 9223372036.855 s, total = 0.000 s
	TaskInfoGcsService.grpc_server.AddTaskEventData.HandleRequestImpl - 1050 total (0 active), Execution time: mean = 47.679 us, total = 50.063 ms, Queueing time: mean = 33.169 us, max = 133.071 us, min = 6.463 us, total = 34.828 ms
	GcsTaskManager.GcJobSummary - 25 total (1 active), Execution time: mean = 8.530 us, total = 213.262 us, Queueing time: mean = 37.948 us, max = 128.561 us, min = -0.000 s, total = 948.696 us
	PeriodicalRunner.RunFnPeriodically - 1 total (0 active), Execution time: mean = 115.248 us, total = 115.248 us, Queueing time: mean = 294.089 us, max = 294.089 us, min = 294.089 us, total = 294.089 us


[2024-03-15 16:45:28,512 I 3626174 3626174] (gcs_server) gcs_actor_manager.cc:798: Actor 1ce7bc7b0ab90a121437305601000000 is out of scope, destroying actor, job id = 01000000
[2024-03-15 16:45:28,512 I 3626174 3626174] (gcs_server) gcs_actor_manager.cc:816: Destroying actor, actor id = 1ce7bc7b0ab90a121437305601000000, job id = 01000000
[2024-03-15 16:45:28,651 I 3626174 3626174] (gcs_server) gcs_actor_manager.cc:798: Actor b2cd5c8301f094db3713780801000000 is out of scope, destroying actor, job id = 01000000
[2024-03-15 16:45:28,651 I 3626174 3626174] (gcs_server) gcs_actor_manager.cc:816: Destroying actor, actor id = b2cd5c8301f094db3713780801000000, job id = 01000000
[2024-03-15 16:45:28,893 I 3626174 3626174] (gcs_server) gcs_actor_manager.cc:798: Actor 75818debc996143a27d7b11501000000 is out of scope, destroying actor, job id = 01000000
[2024-03-15 16:45:28,893 I 3626174 3626174] (gcs_server) gcs_actor_manager.cc:816: Destroying actor, actor id = 75818debc996143a27d7b11501000000, job id = 01000000
[2024-03-15 16:45:53,853 I 3626174 3626174] (gcs_server) gcs_server.cc:252: GcsNodeManager: 
- RegisterNode request count: 1
- DrainNode request count: 0
- GetAllNodeInfo request count: 25
- GetInternalConfig request count: 1

GcsActorManager: 
- RegisterActor request count: 8
- CreateActor request count: 8
- GetActorInfo request count: 11
- GetNamedActorInfo request count: 0
- GetAllActorInfo request count: 0
- KillActor request count: 0
- ListNamedActors request count: 0
- Registered actors count: 5
- Destroyed actors count: 3
- Named actors count: 0
- Unresolved actors count: 0
- Pending actors count: 0
- Created actors count: 1
- owners_: 1
- actor_to_register_callbacks_: 0
- actor_to_create_callbacks_: 0
- sorted_destroyed_actor_list_: 3

GcsResourceManager: 
- GetAllAvailableResources request count0
- GetAllResourceUsage request count: 36

GcsPlacementGroupManager: 
- CreatePlacementGroup request count: 0
- RemovePlacementGroup request count: 0
- GetPlacementGroup request count: 0
- GetAllPlacementGroup request count: 0
- WaitPlacementGroupUntilReady request count: 0
- GetNamedPlacementGroup request count: 0
- Scheduling pending placement group count: 0
- Registered placement groups count: 0
- Named placement group count: 0
- Pending placement groups count: 0
- Infeasible placement groups count: 0

GcsPublisher {}

[runtime env manager] ID to URIs table:
[runtime env manager] URIs reference table:

GcsTaskManager: 
-Total num task events reported: 2509
-Total num status task events dropped: 0
-Total num profile events dropped: 0
-Current num of task events stored: 899
-Total num of actor creation tasks: 8
-Total num of actor tasks: 890
-Total num of normal tasks: 0
-Total num of driver tasks: 1


[2024-03-15 16:45:53,854 I 3626174 3626174] (gcs_server) gcs_server.cc:846: Event stats:


Global stats: 2828 total (9 active)
Queueing time: mean = 265.646 us, max = 224.623 ms, min = 468.000 ns, total = 751.246 ms
Execution time:  mean = 164.716 ms, total = 465.816 s
Event stats:
	GcsInMemoryStore.Put - 371 total (0 active), Execution time: mean = 631.887 us, total = 234.430 ms, Queueing time: mean = 633.564 us, max = 223.841 ms, min = 874.000 ns, total = 235.052 ms
	InternalKVGcsService.grpc_server.InternalKVPut.HandleRequestImpl - 311 total (0 active), Execution time: mean = 20.397 us, total = 6.344 ms, Queueing time: mean = 111.843 us, max = 620.729 us, min = 2.621 us, total = 34.783 ms
	InternalKVGcsService.grpc_server.InternalKVPut - 311 total (0 active), Execution time: mean = 387.359 us, total = 120.469 ms, Queueing time: mean = 0.000 s, max = -0.000 s, min = 9223372036.855 s, total = 0.000 s
	InternalKVGcsService.grpc_client.InternalKVPut - 216 total (0 active), Execution time: mean = 840.525 us, total = 181.553 ms, Queueing time: mean = 0.000 s, max = -0.000 s, min = 9223372036.855 s, total = 0.000 s
	InternalKVGcsService.grpc_client.InternalKVPut.OnReplyReceived - 216 total (0 active), Execution time: mean = 11.677 us, total = 2.522 ms, Queueing time: mean = 22.589 us, max = 81.384 us, min = 1.967 us, total = 4.879 ms
	RayletLoadPulled - 180 total (1 active), Execution time: mean = 168.151 us, total = 30.267 ms, Queueing time: mean = 42.857 us, max = 190.739 us, min = 10.902 us, total = 7.714 ms
	NodeManagerService.grpc_client.GetResourceLoad.OnReplyReceived - 177 total (0 active), Execution time: mean = 45.596 us, total = 8.071 ms, Queueing time: mean = 17.640 us, max = 75.272 us, min = 8.489 us, total = 3.122 ms
	NodeManagerService.grpc_client.GetResourceLoad - 177 total (0 active), Execution time: mean = 822.140 us, total = 145.519 ms, Queueing time: mean = 0.000 s, max = -0.000 s, min = 9223372036.855 s, total = 0.000 s
	GcsInMemoryStore.Get - 96 total (0 active), Execution time: mean = 33.891 us, total = 3.254 ms, Queueing time: mean = 10.894 us, max = 404.040 us, min = 2.068 us, total = 1.046 ms
	InternalKVGcsService.grpc_server.InternalKVGet - 87 total (0 active), Execution time: mean = 235.953 us, total = 20.528 ms, Queueing time: mean = 0.000 s, max = -0.000 s, min = 9223372036.855 s, total = 0.000 s
	InternalKVGcsService.grpc_server.InternalKVGet.HandleRequestImpl - 87 total (0 active), Execution time: mean = 31.483 us, total = 2.739 ms, Queueing time: mean = 20.096 us, max = 105.047 us, min = 5.538 us, total = 1.748 ms
	NodeInfoGcsService.grpc_server.CheckAlive - 72 total (0 active), Execution time: mean = 261.743 us, total = 18.846 ms, Queueing time: mean = 0.000 s, max = -0.000 s, min = 9223372036.855 s, total = 0.000 s
	NodeInfoGcsService.grpc_server.CheckAlive.HandleRequestImpl - 72 total (0 active), Execution time: mean = 21.322 us, total = 1.535 ms, Queueing time: mean = 35.842 us, max = 107.276 us, min = 10.234 us, total = 2.581 ms
	ClusterResourceManager.ResetRemoteNodeView - 60 total (1 active), Execution time: mean = 7.019 us, total = 421.141 us, Queueing time: mean = 42.666 us, max = 105.021 us, min = 7.984 us, total = 2.560 ms
	HealthCheck - 58 total (0 active), Execution time: mean = 4.176 us, total = 242.186 us, Queueing time: mean = 17.501 us, max = 31.636 us, min = 7.030 us, total = 1.015 ms
	NodeResourceInfoGcsService.grpc_server.GetAllResourceUsage - 36 total (0 active), Execution time: mean = 301.594 us, total = 10.857 ms, Queueing time: mean = 0.000 s, max = -0.000 s, min = 9223372036.855 s, total = 0.000 s
	NodeResourceInfoGcsService.grpc_server.GetAllResourceUsage.HandleRequestImpl - 36 total (0 active), Execution time: mean = 52.075 us, total = 1.875 ms, Queueing time: mean = 38.645 us, max = 127.983 us, min = 16.600 us, total = 1.391 ms
	NodeInfoGcsService.grpc_server.GetAllNodeInfo - 25 total (0 active), Execution time: mean = 240.683 us, total = 6.017 ms, Queueing time: mean = 0.000 s, max = -0.000 s, min = 9223372036.855 s, total = 0.000 s
	NodeInfoGcsService.grpc_server.GetAllNodeInfo.HandleRequestImpl - 25 total (0 active), Execution time: mean = 21.256 us, total = 531.402 us, Queueing time: mean = 51.583 us, max = 600.251 us, min = 6.358 us, total = 1.290 ms
	GCSServer.deadline_timer.debug_state_dump - 18 total (1 active), Execution time: mean = 1.038 ms, total = 18.676 ms, Queueing time: mean = 35.765 us, max = 93.512 us, min = 11.538 us, total = 643.763 us
	WorkerInfoGcsService.grpc_server.AddWorkerInfo.HandleRequestImpl - 13 total (0 active), Execution time: mean = 37.259 us, total = 484.371 us, Queueing time: mean = 26.521 us, max = 75.278 us, min = 11.028 us, total = 344.776 us
	WorkerInfoGcsService.grpc_server.AddWorkerInfo - 13 total (0 active), Execution time: mean = 262.026 us, total = 3.406 ms, Queueing time: mean = 0.000 s, max = -0.000 s, min = 9223372036.855 s, total = 0.000 s
	ActorInfoGcsService.grpc_server.GetActorInfo - 11 total (0 active), Execution time: mean = 208.113 us, total = 2.289 ms, Queueing time: mean = 0.000 s, max = -0.000 s, min = 9223372036.855 s, total = 0.000 s
	ActorInfoGcsService.grpc_server.GetActorInfo.HandleRequestImpl - 11 total (0 active), Execution time: mean = 24.977 us, total = 274.742 us, Queueing time: mean = 27.047 us, max = 66.345 us, min = 8.887 us, total = 297.520 us
	ActorInfoGcsService.grpc_server.CreateActor.HandleRequestImpl - 8 total (0 active), Execution time: mean = 294.817 us, total = 2.359 ms, Queueing time: mean = 12.436 us, max = 21.382 us, min = 6.804 us, total = 99.489 us
	NodeInfoGcsService.grpc_server.GetClusterId - 8 total (0 active), Execution time: mean = 315.929 us, total = 2.527 ms, Queueing time: mean = 0.000 s, max = -0.000 s, min = 9223372036.855 s, total = 0.000 s
	CoreWorkerService.grpc_client.PushTask - 8 total (0 active), Execution time: mean = 1.669 s, total = 13.354 s, Queueing time: mean = 0.000 s, max = -0.000 s, min = 9223372036.855 s, total = 0.000 s
	ActorInfoGcsService.grpc_server.RegisterActor - 8 total (0 active), Execution time: mean = 689.195 us, total = 5.514 ms, Queueing time: mean = 0.000 s, max = -0.000 s, min = 9223372036.855 s, total = 0.000 s
	CoreWorkerService.grpc_client.PushTask.OnReplyReceived - 8 total (0 active), Execution time: mean = 438.987 us, total = 3.512 ms, Queueing time: mean = 46.866 us, max = 80.744 us, min = 15.380 us, total = 374.931 us
	NodeManagerService.grpc_client.RequestWorkerLease.OnReplyReceived - 8 total (0 active), Execution time: mean = 293.144 us, total = 2.345 ms, Queueing time: mean = 15.367 us, max = 32.444 us, min = 9.080 us, total = 122.933 us
	NodeManagerService.grpc_client.RequestWorkerLease - 8 total (0 active), Execution time: mean = 484.624 ms, total = 3.877 s, Queueing time: mean = 0.000 s, max = -0.000 s, min = 9223372036.855 s, total = 0.000 s
	ActorInfoGcsService.grpc_server.CreateActor - 8 total (0 active), Execution time: mean = 2.155 s, total = 17.242 s, Queueing time: mean = 0.000 s, max = -0.000 s, min = 9223372036.855 s, total = 0.000 s
	CoreWorkerService.grpc_client.WaitForActorOutOfScope - 8 total (5 active), Execution time: mean = 53.772 s, total = 430.176 s, Queueing time: mean = 0.000 s, max = -0.000 s, min = 9223372036.855 s, total = 0.000 s
	ActorInfoGcsService.grpc_server.RegisterActor.HandleRequestImpl - 8 total (0 active), Execution time: mean = 422.763 us, total = 3.382 ms, Queueing time: mean = 18.442 us, max = 63.493 us, min = 6.510 us, total = 147.532 us
	NodeInfoGcsService.grpc_server.GetClusterId.HandleRequestImpl - 8 total (0 active), Execution time: mean = 17.595 us, total = 140.763 us, Queueing time: mean = 30.729 us, max = 63.842 us, min = 7.149 us, total = 245.835 us
	GcsResourceManager::Update - 7 total (0 active), Execution time: mean = 57.679 us, total = 403.753 us, Queueing time: mean = 25.862 us, max = 67.210 us, min = 12.763 us, total = 181.034 us
	GcsInMemoryStore.GetAll - 7 total (0 active), Execution time: mean = 16.422 us, total = 114.952 us, Queueing time: mean = 46.979 us, max = 74.684 us, min = 2.863 us, total = 328.851 us
	WorkerInfoGcsService.grpc_server.ReportWorkerFailure - 7 total (0 active), Execution time: mean = 819.070 us, total = 5.733 ms, Queueing time: mean = 0.000 s, max = -0.000 s, min = 9223372036.855 s, total = 0.000 s
	WorkerInfoGcsService.grpc_server.ReportWorkerFailure.HandleRequestImpl - 7 total (0 active), Execution time: mean = 57.449 us, total = 402.146 us, Queueing time: mean = 197.574 us, max = 1.236 ms, min = 9.952 us, total = 1.383 ms
	PeriodicalRunner.RunFnPeriodically - 4 total (0 active), Execution time: mean = 80.855 us, total = 323.421 us, Queueing time: mean = 112.333 ms, max = 224.623 ms, min = 21.265 us, total = 449.333 ms
	CoreWorkerService.grpc_client.KillActor.OnReplyReceived - 3 total (0 active), Execution time: mean = 170.375 us, total = 511.126 us, Queueing time: mean = 56.062 us, max = 84.251 us, min = 22.454 us, total = 168.185 us
	CoreWorkerService.grpc_client.KillActor - 3 total (0 active), Execution time: mean = 103.747 ms, total = 311.241 ms, Queueing time: mean = 0.000 s, max = -0.000 s, min = 9223372036.855 s, total = 0.000 s
	GCSServer.deadline_timer.debug_state_event_stats_print - 3 total (1 active, 1 running), Execution time: mean = 553.642 us, total = 1.661 ms, Queueing time: mean = 21.137 us, max = 42.605 us, min = 20.805 us, total = 63.410 us
	CoreWorkerService.grpc_client.WaitForActorOutOfScope.OnReplyReceived - 3 total (0 active), Execution time: mean = 1.040 ms, total = 3.119 ms, Queueing time: mean = 42.606 us, max = 72.962 us, min = 24.206 us, total = 127.818 us
	GcsInMemoryStore.BatchDelete - 3 total (0 active), Execution time: mean = 3.876 us, total = 11.627 us, Queueing time: mean = 10.742 us, max = 12.017 us, min = 8.896 us, total = 32.226 us
	NodeInfoGcsService.grpc_server.RegisterNode.HandleRequestImpl - 1 total (0 active), Execution time: mean = 136.119 us, total = 136.119 us, Queueing time: mean = 21.611 us, max = 21.611 us, min = 21.611 us, total = 21.611 us
	InternalKVGcsService.grpc_server.InternalKVDel.HandleRequestImpl - 1 total (0 active), Execution time: mean = 67.861 us, total = 67.861 us, Queueing time: mean = 81.601 us, max = 81.601 us, min = 81.601 us, total = 81.601 us
	GcsInMemoryStore.Delete - 1 total (0 active), Execution time: mean = 20.007 us, total = 20.007 us, Queueing time: mean = 10.453 us, max = 10.453 us, min = 10.453 us, total = 10.453 us
	InternalKVGcsService.grpc_server.InternalKVDel - 1 total (0 active), Execution time: mean = 415.409 us, total = 415.409 us, Queueing time: mean = 0.000 s, max = -0.000 s, min = 9223372036.855 s, total = 0.000 s
	JobInfoGcsService.grpc_server.AddJob.HandleRequestImpl - 1 total (0 active), Execution time: mean = 118.746 us, total = 118.746 us, Queueing time: mean = 9.984 us, max = 9.984 us, min = 9.984 us, total = 9.984 us
	JobInfoGcsService.grpc_server.GetAllJobInfo.HandleRequestImpl - 1 total (0 active), Execution time: mean = 12.802 us, total = 12.802 us, Queueing time: mean = 7.962 us, max = 7.962 us, min = 7.962 us, total = 7.962 us
	GcsHealthCheckManager::AddNode - 1 total (0 active), Execution time: mean = 11.238 us, total = 11.238 us, Queueing time: mean = 468.000 ns, max = 468.000 ns, min = 468.000 ns, total = 468.000 ns
	JobInfoGcsService.grpc_server.GetAllJobInfo - 1 total (0 active), Execution time: mean = 170.040 us, total = 170.040 us, Queueing time: mean = 0.000 s, max = -0.000 s, min = 9223372036.855 s, total = 0.000 s
	JobInfoGcsService.grpc_server.GetNextJobID - 1 total (0 active), Execution time: mean = 245.260 us, total = 245.260 us, Queueing time: mean = 0.000 s, max = -0.000 s, min = 9223372036.855 s, total = 0.000 s
	NodeInfoGcsService.grpc_server.GetInternalConfig.HandleRequestImpl - 1 total (0 active), Execution time: mean = 16.385 us, total = 16.385 us, Queueing time: mean = 15.814 us, max = 15.814 us, min = 15.814 us, total = 15.814 us
	JobInfoGcsService.grpc_server.AddJob - 1 total (0 active), Execution time: mean = 417.517 us, total = 417.517 us, Queueing time: mean = 0.000 s, max = -0.000 s, min = 9223372036.855 s, total = 0.000 s
	JobInfoGcsService.grpc_server.GetNextJobID.HandleRequestImpl - 1 total (0 active), Execution time: mean = 15.064 us, total = 15.064 us, Queueing time: mean = 21.406 us, max = 21.406 us, min = 21.406 us, total = 21.406 us
	NodeInfoGcsService.grpc_server.RegisterNode - 1 total (0 active), Execution time: mean = 595.291 us, total = 595.291 us, Queueing time: mean = 0.000 s, max = -0.000 s, min = 9223372036.855 s, total = 0.000 s
	NodeInfoGcsService.grpc_server.GetInternalConfig - 1 total (0 active), Execution time: mean = 284.232 us, total = 284.232 us, Queueing time: mean = 0.000 s, max = -0.000 s, min = 9223372036.855 s, total = 0.000 s


[2024-03-15 16:45:53,854 I 3626174 3626174] (gcs_server) gcs_server.cc:847: GcsTaskManager Event stats:


Global stats: 3070 total (1 active)
Queueing time: mean = 16.582 us, max = 364.060 us, min = -0.000 s, total = 50.908 ms
Execution time:  mean = 142.873 us, total = 438.621 ms
Event stats:
	TaskInfoGcsService.grpc_server.AddTaskEventData - 1516 total (0 active), Execution time: mean = 243.492 us, total = 369.135 ms, Queueing time: mean = 0.000 s, max = -0.000 s, min = 9223372036.855 s, total = 0.000 s
	TaskInfoGcsService.grpc_server.AddTaskEventData.HandleRequestImpl - 1516 total (0 active), Execution time: mean = 45.542 us, total = 69.042 ms, Queueing time: mean = 32.406 us, max = 364.060 us, min = 6.463 us, total = 49.127 ms
	GcsTaskManager.GcJobSummary - 37 total (1 active), Execution time: mean = 8.901 us, total = 329.327 us, Queueing time: mean = 40.169 us, max = 128.561 us, min = -0.000 s, total = 1.486 ms
	PeriodicalRunner.RunFnPeriodically - 1 total (0 active), Execution time: mean = 115.248 us, total = 115.248 us, Queueing time: mean = 294.089 us, max = 294.089 us, min = 294.089 us, total = 294.089 us


[2024-03-15 16:46:17,735 I 3626174 3626174] (gcs_server) gcs_actor_manager.cc:816: Destroying actor, actor id = 56790aa5d4713c604cb692b501000000, job id = 01000000
[2024-03-15 16:46:17,736 I 3626174 3626174] (gcs_server) gcs_actor_manager.cc:816: Destroying actor, actor id = de263c9061430aa29daddb1f01000000, job id = 01000000
[2024-03-15 16:46:17,736 I 3626174 3626174] (gcs_server) gcs_actor_manager.cc:816: Destroying actor, actor id = 6d099cea85119a01f950358401000000, job id = 01000000
[2024-03-15 16:46:17,736 I 3626174 3626174] (gcs_server) gcs_actor_manager.cc:816: Destroying actor, actor id = ec80d2012442a1c38c6093c101000000, job id = 01000000
[2024-03-15 16:46:17,737 I 3626174 3626174] (gcs_server) gcs_actor_manager.cc:816: Destroying actor, actor id = 7d1a56f1b443dc79667a2d8201000000, job id = 01000000
[2024-03-15 16:46:17,737 I 3626174 3626174] (gcs_server) gcs_job_manager.cc:87: Finished marking job state, job id = 01000000
[2024-03-15 16:46:17,754 I 3626174 3626174] (gcs_server) gcs_actor_manager.cc:794: Worker 01000000ffffffffffffffffffffffffffffffffffffffffffffffff failed, destroying actor child, job id = 01000000
[2024-03-15 16:46:17,754 I 3626174 3626174] (gcs_server) gcs_actor_manager.cc:794: Worker 01000000ffffffffffffffffffffffffffffffffffffffffffffffff failed, destroying actor child, job id = 01000000
[2024-03-15 16:46:17,754 I 3626174 3626174] (gcs_server) gcs_actor_manager.cc:794: Worker 01000000ffffffffffffffffffffffffffffffffffffffffffffffff failed, destroying actor child, job id = 01000000
[2024-03-15 16:46:17,754 I 3626174 3626174] (gcs_server) gcs_actor_manager.cc:794: Worker 01000000ffffffffffffffffffffffffffffffffffffffffffffffff failed, destroying actor child, job id = 01000000
[2024-03-15 16:46:17,754 I 3626174 3626174] (gcs_server) gcs_actor_manager.cc:794: Worker 01000000ffffffffffffffffffffffffffffffffffffffffffffffff failed, destroying actor child, job id = 01000000
[2024-03-15 16:46:17,771 W 3626174 3626174] (gcs_server) gcs_worker_manager.cc:55: Reporting worker exit, worker id = 180ecec64dbbde5430910a720103cd55ed5ad2773a58c886490f0b79, node id = e79704cec3312fda0024fe73236e139233718adb7ae7d9298e767f3f, address = 172.18.36.110, exit_type = SYSTEM_ERROR, exit_detail = Worker exits unexpectedly by a signal. SystemExit is raised (sys.exit is called). Exit code: 1. The process receives a SIGTERM.. Unintentional worker failures have been reported. If there are lots of this logs, that might indicate there are unexpected failures in the cluster.
[2024-03-15 16:46:17,771 W 3626174 3626174] (gcs_server) gcs_actor_manager.cc:970: Worker 180ecec64dbbde5430910a720103cd55ed5ad2773a58c886490f0b79 on node e79704cec3312fda0024fe73236e139233718adb7ae7d9298e767f3f exits, type=SYSTEM_ERROR, has creation_task_exception = 0
[2024-03-15 16:46:17,902 I 3626174 3626174] (gcs_server) gcs_node_manager.cc:128: Draining node info, node id = e79704cec3312fda0024fe73236e139233718adb7ae7d9298e767f3f
[2024-03-15 16:46:17,902 I 3626174 3626174] (gcs_server) gcs_node_manager.cc:252: Removing node, node id = e79704cec3312fda0024fe73236e139233718adb7ae7d9298e767f3f, node name = 172.18.36.110
[2024-03-15 16:46:17,902 I 3626174 3626174] (gcs_server) gcs_placement_group_manager.cc:763: Node e79704cec3312fda0024fe73236e139233718adb7ae7d9298e767f3f failed, rescheduling the placement groups on the dead node.
[2024-03-15 16:46:17,902 I 3626174 3626174] (gcs_server) gcs_actor_manager.cc:1048: Node e79704cec3312fda0024fe73236e139233718adb7ae7d9298e767f3f failed, reconstructing actors.
[2024-03-15 16:46:17,902 I 3626174 3626174] (gcs_server) gcs_job_manager.cc:303: Node e79704cec3312fda0024fe73236e139233718adb7ae7d9298e767f3f failed, mark all jobs from this node as finished
[2024-03-15 16:46:18,000 I 3626174 3626174] (gcs_server) gcs_node_manager.cc:170: Raylet e79704cec3312fda0024fe73236e139233718adb7ae7d9298e767f3f is drained. Status GrpcUnavailable: RPC Error message: Cancelling all calls; RPC Error details: . The information will be published to the cluster.
[2024-03-15 16:46:18,012 I 3626174 3626217] (gcs_server) ray_syncer-inl.h:318: Failed to read the message from: e79704cec3312fda0024fe73236e139233718adb7ae7d9298e767f3f
[2024-03-15 16:46:18,015 I 3626174 3626174] (gcs_server) gcs_server_main.cc:111: GCS server received SIGTERM, shutting down...
[2024-03-15 16:46:18,017 I 3626174 3626174] (gcs_server) gcs_server.cc:274: Stopping GCS server.
[2024-03-15 16:46:18,053 I 3626174 3626174] (gcs_server) gcs_server.cc:294: GCS server stopped.
[2024-03-15 16:46:18,053 I 3626174 3626174] (gcs_server) io_service_pool.cc:47: IOServicePool is stopped.
[2024-03-15 16:46:18,114 I 3626174 3626174] (gcs_server) stats.h:136: Stats module has shutdown.
