[2024-03-15 16:42:55,800 I 3626763 3626763] (raylet) main.cc:174: Setting cluster ID to: 66a7f716ac882e94dae619f880db3c874a3f95a69a0edd21075f8314
[2024-03-15 16:42:55,803 I 3626763 3626763] (raylet) io_service_pool.cc:35: IOServicePool is running with 1 io_service.
[2024-03-15 16:42:55,804 I 3626763 3626763] (raylet) store_runner.cc:32: Allowing the Plasma store to use up to 74.0735GB of memory.
[2024-03-15 16:42:55,804 I 3626763 3626763] (raylet) store_runner.cc:48: Starting object store with directory /dev/shm, fallback /hhd2/home/lzl_dir/recon/AutoRecon/tmp/ray, and huge page support disabled
[2024-03-15 16:42:55,804 I 3626763 3626793] (raylet) dlmalloc.cc:154: create_and_mmap_buffer(74073505800, /dev/shm/plasmaXXXXXX)
[2024-03-15 16:42:55,805 I 3626763 3626793] (raylet) store.cc:561: ========== Plasma store: =================
Current usage: 0 / 74.0735 GB
- num bytes created total: 0
0 pending objects of total size 0MB
- objects spillable: 0
- bytes spillable: 0
- objects unsealed: 0
- bytes unsealed: 0
- objects in use: 0
- bytes in use: 0
- objects evictable: 0
- bytes evictable: 0

- objects created by worker: 0
- bytes created by worker: 0
- objects restored: 0
- bytes restored: 0
- objects received: 0
- bytes received: 0
- objects errored: 0
- bytes errored: 0

[2024-03-15 16:42:56,807 I 3626763 3626763] (raylet) grpc_server.cc:129: ObjectManager server started, listening on port 32773.
[2024-03-15 16:42:56,811 I 3626763 3626763] (raylet) worker_killing_policy.cc:101: Running GroupByOwner policy.
[2024-03-15 16:42:56,812 I 3626763 3626763] (raylet) memory_monitor.cc:47: MemoryMonitor initialized with usage threshold at 513649541120 bytes (0.95 system memory), total system memory bytes: 540683730944
[2024-03-15 16:42:56,812 I 3626763 3626763] (raylet) node_manager.cc:319: Initializing NodeManager with ID e79704cec3312fda0024fe73236e139233718adb7ae7d9298e767f3f
[2024-03-15 16:42:56,812 I 3626763 3626763] (raylet) grpc_server.cc:129: NodeManager server started, listening on port 42723.
[2024-03-15 16:42:56,827 I 3626763 3627205] (raylet) agent_manager.cc:78: Monitor agent process with name dashboard_agent/424238335
[2024-03-15 16:42:56,827 I 3626763 3627207] (raylet) agent_manager.cc:78: Monitor agent process with name runtime_env_agent
[2024-03-15 16:42:56,828 I 3626763 3626763] (raylet) event.cc:234: Set ray event level to warning
[2024-03-15 16:42:56,828 I 3626763 3626763] (raylet) event.cc:342: Ray Event initialized for RAYLET
[2024-03-15 16:42:56,829 I 3626763 3626763] (raylet) raylet.cc:129: Raylet of id, e79704cec3312fda0024fe73236e139233718adb7ae7d9298e767f3f started. Raylet consists of node_manager and object_manager. node_manager address: 172.18.36.110:42723 object_manager address: 172.18.36.110:32773 hostname: amaxgpu
[2024-03-15 16:42:56,831 I 3626763 3626763] (raylet) node_manager.cc:537: [state-dump] NodeManager:
[state-dump] Node ID: e79704cec3312fda0024fe73236e139233718adb7ae7d9298e767f3f
[state-dump] Node name: 172.18.36.110
[state-dump] InitialConfigResources: {node:__internal_head__: 10000, object_store_memory: 740734574590000, GPU: 10000, node:172.18.36.110: 10000, memory: 1628380674050000, accelerator_type:RTX: 10000, CPU: 40000}
[state-dump] ClusterTaskManager:
[state-dump] ========== Node: e79704cec3312fda0024fe73236e139233718adb7ae7d9298e767f3f =================
[state-dump] Infeasible queue length: 0
[state-dump] Schedule queue length: 0
[state-dump] Dispatch queue length: 0
[state-dump] num_waiting_for_resource: 0
[state-dump] num_waiting_for_plasma_memory: 0
[state-dump] num_waiting_for_remote_node_resources: 0
[state-dump] num_worker_not_started_by_job_config_not_exist: 0
[state-dump] num_worker_not_started_by_registration_timeout: 0
[state-dump] num_tasks_waiting_for_workers: 0
[state-dump] num_cancelled_tasks: 0
[state-dump] cluster_resource_scheduler state: 
[state-dump] Local id: 2483226659992286942 Local resources: {"total":{node:__internal_head__: [10000], GPU: [10000], object_store_memory: [740734574590000], memory: [1628380674050000], node:172.18.36.110: [10000], accelerator_type:RTX: [10000], CPU: [40000]}}, "available": {CPU: [40000], node:__internal_head__: [10000], object_store_memory: [740734574590000], node:172.18.36.110: [10000], accelerator_type:RTX: [10000], memory: [1628380674050000], GPU: [10000]}}, "labels":{"ray.io/node_id":"e79704cec3312fda0024fe73236e139233718adb7ae7d9298e767f3f",} is_draining: 0 is_idle: 1 Cluster resources: node id: 2483226659992286942{"total":{node:172.18.36.110: 10000, memory: 1628380674050000, object_store_memory: 740734574590000, node:__internal_head__: 10000, GPU: 10000, CPU: 40000, accelerator_type:RTX: 10000}}, "available": {node:172.18.36.110: 10000, memory: 1628380674050000, object_store_memory: 740734574590000, node:__internal_head__: 10000, GPU: 10000, CPU: 40000, accelerator_type:RTX: 10000}}, "labels":{"ray.io/node_id":"e79704cec3312fda0024fe73236e139233718adb7ae7d9298e767f3f",}, "is_draining": 0} { "placment group locations": [], "node to bundles": []}
[state-dump] Waiting tasks size: 0
[state-dump] Number of executing tasks: 0
[state-dump] Number of pinned task arguments: 0
[state-dump] Number of total spilled tasks: 0
[state-dump] Number of spilled waiting tasks: 0
[state-dump] Number of spilled unschedulable tasks: 0
[state-dump] Resource usage {
[state-dump] }
[state-dump] Running tasks by scheduling class:
[state-dump] ==================================================
[state-dump] 
[state-dump] ClusterResources:
[state-dump] LocalObjectManager:
[state-dump] - num pinned objects: 0
[state-dump] - pinned objects size: 0
[state-dump] - num objects pending restore: 0
[state-dump] - num objects pending spill: 0
[state-dump] - num bytes pending spill: 0
[state-dump] - num bytes currently spilled: 0
[state-dump] - cumulative spill requests: 0
[state-dump] - cumulative restore requests: 0
[state-dump] - spilled objects pending delete: 0
[state-dump] 
[state-dump] ObjectManager:
[state-dump] - num local objects: 0
[state-dump] - num unfulfilled push requests: 0
[state-dump] - num object pull requests: 0
[state-dump] - num chunks received total: 0
[state-dump] - num chunks received failed (all): 0
[state-dump] - num chunks received failed / cancelled: 0
[state-dump] - num chunks received failed / plasma error: 0
[state-dump] Event stats:
[state-dump] Global stats: 0 total (0 active)
[state-dump] Queueing time: mean = -nan s, max = -0.000 s, min = 9223372036.855 s, total = 0.000 s
[state-dump] Execution time:  mean = -nan s, total = 0.000 s
[state-dump] Event stats:
[state-dump] PushManager:
[state-dump] - num pushes in flight: 0
[state-dump] - num chunks in flight: 0
[state-dump] - num chunks remaining: 0
[state-dump] - max chunks allowed: 409
[state-dump] OwnershipBasedObjectDirectory:
[state-dump] - num listeners: 0
[state-dump] - cumulative location updates: 0
[state-dump] - num location updates per second: 0.000
[state-dump] - num location lookups per second: 0.000
[state-dump] - num locations added per second: 0.000
[state-dump] - num locations removed per second: 0.000
[state-dump] BufferPool:
[state-dump] - create buffer state map size: 0
[state-dump] PullManager:
[state-dump] - num bytes available for pulled objects: 74073457459
[state-dump] - num bytes being pulled (all): 0
[state-dump] - num bytes being pulled / pinned: 0
[state-dump] - get request bundles: BundlePullRequestQueue{0 total, 0 active, 0 inactive, 0 unpullable}
[state-dump] - wait request bundles: BundlePullRequestQueue{0 total, 0 active, 0 inactive, 0 unpullable}
[state-dump] - task request bundles: BundlePullRequestQueue{0 total, 0 active, 0 inactive, 0 unpullable}
[state-dump] - first get request bundle: N/A
[state-dump] - first wait request bundle: N/A
[state-dump] - first task request bundle: N/A
[state-dump] - num objects queued: 0
[state-dump] - num objects actively pulled (all): 0
[state-dump] - num objects actively pulled / pinned: 0
[state-dump] - num bundles being pulled: 0
[state-dump] - num pull retries: 0
[state-dump] - max timeout seconds: 0
[state-dump] - max timeout request is already processed. No entry.
[state-dump] 
[state-dump] WorkerPool:
[state-dump] - registered jobs: 0
[state-dump] - process_failed_job_config_missing: 0
[state-dump] - process_failed_rate_limited: 0
[state-dump] - process_failed_pending_registration: 0
[state-dump] - process_failed_runtime_env_setup_failed: 0
[state-dump] - num PYTHON workers: 0
[state-dump] - num PYTHON drivers: 0
[state-dump] - num object spill callbacks queued: 0
[state-dump] - num object restore queued: 0
[state-dump] - num util functions queued: 0
[state-dump] - num JAVA workers: 0
[state-dump] - num JAVA drivers: 0
[state-dump] - num object spill callbacks queued: 0
[state-dump] - num object restore queued: 0
[state-dump] - num util functions queued: 0
[state-dump] - num idle workers: 0
[state-dump] TaskDependencyManager:
[state-dump] - task deps map size: 0
[state-dump] - get req map size: 0
[state-dump] - wait req map size: 0
[state-dump] - local objects map size: 0
[state-dump] WaitManager:
[state-dump] - num active wait requests: 0
[state-dump] Subscriber:
[state-dump] Channel WORKER_OBJECT_EVICTION
[state-dump] - cumulative subscribe requests: 0
[state-dump] - cumulative unsubscribe requests: 0
[state-dump] - active subscribed publishers: 0
[state-dump] - cumulative published messages: 0
[state-dump] - cumulative processed messages: 0
[state-dump] Channel WORKER_OBJECT_LOCATIONS_CHANNEL
[state-dump] - cumulative subscribe requests: 0
[state-dump] - cumulative unsubscribe requests: 0
[state-dump] - active subscribed publishers: 0
[state-dump] - cumulative published messages: 0
[state-dump] - cumulative processed messages: 0
[state-dump] Channel WORKER_REF_REMOVED_CHANNEL
[state-dump] - cumulative subscribe requests: 0
[state-dump] - cumulative unsubscribe requests: 0
[state-dump] - active subscribed publishers: 0
[state-dump] - cumulative published messages: 0
[state-dump] - cumulative processed messages: 0
[state-dump] num async plasma notifications: 0
[state-dump] Remote node managers: 
[state-dump] Event stats:
[state-dump] Global stats: 28 total (13 active)
[state-dump] Queueing time: mean = 2.006 ms, max = 16.508 ms, min = 10.533 us, total = 56.168 ms
[state-dump] Execution time:  mean = 36.774 ms, total = 1.030 s
[state-dump] Event stats:
[state-dump] 	PeriodicalRunner.RunFnPeriodically - 11 total (2 active, 1 running), Execution time: mean = 173.831 us, total = 1.912 ms, Queueing time: mean = 5.103 ms, max = 16.508 ms, min = 28.921 us, total = 56.136 ms
[state-dump] 	NodeManager.deadline_timer.debug_state_dump - 1 total (1 active), Execution time: mean = 0.000 s, total = 0.000 s, Queueing time: mean = 0.000 s, max = -0.000 s, min = 9223372036.855 s, total = 0.000 s
[state-dump] 	NodeManager.deadline_timer.record_metrics - 1 total (1 active), Execution time: mean = 0.000 s, total = 0.000 s, Queueing time: mean = 0.000 s, max = -0.000 s, min = 9223372036.855 s, total = 0.000 s
[state-dump] 	ClusterResourceManager.ResetRemoteNodeView - 1 total (1 active), Execution time: mean = 0.000 s, total = 0.000 s, Queueing time: mean = 0.000 s, max = -0.000 s, min = 9223372036.855 s, total = 0.000 s
[state-dump] 	NodeInfoGcsService.grpc_client.RegisterNode.OnReplyReceived - 1 total (0 active), Execution time: mean = 188.122 us, total = 188.122 us, Queueing time: mean = 11.207 us, max = 11.207 us, min = 11.207 us, total = 11.207 us
[state-dump] 	NodeManager.GCTaskFailureReason - 1 total (1 active), Execution time: mean = 0.000 s, total = 0.000 s, Queueing time: mean = 0.000 s, max = -0.000 s, min = 9223372036.855 s, total = 0.000 s
[state-dump] 	InternalPubSubGcsService.grpc_client.GcsSubscriberPoll - 1 total (1 active), Execution time: mean = 0.000 s, total = 0.000 s, Queueing time: mean = 0.000 s, max = -0.000 s, min = 9223372036.855 s, total = 0.000 s
[state-dump] 	NodeManager.ScheduleAndDispatchTasks - 1 total (1 active), Execution time: mean = 0.000 s, total = 0.000 s, Queueing time: mean = 0.000 s, max = -0.000 s, min = 9223372036.855 s, total = 0.000 s
[state-dump] 	NodeManager.deadline_timer.spill_objects_when_over_threshold - 1 total (1 active), Execution time: mean = 0.000 s, total = 0.000 s, Queueing time: mean = 0.000 s, max = -0.000 s, min = 9223372036.855 s, total = 0.000 s
[state-dump] 	RayletWorkerPool.deadline_timer.kill_idle_workers - 1 total (1 active), Execution time: mean = 0.000 s, total = 0.000 s, Queueing time: mean = 0.000 s, max = -0.000 s, min = 9223372036.855 s, total = 0.000 s
[state-dump] 	InternalPubSubGcsService.grpc_client.GcsSubscriberCommandBatch.OnReplyReceived - 1 total (1 active), Execution time: mean = 0.000 s, total = 0.000 s, Queueing time: mean = 0.000 s, max = -0.000 s, min = 9223372036.855 s, total = 0.000 s
[state-dump] 	ObjectManager.UpdateAvailableMemory - 1 total (0 active), Execution time: mean = 1.602 us, total = 1.602 us, Queueing time: mean = 10.985 us, max = 10.985 us, min = 10.985 us, total = 10.985 us
[state-dump] 	NodeInfoGcsService.grpc_client.GetInternalConfig.OnReplyReceived - 1 total (0 active), Execution time: mean = 1.025 s, total = 1.025 s, Queueing time: mean = 10.533 us, max = 10.533 us, min = 10.533 us, total = 10.533 us
[state-dump] 	MemoryMonitor.CheckIsMemoryUsageAboveThreshold - 1 total (1 active), Execution time: mean = 0.000 s, total = 0.000 s, Queueing time: mean = 0.000 s, max = -0.000 s, min = 9223372036.855 s, total = 0.000 s
[state-dump] 	InternalPubSubGcsService.grpc_client.GcsSubscriberCommandBatch - 1 total (0 active), Execution time: mean = 513.190 us, total = 513.190 us, Queueing time: mean = 0.000 s, max = -0.000 s, min = 9223372036.855 s, total = 0.000 s
[state-dump] 	NodeInfoGcsService.grpc_client.GetInternalConfig - 1 total (0 active), Execution time: mean = 757.235 us, total = 757.235 us, Queueing time: mean = 0.000 s, max = -0.000 s, min = 9223372036.855 s, total = 0.000 s
[state-dump] 	NodeManager.deadline_timer.flush_free_objects - 1 total (1 active), Execution time: mean = 0.000 s, total = 0.000 s, Queueing time: mean = 0.000 s, max = -0.000 s, min = 9223372036.855 s, total = 0.000 s
[state-dump] 	NodeInfoGcsService.grpc_client.RegisterNode - 1 total (0 active), Execution time: mean = 1.292 ms, total = 1.292 ms, Queueing time: mean = 0.000 s, max = -0.000 s, min = 9223372036.855 s, total = 0.000 s
[state-dump] DebugString() time ms: 0
[state-dump] 
[state-dump] 
[2024-03-15 16:42:56,832 I 3626763 3626763] (raylet) accessor.cc:627: Received notification for node id = e79704cec3312fda0024fe73236e139233718adb7ae7d9298e767f3f, IsAlive = 1
[2024-03-15 16:42:56,925 I 3626763 3626763] (raylet) worker_pool.cc:498: Started worker process with pid 3627242, the token is 0
[2024-03-15 16:42:56,928 I 3626763 3626763] (raylet) worker_pool.cc:498: Started worker process with pid 3627243, the token is 1
[2024-03-15 16:42:56,931 I 3626763 3626763] (raylet) worker_pool.cc:498: Started worker process with pid 3627244, the token is 2
[2024-03-15 16:42:56,935 I 3626763 3626763] (raylet) worker_pool.cc:498: Started worker process with pid 3627245, the token is 3
[2024-03-15 16:42:57,315 I 3626763 3626793] (raylet) object_store.cc:35: Object store current usage 8e-09 / 74.0735 GB.
[2024-03-15 16:42:57,352 I 3626763 3626763] (raylet) node_manager.cc:622: New job has started. Job id 01000000 Driver pid 3622197 is dead: 0 driver address: 172.18.36.110
[2024-03-15 16:42:57,352 I 3626763 3626763] (raylet) worker_pool.cc:681: Job 01000000 already started in worker pool.
[2024-03-15 16:42:57,392 I 3626763 3626763] (raylet) worker_pool.cc:498: Started worker process with pid 3627514, the token is 4
[2024-03-15 16:42:57,402 I 3626763 3626763] (raylet) worker_pool.cc:498: Started worker process with pid 3627515, the token is 5
[2024-03-15 16:42:57,415 I 3626763 3626763] (raylet) worker_pool.cc:498: Started worker process with pid 3627516, the token is 6
[2024-03-15 16:42:57,428 I 3626763 3626763] (raylet) worker_pool.cc:498: Started worker process with pid 3627517, the token is 7
[2024-03-15 16:42:57,836 I 3626763 3626763] (raylet) worker_pool.cc:498: Started worker process with pid 3627638, the token is 8
[2024-03-15 16:42:58,463 I 3626763 3626763] (raylet) node_manager.cc:1444: NodeManager::DisconnectClient, disconnect_type=1, has creation task exception = false
[2024-03-15 16:42:58,463 I 3626763 3626763] (raylet) node_manager.cc:1444: NodeManager::DisconnectClient, disconnect_type=1, has creation task exception = false
[2024-03-15 16:43:05,293 I 3626763 3626763] (raylet) worker_pool.cc:498: Started worker process with pid 3628303, the token is 9
[2024-03-15 16:43:05,300 I 3626763 3626763] (raylet) worker_pool.cc:498: Started worker process with pid 3628304, the token is 10
[2024-03-15 16:43:05,308 I 3626763 3626763] (raylet) worker_pool.cc:498: Started worker process with pid 3628305, the token is 11
[2024-03-15 16:43:05,465 I 3626763 3626763] (raylet) node_manager.cc:1444: NodeManager::DisconnectClient, disconnect_type=1, has creation task exception = false
[2024-03-15 16:43:05,465 I 3626763 3626763] (raylet) node_manager.cc:1444: NodeManager::DisconnectClient, disconnect_type=1, has creation task exception = false
[2024-03-15 16:43:05,814 W 3626763 3626787] (raylet) metric_exporter.cc:207: [1] Export metrics to agent failed: GrpcUnavailable: RPC Error message: failed to connect to all addresses; last error: UNKNOWN: ipv4:127.0.0.1:46397: Failed to connect to remote host: Connection refused; RPC Error details: . This won't affect Ray, but you can lose metrics from the cluster.
[2024-03-15 16:43:55,805 I 3626763 3626793] (raylet) store.cc:561: ========== Plasma store: =================
Current usage: 0 / 74.0735 GB
- num bytes created total: 104
0 pending objects of total size 0MB
- objects spillable: 0
- bytes spillable: 0
- objects unsealed: 0
- bytes unsealed: 0
- objects in use: 0
- bytes in use: 0
- objects evictable: 0
- bytes evictable: 0

- objects created by worker: 0
- bytes created by worker: 0
- objects restored: 0
- bytes restored: 0
- objects received: 0
- bytes received: 0
- objects errored: 0
- bytes errored: 0

[2024-03-15 16:43:56,833 I 3626763 3626763] (raylet) node_manager.cc:537: [state-dump] NodeManager:
[state-dump] Node ID: e79704cec3312fda0024fe73236e139233718adb7ae7d9298e767f3f
[state-dump] Node name: 172.18.36.110
[state-dump] InitialConfigResources: {node:__internal_head__: 10000, object_store_memory: 740734574590000, GPU: 10000, node:172.18.36.110: 10000, memory: 1628380674050000, accelerator_type:RTX: 10000, CPU: 40000}
[state-dump] ClusterTaskManager:
[state-dump] ========== Node: e79704cec3312fda0024fe73236e139233718adb7ae7d9298e767f3f =================
[state-dump] Infeasible queue length: 0
[state-dump] Schedule queue length: 0
[state-dump] Dispatch queue length: 0
[state-dump] num_waiting_for_resource: 0
[state-dump] num_waiting_for_plasma_memory: 0
[state-dump] num_waiting_for_remote_node_resources: 0
[state-dump] num_worker_not_started_by_job_config_not_exist: 0
[state-dump] num_worker_not_started_by_registration_timeout: 0
[state-dump] num_tasks_waiting_for_workers: 0
[state-dump] num_cancelled_tasks: 0
[state-dump] cluster_resource_scheduler state: 
[state-dump] Local id: 2483226659992286942 Local resources: {"total":{node:__internal_head__: [10000], GPU: [10000], object_store_memory: [740734574590000], memory: [1628380674050000], node:172.18.36.110: [10000], accelerator_type:RTX: [10000], CPU: [40000]}}, "available": {CPU: [0], node:__internal_head__: [10000], object_store_memory: [740734574590000], node:172.18.36.110: [10000], accelerator_type:RTX: [10000], memory: [1628380674050000], GPU: [0]}}, "labels":{"ray.io/node_id":"e79704cec3312fda0024fe73236e139233718adb7ae7d9298e767f3f",} is_draining: 0 is_idle: 0 Cluster resources: node id: 2483226659992286942{"total":{GPU: 10000, node:__internal_head__: 10000, CPU: 40000, memory: 1628380674050000, node:172.18.36.110: 10000, accelerator_type:RTX: 10000, object_store_memory: 740734574590000}}, "available": {memory: 1628380674050000, node:172.18.36.110: 10000, accelerator_type:RTX: 10000, node:__internal_head__: 10000, object_store_memory: 740734574590000}}, "labels":{"ray.io/node_id":"e79704cec3312fda0024fe73236e139233718adb7ae7d9298e767f3f",}, "is_draining": 0} { "placment group locations": [], "node to bundles": []}
[state-dump] Waiting tasks size: 0
[state-dump] Number of executing tasks: 0
[state-dump] Number of pinned task arguments: 0
[state-dump] Number of total spilled tasks: 0
[state-dump] Number of spilled waiting tasks: 0
[state-dump] Number of spilled unschedulable tasks: 0
[state-dump] Resource usage {
[state-dump]     - (language=PYTHON actor_or_task=MatchExtrator.__init__ pid=3628305): {GPU: 10000, CPU: 10000}
[state-dump]     - (language=PYTHON actor_or_task=_QueueActor.__init__ pid=3628303): {}
[state-dump]     - (language=PYTHON actor_or_task=FeatureActor.__init__ pid=3627638): {CPU: 10000}
[state-dump]     - (language=PYTHON actor_or_task=SparseReconActor.__init__ pid=3627517): {CPU: 10000}
[state-dump]     - (language=PYTHON actor_or_task=MatchSaver.__init__ pid=3628304): {CPU: 10000}
[state-dump]     - (language=PYTHON actor_or_task=_QueueActor.__init__ pid=3627516): {}
[state-dump]     - (language=PYTHON actor_or_task=_QueueActor.__init__ pid=3627515): {}
[state-dump]     - (language=PYTHON actor_or_task=_QueueActor.__init__ pid=3627514): {}
[state-dump] }
[state-dump] Running tasks by scheduling class:
[state-dump] ==================================================
[state-dump] 
[state-dump] ClusterResources:
[state-dump] LocalObjectManager:
[state-dump] - num pinned objects: 0
[state-dump] - pinned objects size: 0
[state-dump] - num objects pending restore: 0
[state-dump] - num objects pending spill: 0
[state-dump] - num bytes pending spill: 0
[state-dump] - num bytes currently spilled: 0
[state-dump] - cumulative spill requests: 0
[state-dump] - cumulative restore requests: 0
[state-dump] - spilled objects pending delete: 0
[state-dump] 
[state-dump] ObjectManager:
[state-dump] - num local objects: 0
[state-dump] - num unfulfilled push requests: 0
[state-dump] - num object pull requests: 0
[state-dump] - num chunks received total: 0
[state-dump] - num chunks received failed (all): 0
[state-dump] - num chunks received failed / cancelled: 0
[state-dump] - num chunks received failed / plasma error: 0
[state-dump] Event stats:
[state-dump] Global stats: 0 total (0 active)
[state-dump] Queueing time: mean = -nan s, max = -0.000 s, min = 9223372036.855 s, total = 0.000 s
[state-dump] Execution time:  mean = -nan s, total = 0.000 s
[state-dump] Event stats:
[state-dump] PushManager:
[state-dump] - num pushes in flight: 0
[state-dump] - num chunks in flight: 0
[state-dump] - num chunks remaining: 0
[state-dump] - max chunks allowed: 409
[state-dump] OwnershipBasedObjectDirectory:
[state-dump] - num listeners: 0
[state-dump] - cumulative location updates: 0
[state-dump] - num location updates per second: 0.000
[state-dump] - num location lookups per second: 0.000
[state-dump] - num locations added per second: 0.000
[state-dump] - num locations removed per second: 0.000
[state-dump] BufferPool:
[state-dump] - create buffer state map size: 0
[state-dump] PullManager:
[state-dump] - num bytes available for pulled objects: 74073457459
[state-dump] - num bytes being pulled (all): 0
[state-dump] - num bytes being pulled / pinned: 0
[state-dump] - get request bundles: BundlePullRequestQueue{0 total, 0 active, 0 inactive, 0 unpullable}
[state-dump] - wait request bundles: BundlePullRequestQueue{0 total, 0 active, 0 inactive, 0 unpullable}
[state-dump] - task request bundles: BundlePullRequestQueue{0 total, 0 active, 0 inactive, 0 unpullable}
[state-dump] - first get request bundle: N/A
[state-dump] - first wait request bundle: N/A
[state-dump] - first task request bundle: N/A
[state-dump] - num objects queued: 0
[state-dump] - num objects actively pulled (all): 0
[state-dump] - num objects actively pulled / pinned: 0
[state-dump] - num bundles being pulled: 0
[state-dump] - num pull retries: 0
[state-dump] - max timeout seconds: 0
[state-dump] - max timeout request is already processed. No entry.
[state-dump] 
[state-dump] WorkerPool:
[state-dump] - registered jobs: 1
[state-dump] - process_failed_job_config_missing: 0
[state-dump] - process_failed_rate_limited: 1
[state-dump] - process_failed_pending_registration: 0
[state-dump] - process_failed_runtime_env_setup_failed: 0
[state-dump] - num PYTHON workers: 8
[state-dump] - num PYTHON drivers: 1
[state-dump] - num object spill callbacks queued: 0
[state-dump] - num object restore queued: 0
[state-dump] - num util functions queued: 0
[state-dump] - num JAVA workers: 0
[state-dump] - num JAVA drivers: 0
[state-dump] - num object spill callbacks queued: 0
[state-dump] - num object restore queued: 0
[state-dump] - num util functions queued: 0
[state-dump] - num idle workers: 0
[state-dump] TaskDependencyManager:
[state-dump] - task deps map size: 0
[state-dump] - get req map size: 0
[state-dump] - wait req map size: 0
[state-dump] - local objects map size: 0
[state-dump] WaitManager:
[state-dump] - num active wait requests: 0
[state-dump] Subscriber:
[state-dump] Channel WORKER_OBJECT_EVICTION
[state-dump] - cumulative subscribe requests: 0
[state-dump] - cumulative unsubscribe requests: 0
[state-dump] - active subscribed publishers: 0
[state-dump] - cumulative published messages: 0
[state-dump] - cumulative processed messages: 0
[state-dump] Channel WORKER_OBJECT_LOCATIONS_CHANNEL
[state-dump] - cumulative subscribe requests: 0
[state-dump] - cumulative unsubscribe requests: 0
[state-dump] - active subscribed publishers: 0
[state-dump] - cumulative published messages: 0
[state-dump] - cumulative processed messages: 0
[state-dump] Channel WORKER_REF_REMOVED_CHANNEL
[state-dump] - cumulative subscribe requests: 0
[state-dump] - cumulative unsubscribe requests: 0
[state-dump] - active subscribed publishers: 0
[state-dump] - cumulative published messages: 0
[state-dump] - cumulative processed messages: 0
[state-dump] num async plasma notifications: 0
[state-dump] Remote node managers: 
[state-dump] Event stats:
[state-dump] Global stats: 5266 total (23 active)
[state-dump] Queueing time: mean = 38.392 ms, max = 8.091 s, min = 68.000 ns, total = 202.173 s
[state-dump] Execution time:  mean = 2.644 ms, total = 13.922 s
[state-dump] Event stats:
[state-dump] 	ClientConnection.async_read.ProcessMessageHeader - 670 total (9 active), Execution time: mean = 8.058 us, total = 5.399 ms, Queueing time: mean = 301.392 ms, max = 8.091 s, min = 22.451 us, total = 201.933 s
[state-dump] 	ClientConnection.async_read.ProcessMessage - 661 total (0 active), Execution time: mean = 47.072 us, total = 31.115 ms, Queueing time: mean = 10.169 us, max = 568.119 us, min = 2.037 us, total = 6.721 ms
[state-dump] 	ObjectManager.UpdateAvailableMemory - 600 total (0 active), Execution time: mean = 2.850 us, total = 1.710 ms, Queueing time: mean = 15.195 us, max = 533.711 us, min = 2.488 us, total = 9.117 ms
[state-dump] 	RaySyncer.OnDemandBroadcasting - 600 total (1 active), Execution time: mean = 10.760 us, total = 6.456 ms, Queueing time: mean = 62.782 us, max = 2.597 ms, min = 4.777 us, total = 37.669 ms
[state-dump] 	NodeManager.CheckGC - 600 total (1 active), Execution time: mean = 2.568 us, total = 1.541 ms, Queueing time: mean = 70.297 us, max = 2.624 ms, min = 3.870 us, total = 42.178 ms
[state-dump] 	NodeManagerService.grpc_server.ReportWorkerBacklog.HandleRequestImpl - 533 total (0 active), Execution time: mean = 31.749 us, total = 16.922 ms, Queueing time: mean = 36.131 us, max = 2.461 ms, min = 5.656 us, total = 19.258 ms
[state-dump] 	NodeManagerService.grpc_server.ReportWorkerBacklog - 533 total (0 active), Execution time: mean = 231.002 us, total = 123.124 ms, Queueing time: mean = 0.000 s, max = -0.000 s, min = 9223372036.855 s, total = 0.000 s
[state-dump] 	RayletWorkerPool.deadline_timer.kill_idle_workers - 300 total (1 active), Execution time: mean = 14.102 us, total = 4.231 ms, Queueing time: mean = 46.495 us, max = 693.634 us, min = 4.551 us, total = 13.948 ms
[state-dump] 	MemoryMonitor.CheckIsMemoryUsageAboveThreshold - 240 total (1 active), Execution time: mean = 333.379 us, total = 80.011 ms, Queueing time: mean = 47.852 us, max = 137.975 us, min = 3.959 us, total = 11.484 ms
[state-dump] 	NodeManagerService.grpc_server.GetResourceLoad - 60 total (0 active), Execution time: mean = 325.863 us, total = 19.552 ms, Queueing time: mean = 0.000 s, max = -0.000 s, min = 9223372036.855 s, total = 0.000 s
[state-dump] 	NodeManager.deadline_timer.spill_objects_when_over_threshold - 60 total (1 active), Execution time: mean = 2.370 us, total = 142.226 us, Queueing time: mean = 146.188 us, max = 5.824 ms, min = 6.758 us, total = 8.771 ms
[state-dump] 	NodeManager.deadline_timer.flush_free_objects - 60 total (1 active), Execution time: mean = 6.074 us, total = 364.443 us, Queueing time: mean = 143.435 us, max = 5.816 ms, min = 7.419 us, total = 8.606 ms
[state-dump] 	NodeManagerService.grpc_server.GetResourceLoad.HandleRequestImpl - 60 total (0 active), Execution time: mean = 101.977 us, total = 6.119 ms, Queueing time: mean = 29.807 us, max = 89.246 us, min = 8.502 us, total = 1.788 ms
[state-dump] 	NodeManager.ScheduleAndDispatchTasks - 60 total (1 active), Execution time: mean = 12.832 us, total = 769.910 us, Queueing time: mean = 45.071 us, max = 130.051 us, min = 5.043 us, total = 2.704 ms
[state-dump] 	ClusterResourceManager.ResetRemoteNodeView - 21 total (1 active), Execution time: mean = 7.098 us, total = 149.060 us, Queueing time: mean = 53.480 us, max = 137.652 us, min = 22.366 us, total = 1.123 ms
[state-dump] 	NodeManagerService.grpc_server.GetSystemConfig - 13 total (0 active), Execution time: mean = 404.148 us, total = 5.254 ms, Queueing time: mean = 0.000 s, max = -0.000 s, min = 9223372036.855 s, total = 0.000 s
[state-dump] 	ClientConnection.async_write.DoAsyncWrites - 13 total (0 active), Execution time: mean = 785.154 ns, total = 10.207 us, Queueing time: mean = 24.555 us, max = 44.511 us, min = 11.961 us, total = 319.211 us
[state-dump] 	NodeManagerService.grpc_server.GetSystemConfig.HandleRequestImpl - 13 total (0 active), Execution time: mean = 34.824 us, total = 452.711 us, Queueing time: mean = 25.347 us, max = 71.049 us, min = 9.178 us, total = 329.510 us
[state-dump] 	ObjectManager.ObjectDeleted - 13 total (0 active), Execution time: mean = 16.436 us, total = 213.673 us, Queueing time: mean = 36.208 us, max = 73.575 us, min = 19.854 us, total = 470.702 us
[state-dump] 	PeriodicalRunner.RunFnPeriodically - 13 total (0 active), Execution time: mean = 192.662 us, total = 2.505 ms, Queueing time: mean = 4.629 ms, max = 16.508 ms, min = 28.921 us, total = 60.176 ms
[state-dump] 	ObjectManager.ObjectAdded - 13 total (0 active), Execution time: mean = 15.387 us, total = 200.026 us, Queueing time: mean = 226.487 us, max = 2.703 ms, min = 9.737 us, total = 2.944 ms
[state-dump] 	NodeInfoGcsService.grpc_client.CheckAlive.OnReplyReceived - 12 total (0 active), Execution time: mean = 26.370 us, total = 316.436 us, Queueing time: mean = 18.812 us, max = 35.211 us, min = 9.845 us, total = 225.743 us
[state-dump] 	NodeManager.GcsCheckAlive - 12 total (1 active), Execution time: mean = 194.230 us, total = 2.331 ms, Queueing time: mean = 489.515 us, max = 1.653 ms, min = 102.731 us, total = 5.874 ms
[state-dump] 	NodeManager.deadline_timer.record_metrics - 12 total (1 active), Execution time: mean = 486.876 us, total = 5.843 ms, Queueing time: mean = 227.132 us, max = 1.342 ms, min = 11.642 us, total = 2.726 ms
[state-dump] 	NodeInfoGcsService.grpc_client.CheckAlive - 12 total (0 active), Execution time: mean = 764.536 us, total = 9.174 ms, Queueing time: mean = 0.000 s, max = -0.000 s, min = 9223372036.855 s, total = 0.000 s
[state-dump] 	NodeManagerService.grpc_server.RequestWorkerLease.HandleRequestImpl - 8 total (0 active), Execution time: mean = 3.775 ms, total = 30.197 ms, Queueing time: mean = 34.857 us, max = 90.116 us, min = 13.658 us, total = 278.859 us
[state-dump] 	NodeManagerService.grpc_server.RequestWorkerLease - 8 total (0 active), Execution time: mean = 484.020 ms, total = 3.872 s, Queueing time: mean = 0.000 s, max = -0.000 s, min = 9223372036.855 s, total = 0.000 s
[state-dump] 	InternalPubSubGcsService.grpc_client.GcsSubscriberPoll - 6 total (1 active), Execution time: mean = 1.440 s, total = 8.637 s, Queueing time: mean = 0.000 s, max = -0.000 s, min = 9223372036.855 s, total = 0.000 s
[state-dump] 	NodeManager.deadline_timer.debug_state_dump - 6 total (1 active), Execution time: mean = 1.393 ms, total = 8.358 ms, Queueing time: mean = 32.362 us, max = 82.169 us, min = 15.608 us, total = 194.173 us
[state-dump] 	RaySyncer.BroadcastMessage - 5 total (0 active), Execution time: mean = 176.326 us, total = 881.629 us, Queueing time: mean = 3.521 us, max = 16.109 us, min = 81.000 ns, total = 17.607 us
[state-dump] 	 - 5 total (0 active), Execution time: mean = 722.600 ns, total = 3.613 us, Queueing time: mean = 64.553 us, max = 238.088 us, min = 16.766 us, total = 322.764 us
[state-dump] 	InternalPubSubGcsService.grpc_client.GcsSubscriberPoll.OnReplyReceived - 5 total (0 active), Execution time: mean = 136.562 us, total = 682.808 us, Queueing time: mean = 10.868 us, max = 14.864 us, min = 7.250 us, total = 54.338 us
[state-dump] 	CoreWorkerService.grpc_client.Exit - 4 total (0 active), Execution time: mean = 2.697 ms, total = 10.789 ms, Queueing time: mean = 0.000 s, max = -0.000 s, min = 9223372036.855 s, total = 0.000 s
[state-dump] 	WorkerInfoGcsService.grpc_client.ReportWorkerFailure.OnReplyReceived - 4 total (0 active), Execution time: mean = 17.340 us, total = 69.361 us, Queueing time: mean = 97.922 us, max = 162.482 us, min = 19.210 us, total = 391.689 us
[state-dump] 	Subscriber.HandlePublishedMessage_GCS_WORKER_DELTA_CHANNEL - 4 total (0 active), Execution time: mean = 4.216 us, total = 16.863 us, Queueing time: mean = 113.527 us, max = 160.265 us, min = 71.453 us, total = 454.108 us
[state-dump] 	WorkerInfoGcsService.grpc_client.ReportWorkerFailure - 4 total (0 active), Execution time: mean = 1.588 ms, total = 6.352 ms, Queueing time: mean = 0.000 s, max = -0.000 s, min = 9223372036.855 s, total = 0.000 s
[state-dump] 	CoreWorkerService.grpc_client.Exit.OnReplyReceived - 4 total (0 active), Execution time: mean = 24.497 us, total = 97.990 us, Queueing time: mean = 24.545 us, max = 56.483 us, min = 8.951 us, total = 98.179 us
[state-dump] 	RaySyncerRegister - 2 total (0 active), Execution time: mean = 1.443 us, total = 2.886 us, Queueing time: mean = 157.000 ns, max = 246.000 ns, min = 68.000 ns, total = 314.000 ns
[state-dump] 	InternalPubSubGcsService.grpc_client.GcsSubscriberCommandBatch - 2 total (0 active), Execution time: mean = 658.768 us, total = 1.318 ms, Queueing time: mean = 0.000 s, max = -0.000 s, min = 9223372036.855 s, total = 0.000 s
[state-dump] 	InternalPubSubGcsService.grpc_client.GcsSubscriberCommandBatch.OnReplyReceived - 2 total (0 active), Execution time: mean = 97.540 us, total = 195.079 us, Queueing time: mean = 940.512 us, max = 1.875 ms, min = 6.482 us, total = 1.881 ms
[state-dump] 	NodeInfoGcsService.grpc_client.GetAllNodeInfo - 1 total (0 active), Execution time: mean = 588.407 us, total = 588.407 us, Queueing time: mean = 0.000 s, max = -0.000 s, min = 9223372036.855 s, total = 0.000 s
[state-dump] 	NodeManager.GCTaskFailureReason - 1 total (1 active), Execution time: mean = 0.000 s, total = 0.000 s, Queueing time: mean = 0.000 s, max = -0.000 s, min = 9223372036.855 s, total = 0.000 s
[state-dump] 	NodeInfoGcsService.grpc_client.RegisterNode.OnReplyReceived - 1 total (0 active), Execution time: mean = 188.122 us, total = 188.122 us, Queueing time: mean = 11.207 us, max = 11.207 us, min = 11.207 us, total = 11.207 us
[state-dump] 	NodeInfoGcsService.grpc_client.GetInternalConfig.OnReplyReceived - 1 total (0 active), Execution time: mean = 1.025 s, total = 1.025 s, Queueing time: mean = 10.533 us, max = 10.533 us, min = 10.533 us, total = 10.533 us
[state-dump] 	JobInfoGcsService.grpc_client.GetAllJobInfo - 1 total (0 active), Execution time: mean = 672.016 us, total = 672.016 us, Queueing time: mean = 0.000 s, max = -0.000 s, min = 9223372036.855 s, total = 0.000 s
[state-dump] 	NodeManager.deadline_timer.print_event_loop_stats - 1 total (1 active, 1 running), Execution time: mean = 0.000 s, total = 0.000 s, Queueing time: mean = 0.000 s, max = -0.000 s, min = 9223372036.855 s, total = 0.000 s
[state-dump] 	JobInfoGcsService.grpc_client.AddJob - 1 total (0 active), Execution time: mean = 856.289 us, total = 856.289 us, Queueing time: mean = 0.000 s, max = -0.000 s, min = 9223372036.855 s, total = 0.000 s
[state-dump] 	NodeInfoGcsService.grpc_client.RegisterNode - 1 total (0 active), Execution time: mean = 1.292 ms, total = 1.292 ms, Queueing time: mean = 0.000 s, max = -0.000 s, min = 9223372036.855 s, total = 0.000 s
[state-dump] 	NodeInfoGcsService.grpc_client.GetAllNodeInfo.OnReplyReceived - 1 total (0 active), Execution time: mean = 109.802 us, total = 109.802 us, Queueing time: mean = 5.592 us, max = 5.592 us, min = 5.592 us, total = 5.592 us
[state-dump] 	JobInfoGcsService.grpc_client.AddJob.OnReplyReceived - 1 total (0 active), Execution time: mean = 51.277 us, total = 51.277 us, Queueing time: mean = 266.611 us, max = 266.611 us, min = 266.611 us, total = 266.611 us
[state-dump] 	Subscriber.HandlePublishedMessage_GCS_JOB_CHANNEL - 1 total (0 active), Execution time: mean = 61.186 us, total = 61.186 us, Queueing time: mean = 204.468 us, max = 204.468 us, min = 204.468 us, total = 204.468 us
[state-dump] 	NodeInfoGcsService.grpc_client.GetInternalConfig - 1 total (0 active), Execution time: mean = 757.235 us, total = 757.235 us, Queueing time: mean = 0.000 s, max = -0.000 s, min = 9223372036.855 s, total = 0.000 s
[state-dump] 	JobInfoGcsService.grpc_client.GetAllJobInfo.OnReplyReceived - 1 total (0 active), Execution time: mean = 11.091 us, total = 11.091 us, Queueing time: mean = 9.043 us, max = 9.043 us, min = 9.043 us, total = 9.043 us
[state-dump] DebugString() time ms: 0
[state-dump] 
[state-dump] 
[2024-03-15 16:44:55,805 I 3626763 3626793] (raylet) store.cc:561: ========== Plasma store: =================
Current usage: 0 / 74.0735 GB
- num bytes created total: 104
0 pending objects of total size 0MB
- objects spillable: 0
- bytes spillable: 0
- objects unsealed: 0
- bytes unsealed: 0
- objects in use: 0
- bytes in use: 0
- objects evictable: 0
- bytes evictable: 0

- objects created by worker: 0
- bytes created by worker: 0
- objects restored: 0
- bytes restored: 0
- objects received: 0
- bytes received: 0
- objects errored: 0
- bytes errored: 0

[2024-03-15 16:44:56,834 I 3626763 3626763] (raylet) node_manager.cc:537: [state-dump] NodeManager:
[state-dump] Node ID: e79704cec3312fda0024fe73236e139233718adb7ae7d9298e767f3f
[state-dump] Node name: 172.18.36.110
[state-dump] InitialConfigResources: {node:__internal_head__: 10000, object_store_memory: 740734574590000, GPU: 10000, node:172.18.36.110: 10000, memory: 1628380674050000, accelerator_type:RTX: 10000, CPU: 40000}
[state-dump] ClusterTaskManager:
[state-dump] ========== Node: e79704cec3312fda0024fe73236e139233718adb7ae7d9298e767f3f =================
[state-dump] Infeasible queue length: 0
[state-dump] Schedule queue length: 0
[state-dump] Dispatch queue length: 0
[state-dump] num_waiting_for_resource: 0
[state-dump] num_waiting_for_plasma_memory: 0
[state-dump] num_waiting_for_remote_node_resources: 0
[state-dump] num_worker_not_started_by_job_config_not_exist: 0
[state-dump] num_worker_not_started_by_registration_timeout: 0
[state-dump] num_tasks_waiting_for_workers: 0
[state-dump] num_cancelled_tasks: 0
[state-dump] cluster_resource_scheduler state: 
[state-dump] Local id: 2483226659992286942 Local resources: {"total":{node:__internal_head__: [10000], GPU: [10000], object_store_memory: [740734574590000], memory: [1628380674050000], node:172.18.36.110: [10000], accelerator_type:RTX: [10000], CPU: [40000]}}, "available": {CPU: [0], node:__internal_head__: [10000], object_store_memory: [740734574590000], node:172.18.36.110: [10000], accelerator_type:RTX: [10000], memory: [1628380674050000], GPU: [0]}}, "labels":{"ray.io/node_id":"e79704cec3312fda0024fe73236e139233718adb7ae7d9298e767f3f",} is_draining: 0 is_idle: 0 Cluster resources: node id: 2483226659992286942{"total":{GPU: 10000, node:__internal_head__: 10000, CPU: 40000, memory: 1628380674050000, node:172.18.36.110: 10000, accelerator_type:RTX: 10000, object_store_memory: 740734574590000}}, "available": {memory: 1628380674050000, node:172.18.36.110: 10000, accelerator_type:RTX: 10000, node:__internal_head__: 10000, object_store_memory: 740734574590000}}, "labels":{"ray.io/node_id":"e79704cec3312fda0024fe73236e139233718adb7ae7d9298e767f3f",}, "is_draining": 0} { "placment group locations": [], "node to bundles": []}
[state-dump] Waiting tasks size: 0
[state-dump] Number of executing tasks: 0
[state-dump] Number of pinned task arguments: 0
[state-dump] Number of total spilled tasks: 0
[state-dump] Number of spilled waiting tasks: 0
[state-dump] Number of spilled unschedulable tasks: 0
[state-dump] Resource usage {
[state-dump]     - (language=PYTHON actor_or_task=MatchExtrator.__init__ pid=3628305): {GPU: 10000, CPU: 10000}
[state-dump]     - (language=PYTHON actor_or_task=_QueueActor.__init__ pid=3628303): {}
[state-dump]     - (language=PYTHON actor_or_task=FeatureActor.__init__ pid=3627638): {CPU: 10000}
[state-dump]     - (language=PYTHON actor_or_task=SparseReconActor.__init__ pid=3627517): {CPU: 10000}
[state-dump]     - (language=PYTHON actor_or_task=MatchSaver.__init__ pid=3628304): {CPU: 10000}
[state-dump]     - (language=PYTHON actor_or_task=_QueueActor.__init__ pid=3627516): {}
[state-dump]     - (language=PYTHON actor_or_task=_QueueActor.__init__ pid=3627515): {}
[state-dump]     - (language=PYTHON actor_or_task=_QueueActor.__init__ pid=3627514): {}
[state-dump] }
[state-dump] Running tasks by scheduling class:
[state-dump] ==================================================
[state-dump] 
[state-dump] ClusterResources:
[state-dump] LocalObjectManager:
[state-dump] - num pinned objects: 0
[state-dump] - pinned objects size: 0
[state-dump] - num objects pending restore: 0
[state-dump] - num objects pending spill: 0
[state-dump] - num bytes pending spill: 0
[state-dump] - num bytes currently spilled: 0
[state-dump] - cumulative spill requests: 0
[state-dump] - cumulative restore requests: 0
[state-dump] - spilled objects pending delete: 0
[state-dump] 
[state-dump] ObjectManager:
[state-dump] - num local objects: 0
[state-dump] - num unfulfilled push requests: 0
[state-dump] - num object pull requests: 0
[state-dump] - num chunks received total: 0
[state-dump] - num chunks received failed (all): 0
[state-dump] - num chunks received failed / cancelled: 0
[state-dump] - num chunks received failed / plasma error: 0
[state-dump] Event stats:
[state-dump] Global stats: 0 total (0 active)
[state-dump] Queueing time: mean = -nan s, max = -0.000 s, min = 9223372036.855 s, total = 0.000 s
[state-dump] Execution time:  mean = -nan s, total = 0.000 s
[state-dump] Event stats:
[state-dump] PushManager:
[state-dump] - num pushes in flight: 0
[state-dump] - num chunks in flight: 0
[state-dump] - num chunks remaining: 0
[state-dump] - max chunks allowed: 409
[state-dump] OwnershipBasedObjectDirectory:
[state-dump] - num listeners: 0
[state-dump] - cumulative location updates: 0
[state-dump] - num location updates per second: 0.000
[state-dump] - num location lookups per second: 0.000
[state-dump] - num locations added per second: 0.000
[state-dump] - num locations removed per second: 0.000
[state-dump] BufferPool:
[state-dump] - create buffer state map size: 0
[state-dump] PullManager:
[state-dump] - num bytes available for pulled objects: 74073457459
[state-dump] - num bytes being pulled (all): 0
[state-dump] - num bytes being pulled / pinned: 0
[state-dump] - get request bundles: BundlePullRequestQueue{0 total, 0 active, 0 inactive, 0 unpullable}
[state-dump] - wait request bundles: BundlePullRequestQueue{0 total, 0 active, 0 inactive, 0 unpullable}
[state-dump] - task request bundles: BundlePullRequestQueue{0 total, 0 active, 0 inactive, 0 unpullable}
[state-dump] - first get request bundle: N/A
[state-dump] - first wait request bundle: N/A
[state-dump] - first task request bundle: N/A
[state-dump] - num objects queued: 0
[state-dump] - num objects actively pulled (all): 0
[state-dump] - num objects actively pulled / pinned: 0
[state-dump] - num bundles being pulled: 0
[state-dump] - num pull retries: 0
[state-dump] - max timeout seconds: 0
[state-dump] - max timeout request is already processed. No entry.
[state-dump] 
[state-dump] WorkerPool:
[state-dump] - registered jobs: 1
[state-dump] - process_failed_job_config_missing: 0
[state-dump] - process_failed_rate_limited: 1
[state-dump] - process_failed_pending_registration: 0
[state-dump] - process_failed_runtime_env_setup_failed: 0
[state-dump] - num PYTHON workers: 8
[state-dump] - num PYTHON drivers: 1
[state-dump] - num object spill callbacks queued: 0
[state-dump] - num object restore queued: 0
[state-dump] - num util functions queued: 0
[state-dump] - num JAVA workers: 0
[state-dump] - num JAVA drivers: 0
[state-dump] - num object spill callbacks queued: 0
[state-dump] - num object restore queued: 0
[state-dump] - num util functions queued: 0
[state-dump] - num idle workers: 0
[state-dump] TaskDependencyManager:
[state-dump] - task deps map size: 0
[state-dump] - get req map size: 0
[state-dump] - wait req map size: 0
[state-dump] - local objects map size: 0
[state-dump] WaitManager:
[state-dump] - num active wait requests: 0
[state-dump] Subscriber:
[state-dump] Channel WORKER_OBJECT_EVICTION
[state-dump] - cumulative subscribe requests: 0
[state-dump] - cumulative unsubscribe requests: 0
[state-dump] - active subscribed publishers: 0
[state-dump] - cumulative published messages: 0
[state-dump] - cumulative processed messages: 0
[state-dump] Channel WORKER_OBJECT_LOCATIONS_CHANNEL
[state-dump] - cumulative subscribe requests: 0
[state-dump] - cumulative unsubscribe requests: 0
[state-dump] - active subscribed publishers: 0
[state-dump] - cumulative published messages: 0
[state-dump] - cumulative processed messages: 0
[state-dump] Channel WORKER_REF_REMOVED_CHANNEL
[state-dump] - cumulative subscribe requests: 0
[state-dump] - cumulative unsubscribe requests: 0
[state-dump] - active subscribed publishers: 0
[state-dump] - cumulative published messages: 0
[state-dump] - cumulative processed messages: 0
[state-dump] num async plasma notifications: 0
[state-dump] Remote node managers: 
[state-dump] Event stats:
[state-dump] Global stats: 10607 total (23 active)
[state-dump] Queueing time: mean = 36.019 ms, max = 8.091 s, min = 68.000 ns, total = 382.050 s
[state-dump] Execution time:  mean = 1.341 ms, total = 14.224 s
[state-dump] Event stats:
[state-dump] 	ClientConnection.async_read.ProcessMessageHeader - 1443 total (9 active), Execution time: mean = 8.155 us, total = 11.768 ms, Queueing time: mean = 264.479 ms, max = 8.091 s, min = 22.451 us, total = 381.642 s
[state-dump] 	ClientConnection.async_read.ProcessMessage - 1434 total (0 active), Execution time: mean = 26.661 us, total = 38.232 ms, Queueing time: mean = 9.424 us, max = 568.119 us, min = 2.037 us, total = 13.514 ms
[state-dump] 	ObjectManager.UpdateAvailableMemory - 1200 total (0 active), Execution time: mean = 2.848 us, total = 3.417 ms, Queueing time: mean = 14.667 us, max = 533.711 us, min = 2.488 us, total = 17.601 ms
[state-dump] 	RaySyncer.OnDemandBroadcasting - 1200 total (1 active), Execution time: mean = 9.669 us, total = 11.603 ms, Queueing time: mean = 61.013 us, max = 2.597 ms, min = 4.777 us, total = 73.215 ms
[state-dump] 	NodeManager.CheckGC - 1200 total (1 active), Execution time: mean = 2.544 us, total = 3.052 ms, Queueing time: mean = 67.478 us, max = 2.624 ms, min = 3.870 us, total = 80.974 ms
[state-dump] 	NodeManagerService.grpc_server.ReportWorkerBacklog.HandleRequestImpl - 1073 total (0 active), Execution time: mean = 31.385 us, total = 33.676 ms, Queueing time: mean = 34.071 us, max = 2.461 ms, min = 5.656 us, total = 36.558 ms
[state-dump] 	NodeManagerService.grpc_server.ReportWorkerBacklog - 1073 total (0 active), Execution time: mean = 231.551 us, total = 248.454 ms, Queueing time: mean = 0.000 s, max = -0.000 s, min = 9223372036.855 s, total = 0.000 s
[state-dump] 	RayletWorkerPool.deadline_timer.kill_idle_workers - 600 total (1 active), Execution time: mean = 11.667 us, total = 7.000 ms, Queueing time: mean = 47.567 us, max = 1.247 ms, min = 4.551 us, total = 28.540 ms
[state-dump] 	MemoryMonitor.CheckIsMemoryUsageAboveThreshold - 480 total (1 active), Execution time: mean = 339.289 us, total = 162.859 ms, Queueing time: mean = 51.076 us, max = 620.680 us, min = 3.097 us, total = 24.516 ms
[state-dump] 	NodeManager.deadline_timer.spill_objects_when_over_threshold - 120 total (1 active), Execution time: mean = 2.381 us, total = 285.667 us, Queueing time: mean = 142.008 us, max = 5.824 ms, min = 4.310 us, total = 17.041 ms
[state-dump] 	NodeManagerService.grpc_server.GetResourceLoad - 120 total (0 active), Execution time: mean = 321.072 us, total = 38.529 ms, Queueing time: mean = 0.000 s, max = -0.000 s, min = 9223372036.855 s, total = 0.000 s
[state-dump] 	NodeManager.deadline_timer.flush_free_objects - 120 total (1 active), Execution time: mean = 6.742 us, total = 809.060 us, Queueing time: mean = 138.731 us, max = 5.816 ms, min = 6.477 us, total = 16.648 ms
[state-dump] 	NodeManagerService.grpc_server.GetResourceLoad.HandleRequestImpl - 120 total (0 active), Execution time: mean = 97.158 us, total = 11.659 ms, Queueing time: mean = 31.921 us, max = 105.696 us, min = 8.502 us, total = 3.831 ms
[state-dump] 	NodeManager.ScheduleAndDispatchTasks - 120 total (1 active), Execution time: mean = 13.410 us, total = 1.609 ms, Queueing time: mean = 54.380 us, max = 943.133 us, min = 5.043 us, total = 6.526 ms
[state-dump] 	ClusterResourceManager.ResetRemoteNodeView - 41 total (1 active), Execution time: mean = 7.294 us, total = 299.067 us, Queueing time: mean = 49.825 us, max = 137.652 us, min = 16.443 us, total = 2.043 ms
[state-dump] 	NodeManager.GcsCheckAlive - 24 total (1 active), Execution time: mean = 202.865 us, total = 4.869 ms, Queueing time: mean = 488.491 us, max = 1.653 ms, min = 102.731 us, total = 11.724 ms
[state-dump] 	NodeInfoGcsService.grpc_client.CheckAlive.OnReplyReceived - 24 total (0 active), Execution time: mean = 28.481 us, total = 683.549 us, Queueing time: mean = 18.317 us, max = 35.211 us, min = 9.845 us, total = 439.598 us
[state-dump] 	NodeManager.deadline_timer.record_metrics - 24 total (1 active), Execution time: mean = 477.372 us, total = 11.457 ms, Queueing time: mean = 224.365 us, max = 1.342 ms, min = 8.690 us, total = 5.385 ms
[state-dump] 	NodeInfoGcsService.grpc_client.CheckAlive - 24 total (0 active), Execution time: mean = 766.654 us, total = 18.400 ms, Queueing time: mean = 0.000 s, max = -0.000 s, min = 9223372036.855 s, total = 0.000 s
[state-dump] 	PeriodicalRunner.RunFnPeriodically - 13 total (0 active), Execution time: mean = 192.662 us, total = 2.505 ms, Queueing time: mean = 4.629 ms, max = 16.508 ms, min = 28.921 us, total = 60.176 ms
[state-dump] 	ObjectManager.ObjectAdded - 13 total (0 active), Execution time: mean = 15.387 us, total = 200.026 us, Queueing time: mean = 226.487 us, max = 2.703 ms, min = 9.737 us, total = 2.944 ms
[state-dump] 	ClientConnection.async_write.DoAsyncWrites - 13 total (0 active), Execution time: mean = 785.154 ns, total = 10.207 us, Queueing time: mean = 24.555 us, max = 44.511 us, min = 11.961 us, total = 319.211 us
[state-dump] 	ObjectManager.ObjectDeleted - 13 total (0 active), Execution time: mean = 16.436 us, total = 213.673 us, Queueing time: mean = 36.208 us, max = 73.575 us, min = 19.854 us, total = 470.702 us
[state-dump] 	NodeManagerService.grpc_server.GetSystemConfig - 13 total (0 active), Execution time: mean = 404.148 us, total = 5.254 ms, Queueing time: mean = 0.000 s, max = -0.000 s, min = 9223372036.855 s, total = 0.000 s
[state-dump] 	NodeManagerService.grpc_server.GetSystemConfig.HandleRequestImpl - 13 total (0 active), Execution time: mean = 34.824 us, total = 452.711 us, Queueing time: mean = 25.347 us, max = 71.049 us, min = 9.178 us, total = 329.510 us
[state-dump] 	NodeManager.deadline_timer.debug_state_dump - 12 total (1 active), Execution time: mean = 1.304 ms, total = 15.654 ms, Queueing time: mean = 35.028 us, max = 82.770 us, min = 15.064 us, total = 420.330 us
[state-dump] 	NodeManagerService.grpc_server.RequestWorkerLease - 8 total (0 active), Execution time: mean = 484.020 ms, total = 3.872 s, Queueing time: mean = 0.000 s, max = -0.000 s, min = 9223372036.855 s, total = 0.000 s
[state-dump] 	NodeManagerService.grpc_server.RequestWorkerLease.HandleRequestImpl - 8 total (0 active), Execution time: mean = 3.775 ms, total = 30.197 ms, Queueing time: mean = 34.857 us, max = 90.116 us, min = 13.658 us, total = 278.859 us
[state-dump] 	InternalPubSubGcsService.grpc_client.GcsSubscriberPoll - 6 total (1 active), Execution time: mean = 1.440 s, total = 8.637 s, Queueing time: mean = 0.000 s, max = -0.000 s, min = 9223372036.855 s, total = 0.000 s
[state-dump] 	RaySyncer.BroadcastMessage - 5 total (0 active), Execution time: mean = 176.326 us, total = 881.629 us, Queueing time: mean = 3.521 us, max = 16.109 us, min = 81.000 ns, total = 17.607 us
[state-dump] 	InternalPubSubGcsService.grpc_client.GcsSubscriberPoll.OnReplyReceived - 5 total (0 active), Execution time: mean = 136.562 us, total = 682.808 us, Queueing time: mean = 10.868 us, max = 14.864 us, min = 7.250 us, total = 54.338 us
[state-dump] 	 - 5 total (0 active), Execution time: mean = 722.600 ns, total = 3.613 us, Queueing time: mean = 64.553 us, max = 238.088 us, min = 16.766 us, total = 322.764 us
[state-dump] 	CoreWorkerService.grpc_client.Exit - 4 total (0 active), Execution time: mean = 2.697 ms, total = 10.789 ms, Queueing time: mean = 0.000 s, max = -0.000 s, min = 9223372036.855 s, total = 0.000 s
[state-dump] 	WorkerInfoGcsService.grpc_client.ReportWorkerFailure.OnReplyReceived - 4 total (0 active), Execution time: mean = 17.340 us, total = 69.361 us, Queueing time: mean = 97.922 us, max = 162.482 us, min = 19.210 us, total = 391.689 us
[state-dump] 	Subscriber.HandlePublishedMessage_GCS_WORKER_DELTA_CHANNEL - 4 total (0 active), Execution time: mean = 4.216 us, total = 16.863 us, Queueing time: mean = 113.527 us, max = 160.265 us, min = 71.453 us, total = 454.108 us
[state-dump] 	WorkerInfoGcsService.grpc_client.ReportWorkerFailure - 4 total (0 active), Execution time: mean = 1.588 ms, total = 6.352 ms, Queueing time: mean = 0.000 s, max = -0.000 s, min = 9223372036.855 s, total = 0.000 s
[state-dump] 	CoreWorkerService.grpc_client.Exit.OnReplyReceived - 4 total (0 active), Execution time: mean = 24.497 us, total = 97.990 us, Queueing time: mean = 24.545 us, max = 56.483 us, min = 8.951 us, total = 98.179 us
[state-dump] 	RaySyncerRegister - 2 total (0 active), Execution time: mean = 1.443 us, total = 2.886 us, Queueing time: mean = 157.000 ns, max = 246.000 ns, min = 68.000 ns, total = 314.000 ns
[state-dump] 	InternalPubSubGcsService.grpc_client.GcsSubscriberCommandBatch - 2 total (0 active), Execution time: mean = 658.768 us, total = 1.318 ms, Queueing time: mean = 0.000 s, max = -0.000 s, min = 9223372036.855 s, total = 0.000 s
[state-dump] 	InternalPubSubGcsService.grpc_client.GcsSubscriberCommandBatch.OnReplyReceived - 2 total (0 active), Execution time: mean = 97.540 us, total = 195.079 us, Queueing time: mean = 940.512 us, max = 1.875 ms, min = 6.482 us, total = 1.881 ms
[state-dump] 	NodeManager.deadline_timer.print_event_loop_stats - 2 total (1 active, 1 running), Execution time: mean = 603.112 us, total = 1.206 ms, Queueing time: mean = 8.732 us, max = 17.464 us, min = 17.464 us, total = 17.464 us
[state-dump] 	NodeInfoGcsService.grpc_client.GetAllNodeInfo - 1 total (0 active), Execution time: mean = 588.407 us, total = 588.407 us, Queueing time: mean = 0.000 s, max = -0.000 s, min = 9223372036.855 s, total = 0.000 s
[state-dump] 	NodeManager.GCTaskFailureReason - 1 total (1 active), Execution time: mean = 0.000 s, total = 0.000 s, Queueing time: mean = 0.000 s, max = -0.000 s, min = 9223372036.855 s, total = 0.000 s
[state-dump] 	NodeInfoGcsService.grpc_client.RegisterNode.OnReplyReceived - 1 total (0 active), Execution time: mean = 188.122 us, total = 188.122 us, Queueing time: mean = 11.207 us, max = 11.207 us, min = 11.207 us, total = 11.207 us
[state-dump] 	NodeInfoGcsService.grpc_client.GetInternalConfig.OnReplyReceived - 1 total (0 active), Execution time: mean = 1.025 s, total = 1.025 s, Queueing time: mean = 10.533 us, max = 10.533 us, min = 10.533 us, total = 10.533 us
[state-dump] 	JobInfoGcsService.grpc_client.GetAllJobInfo - 1 total (0 active), Execution time: mean = 672.016 us, total = 672.016 us, Queueing time: mean = 0.000 s, max = -0.000 s, min = 9223372036.855 s, total = 0.000 s
[state-dump] 	JobInfoGcsService.grpc_client.AddJob - 1 total (0 active), Execution time: mean = 856.289 us, total = 856.289 us, Queueing time: mean = 0.000 s, max = -0.000 s, min = 9223372036.855 s, total = 0.000 s
[state-dump] 	NodeInfoGcsService.grpc_client.RegisterNode - 1 total (0 active), Execution time: mean = 1.292 ms, total = 1.292 ms, Queueing time: mean = 0.000 s, max = -0.000 s, min = 9223372036.855 s, total = 0.000 s
[state-dump] 	NodeInfoGcsService.grpc_client.GetAllNodeInfo.OnReplyReceived - 1 total (0 active), Execution time: mean = 109.802 us, total = 109.802 us, Queueing time: mean = 5.592 us, max = 5.592 us, min = 5.592 us, total = 5.592 us
[state-dump] 	JobInfoGcsService.grpc_client.AddJob.OnReplyReceived - 1 total (0 active), Execution time: mean = 51.277 us, total = 51.277 us, Queueing time: mean = 266.611 us, max = 266.611 us, min = 266.611 us, total = 266.611 us
[state-dump] 	Subscriber.HandlePublishedMessage_GCS_JOB_CHANNEL - 1 total (0 active), Execution time: mean = 61.186 us, total = 61.186 us, Queueing time: mean = 204.468 us, max = 204.468 us, min = 204.468 us, total = 204.468 us
[state-dump] 	NodeInfoGcsService.grpc_client.GetInternalConfig - 1 total (0 active), Execution time: mean = 757.235 us, total = 757.235 us, Queueing time: mean = 0.000 s, max = -0.000 s, min = 9223372036.855 s, total = 0.000 s
[state-dump] 	JobInfoGcsService.grpc_client.GetAllJobInfo.OnReplyReceived - 1 total (0 active), Execution time: mean = 11.091 us, total = 11.091 us, Queueing time: mean = 9.043 us, max = 9.043 us, min = 9.043 us, total = 9.043 us
[state-dump] DebugString() time ms: 1
[state-dump] 
[state-dump] 
[2024-03-15 16:45:28,546 I 3626763 3626763] (raylet) node_manager.cc:1444: NodeManager::DisconnectClient, disconnect_type=1, has creation task exception = false
[2024-03-15 16:45:28,683 I 3626763 3626763] (raylet) node_manager.cc:1444: NodeManager::DisconnectClient, disconnect_type=1, has creation task exception = false
[2024-03-15 16:45:28,927 I 3626763 3626763] (raylet) node_manager.cc:1444: NodeManager::DisconnectClient, disconnect_type=1, has creation task exception = false
[2024-03-15 16:45:55,805 I 3626763 3626793] (raylet) store.cc:561: ========== Plasma store: =================
Current usage: 0 / 74.0735 GB
- num bytes created total: 104
0 pending objects of total size 0MB
- objects spillable: 0
- bytes spillable: 0
- objects unsealed: 0
- bytes unsealed: 0
- objects in use: 0
- bytes in use: 0
- objects evictable: 0
- bytes evictable: 0

- objects created by worker: 0
- bytes created by worker: 0
- objects restored: 0
- bytes restored: 0
- objects received: 0
- bytes received: 0
- objects errored: 0
- bytes errored: 0

[2024-03-15 16:45:56,836 I 3626763 3626763] (raylet) node_manager.cc:537: [state-dump] NodeManager:
[state-dump] Node ID: e79704cec3312fda0024fe73236e139233718adb7ae7d9298e767f3f
[state-dump] Node name: 172.18.36.110
[state-dump] InitialConfigResources: {node:__internal_head__: 10000, object_store_memory: 740734574590000, GPU: 10000, node:172.18.36.110: 10000, memory: 1628380674050000, accelerator_type:RTX: 10000, CPU: 40000}
[state-dump] ClusterTaskManager:
[state-dump] ========== Node: e79704cec3312fda0024fe73236e139233718adb7ae7d9298e767f3f =================
[state-dump] Infeasible queue length: 0
[state-dump] Schedule queue length: 0
[state-dump] Dispatch queue length: 0
[state-dump] num_waiting_for_resource: 0
[state-dump] num_waiting_for_plasma_memory: 0
[state-dump] num_waiting_for_remote_node_resources: 0
[state-dump] num_worker_not_started_by_job_config_not_exist: 0
[state-dump] num_worker_not_started_by_registration_timeout: 0
[state-dump] num_tasks_waiting_for_workers: 0
[state-dump] num_cancelled_tasks: 0
[state-dump] cluster_resource_scheduler state: 
[state-dump] Local id: 2483226659992286942 Local resources: {"total":{node:__internal_head__: [10000], GPU: [10000], object_store_memory: [740734574590000], memory: [1628380674050000], node:172.18.36.110: [10000], accelerator_type:RTX: [10000], CPU: [40000]}}, "available": {CPU: [20000], node:__internal_head__: [10000], object_store_memory: [740734574590000], node:172.18.36.110: [10000], accelerator_type:RTX: [10000], memory: [1628380674050000], GPU: [10000]}}, "labels":{"ray.io/node_id":"e79704cec3312fda0024fe73236e139233718adb7ae7d9298e767f3f",} is_draining: 0 is_idle: 0 Cluster resources: node id: 2483226659992286942{"total":{object_store_memory: 740734574590000, GPU: 10000, accelerator_type:RTX: 10000, memory: 1628380674050000, CPU: 40000, node:172.18.36.110: 10000, node:__internal_head__: 10000}}, "available": {accelerator_type:RTX: 10000, memory: 1628380674050000, node:172.18.36.110: 10000, GPU: 10000, node:__internal_head__: 10000, CPU: 20000, object_store_memory: 740734574590000}}, "labels":{"ray.io/node_id":"e79704cec3312fda0024fe73236e139233718adb7ae7d9298e767f3f",}, "is_draining": 0} { "placment group locations": [], "node to bundles": []}
[state-dump] Waiting tasks size: 0
[state-dump] Number of executing tasks: 0
[state-dump] Number of pinned task arguments: 0
[state-dump] Number of total spilled tasks: 0
[state-dump] Number of spilled waiting tasks: 0
[state-dump] Number of spilled unschedulable tasks: 0
[state-dump] Resource usage {
[state-dump]     - (language=PYTHON actor_or_task=FeatureActor.__init__ pid=3627638): {CPU: 10000}
[state-dump]     - (language=PYTHON actor_or_task=SparseReconActor.__init__ pid=3627517): {CPU: 10000}
[state-dump]     - (language=PYTHON actor_or_task=_QueueActor.__init__ pid=3627516): {}
[state-dump]     - (language=PYTHON actor_or_task=_QueueActor.__init__ pid=3627515): {}
[state-dump]     - (language=PYTHON actor_or_task=_QueueActor.__init__ pid=3627514): {}
[state-dump] }
[state-dump] Running tasks by scheduling class:
[state-dump] ==================================================
[state-dump] 
[state-dump] ClusterResources:
[state-dump] LocalObjectManager:
[state-dump] - num pinned objects: 0
[state-dump] - pinned objects size: 0
[state-dump] - num objects pending restore: 0
[state-dump] - num objects pending spill: 0
[state-dump] - num bytes pending spill: 0
[state-dump] - num bytes currently spilled: 0
[state-dump] - cumulative spill requests: 0
[state-dump] - cumulative restore requests: 0
[state-dump] - spilled objects pending delete: 0
[state-dump] 
[state-dump] ObjectManager:
[state-dump] - num local objects: 0
[state-dump] - num unfulfilled push requests: 0
[state-dump] - num object pull requests: 0
[state-dump] - num chunks received total: 0
[state-dump] - num chunks received failed (all): 0
[state-dump] - num chunks received failed / cancelled: 0
[state-dump] - num chunks received failed / plasma error: 0
[state-dump] Event stats:
[state-dump] Global stats: 0 total (0 active)
[state-dump] Queueing time: mean = -nan s, max = -0.000 s, min = 9223372036.855 s, total = 0.000 s
[state-dump] Execution time:  mean = -nan s, total = 0.000 s
[state-dump] Event stats:
[state-dump] PushManager:
[state-dump] - num pushes in flight: 0
[state-dump] - num chunks in flight: 0
[state-dump] - num chunks remaining: 0
[state-dump] - max chunks allowed: 409
[state-dump] OwnershipBasedObjectDirectory:
[state-dump] - num listeners: 0
[state-dump] - cumulative location updates: 0
[state-dump] - num location updates per second: 0.000
[state-dump] - num location lookups per second: 0.000
[state-dump] - num locations added per second: 0.000
[state-dump] - num locations removed per second: 0.000
[state-dump] BufferPool:
[state-dump] - create buffer state map size: 0
[state-dump] PullManager:
[state-dump] - num bytes available for pulled objects: 74073457459
[state-dump] - num bytes being pulled (all): 0
[state-dump] - num bytes being pulled / pinned: 0
[state-dump] - get request bundles: BundlePullRequestQueue{0 total, 0 active, 0 inactive, 0 unpullable}
[state-dump] - wait request bundles: BundlePullRequestQueue{0 total, 0 active, 0 inactive, 0 unpullable}
[state-dump] - task request bundles: BundlePullRequestQueue{0 total, 0 active, 0 inactive, 0 unpullable}
[state-dump] - first get request bundle: N/A
[state-dump] - first wait request bundle: N/A
[state-dump] - first task request bundle: N/A
[state-dump] - num objects queued: 0
[state-dump] - num objects actively pulled (all): 0
[state-dump] - num objects actively pulled / pinned: 0
[state-dump] - num bundles being pulled: 0
[state-dump] - num pull retries: 0
[state-dump] - max timeout seconds: 0
[state-dump] - max timeout request is already processed. No entry.
[state-dump] 
[state-dump] WorkerPool:
[state-dump] - registered jobs: 1
[state-dump] - process_failed_job_config_missing: 0
[state-dump] - process_failed_rate_limited: 1
[state-dump] - process_failed_pending_registration: 0
[state-dump] - process_failed_runtime_env_setup_failed: 0
[state-dump] - num PYTHON workers: 5
[state-dump] - num PYTHON drivers: 1
[state-dump] - num object spill callbacks queued: 0
[state-dump] - num object restore queued: 0
[state-dump] - num util functions queued: 0
[state-dump] - num JAVA workers: 0
[state-dump] - num JAVA drivers: 0
[state-dump] - num object spill callbacks queued: 0
[state-dump] - num object restore queued: 0
[state-dump] - num util functions queued: 0
[state-dump] - num idle workers: 0
[state-dump] TaskDependencyManager:
[state-dump] - task deps map size: 0
[state-dump] - get req map size: 0
[state-dump] - wait req map size: 0
[state-dump] - local objects map size: 0
[state-dump] WaitManager:
[state-dump] - num active wait requests: 0
[state-dump] Subscriber:
[state-dump] Channel WORKER_OBJECT_EVICTION
[state-dump] - cumulative subscribe requests: 0
[state-dump] - cumulative unsubscribe requests: 0
[state-dump] - active subscribed publishers: 0
[state-dump] - cumulative published messages: 0
[state-dump] - cumulative processed messages: 0
[state-dump] Channel WORKER_OBJECT_LOCATIONS_CHANNEL
[state-dump] - cumulative subscribe requests: 0
[state-dump] - cumulative unsubscribe requests: 0
[state-dump] - active subscribed publishers: 0
[state-dump] - cumulative published messages: 0
[state-dump] - cumulative processed messages: 0
[state-dump] Channel WORKER_REF_REMOVED_CHANNEL
[state-dump] - cumulative subscribe requests: 0
[state-dump] - cumulative unsubscribe requests: 0
[state-dump] - active subscribed publishers: 0
[state-dump] - cumulative published messages: 0
[state-dump] - cumulative processed messages: 0
[state-dump] num async plasma notifications: 0
[state-dump] Remote node managers: 
[state-dump] Event stats:
[state-dump] Global stats: 15056 total (20 active)
[state-dump] Queueing time: mean = 71.600 ms, max = 152.403 s, min = 68.000 ns, total = 1078.006 s
[state-dump] Execution time:  mean = 10.492 ms, total = 157.961 s
[state-dump] Event stats:
[state-dump] 	ClientConnection.async_read.ProcessMessageHeader - 1847 total (6 active), Execution time: mean = 8.284 us, total = 15.301 ms, Queueing time: mean = 583.347 ms, max = 152.403 s, min = 22.451 us, total = 1077.441 s
[state-dump] 	ClientConnection.async_read.ProcessMessage - 1841 total (0 active), Execution time: mean = 23.717 us, total = 43.662 ms, Queueing time: mean = 9.346 us, max = 568.119 us, min = 2.037 us, total = 17.206 ms
[state-dump] 	NodeManager.CheckGC - 1799 total (1 active), Execution time: mean = 2.579 us, total = 4.640 ms, Queueing time: mean = 67.147 us, max = 2.624 ms, min = 3.870 us, total = 120.797 ms
[state-dump] 	RaySyncer.OnDemandBroadcasting - 1799 total (1 active), Execution time: mean = 9.865 us, total = 17.746 ms, Queueing time: mean = 60.524 us, max = 2.597 ms, min = 4.777 us, total = 108.882 ms
[state-dump] 	ObjectManager.UpdateAvailableMemory - 1799 total (0 active), Execution time: mean = 2.862 us, total = 5.149 ms, Queueing time: mean = 14.389 us, max = 533.711 us, min = 2.488 us, total = 25.885 ms
[state-dump] 	NodeManagerService.grpc_server.ReportWorkerBacklog - 1527 total (0 active), Execution time: mean = 230.416 us, total = 351.846 ms, Queueing time: mean = 0.000 s, max = -0.000 s, min = 9223372036.855 s, total = 0.000 s
[state-dump] 	NodeManagerService.grpc_server.ReportWorkerBacklog.HandleRequestImpl - 1527 total (0 active), Execution time: mean = 30.900 us, total = 47.184 ms, Queueing time: mean = 33.378 us, max = 2.461 ms, min = 5.656 us, total = 50.969 ms
[state-dump] 	RayletWorkerPool.deadline_timer.kill_idle_workers - 900 total (1 active), Execution time: mean = 10.927 us, total = 9.834 ms, Queueing time: mean = 47.394 us, max = 1.247 ms, min = 4.551 us, total = 42.654 ms
[state-dump] 	MemoryMonitor.CheckIsMemoryUsageAboveThreshold - 719 total (1 active), Execution time: mean = 336.543 us, total = 241.974 ms, Queueing time: mean = 49.746 us, max = 620.680 us, min = 3.097 us, total = 35.767 ms
[state-dump] 	NodeManager.ScheduleAndDispatchTasks - 180 total (1 active), Execution time: mean = 13.410 us, total = 2.414 ms, Queueing time: mean = 52.170 us, max = 943.133 us, min = 5.043 us, total = 9.391 ms
[state-dump] 	NodeManagerService.grpc_server.GetResourceLoad - 180 total (0 active), Execution time: mean = 319.196 us, total = 57.455 ms, Queueing time: mean = 0.000 s, max = -0.000 s, min = 9223372036.855 s, total = 0.000 s
[state-dump] 	NodeManager.deadline_timer.spill_objects_when_over_threshold - 180 total (1 active), Execution time: mean = 2.386 us, total = 429.465 us, Queueing time: mean = 140.022 us, max = 5.824 ms, min = 3.621 us, total = 25.204 ms
[state-dump] 	NodeManager.deadline_timer.flush_free_objects - 180 total (1 active), Execution time: mean = 7.015 us, total = 1.263 ms, Queueing time: mean = 136.688 us, max = 5.816 ms, min = 6.477 us, total = 24.604 ms
[state-dump] 	NodeManagerService.grpc_server.GetResourceLoad.HandleRequestImpl - 180 total (0 active), Execution time: mean = 94.671 us, total = 17.041 ms, Queueing time: mean = 31.377 us, max = 105.696 us, min = 8.502 us, total = 5.648 ms
[state-dump] 	ClusterResourceManager.ResetRemoteNodeView - 61 total (1 active), Execution time: mean = 7.213 us, total = 439.981 us, Queueing time: mean = 47.705 us, max = 137.652 us, min = 14.360 us, total = 2.910 ms
[state-dump] 	NodeInfoGcsService.grpc_client.CheckAlive.OnReplyReceived - 36 total (0 active), Execution time: mean = 27.976 us, total = 1.007 ms, Queueing time: mean = 17.912 us, max = 35.211 us, min = 9.845 us, total = 644.830 us
[state-dump] 	NodeManager.GcsCheckAlive - 36 total (1 active), Execution time: mean = 207.955 us, total = 7.486 ms, Queueing time: mean = 486.041 us, max = 1.653 ms, min = 102.731 us, total = 17.497 ms
[state-dump] 	NodeManager.deadline_timer.record_metrics - 36 total (1 active), Execution time: mean = 494.125 us, total = 17.789 ms, Queueing time: mean = 209.087 us, max = 1.342 ms, min = 8.410 us, total = 7.527 ms
[state-dump] 	NodeInfoGcsService.grpc_client.CheckAlive - 36 total (0 active), Execution time: mean = 784.276 us, total = 28.234 ms, Queueing time: mean = 0.000 s, max = -0.000 s, min = 9223372036.855 s, total = 0.000 s
[state-dump] 	NodeManager.deadline_timer.debug_state_dump - 18 total (1 active), Execution time: mean = 1.328 ms, total = 23.911 ms, Queueing time: mean = 41.018 us, max = 82.770 us, min = 15.064 us, total = 738.323 us
[state-dump] 	PeriodicalRunner.RunFnPeriodically - 13 total (0 active), Execution time: mean = 192.662 us, total = 2.505 ms, Queueing time: mean = 4.629 ms, max = 16.508 ms, min = 28.921 us, total = 60.176 ms
[state-dump] 	ObjectManager.ObjectAdded - 13 total (0 active), Execution time: mean = 15.387 us, total = 200.026 us, Queueing time: mean = 226.487 us, max = 2.703 ms, min = 9.737 us, total = 2.944 ms
[state-dump] 	NodeManagerService.grpc_server.GetSystemConfig.HandleRequestImpl - 13 total (0 active), Execution time: mean = 34.824 us, total = 452.711 us, Queueing time: mean = 25.347 us, max = 71.049 us, min = 9.178 us, total = 329.510 us
[state-dump] 	ObjectManager.ObjectDeleted - 13 total (0 active), Execution time: mean = 16.436 us, total = 213.673 us, Queueing time: mean = 36.208 us, max = 73.575 us, min = 19.854 us, total = 470.702 us
[state-dump] 	ClientConnection.async_write.DoAsyncWrites - 13 total (0 active), Execution time: mean = 785.154 ns, total = 10.207 us, Queueing time: mean = 24.555 us, max = 44.511 us, min = 11.961 us, total = 319.211 us
[state-dump] 	NodeManagerService.grpc_server.GetSystemConfig - 13 total (0 active), Execution time: mean = 404.148 us, total = 5.254 ms, Queueing time: mean = 0.000 s, max = -0.000 s, min = 9223372036.855 s, total = 0.000 s
[state-dump] 	InternalPubSubGcsService.grpc_client.GcsSubscriberPoll - 9 total (1 active), Execution time: mean = 16.900 s, total = 152.098 s, Queueing time: mean = 0.000 s, max = -0.000 s, min = 9223372036.855 s, total = 0.000 s
[state-dump] 	NodeManagerService.grpc_server.RequestWorkerLease - 8 total (0 active), Execution time: mean = 484.020 ms, total = 3.872 s, Queueing time: mean = 0.000 s, max = -0.000 s, min = 9223372036.855 s, total = 0.000 s
[state-dump] 	InternalPubSubGcsService.grpc_client.GcsSubscriberPoll.OnReplyReceived - 8 total (0 active), Execution time: mean = 163.348 us, total = 1.307 ms, Queueing time: mean = 15.534 us, max = 50.270 us, min = 7.250 us, total = 124.272 us
[state-dump] 	NodeManagerService.grpc_server.RequestWorkerLease.HandleRequestImpl - 8 total (0 active), Execution time: mean = 3.775 ms, total = 30.197 ms, Queueing time: mean = 34.857 us, max = 90.116 us, min = 13.658 us, total = 278.859 us
[state-dump] 	WorkerInfoGcsService.grpc_client.ReportWorkerFailure.OnReplyReceived - 7 total (0 active), Execution time: mean = 28.574 us, total = 200.015 us, Queueing time: mean = 66.659 us, max = 162.482 us, min = 19.210 us, total = 466.615 us
[state-dump] 	Subscriber.HandlePublishedMessage_GCS_WORKER_DELTA_CHANNEL - 7 total (0 active), Execution time: mean = 6.459 us, total = 45.210 us, Queueing time: mean = 147.701 us, max = 214.132 us, min = 71.453 us, total = 1.034 ms
[state-dump] 	WorkerInfoGcsService.grpc_client.ReportWorkerFailure - 7 total (0 active), Execution time: mean = 1.328 ms, total = 9.298 ms, Queueing time: mean = 0.000 s, max = -0.000 s, min = 9223372036.855 s, total = 0.000 s
[state-dump] 	RaySyncer.BroadcastMessage - 7 total (0 active), Execution time: mean = 173.673 us, total = 1.216 ms, Queueing time: mean = 2.625 us, max = 16.109 us, min = 81.000 ns, total = 18.377 us
[state-dump] 	 - 7 total (0 active), Execution time: mean = 686.857 ns, total = 4.808 us, Queueing time: mean = 49.858 us, max = 238.088 us, min = 9.599 us, total = 349.003 us
[state-dump] 	CoreWorkerService.grpc_client.Exit - 4 total (0 active), Execution time: mean = 2.697 ms, total = 10.789 ms, Queueing time: mean = 0.000 s, max = -0.000 s, min = 9223372036.855 s, total = 0.000 s
[state-dump] 	CoreWorkerService.grpc_client.Exit.OnReplyReceived - 4 total (0 active), Execution time: mean = 24.497 us, total = 97.990 us, Queueing time: mean = 24.545 us, max = 56.483 us, min = 8.951 us, total = 98.179 us
[state-dump] 	NodeManager.deadline_timer.print_event_loop_stats - 3 total (1 active, 1 running), Execution time: mean = 980.723 us, total = 2.942 ms, Queueing time: mean = 9.539 us, max = 17.464 us, min = 11.152 us, total = 28.616 us
[state-dump] 	RaySyncerRegister - 2 total (0 active), Execution time: mean = 1.443 us, total = 2.886 us, Queueing time: mean = 157.000 ns, max = 246.000 ns, min = 68.000 ns, total = 314.000 ns
[state-dump] 	InternalPubSubGcsService.grpc_client.GcsSubscriberCommandBatch - 2 total (0 active), Execution time: mean = 658.768 us, total = 1.318 ms, Queueing time: mean = 0.000 s, max = -0.000 s, min = 9223372036.855 s, total = 0.000 s
[state-dump] 	InternalPubSubGcsService.grpc_client.GcsSubscriberCommandBatch.OnReplyReceived - 2 total (0 active), Execution time: mean = 97.540 us, total = 195.079 us, Queueing time: mean = 940.512 us, max = 1.875 ms, min = 6.482 us, total = 1.881 ms
[state-dump] 	NodeInfoGcsService.grpc_client.GetAllNodeInfo - 1 total (0 active), Execution time: mean = 588.407 us, total = 588.407 us, Queueing time: mean = 0.000 s, max = -0.000 s, min = 9223372036.855 s, total = 0.000 s
[state-dump] 	NodeManager.GCTaskFailureReason - 1 total (1 active), Execution time: mean = 0.000 s, total = 0.000 s, Queueing time: mean = 0.000 s, max = -0.000 s, min = 9223372036.855 s, total = 0.000 s
[state-dump] 	NodeInfoGcsService.grpc_client.RegisterNode.OnReplyReceived - 1 total (0 active), Execution time: mean = 188.122 us, total = 188.122 us, Queueing time: mean = 11.207 us, max = 11.207 us, min = 11.207 us, total = 11.207 us
[state-dump] 	NodeInfoGcsService.grpc_client.GetInternalConfig.OnReplyReceived - 1 total (0 active), Execution time: mean = 1.025 s, total = 1.025 s, Queueing time: mean = 10.533 us, max = 10.533 us, min = 10.533 us, total = 10.533 us
[state-dump] 	JobInfoGcsService.grpc_client.GetAllJobInfo - 1 total (0 active), Execution time: mean = 672.016 us, total = 672.016 us, Queueing time: mean = 0.000 s, max = -0.000 s, min = 9223372036.855 s, total = 0.000 s
[state-dump] 	JobInfoGcsService.grpc_client.AddJob - 1 total (0 active), Execution time: mean = 856.289 us, total = 856.289 us, Queueing time: mean = 0.000 s, max = -0.000 s, min = 9223372036.855 s, total = 0.000 s
[state-dump] 	NodeInfoGcsService.grpc_client.RegisterNode - 1 total (0 active), Execution time: mean = 1.292 ms, total = 1.292 ms, Queueing time: mean = 0.000 s, max = -0.000 s, min = 9223372036.855 s, total = 0.000 s
[state-dump] 	JobInfoGcsService.grpc_client.AddJob.OnReplyReceived - 1 total (0 active), Execution time: mean = 51.277 us, total = 51.277 us, Queueing time: mean = 266.611 us, max = 266.611 us, min = 266.611 us, total = 266.611 us
[state-dump] 	NodeInfoGcsService.grpc_client.GetAllNodeInfo.OnReplyReceived - 1 total (0 active), Execution time: mean = 109.802 us, total = 109.802 us, Queueing time: mean = 5.592 us, max = 5.592 us, min = 5.592 us, total = 5.592 us
[state-dump] 	NodeInfoGcsService.grpc_client.GetInternalConfig - 1 total (0 active), Execution time: mean = 757.235 us, total = 757.235 us, Queueing time: mean = 0.000 s, max = -0.000 s, min = 9223372036.855 s, total = 0.000 s
[state-dump] 	JobInfoGcsService.grpc_client.GetAllJobInfo.OnReplyReceived - 1 total (0 active), Execution time: mean = 11.091 us, total = 11.091 us, Queueing time: mean = 9.043 us, max = 9.043 us, min = 9.043 us, total = 9.043 us
[state-dump] 	Subscriber.HandlePublishedMessage_GCS_JOB_CHANNEL - 1 total (0 active), Execution time: mean = 61.186 us, total = 61.186 us, Queueing time: mean = 204.468 us, max = 204.468 us, min = 204.468 us, total = 204.468 us
[state-dump] DebugString() time ms: 1
[state-dump] 
[state-dump] 
[2024-03-15 16:46:17,734 I 3626763 3626763] (raylet) node_manager.cc:1444: NodeManager::DisconnectClient, disconnect_type=3, has creation task exception = false
[2024-03-15 16:46:17,735 I 3626763 3626763] (raylet) node_manager.cc:1549: Driver (pid=3622197) is disconnected. job_id: 01000000
[2024-03-15 16:46:17,738 I 3626763 3626763] (raylet) node_manager.cc:1090: The leased worker 0986839320049d60a4f4da3018ab0e76953726e8ce98b5d7205d4e87 is killed because the owner process 01000000ffffffffffffffffffffffffffffffffffffffffffffffff died.
[2024-03-15 16:46:17,738 I 3626763 3626763] (raylet) node_manager.cc:1090: The leased worker 301e6b7d66489eec095712167b092e846fe573047bce040bee37aa0b is killed because the owner process 01000000ffffffffffffffffffffffffffffffffffffffffffffffff died.
[2024-03-15 16:46:17,738 I 3626763 3626763] (raylet) node_manager.cc:1090: The leased worker 180ecec64dbbde5430910a720103cd55ed5ad2773a58c886490f0b79 is killed because the owner process 01000000ffffffffffffffffffffffffffffffffffffffffffffffff died.
[2024-03-15 16:46:17,738 I 3626763 3626763] (raylet) node_manager.cc:1090: The leased worker ab3f2501bdbf75061ad201b6daac288c6eb40808a087b9098098b037 is killed because the owner process 01000000ffffffffffffffffffffffffffffffffffffffffffffffff died.
[2024-03-15 16:46:17,738 I 3626763 3626763] (raylet) node_manager.cc:1090: The leased worker 1d00b5b4ebda6790ed9e71c1d75ee60643f729cc8ee105bf9ac82e39 is killed because the owner process 01000000ffffffffffffffffffffffffffffffffffffffffffffffff died.
[2024-03-15 16:46:17,739 I 3626763 3626763] (raylet) node_manager.cc:622: New job has started. Job id 01000000 Driver pid 3622197 is dead: 1 driver address: 172.18.36.110
[2024-03-15 16:46:17,739 I 3626763 3626763] (raylet) worker_pool.cc:681: Job 01000000 already started in worker pool.
[2024-03-15 16:46:17,769 I 3626763 3626763] (raylet) node_manager.cc:1444: NodeManager::DisconnectClient, disconnect_type=1, has creation task exception = false
[2024-03-15 16:46:17,771 I 3626763 3626763] (raylet) node_manager.cc:1444: NodeManager::DisconnectClient, disconnect_type=1, has creation task exception = false
[2024-03-15 16:46:17,771 I 3626763 3626763] (raylet) node_manager.cc:1444: NodeManager::DisconnectClient, disconnect_type=0, has creation task exception = false
[2024-03-15 16:46:17,771 I 3626763 3626763] (raylet) node_manager.cc:1444: NodeManager::DisconnectClient, disconnect_type=1, has creation task exception = false
[2024-03-15 16:46:17,776 I 3626763 3626763] (raylet) node_manager.cc:1444: NodeManager::DisconnectClient, disconnect_type=1, has creation task exception = false
[2024-03-15 16:46:17,901 I 3626763 3626763] (raylet) main.cc:372: Raylet received SIGTERM, shutting down...
[2024-03-15 16:46:17,901 I 3626763 3626763] (raylet) accessor.cc:451: Unregistering node info, node id = e79704cec3312fda0024fe73236e139233718adb7ae7d9298e767f3f
[2024-03-15 16:46:17,902 I 3626763 3626763] (raylet) agent_manager.cc:109: Killing agent dashboard_agent/424238335, pid 3627204.
[2024-03-15 16:46:17,908 I 3626763 3627205] (raylet) agent_manager.cc:80: Agent process with name dashboard_agent/424238335 exited, exit code 0.
[2024-03-15 16:46:17,908 I 3626763 3626763] (raylet) agent_manager.cc:109: Killing agent runtime_env_agent, pid 3627206.
[2024-03-15 16:46:17,914 I 3626763 3627207] (raylet) agent_manager.cc:80: Agent process with name runtime_env_agent exited, exit code 0.
[2024-03-15 16:46:17,915 I 3626763 3626763] (raylet) io_service_pool.cc:47: IOServicePool is stopped.
[2024-03-15 16:46:17,995 I 3626763 3626763] (raylet) stats.h:136: Stats module has shutdown.
